number,value,datetime_start,datetime_complete,duration,params_colsample_bytree,params_gamma,params_learning_rate,params_max_delta_step,params_max_depth,params_min_child_weight,params_n_estimators,params_reg_alpha,params_reg_lambda,params_scale_pos_weight,params_subsample,params_weight_ratio_0,params_weight_ratio_1,state
221,-0.6878154458287833,2025-12-07 13:28:55.735441,2025-12-07 13:29:25.787284,0 days 00:00:30.051843,0.795447496945206,1.5889382543355643,0.04299647923419308,3,6,9,592,2.2362354318942006,0.5713946742648924,1.6952841206539861,0.7661890673377526,0.8356590965211195,0.9806335034315351,COMPLETE
222,-0.7004853955820699,2025-12-07 13:28:56.218911,2025-12-07 13:29:13.312754,0 days 00:00:17.093843,0.7990283908536446,1.0535384988363865,0.07442236277640843,3,6,9,321,1.5459170568828398,0.15854453822022396,1.333315126143517,0.7664983690785838,0.8323050673493299,0.9799715419076267,COMPLETE
223,-0.7098707268457624,2025-12-07 13:28:58.019694,2025-12-07 13:29:20.266616,0 days 00:00:22.246922,0.762147355723283,1.5877006136422045,0.07408114684672816,3,6,9,426,4.643734889877102,2.6397852812324376,1.5510704460521287,0.764753753129071,1.1919013992262046,1.0060508610483372,COMPLETE
224,-0.7067867510801357,2025-12-07 13:28:58.102889,2025-12-07 13:29:34.239228,0 days 00:00:36.136339,0.8709681462995985,1.0096607940869071,0.04863465698685219,3,6,6,709,4.1985553792872805,0.14656800668918102,1.3374504210854794,0.7660608824170773,0.8733962175807466,0.9815517696473234,COMPLETE
225,-0.700498593609837,2025-12-07 13:28:58.675240,2025-12-07 13:29:07.428590,0 days 00:00:08.753350,0.7639107460572824,0.3351964262184697,0.05323489897161223,3,6,9,148,2.280978476283252,0.6353124604084273,1.426994506018461,0.8534581884834479,1.1560377575304757,0.9815979636722072,COMPLETE
226,-0.7090772175165717,2025-12-07 13:29:00.338381,2025-12-07 13:29:23.410611,0 days 00:00:23.072230,0.7370557231743143,1.0308610802850768,0.07442009270199801,6,7,9,404,4.654332965405143,3.0214183116069555,1.4441506816476126,0.850308039296598,1.1844304605868194,0.9807191705882863,COMPLETE
227,-0.7101352208716291,2025-12-07 13:29:00.704778,2025-12-07 13:29:19.139621,0 days 00:00:18.434843,0.7959419447633191,0.35925716696189985,0.07477195087317613,6,7,9,316,4.629393742756633,0.5266455196742312,1.4176677575150947,0.8530827245293015,1.2515516288422872,0.9799299435928913,COMPLETE
228,-0.6945801964523213,2025-12-07 13:29:01.553827,2025-12-07 13:29:09.153877,0 days 00:00:07.600050,0.7376694985908234,0.14915790326020545,0.05268560706435929,7,7,9,456,4.610335123203573,0.4600536809794109,1.4384376380774209,0.8539667535413645,1.2550601133967398,0.9358773694915565,COMPLETE
229,-0.6830512327981934,2025-12-07 13:29:02.418567,2025-12-07 13:29:07.829748,0 days 00:00:05.411181,0.7359377628144333,0.36555826333704117,0.07605641689050534,7,7,8,168,4.625946112103971,2.6663564666952504,1.4305649854328928,0.8532545482188894,1.2596850255566658,0.9342740943748215,COMPLETE
230,-0.7047101295244635,2025-12-07 13:29:03.099965,2025-12-07 13:29:12.686780,0 days 00:00:09.586815,0.8302030100655717,0.3887023401090464,0.04889639442585897,9,8,8,121,2.3212496134055502,0.501542320862253,1.4406955939716495,0.808286795568148,1.006561431559226,0.876989867029977,COMPLETE
231,-0.7089066407289665,2025-12-07 13:29:03.136821,2025-12-07 13:29:16.579804,0 days 00:00:13.442983,0.7352868914463598,0.7219719923354221,0.07410542152134561,7,8,8,193,4.61216325032976,1.1896165170741588,1.4453011941095932,0.8483194110688234,1.056631361087805,0.9351804211201253,COMPLETE
232,-0.706383127776074,2025-12-07 13:29:05.074202,2025-12-07 13:29:50.061597,0 days 00:00:44.987395,0.7820949769679564,0.38051647526163673,0.043660988600925765,7,8,8,707,4.643578697520206,1.1537317333389516,1.4571514198721334,0.7632180164385423,1.1417873749814103,0.8735616660990732,COMPLETE
233,-0.7061615946436204,2025-12-07 13:29:05.189127,2025-12-07 13:29:26.507942,0 days 00:00:21.318815,0.8349454936797199,0.4083917877104502,0.05363188394605199,7,8,8,427,4.587894454690076,0.9880868518631925,1.445938694327187,0.7159841440139575,1.146719256717986,0.8688893322757751,COMPLETE
234,-0.6919062530693135,2025-12-07 13:29:07.418961,2025-12-07 13:29:14.693848,0 days 00:00:07.274887,0.8273835255378535,0.3804384192471707,0.04801257976578298,7,7,8,320,4.679887359318881,2.163922651456021,1.440331346634319,0.8065229581855466,1.1518747632386506,0.8393832673266021,COMPLETE
235,-0.7098088054519406,2025-12-07 13:29:07.437064,2025-12-07 13:29:33.028152,0 days 00:00:25.591088,0.8497408242221892,0.41267647078877023,0.0478184935340095,6,7,8,439,4.442561028970141,1.219915121277266,1.4526909396868044,0.7686286555921443,1.005271080539348,0.9356542736898794,COMPLETE
236,-0.7090244460506477,2025-12-07 13:29:07.690748,2025-12-07 13:29:30.499518,0 days 00:00:22.808770,0.7349370535100467,0.39495041752211413,0.0434918455064419,6,6,8,438,4.633834413899409,0.965590034620801,1.7112565557146908,0.8110147356013611,1.205254361469082,0.8693347197090648,COMPLETE
237,-0.7118837886089713,2025-12-07 13:29:07.832697,2025-12-07 13:29:43.639440,0 days 00:00:35.806743,0.8000295555599894,0.40031961806436833,0.04082504744462996,6,6,10,709,4.614320031778999,1.1631202353201242,1.724459244178894,0.7663022275393138,1.1768594882209458,0.8999306903497787,COMPLETE
238,-0.6838035930518235,2025-12-07 13:29:09.157002,2025-12-07 13:29:15.176200,0 days 00:00:06.019198,0.795808137284205,0.4057959650276304,0.04326091933586542,6,6,10,86,4.62638973436328,1.225647368547877,1.778562184538819,0.8454893484352828,1.1471886509372804,0.9010869996415003,COMPLETE
239,-0.7089592222595641,2025-12-07 13:29:11.153491,2025-12-07 13:29:33.470971,0 days 00:00:22.317480,0.7988790810239743,0.39035347292350775,0.049415837764205536,6,6,10,429,4.647149687072411,1.299830301777639,1.7291536550821776,0.8125295383891309,1.1789876513039628,0.9012478655899507,COMPLETE
240,-0.7084080819681328,2025-12-07 13:29:12.016762,2025-12-07 13:29:37.155731,0 days 00:00:25.138969,0.7959977490945943,0.3781294409946382,0.04127039840375155,3,6,10,486,4.6209288657354195,1.1857413475637595,1.7710759606327298,0.8318399986184232,1.186552423123361,0.8787711513521748,COMPLETE
241,-0.7072777000408271,2025-12-07 13:29:12.689563,2025-12-07 13:29:35.148125,0 days 00:00:22.458562,0.8015483937087987,0.4136099518616919,0.05892251178354294,3,6,10,430,4.610429652652178,1.2147961353744636,1.7792427812942098,0.7657503398807625,1.1454514085462102,0.8870873455727039,COMPLETE
242,-0.7087429404259823,2025-12-07 13:29:13.130188,2025-12-07 13:29:35.282617,0 days 00:00:22.152429,0.8011893885413931,0.2168844746490661,0.04796610641936856,3,6,10,426,4.602941580657442,1.2651671278149506,1.7640166033143503,0.8305965050784611,1.1888102991654494,0.8927699388203995,COMPLETE
243,-0.7080359111283161,2025-12-07 13:29:13.315460,2025-12-07 13:29:34.661831,0 days 00:00:21.346371,0.7949808842632957,0.7023110215045992,0.042708374563280006,3,7,10,480,4.611980588900772,1.1878733552216516,1.540207975746881,0.7386880156632436,1.1983699833867527,0.8922296052488587,COMPLETE
244,-0.7076857034186766,2025-12-07 13:29:14.253699,2025-12-07 13:29:36.811471,0 days 00:00:22.557772,0.8124530389878628,1.7326299016054802,0.042405971874995785,6,6,10,434,4.630511439736205,1.1994928301500334,1.786107533133846,0.8653067312353797,1.1417642104340253,0.8526535513079546,COMPLETE
245,-0.7072920385063584,2025-12-07 13:29:14.696607,2025-12-07 13:29:36.993090,0 days 00:00:22.296483,0.8145992782786293,0.2159311450840622,0.036662293413430684,6,6,10,422,4.596875505814892,1.1598704818629935,1.7185311831321786,0.833840725636898,1.188967264279461,0.8904264344113952,COMPLETE
246,-0.6998649759674337,2025-12-07 13:29:15.178890,2025-12-07 13:29:28.311017,0 days 00:00:13.132127,0.8131270600715501,0.2391170147221141,0.04079762935667998,6,6,6,434,4.571836637545415,0.9153430225374293,1.5422988608705728,0.830757019655011,1.1771149355782364,0.8700122655493671,COMPLETE
247,-0.7023572420817169,2025-12-07 13:29:16.326665,2025-12-07 13:29:31.099279,0 days 00:00:14.772614,0.8163280538764179,0.6866204020400255,0.04121311968671086,3,6,10,483,4.8632895645149,1.1270186289862252,1.5568587396755134,0.8342815282912167,1.184990483412805,0.89433789455662,COMPLETE
248,-0.7106497110773183,2025-12-07 13:29:16.582673,2025-12-07 13:29:44.256639,0 days 00:00:27.673966,0.7813166015166414,0.612173917775696,0.0444002767737903,3,8,10,429,4.621289823070931,1.1361312993034267,1.782227128682509,0.8654452711436676,1.1834002139178121,0.8884824501869244,COMPLETE
249,-0.7103441546854968,2025-12-07 13:29:17.398562,2025-12-07 13:29:44.941874,0 days 00:00:27.543312,0.7826630796152939,0.7108558320168532,0.044968273962059206,8,8,10,426,4.7160716702802645,0.9768297137144784,1.780990030652453,0.8477684963700663,1.1851562250121064,0.8896945226392512,COMPLETE
250,-0.6119633792733045,2025-12-07 13:29:18.537725,2025-12-07 13:29:24.625921,0 days 00:00:06.088196,0.8161301387120441,0.21873271053185142,0.042038201455234715,8,8,10,427,2.810954370363107,1.15466047796346,0.744101604798717,0.8489739544959776,1.1859966212541098,0.8923945699723794,COMPLETE
251,-0.7111623977232125,2025-12-07 13:29:19.143039,2025-12-07 13:29:46.660217,0 days 00:00:27.517178,0.8134504612648316,0.22497925749499575,0.04551975134143641,7,8,9,425,4.466883045599423,0.9822925159736295,1.5464163104829673,0.8491315614880085,1.181763041781442,0.8882884006049984,COMPLETE
252,-0.7036234806189631,2025-12-07 13:29:20.269111,2025-12-07 13:29:37.277150,0 days 00:00:17.008039,0.8118389698102475,0.2211281923224947,0.04518556412626428,6,7,9,279,4.90771842163339,0.9697128434170724,1.75245022586192,0.8485190406779126,1.1970207819331584,0.9710268236089831,COMPLETE
253,-0.7070824845123598,2025-12-07 13:29:22.994616,2025-12-07 13:29:40.004078,0 days 00:00:17.009462,0.8176659006469194,0.23095739952174887,0.08021924460418665,3,6,9,428,4.747734339010716,0.6854129166124582,1.5483994345138627,0.7960029145643701,1.1927840427482599,0.8889693372757753,COMPLETE
254,-0.7089048809368771,2025-12-07 13:29:23.153171,2025-12-07 13:29:45.042081,0 days 00:00:21.888910,0.800502701121299,0.4318406411982498,0.0806621448177763,6,6,9,427,4.84868285821048,0.9598825533253811,1.7352172073077727,0.7982343086275493,1.1921459691441312,0.8913307109462147,COMPLETE
255,-0.7055578752990086,2025-12-07 13:29:23.413086,2025-12-07 13:29:40.168324,0 days 00:00:16.755238,0.8005878085454644,0.4127308282106163,0.07958774330268674,6,6,9,423,4.860690207084679,1.0130786855021194,1.5469276818055286,0.8332945249279671,1.171555915047728,0.8922914238901727,COMPLETE
256,-0.7087332016985727,2025-12-07 13:29:24.628804,2025-12-07 13:29:46.570461,0 days 00:00:21.941657,0.7943489108674656,0.6159252076485422,0.0810907110877896,6,6,9,430,1.3807129317416862,0.6631741965781267,1.5425961045308583,0.8649008206638794,1.2081541694722875,1.007843283993427,COMPLETE
257,-0.7024099524380141,2025-12-07 13:29:25.789955,2025-12-07 13:29:47.208947,0 days 00:00:21.418992,0.7988390203561522,0.4150475519185983,0.04558545301780894,6,6,9,406,4.866881377318316,0.9355806719065443,1.7626975531842908,0.8330652761032774,1.2034137060753642,1.010335779110457,COMPLETE
258,-0.7100146730489957,2025-12-07 13:29:26.510615,2025-12-07 13:29:47.698268,0 days 00:00:21.187653,0.8115554369296339,0.6820732048281996,0.07169131973161358,6,6,9,408,4.8846705380895115,3.229815214778847,1.7773160585765144,0.7969233061727825,1.196008564400859,0.8880522008635958,COMPLETE
259,-0.7096582800541619,2025-12-07 13:29:28.313640,2025-12-07 13:29:51.889301,0 days 00:00:23.575661,0.7822919022653552,0.3707484113214613,0.08109517306456278,6,7,9,415,2.4119564330387906,3.077306199624658,1.7506593786201599,0.8646388181117615,1.1836320155250735,0.8907828325793506,COMPLETE
260,-0.7093305970226215,2025-12-07 13:29:30.502531,2025-12-07 13:30:00.593885,0 days 00:00:30.091354,0.7836786646129146,0.3684082252025952,0.07370311783919328,6,7,9,534,4.8124573796711605,0.8012959253481186,1.5561963070142848,0.8336292756119685,1.1995579064301962,0.8901301878268125,COMPLETE
261,-0.7084762712277254,2025-12-07 13:29:31.102133,2025-12-07 13:29:54.275203,0 days 00:00:23.173070,0.8017908905299229,0.8384968913932896,0.0800694701889756,6,7,9,402,4.845014184732333,0.7947771576745228,1.7614362985609893,0.8668463393665761,1.1968345333449308,1.0099861957583756,COMPLETE
262,-0.7048810903117504,2025-12-07 13:29:33.031153,2025-12-07 13:29:56.879524,0 days 00:00:23.848371,0.8521358990379886,0.4773143331703308,0.04665252595984845,6,7,9,408,4.732739381270648,0.788998942946378,1.7449433281797535,0.8651104952169888,1.167691839808127,1.0081553650329058,COMPLETE
263,-0.7072844163191295,2025-12-07 13:29:33.473697,2025-12-07 13:29:52.577251,0 days 00:00:19.103554,0.8521768657930804,0.474201213050855,0.045519911317838876,8,7,9,414,4.828842625668538,0.4276097501126366,1.4046354381500334,0.8473717555098427,1.2312041012070436,1.003656621763806,COMPLETE
264,-0.7097618616973137,2025-12-07 13:29:34.242546,2025-12-07 13:29:51.255891,0 days 00:00:17.013345,0.8015070692059559,0.452671542334815,0.08021975246184196,6,7,9,288,4.740509210233194,0.7266333824846806,1.3993359811097335,0.8477258531273373,1.2404745503094556,1.0160626401275121,COMPLETE
265,-0.707392159197541,2025-12-07 13:29:34.664569,2025-12-07 13:29:53.480294,0 days 00:00:18.815725,0.7833001628184417,0.3564931484013898,0.04672512119417502,6,7,9,409,4.4770112916430245,3.180217643475304,1.4019860091078518,0.7974891501963817,1.2411301088800426,1.0082924181786475,COMPLETE
266,-0.7123813506222443,2025-12-07 13:29:35.150809,2025-12-07 13:29:59.181458,0 days 00:00:24.030649,0.8507276481514952,0.6146201281375887,0.04636637796843546,6,7,9,406,4.87016973451697,0.4284904421149377,1.4037927406177804,0.8656415385300109,1.196870929627317,1.0130082794528328,COMPLETE
267,-0.7102372599096082,2025-12-07 13:29:35.285240,2025-12-07 13:29:58.329734,0 days 00:00:23.044494,0.8516249025994662,0.47464339570027525,0.07923270470923738,6,7,9,399,4.751443411086104,3.25530239915253,1.3883874012573763,0.8645633918121285,1.2262133598086609,1.0080191227036444,COMPLETE
268,-0.7107896190903514,2025-12-07 13:29:36.814489,2025-12-07 13:30:00.808858,0 days 00:00:23.994369,0.853131728902674,0.3021875681263626,0.07344245722424696,6,7,9,413,4.47936052437564,3.3083233470644497,1.3935871221555463,0.7971056197225259,1.1728964547121068,1.0054876551970227,COMPLETE
269,-0.7083136601625477,2025-12-07 13:29:36.995646,2025-12-07 13:30:03.443520,0 days 00:00:26.447874,0.8590796873655117,0.45801844993173224,0.07964776420267468,6,7,9,453,4.863384125885619,0.6854317877552928,1.4064173825720314,0.7489253309316266,1.229764957386137,1.0059211043515996,COMPLETE
270,-0.7095968714857216,2025-12-07 13:29:37.158801,2025-12-07 13:30:00.507111,0 days 00:00:23.348310,0.8611693924734389,0.6123867297011901,0.07043139649221607,6,7,9,400,4.46046455666786,3.378281939010585,1.3984444134619942,0.8468700823778139,1.2325064601834412,1.011457808230739,COMPLETE
271,-0.7101491860729535,2025-12-07 13:29:37.279983,2025-12-07 13:30:00.894454,0 days 00:00:23.614471,0.860340781643513,0.6054099753504611,0.06950831524478722,6,7,9,401,3.1401915184919273,2.3718085167276532,1.3922915661538409,0.74949775157776,1.2236211898577285,1.0090547423022165,COMPLETE
272,-0.7106461419447937,2025-12-07 13:29:40.009167,2025-12-07 13:29:57.762816,0 days 00:00:17.753649,0.8486949257771105,0.47015170521448996,0.07908557445686813,6,7,9,294,2.403755146345324,0.7653744256756161,1.3927259679515114,0.7511910285158392,1.1228487491187824,1.0057697183616527,COMPLETE
273,-0.7079722918778376,2025-12-07 13:29:40.170856,2025-12-07 13:30:10.169316,0 days 00:00:29.998460,0.8516918548246991,0.46147088696630423,0.0688362730369523,4,7,9,530,1.361090458720088,0.40351537238761703,1.389791600287578,0.8646482890027245,1.2141982387446082,1.004071065373061,COMPLETE
274,-0.7083042905703163,2025-12-07 13:29:43.642761,2025-12-07 13:30:07.427178,0 days 00:00:23.784417,0.861340268875358,0.4714446886982551,0.04574559631405866,8,7,9,530,4.451717849462881,3.1264735071817853,1.3900351317739092,0.7505678294118711,1.2305640832928753,1.008411787705375,COMPLETE
275,-0.7105691727182869,2025-12-07 13:29:44.259325,2025-12-07 13:30:07.912680,0 days 00:00:23.653355,0.7843464607673214,0.6090557719227188,0.07124820921141198,3,7,9,402,4.483630478585947,0.7846122654897569,1.3947471539990337,0.7510455214441667,1.2442987817122702,1.019279047786518,COMPLETE
276,-0.709894637225938,2025-12-07 13:29:44.944942,2025-12-07 13:30:15.492753,0 days 00:00:30.547811,0.7833963776223556,0.604209123807407,0.046892618605587334,8,9,10,406,4.490419837060003,0.42936110557164797,1.7433567050946799,0.7741261949062496,1.2296143861549753,1.0077526203899887,COMPLETE
277,-0.7103892998351632,2025-12-07 13:29:45.045148,2025-12-07 13:30:14.906206,0 days 00:00:29.861058,0.7838453120913681,0.6272238468998587,0.045050645499787816,10,9,10,397,4.469861198594256,0.40479343602793083,1.753834526657067,0.7755252902487719,1.2138938036497782,0.9064363571036661,COMPLETE
278,-0.679516028503459,2025-12-07 13:29:46.574052,2025-12-07 13:29:52.534180,0 days 00:00:05.960128,0.7799604771078018,0.46330381717564917,0.046012552594885944,4,6,10,406,4.459183573550302,0.8642330243772379,1.4004200969805856,0.7727431402489602,1.2461491262017241,0.9030057724698682,COMPLETE
279,-0.6990109532432541,2025-12-07 13:29:46.662815,2025-12-07 13:29:55.287119,0 days 00:00:08.624304,0.7813037619530113,0.47314827333375964,0.04480607258806679,8,8,10,406,4.737643204429845,0.8183088144444077,1.3939532610951064,0.844192062486219,1.1741342820906406,0.9020629619310043,COMPLETE
280,-0.6970833929317356,2025-12-07 13:29:47.212175,2025-12-07 13:29:55.748729,0 days 00:00:08.536554,0.7834340756967979,0.48084723706748883,0.047859927202393404,4,8,10,455,4.480140229076661,1.0792812584579414,1.399764265959928,0.8572496813052942,1.2241862682566196,0.9071351780254211,COMPLETE
281,-0.7099029217093918,2025-12-07 13:29:47.701507,2025-12-07 13:30:14.454628,0 days 00:00:26.753121,0.7816233413140578,0.756232387649524,0.04648288117480746,8,8,10,409,4.433113575286818,0.8092622479126996,1.7921650850810722,0.8444279222317763,1.2274589188640475,0.9078780671253203,COMPLETE
282,-0.7087185378655695,2025-12-07 13:29:50.064584,2025-12-07 13:30:16.570689,0 days 00:00:26.506105,0.7849921252635124,0.6793865367240534,0.02884228527991218,4,8,10,393,4.470007354652489,3.765264187388405,1.812326062193141,0.8438580304085991,1.2246730504288321,0.9056500656058075,COMPLETE
283,-0.701739144632897,2025-12-07 13:29:51.258869,2025-12-07 13:30:19.462862,0 days 00:00:28.203993,0.7837234232353046,0.5963061563605051,0.06996765749236925,8,9,9,390,4.459008140302725,0.8115054194432556,1.390256028804029,0.8580373611878905,1.2253769541825805,0.9054502979421654,COMPLETE
284,-0.7075152282051805,2025-12-07 13:29:51.892080,2025-12-07 13:30:17.361231,0 days 00:00:25.469151,0.8513073245717824,0.6022427094110266,0.04705336293387685,8,8,9,382,4.4712242763247705,3.228423247487844,1.8683069913603851,0.8563263463206122,1.2371179470229512,1.0196103300300847,COMPLETE
285,-0.7077199058161255,2025-12-07 13:29:52.537106,2025-12-07 13:30:17.594974,0 days 00:00:25.057868,0.7839026310491886,0.7550531781852001,0.0701934175606659,8,8,9,387,2.4677961990947326,3.1713462361261175,1.8027790848113752,0.8568988779285458,1.2361426544813432,0.9023508962556966,COMPLETE
286,-0.6862652391140749,2025-12-07 13:29:52.581460,2025-12-07 13:29:58.511594,0 days 00:00:05.930134,0.7841500141724057,0.7574753452239178,0.07210671563640232,6,8,9,530,4.7402223020649945,3.2210101699225553,1.404059784298948,0.8605636648478205,1.2373007453567786,0.9052908568080439,COMPLETE
287,-0.7072846202931539,2025-12-07 13:29:53.483563,2025-12-07 13:30:17.849946,0 days 00:00:24.366383,0.7897881572188894,0.599156279380102,0.06924668869826009,7,8,9,377,2.466619185913032,3.397502182949714,1.838938058425901,0.8552799493882257,1.2161775149557352,0.9124109159864993,COMPLETE
288,-0.7059382340030043,2025-12-07 13:29:54.278111,2025-12-07 13:30:26.857849,0 days 00:00:32.579738,0.7893458107003399,0.7382943778271264,0.07256448755229748,8,8,9,524,2.4088295267905853,3.1885507541831455,1.8271036814495378,0.8569777466229141,1.2216200409829883,0.9132186542974592,COMPLETE
289,-0.7086739889476666,2025-12-07 13:29:55.289878,2025-12-07 13:30:21.845642,0 days 00:00:26.555764,0.7878860324499467,0.5992162090497793,0.07343209291606989,7,8,9,416,4.740456319290732,3.497391126225019,1.744286541650013,0.8614348211303886,1.221482856869043,1.0208917777902726,COMPLETE
290,-0.7021706033719447,2025-12-07 13:29:55.751380,2025-12-07 13:30:27.213020,0 days 00:00:31.461640,0.7734809317197655,0.6050929833581755,0.07040030374101772,8,9,9,444,2.465541065115966,3.4004010032394945,1.4826073414117942,0.8595574793960092,1.2301246843335079,1.018767533982314,COMPLETE
291,-0.7062064994838085,2025-12-07 13:29:56.882451,2025-12-07 13:30:26.737468,0 days 00:00:29.855017,0.8621102565311877,0.7489937539731928,0.03067912458367978,7,9,9,394,2.182540839194783,3.27025762395258,1.8751044010798328,0.8551513143622895,1.217737691527635,1.020294474459129,COMPLETE
292,-0.7084584387779943,2025-12-07 13:29:57.766181,2025-12-07 13:30:19.882054,0 days 00:00:22.115873,0.8605480144770211,0.5942078897154875,0.07258952232084916,6,9,9,291,4.448851600779064,3.233788969863221,1.7918915826186437,0.8555031369876073,1.213938720470635,0.9140856005796226,COMPLETE
293,-0.7094058345344347,2025-12-07 13:29:58.333108,2025-12-07 13:30:18.447695,0 days 00:00:20.114587,0.8463267555234043,0.6118153972136519,0.07364685055284796,7,8,9,296,2.3237610091072147,3.311861227759803,1.8119141898174358,0.7477716272050662,1.2165495948200649,0.915038317954625,COMPLETE
294,-0.7044237458651327,2025-12-07 13:29:58.514587,2025-12-07 13:30:23.092841,0 days 00:00:24.578254,0.8577460564891359,0.5466695576320976,0.030654436083814383,7,8,9,368,2.1351062193360235,3.4282438681597287,1.7953520305783244,0.8523266848452841,1.2174845881394771,1.0196819761579414,COMPLETE
