number,value,datetime_start,datetime_complete,duration,params_colsample_bytree,params_gamma,params_learning_rate,params_max_delta_step,params_max_depth,params_min_child_weight,params_n_estimators,params_reg_alpha,params_reg_lambda,params_scale_pos_weight,params_subsample,params_weight_ratio_0,params_weight_ratio_1,state
0,-0.6025283179863278,2025-12-07 13:25:19.116912,2025-12-07 13:25:25.989524,0 days 00:00:06.872612,0.6684021204243464,0.5660384694420104,0.0701645070067231,1,9,1,564,1.386023968166289,0.24258587256031638,0.5205725887061285,0.8307476754572037,0.746115974127014,0.8950397467941514,COMPLETE
1,-0.6841590776603136,2025-12-07 13:25:19.129050,2025-12-07 13:25:26.447589,0 days 00:00:07.318539,0.8088870645992081,1.3050652459826895,0.06525170548925914,5,4,8,515,2.5213774705508865,2.5201326413204104,1.520040942809045,0.8456359362397207,1.2198737575222716,0.8901963746805055,COMPLETE
2,-0.6997435354487663,2025-12-07 13:25:19.155903,2025-12-07 13:25:45.395143,0 days 00:00:26.239240,0.6558141699135235,1.5971601933277864,0.05024429028777026,9,6,3,490,0.985610160292793,0.12278256684262967,1.7586427730140952,0.8119823148807108,0.9421711822697396,0.8644777701432228,COMPLETE
3,-0.6803828272686587,2025-12-07 13:25:19.172596,2025-12-07 13:25:25.247979,0 days 00:00:06.075383,0.7251759404876078,1.940008510677434,0.06417003327770163,3,6,2,553,1.459792041243642,0.6707612242309502,0.8194532233803666,0.6590341033082178,0.854449992167175,1.108085080540231,COMPLETE
4,-0.6892159917643513,2025-12-07 13:25:19.184107,2025-12-07 13:25:51.628074,0 days 00:00:32.443967,0.7130151951932002,0.17802577191798918,0.041652832490301474,10,5,3,697,1.8587155243790217,3.8461864615114854,1.742489800728727,0.7712378456513898,0.7855002645646431,0.8109437919702877,COMPLETE
5,-0.6959581648582214,2025-12-07 13:25:19.258723,2025-12-07 13:25:31.469122,0 days 00:00:12.210399,0.6945619996081835,0.5785009280233075,0.08172995065178677,6,4,4,580,4.5912407296343725,0.5937620234957225,1.3869619013607464,0.7877216653902668,1.0542650422548938,0.9485745687579537,COMPLETE
6,-0.663112241742707,2025-12-07 13:25:19.288869,2025-12-07 13:25:51.414864,0 days 00:00:32.125995,0.6731791007275958,1.3513432198206177,0.014784260710999945,3,10,7,335,2.7926807575881907,3.9527177795758157,1.6622092551919319,0.6816708035825659,0.7742510422551384,1.060881293950087,COMPLETE
7,-0.6016562926964292,2025-12-07 13:25:19.316973,2025-12-07 13:25:24.504318,0 days 00:00:05.187345,0.8207698221096822,1.543962378412639,0.024860972036643492,1,7,6,666,3.9474049093843604,4.705159471274118,0.8308767311797554,0.716606789241571,0.7323519418824158,0.8310648701181397,COMPLETE
8,-0.6052952264535474,2025-12-07 13:25:19.344164,2025-12-07 13:25:25.813921,0 days 00:00:06.469757,0.8195808889129353,1.5085492917877024,0.015659648651450066,6,3,4,272,3.20744229159661,3.5584821317894355,0.5496797669956446,0.6259401887154216,0.739365645033516,0.8184935335312814,COMPLETE
9,-0.6693292890784154,2025-12-07 13:25:19.356809,2025-12-07 13:25:25.777753,0 days 00:00:06.420944,0.7805603939783625,0.8627797052314792,0.03343499957491281,5,3,4,125,3.9384854940757448,1.976363275258957,1.0215409006817793,0.6939708212334699,0.7337427434660221,0.8433866351279693,COMPLETE
10,-0.7030976851323244,2025-12-07 13:25:19.389260,2025-12-07 13:25:27.551462,0 days 00:00:08.162202,0.7333278390034418,1.3933406729544435,0.08810623506395067,3,7,3,106,3.174205842781034,1.202872054138266,1.7421359369432698,0.8222421533040944,1.1522658011394304,0.89920256123168,COMPLETE
11,-0.6700253533271083,2025-12-07 13:25:19.417421,2025-12-07 13:25:25.424548,0 days 00:00:06.007127,0.7009133292577966,0.3977133132927744,0.052375518138951194,9,3,10,118,2.1350782785364943,2.269418615487572,1.2616061481351695,0.8939670377894264,1.2718492274124615,1.043861478320555,COMPLETE
12,-0.6815658452297425,2025-12-07 13:25:19.455635,2025-12-07 13:25:35.262521,0 days 00:00:15.806886,0.6958919568889452,1.1096647886290267,0.010383425189418276,3,5,4,303,2.710033109853824,2.7142343344474296,1.126363454547715,0.7236526826351521,1.1167394587676251,1.1342918685950438,COMPLETE
13,-0.7028779035339023,2025-12-07 13:25:19.485713,2025-12-07 13:25:54.111544,0 days 00:00:34.625831,0.8909677315276776,1.6030919456058637,0.017631567045106548,4,6,3,629,1.2604287424473388,0.9009410779563193,1.4539763028943866,0.7379247307151791,1.015911296368834,0.975667827785842,COMPLETE
14,-0.5920303075935555,2025-12-07 13:25:19.503938,2025-12-07 13:25:23.827455,0 days 00:00:04.323517,0.7016695512073334,1.0098907468076923,0.06989127581345564,9,6,10,635,1.0423096574504986,0.1925048937281515,0.6913883225008544,0.8994671719453002,0.7172461934683293,0.9729767004520035,COMPLETE
15,-0.6665991487871625,2025-12-07 13:25:19.528139,2025-12-07 13:25:28.826769,0 days 00:00:09.298630,0.6828071742388313,0.36129905167333787,0.017785768998455954,1,4,7,208,2.1132714573837728,1.3539669515802244,0.8157049596221877,0.7035812504155429,0.712591251924369,0.9044037235341642,COMPLETE
16,-0.6797559415948674,2025-12-07 13:25:19.572122,2025-12-07 13:25:27.102720,0 days 00:00:07.530598,0.76736297163982,0.23792406812722744,0.05825772044980008,1,4,1,458,1.668542090232934,3.3579726917843966,0.9630731263706475,0.744506521044397,1.0858983185928874,1.1624697786790597,COMPLETE
17,-0.6065465534160602,2025-12-07 13:25:19.577393,2025-12-07 13:25:24.241782,0 days 00:00:04.664389,0.7936621647164802,1.9239910067163688,0.02524420341390352,5,6,3,169,3.1346801348576676,4.322271205423054,1.160823551824187,0.6376274416521416,1.0941307724097373,0.8521483072576066,COMPLETE
18,-0.6058400237308831,2025-12-07 13:25:19.588999,2025-12-07 13:25:24.166210,0 days 00:00:04.577211,0.883705772858816,1.110034978615198,0.06426552791704351,4,4,5,71,2.7745863609182986,4.451704928226572,1.5651005805152538,0.791415117206688,0.8595305882879007,1.1788483956859526,COMPLETE
19,-0.6841410990429618,2025-12-07 13:25:19.616751,2025-12-07 13:25:28.884208,0 days 00:00:09.267457,0.7978319650672807,0.8044530801080831,0.02223200280908658,6,6,6,584,2.450234230038798,0.6737253999899245,1.027413024429228,0.8625402720975386,1.0935547693519898,1.1131387468707927,COMPLETE
20,-0.6089654376040884,2025-12-07 13:25:19.683322,2025-12-07 13:25:24.321511,0 days 00:00:04.638189,0.8582129149004177,1.4879512463146352,0.057025855903104425,4,3,3,215,3.121045252173019,2.3061541265447616,0.5286440543054401,0.763818678870475,1.2176726139685528,1.1477346650742979,COMPLETE
21,-0.7042484628104616,2025-12-07 13:25:19.775065,2025-12-07 13:25:36.802569,0 days 00:00:17.027504,0.6825618411656306,0.10569471989931656,0.0355503210509907,5,7,3,263,3.0818354970006103,0.04387214750731783,1.2734044209990647,0.6858305837686323,1.0423904655063374,1.0548595088773898,COMPLETE
22,-0.614659121451142,2025-12-07 13:25:19.813906,2025-12-07 13:25:27.042817,0 days 00:00:07.228911,0.8239472921231669,0.6674229824509514,0.016738105101741868,1,6,5,176,2.3302802570765486,0.617819256622617,0.534678290069327,0.8765858170876653,0.8567363486862007,0.8777328046882326,COMPLETE
23,-0.7016067151168892,2025-12-07 13:25:19.851127,2025-12-07 13:25:33.051407,0 days 00:00:13.200280,0.7248056617153982,1.2978685642297532,0.04117392965897598,3,8,10,178,2.965834615994317,0.8830407417139219,1.5687865616220946,0.8962841478186573,1.2305307355027184,1.1280682666914523,COMPLETE
24,-0.6940694207209717,2025-12-07 13:25:23.830096,2025-12-07 13:26:05.701521,0 days 00:00:41.871425,0.8596438526673823,1.8163130447723166,0.019554514270281285,4,10,4,434,3.678463340168378,3.118833773275704,1.302947443995249,0.6410922947061308,0.7390113317041527,1.136702963718442,COMPLETE
25,-0.6044129661269735,2025-12-07 13:25:24.171124,2025-12-07 13:25:31.665033,0 days 00:00:07.493909,0.629281183841692,0.9944828787816318,0.05341649756599053,6,10,4,677,1.451189976877515,2.484667684587742,0.8043829671759868,0.7653275205454018,1.1813258100539825,0.9182396449064273,COMPLETE
26,-0.6382647264472482,2025-12-07 13:25:24.246796,2025-12-07 13:25:48.923357,0 days 00:00:24.676561,0.6264060286292827,0.436407949565772,0.06287166322013026,1,5,4,533,2.8515499933716493,3.5605569503102235,1.9958660179428813,0.6069355430061603,0.7098993606623625,1.1867344873911845,COMPLETE
27,-0.6060335587446148,2025-12-07 13:25:24.325250,2025-12-07 13:25:30.105056,0 days 00:00:05.779806,0.6080370414037651,1.5578251205289577,0.04146892272167686,5,8,10,73,2.7644245308077937,4.021710811182502,0.7010074062000042,0.6093997277689611,1.0007170448578708,0.9520572048743228,COMPLETE
28,-0.6904963540576293,2025-12-07 13:25:24.507111,2025-12-07 13:26:33.850464,0 days 00:01:09.343353,0.7465112775304732,0.7127632058536058,0.016510653164804007,4,10,1,609,1.6941780360414982,2.5214183561191925,1.9639672785203255,0.8322257168403397,0.8691615740010236,1.0929953994013315,COMPLETE
29,-0.6158038699213747,2025-12-07 13:25:25.250603,2025-12-07 13:25:32.694462,0 days 00:00:07.443859,0.6129354279474334,0.1330393211926464,0.04431996856241486,10,8,9,210,3.8501205024712917,1.378510439224096,0.598787286222124,0.7929466894918138,1.212702918186747,0.8921673862194704,COMPLETE
30,-0.6878836598625492,2025-12-07 13:25:25.427258,2025-12-07 13:25:51.734382,0 days 00:00:26.307124,0.8285530513716258,1.7759690698079678,0.027669938154090076,10,9,1,299,0.577511145648058,3.542842078963089,1.9374080052484102,0.7828234814704611,0.7399522458561433,0.801835429594792,COMPLETE
31,-0.699434013537652,2025-12-07 13:25:25.780779,2025-12-07 13:25:51.946334,0 days 00:00:26.165555,0.7442183946025389,0.37364566873030514,0.013600511675234472,7,10,6,710,4.336673759077167,2.094049509024303,1.2246135917614114,0.8514741870712645,1.0352573282862572,0.8869853547932092,COMPLETE
32,-0.712169382797989,2025-12-07 13:25:25.816514,2025-12-07 13:25:52.303686,0 days 00:00:26.487172,0.7958417986566452,0.6870376084857428,0.06504672528644931,3,7,7,459,4.256235644298826,2.1367806424255265,1.0337038141094639,0.8461550390279085,0.8253149421530498,1.0019606442686326,COMPLETE
33,-0.686937070918343,2025-12-07 13:25:25.997529,2025-12-07 13:26:04.111041,0 days 00:00:38.113512,0.6043465704172178,0.045649289759984835,0.09428461222037239,0,9,1,456,0.28358520052977765,0.9996448312718884,1.8953164273915108,0.6800507318213563,0.9237229963023637,1.0716587207702846,COMPLETE
34,-0.6893445548577585,2025-12-07 13:25:26.450230,2025-12-07 13:25:47.872793,0 days 00:00:21.422563,0.6198197148158023,1.9239926899073903,0.09326359075545768,2,5,8,479,0.07365619455773631,1.1738003464980333,1.9490586219264903,0.8376058595374837,0.9779423735621486,0.9606397942156139,COMPLETE
35,-0.6981209840198458,2025-12-07 13:25:27.046271,2025-12-07 13:25:47.395329,0 days 00:00:20.349058,0.6061328004383324,0.08163253289767247,0.09276274723472493,7,5,8,441,0.16198375548989974,1.2628872891694956,1.6640489625021666,0.6934039975237123,1.0238959510806867,0.976936949495483,COMPLETE
36,-0.7010304397753299,2025-12-07 13:25:27.105097,2025-12-07 13:25:53.345082,0 days 00:00:26.239985,0.6207223010264428,1.8255785439842933,0.09819624381030095,7,8,8,415,0.13894777758880572,1.300933306717726,1.9887967244835796,0.8208969848046663,0.9419641657873614,0.9632652783975666,COMPLETE
37,-0.7014360037229439,2025-12-07 13:25:27.554232,2025-12-07 13:25:50.788227,0 days 00:00:23.233995,0.6507903392500503,1.2831147762237285,0.09512469139669259,7,8,8,359,0.12376077140626807,1.46037721388288,1.9810883251586429,0.8288526233895628,1.1295125186459678,0.939056697794208,COMPLETE
38,-0.7027028632661266,2025-12-07 13:25:28.829519,2025-12-07 13:25:52.373576,0 days 00:00:23.544057,0.751766013833194,1.2551648911605007,0.09403312851406757,7,8,8,365,0.06983703785779927,1.362031101817871,1.951079095159592,0.8447812091178697,1.1259532641668328,0.9591511295856231,COMPLETE
39,-0.7017891298301636,2025-12-07 13:25:28.886537,2025-12-07 13:25:50.569634,0 days 00:00:21.683097,0.6009046748338417,1.2492885466047299,0.09809114523710435,7,8,8,337,0.26932997307825124,3.2480623417739967,1.8978883018664165,0.8213023735230031,1.1672595998122017,0.9502971703242739,COMPLETE
40,-0.6959627439511991,2025-12-07 13:25:30.107832,2025-12-07 13:25:58.965676,0 days 00:00:28.857844,0.7423724293950997,1.2302112145710742,0.09098712587611513,8,10,8,337,0.2066276081089411,3.017032361189002,1.9754822337383398,0.8237853110597135,1.1836369838306546,0.9350064312753429,COMPLETE
41,-0.698113872180581,2025-12-07 13:25:31.471667,2025-12-07 13:26:10.833104,0 days 00:00:39.361437,0.657459890737098,0.135184249530657,0.0998058410634159,7,10,3,416,4.961542393091105,1.49876920034341,1.992342617187789,0.804077327781927,0.9784756650833004,1.0179224401050202,COMPLETE
42,-0.7011750276296441,2025-12-07 13:25:31.667601,2025-12-07 13:25:57.381818,0 days 00:00:25.714217,0.7396835870004682,0.027583336617523213,0.09733360873549987,8,8,2,369,4.889006068309343,1.4080933099055752,1.9460034522563445,0.8185311104158263,0.9721810215528248,1.0176381047210126,COMPLETE
43,-0.6800153982055557,2025-12-07 13:25:32.698177,2025-12-07 13:25:49.140558,0 days 00:00:16.442381,0.748712546834486,0.020215746301029514,0.09883337335353584,3,5,2,355,4.939171576701427,1.2619481260688676,1.9524881255897426,0.8120333410463398,0.9778917720949345,1.0414714939628162,COMPLETE
44,-0.7012721952394042,2025-12-07 13:25:33.054342,2025-12-07 13:25:56.299894,0 days 00:00:23.245552,0.7415512021875285,1.2339370734762092,0.09298231788445203,3,8,3,336,4.686229301375614,1.2969605280763352,1.9753738295071548,0.8170384464786242,0.9993458257329931,1.0139244791899236,COMPLETE
45,-0.7010753157123163,2025-12-07 13:25:35.265718,2025-12-07 13:26:01.856983,0 days 00:00:26.591265,0.7397659655547919,1.2946532229713215,0.09865486942829756,3,8,2,384,4.900100948030852,1.2952698196558625,1.9177647077790267,0.8166929798666944,1.0051919164084568,1.0661554879678814,COMPLETE
46,-0.6996481449730169,2025-12-07 13:25:36.805304,2025-12-07 13:26:01.235653,0 days 00:00:24.430349,0.7412104840926789,1.352114289049678,0.09965652148712309,3,8,2,355,0.2887732566556114,1.2914213447576632,1.9209575155220542,0.8213123419776039,0.9895482943835592,1.0438705133585198,COMPLETE
47,-0.6967283517809424,2025-12-07 13:25:45.397893,2025-12-07 13:26:11.422928,0 days 00:00:26.025035,0.7398388406918329,1.3091361919886704,0.09495152490069943,3,8,2,367,3.6101476988876025,1.2277390697850323,1.9714046952895836,0.6696431750370927,0.9950320509895643,1.0423303965096966,COMPLETE
48,-0.6964440194231366,2025-12-07 13:25:47.398871,2025-12-07 13:26:12.849431,0 days 00:00:25.450560,0.7433402386976234,1.2460891031601644,0.03364702073559629,3,8,2,353,3.6343997232121663,1.652597518501215,1.9423452732917867,0.8453100921958558,1.146589336422483,1.040151047612136,COMPLETE
49,-0.7046370655334288,2025-12-07 13:25:47.875850,2025-12-07 13:26:13.924814,0 days 00:00:26.048964,0.7401696952688981,1.3143390815315799,0.03454476119424234,3,8,2,356,4.405071365751648,1.855092832008271,1.886561772581008,0.6667529459364033,1.290348036585314,1.0419966885045255,COMPLETE
50,-0.6883232973819123,2025-12-07 13:25:48.926141,2025-12-07 13:26:14.339568,0 days 00:00:25.413427,0.7379387001741339,1.3158683312379433,0.036735520716762164,3,8,2,351,3.6004295662676586,1.7684762721699063,1.8199723497889715,0.6706897357935104,0.9265308477045198,1.0315110885446752,COMPLETE
51,-0.7050460111556581,2025-12-07 13:25:49.143462,2025-12-07 13:26:10.507227,0 days 00:00:21.363765,0.7285034824148581,1.2998293182672214,0.034546090076986016,4,8,2,284,3.6868864449809156,1.7393012319678407,1.77657525877229,0.6743840683589251,1.2967914636718556,1.0339682565024628,COMPLETE
52,-0.6991889036505524,2025-12-07 13:25:50.572153,2025-12-07 13:26:21.456229,0 days 00:00:30.884076,0.6435334791120069,1.7659304723334697,0.07769593464927586,7,9,1,372,3.608489722232512,1.8110858296182166,1.8220208058778502,0.6577590765961266,1.1489469569621682,1.0191269101964882,COMPLETE
53,-0.704854072424474,2025-12-07 13:25:50.791080,2025-12-07 13:26:53.072230,0 days 00:01:02.281150,0.7293292429294602,1.6858925511038525,0.032425277594957634,8,9,1,740,3.6381723008657834,2.971258088888535,1.8143551857894007,0.6633164277283713,0.9254823481191935,1.0210523444697834,COMPLETE
54,-0.7014024215056258,2025-12-07 13:25:51.417378,2025-12-07 13:26:13.521710,0 days 00:00:22.104332,0.7399443675833547,1.6990040399278055,0.035185129986721145,4,9,9,276,3.564907544931122,2.9309252745828136,1.8377702135397562,0.8570833420670494,1.1632493903494248,1.0121914757644668,COMPLETE
55,-0.6980598306253875,2025-12-07 13:25:51.630595,2025-12-07 13:26:08.381276,0 days 00:00:16.750681,0.7405049707164179,1.732981993455609,0.03185428633942106,4,7,9,264,3.55236419387263,3.111098802564772,1.8195315326322232,0.8601116414527803,1.2921898114018655,1.0256546694428397,COMPLETE
56,-0.6993972627036062,2025-12-07 13:25:51.737260,2025-12-07 13:26:07.590913,0 days 00:00:15.853653,0.7513414167263154,1.3428581141272045,0.03521200324538331,4,7,9,251,3.564873512553799,3.110805684606031,1.8307496606703186,0.8538963092625805,1.2910982778238165,1.0116172238447885,COMPLETE
57,-0.6977603827188238,2025-12-07 13:25:51.949174,2025-12-07 13:26:08.097857,0 days 00:00:16.148683,0.7316230639529706,1.3235482311874258,0.03358546172742479,4,7,9,254,3.4369709451945005,0.05810446952097437,1.8369646588959523,0.863426178789803,1.2839985485711616,1.024388166132283,COMPLETE
58,-0.7050782357482953,2025-12-07 13:25:52.306241,2025-12-07 13:26:15.432636,0 days 00:00:23.126395,0.6493333957436358,1.751024048283273,0.07535270792566265,0,7,7,393,3.756746835902804,2.912348645192747,1.4044893815414514,0.8174000729118986,0.9065477841881454,1.0091125679309247,COMPLETE
59,-0.7081669648519163,2025-12-07 13:25:52.377859,2025-12-07 13:26:17.055898,0 days 00:00:24.678039,0.760556312388328,1.6630750477479013,0.077529914889147,0,7,7,424,3.5857408500173604,1.704994507192039,1.3683402132391267,0.8597159186079557,0.9163383248750849,1.0122576405805013,COMPLETE
60,-0.6980653470079105,2025-12-07 13:25:53.348157,2025-12-07 13:26:16.527192,0 days 00:00:23.179035,0.7282199552720654,0.7246243714232145,0.07836884750866467,0,7,7,393,3.578915665005335,1.7067976058436884,1.8366208756771298,0.8654794876521605,0.9241165720223827,1.0064863937466948,COMPLETE
61,-0.7048157649465576,2025-12-07 13:25:54.114398,2025-12-07 13:26:31.005614,0 days 00:00:36.891216,0.8974036796328656,1.6940902508371072,0.07633830054279256,4,7,2,612,3.4081008835269486,0.039919040514564255,1.3367501476340762,0.6657996280722338,0.9280424411357827,1.0047332759622323,COMPLETE
62,-0.7050729902300638,2025-12-07 13:25:56.303523,2025-12-07 13:26:33.024041,0 days 00:00:36.720518,0.8986170620627373,1.7077554795290195,0.07814211272938902,4,7,2,609,3.526548238740322,1.7842399539880685,1.390261002921524,0.6705944793805582,0.9118276689915652,1.004508082966038,COMPLETE
63,-0.705066501874153,2025-12-07 13:25:57.384600,2025-12-07 13:26:34.989970,0 days 00:00:37.605370,0.8479863291331851,1.6611591152780356,0.07972246053749917,4,7,2,624,3.4387933477815418,1.7710197519303958,1.4034048414677858,0.6706518617758678,0.8947122423050651,0.9997466945071349,COMPLETE
64,-0.7022968476027582,2025-12-07 13:25:58.968784,2025-12-07 13:26:14.856787,0 days 00:00:15.888003,0.7631877046992995,1.6779502422996757,0.07827608894546037,2,7,7,259,3.49322873397725,1.7191358757947746,1.395074664365932,0.6666657660044136,0.914317313999713,0.9990898763564463,COMPLETE
65,-0.7024229159369434,2025-12-07 13:26:01.238744,2025-12-07 13:26:17.289725,0 days 00:00:16.050981,0.7644506233722159,1.6777575723548093,0.07325282564525061,4,7,7,261,3.5933134794133155,1.8366733030750955,1.427716339794144,0.6605895447429097,0.9135448592468592,1.0014831494268606,COMPLETE
66,-0.7025336044645253,2025-12-07 13:26:01.860507,2025-12-07 13:26:17.793028,0 days 00:00:15.932521,0.7643536584506251,1.623888741339654,0.07377191051487549,4,7,7,261,3.4953771104029916,1.6936075129622035,1.4076704123253858,0.7272229755687286,0.9117610416617851,1.0042996380259959,COMPLETE
67,-0.6948832300075248,2025-12-07 13:26:04.114154,2025-12-07 13:26:19.348675,0 days 00:00:15.234521,0.7650900873450752,1.7010537929662375,0.07675951417125919,4,7,7,249,3.5791188646227567,1.695888586003048,1.4036283470149946,0.740915496021426,0.7987705246289936,1.0081615364246175,COMPLETE
68,-0.7051504409013326,2025-12-07 13:26:05.704719,2025-12-07 13:26:40.467454,0 days 00:00:34.762735,0.7706510113639033,1.6167571333032762,0.07887032940262832,2,7,5,614,1.0725342160489009,1.6214029979790534,1.3841356891797534,0.726666315089561,0.9119433860619154,0.9983624862895532,COMPLETE
69,-0.7040962750656742,2025-12-07 13:26:07.594220,2025-12-07 13:26:36.216806,0 days 00:00:28.622586,0.7673645002928203,1.618176085567169,0.07842432382937917,2,7,7,512,1.1308846174241727,1.73099068250082,1.4034922630470763,0.7448762289203789,0.8187442874809837,0.9898727852118409,COMPLETE
70,-0.7049711105725976,2025-12-07 13:26:08.100657,2025-12-07 13:26:49.188691,0 days 00:00:41.088034,0.7697448566603685,1.7121424813602073,0.07585168527349752,2,7,7,741,1.0972319327965594,1.7118417411521112,1.4181801061500607,0.7382272496762741,0.901612650482628,1.002194479104655,COMPLETE
71,-0.705173894610919,2025-12-07 13:26:08.384205,2025-12-07 13:26:42.634749,0 days 00:00:34.250544,0.7763557066824255,1.453312167942403,0.07804496524731906,5,7,7,618,0.8714910289927269,1.742132803389128,1.4085436346581317,0.7347220168997327,0.799306710956256,0.9215142334699261,COMPLETE
72,-0.7021899173172216,2025-12-07 13:26:10.509669,2025-12-07 13:26:45.494731,0 days 00:00:34.985062,0.7134088660777234,1.4487309887241127,0.04631095744913976,2,7,5,613,4.164906198082066,0.3774787894377954,1.4242975702056366,0.7365358428089992,0.809472271117568,0.9889796117061979,COMPLETE
