number,value,datetime_start,datetime_complete,duration,params_colsample_bytree,params_gamma,params_learning_rate,params_max_delta_step,params_max_depth,params_min_child_weight,params_n_estimators,params_reg_alpha,params_reg_lambda,params_scale_pos_weight,params_subsample,params_weight_ratio_0,params_weight_ratio_1,state
73,-0.7030508305647204,2025-12-07 13:26:10.835902,2025-12-07 13:26:45.859821,0 days 00:00:35.023919,0.7138302697075364,1.6734318647239605,0.07411781834410135,2,7,5,625,4.490437934928511,1.7198469937057266,1.456544874370302,0.7426625581007404,0.8248614498732888,0.992201403965438,COMPLETE
74,-0.7071396707359137,2025-12-07 13:26:11.426057,2025-12-07 13:26:46.224544,0 days 00:00:34.798487,0.7639797015600357,1.4447503898607794,0.0770471190044685,2,7,7,621,4.172966685613275,1.8862974658045761,1.449227824299659,0.7254597174599214,1.0596233889481492,0.9900520035862569,COMPLETE
75,-0.7091862585616487,2025-12-07 13:26:12.852252,2025-12-07 13:26:30.556794,0 days 00:00:17.704542,0.7667256107270063,1.6457835849896314,0.0777075577701408,2,7,7,298,4.138996408944667,1.7306887906743749,1.418603048274475,0.7286598693218399,1.0591376728284374,0.9896704762095135,COMPLETE
76,-0.7040689136431985,2025-12-07 13:26:13.524977,2025-12-07 13:26:49.895585,0 days 00:00:36.370608,0.7741745717506333,1.459063706492991,0.0823983296778266,2,7,3,630,4.2747860574978125,0.3641259723262248,1.405684675961253,0.7321182096461988,0.7810963013515545,0.9998768030574001,COMPLETE
77,-0.7048054200777152,2025-12-07 13:26:13.927300,2025-12-07 13:26:49.006608,0 days 00:00:35.079308,0.7091658187358849,1.4514505089386955,0.0815855669728165,2,7,3,613,4.293512311550327,1.711989556001122,1.4223222992948685,0.7367474897834821,0.8846601435980443,0.9946312980810222,COMPLETE
78,-0.7047962181240544,2025-12-07 13:26:14.342595,2025-12-07 13:26:48.522625,0 days 00:00:34.180030,0.7686690992086231,1.4558620063903165,0.07930566618296916,2,7,3,598,4.193362325238256,0.4207412178412377,1.4023870584028715,0.7458695296890236,0.8250060757018483,0.9924196225405398,COMPLETE
79,-0.690245698058999,2025-12-07 13:26:14.859871,2025-12-07 13:26:50.792348,0 days 00:00:35.932477,0.7185509759813259,1.4520899700070977,0.028603843247543757,2,7,3,618,4.4317673775873345,0.37043420047863845,1.4596180170274367,0.7262523490091944,0.8213806248708792,1.0804277796371342,COMPLETE
80,-0.6897218531255819,2025-12-07 13:26:15.435326,2025-12-07 13:26:44.285018,0 days 00:00:28.849692,0.714857958450087,1.4203673492010318,0.0789419519547306,2,7,7,507,4.179028478059231,2.7307038211278476,1.7437746595446229,0.6530997406491333,0.7988751647340195,1.089489239426917,COMPLETE
81,-0.6911528721197554,2025-12-07 13:26:16.530260,2025-12-07 13:26:45.252643,0 days 00:00:28.722383,0.7155593592490785,1.1065084868533048,0.07044562777105429,2,7,5,503,4.280025224591576,0.3264116753717643,1.669669756492363,0.6543652926011811,0.8172901153361183,1.0880983439060363,COMPLETE
82,-0.7015320044691551,2025-12-07 13:26:17.058773,2025-12-07 13:26:45.660913,0 days 00:00:28.602140,0.6830933410120379,1.4342007316352614,0.04556197946252657,2,7,6,512,4.238140640519941,2.0254310186225393,1.338923334573265,0.8820240421398161,0.8833081407764896,1.0683350832516982,COMPLETE
83,-0.6877692180477565,2025-12-07 13:26:17.292774,2025-12-07 13:26:35.247921,0 days 00:00:17.955147,0.6806095054411678,1.464609609142508,0.047872496663893156,2,7,6,306,4.1535139777367736,2.621004172720319,1.3100892168848806,0.8783148850949523,0.7837695783420194,1.0932599033353319,COMPLETE
84,-0.6928059312911236,2025-12-07 13:26:17.796225,2025-12-07 13:26:43.153666,0 days 00:00:25.357441,0.7102144994071508,1.457459180252985,0.04726743060384529,2,6,5,488,4.224583482512151,2.0867978181849094,1.3255605737003677,0.6469088775989362,0.8102904177640372,1.083172526954699,COMPLETE
85,-0.6799245645260282,2025-12-07 13:26:19.352247,2025-12-07 13:26:44.626574,0 days 00:00:25.274327,0.717648264440243,1.4920777181963003,0.04527564994985071,2,6,5,487,4.278898757533363,0.32926642135064027,1.704935104048855,0.6481021043975278,0.886291825215971,1.0968510988352065,COMPLETE
86,-0.6936268243395455,2025-12-07 13:26:21.459092,2025-12-07 13:26:46.146114,0 days 00:00:24.687022,0.7124747459809555,1.4300112450821363,0.04719774460259495,2,6,5,489,4.2617067271527445,2.6105438852995264,1.3351785400047835,0.8841649308080399,0.828022925865659,1.0752676014147382,COMPLETE
87,-0.6988349732085156,2025-12-07 13:26:30.559774,2025-12-07 13:26:56.583783,0 days 00:00:26.024009,0.7154672562554882,1.9828537302158347,0.047897724999274506,2,6,6,504,4.21632562656196,2.6887582871226665,1.3267972670713126,0.7111781057642529,0.8817031634479485,1.0847829727786948,COMPLETE
88,-0.7088523852900792,2025-12-07 13:26:31.008823,2025-12-07 13:27:06.733777,0 days 00:00:35.724954,0.7808551902125208,1.4173063817064526,0.08449234368194623,2,6,6,740,4.203623045573501,2.086052267953269,1.3327211756641084,0.8807757345738352,0.8870392673915011,0.988937884262559,COMPLETE
89,-0.7085091490327241,2025-12-07 13:26:33.027522,2025-12-07 13:27:03.491597,0 days 00:00:30.464075,0.8726215828323542,1.4779890144370063,0.06763346274618981,2,6,6,598,4.131903988804103,0.3452384084948501,1.3319753810004769,0.7093597129808725,0.8904619260981448,0.9886245837700305,COMPLETE
90,-0.7084730968303573,2025-12-07 13:26:33.853383,2025-12-07 13:27:10.073813,0 days 00:00:36.220430,0.8795415664510764,1.4508812281309316,0.08442036902422333,2,6,6,747,4.113997939593314,2.103170427002273,1.3365976493560663,0.8772920673751811,0.8818640578835433,0.9893563856008902,COMPLETE
91,-0.7038724197674039,2025-12-07 13:26:34.993114,2025-12-07 13:27:01.068123,0 days 00:00:26.075009,0.8369676842391908,1.425601811468419,0.08545896657248504,2,6,5,507,4.113638086564504,2.1642440616441943,1.4890448523394164,0.7087239708209547,0.8767231250467107,0.987903118544062,COMPLETE
92,-0.7031914760223034,2025-12-07 13:26:35.250894,2025-12-07 13:27:01.827743,0 days 00:00:26.576849,0.7834968459727492,1.8892999705831188,0.08386878673277953,0,6,5,505,4.10038648636227,2.165246469704454,1.4894982080938928,0.7068693866312084,0.8859708460115989,0.9900177872266607,COMPLETE
93,-0.7043548075997094,2025-12-07 13:26:36.219820,2025-12-07 13:27:14.791264,0 days 00:00:38.571444,0.8449264528693695,1.8705661394366806,0.08526343965352694,0,6,5,750,4.056615256950131,2.179978250706836,1.488688791236166,0.7050142529641505,0.8868531640344434,0.9855230466433655,COMPLETE
94,-0.7038319040848667,2025-12-07 13:26:40.470775,2025-12-07 13:27:09.714707,0 days 00:00:29.243932,0.7869631704371056,1.437430402036878,0.0677386788047941,0,6,5,561,3.897630443485573,2.1030853978236066,1.500594538667651,0.7111350933722703,0.8928362294427848,0.9906347186341566,COMPLETE
95,-0.7041560287193577,2025-12-07 13:26:42.638233,2025-12-07 13:27:21.402670,0 days 00:00:38.764437,0.783200359891689,1.8563324622353172,0.08538926015259601,0,6,5,749,4.0381567878944695,2.099752565226934,1.4922564644802947,0.7075217161461701,0.8804019375489607,0.9876612368041966,COMPLETE
96,-0.7062261305385,2025-12-07 13:26:43.156670,2025-12-07 13:27:16.986647,0 days 00:00:33.829977,0.7957303751821849,1.845657069489857,0.08473125566078256,0,6,6,657,4.086941893453455,2.285641573521914,1.4928955892271611,0.7587422141076342,0.8801584543041573,0.9828982118068792,COMPLETE
97,-0.704278985417413,2025-12-07 13:26:44.288685,2025-12-07 13:27:13.376847,0 days 00:00:29.088162,0.7885971931683095,1.8636728964735898,0.08631314991247514,0,6,6,574,0.8431878083642582,2.351566638005432,1.524760332911469,0.7056286972456405,0.8825541644000511,0.9894858069665803,COMPLETE
98,-0.7033151809003838,2025-12-07 13:26:44.629736,2025-12-07 13:27:13.250483,0 days 00:00:28.620747,0.790500227287262,1.9971352503642459,0.06818578846630866,0,6,6,555,4.0093266509434,2.2481926252578783,1.493240198599764,0.755892341533011,0.8862020274211557,0.9901123332920765,COMPLETE
99,-0.7043414774430197,2025-12-07 13:26:45.255595,2025-12-07 13:27:23.045335,0 days 00:00:37.789740,0.7841369911074907,1.8663270774855136,0.08577954472386183,0,6,6,737,3.980629199846627,2.294964983206447,1.4848082108025473,0.7240770208758062,0.8376397957652341,0.9852923800659691,COMPLETE
100,-0.7016505563192498,2025-12-07 13:26:45.497605,2025-12-07 13:27:14.241062,0 days 00:00:28.743457,0.7873615367027105,1.9884791076442152,0.08441357611111346,0,6,6,553,3.9962219607008946,2.3257231919734913,1.5392581596761334,0.7073482508838862,0.8416659368673899,0.9836635272345571,COMPLETE
101,-0.7024836432156261,2025-12-07 13:26:45.663580,2025-12-07 13:27:14.362346,0 days 00:00:28.698766,0.7946799273491025,1.9036567558638278,0.08386486875733179,0,6,6,553,3.9531661084567578,2.2696765328634054,1.4929570740354507,0.706157120566197,0.8393577401495528,0.9866280905109258,COMPLETE
102,-0.7037711305610611,2025-12-07 13:26:45.862753,2025-12-07 13:27:14.957030,0 days 00:00:29.094277,0.7864923399158196,1.970945371358762,0.08472658995447598,0,6,6,562,3.9844610738120405,2.3221633831751443,1.4933803144692954,0.7077618650524786,0.8454785078267779,0.9794700079881729,COMPLETE
103,-0.7040149067718472,2025-12-07 13:26:46.149414,2025-12-07 13:27:19.984246,0 days 00:00:33.834832,0.7855604329080794,1.5638868991808421,0.08705997231414636,0,6,6,655,3.9739767243703303,2.205353574643314,1.5232899372371311,0.7088147520344129,0.8438235642260552,0.9706129685247624,COMPLETE
104,-0.7059583588895445,2025-12-07 13:26:46.231311,2025-12-07 13:27:24.455763,0 days 00:00:38.224452,0.7865211568896493,1.8771033414526892,0.0871430135497428,0,6,6,740,3.956408072421361,2.2860431960350835,1.4992831252859113,0.7122933228993789,1.0664466086268558,0.970453865405288,COMPLETE
105,-0.7109493679127409,2025-12-07 13:26:48.526187,2025-12-07 13:27:22.314564,0 days 00:00:33.788377,0.7951028167030656,1.5680343303921958,0.06702288644900471,0,6,6,652,3.9912870175210653,2.2500281641243025,1.505082225302296,0.7097844001597835,1.0740159987372093,0.9759670346366096,COMPLETE
106,-0.7038765314543173,2025-12-07 13:26:49.009497,2025-12-07 13:27:27.225999,0 days 00:00:38.216502,0.7878100564032833,1.9954396938139898,0.061083309950251165,0,6,6,743,3.9746419836425853,2.201451603857694,1.501607031302792,0.7033491457610634,0.8499344730100107,0.9796810580409552,COMPLETE
107,-0.6964469832400342,2025-12-07 13:26:49.191589,2025-12-07 13:27:17.456079,0 days 00:00:28.264490,0.7856877219860078,1.9797637637938796,0.06669416583687432,0,6,6,547,3.90748776004676,2.1571041897202696,1.5084891078546048,0.7095428347855383,0.7575759276764521,0.969710016575796,COMPLETE
108,-0.6988744376403114,2025-12-07 13:26:49.898481,2025-12-07 13:27:18.051666,0 days 00:00:28.153185,0.7890159342713164,1.8677678425073472,0.08596711530483363,0,6,6,557,0.8157157327896253,2.247769330386962,1.492351868573225,0.7089504625090386,0.7529788603292966,0.9701130352217043,COMPLETE
109,-0.698932660250103,2025-12-07 13:26:50.794740,2025-12-07 13:27:19.310762,0 days 00:00:28.516022,0.7903460028168218,1.8572165254288522,0.08649228782429026,0,6,6,552,3.980017517708703,2.267509801669667,1.516177755394119,0.7154217572072378,0.7586870654070142,0.9707205231464507,COMPLETE
110,-0.6964271383016492,2025-12-07 13:26:53.074780,2025-12-07 13:27:21.953485,0 days 00:00:28.878705,0.7898160777087041,1.5609176999117829,0.060004681625810206,0,6,6,556,4.002614812674075,2.291313998670525,1.5062321657347462,0.707763267512495,0.7637765876921632,0.9713280569155279,COMPLETE
111,-0.6951846664543752,2025-12-07 13:26:56.586966,2025-12-07 13:27:25.420430,0 days 00:00:28.833464,0.7926973924436154,1.8634755663754485,0.06158544553919713,0,6,6,557,3.959314526241525,2.2780964714108918,1.5184357281495984,0.7555743906083522,0.7606036447315023,0.9689332628572788,COMPLETE
112,-0.7007844570115346,2025-12-07 13:27:01.071042,2025-12-07 13:27:34.714098,0 days 00:00:33.643056,0.7880360907327387,1.5603075316456294,0.06104516098211772,0,6,6,652,3.8722236958214413,2.2114139110342426,1.539563178255357,0.7584983737806349,0.8414872642782657,0.9776322169777382,COMPLETE
113,-0.6931736064443451,2025-12-07 13:27:01.830801,2025-12-07 13:27:29.765126,0 days 00:00:27.934325,0.8053646631840345,1.5511694821529882,0.06620472582458387,1,6,6,553,0.7447258080512479,2.3027887728624847,1.5858938127391982,0.7579269693459292,0.7651100526057993,0.977593942436884,COMPLETE
114,-0.6943863880968806,2025-12-07 13:27:03.494293,2025-12-07 13:27:36.428246,0 days 00:00:32.933953,0.8765536503468807,1.5624763106154402,0.061226627527886976,1,6,6,655,3.8382141443123228,2.3523250758977237,1.5753477196491121,0.754056386415916,0.7581902435598278,0.9727519396694968,COMPLETE
115,-0.6898188299742097,2025-12-07 13:27:06.736875,2025-12-07 13:27:35.033508,0 days 00:00:28.296633,0.8058933171423015,1.5269610702512126,0.060210803782793,1,6,6,553,3.831049509920757,2.3520252508432495,1.5786959330508974,0.7559245286531607,0.7578866683128979,0.9696918660836205,COMPLETE
116,-0.7092836185841523,2025-12-07 13:27:09.717572,2025-12-07 13:27:42.632977,0 days 00:00:32.915405,0.8036580101916851,1.5344475995361704,0.0567867704411826,1,6,6,655,0.7419662212799427,2.334297415861434,1.5582586783839492,0.7546712940770921,1.0724668662355328,0.971983228832029,COMPLETE
117,-0.6987771882757805,2025-12-07 13:27:10.076524,2025-12-07 13:27:25.989601,0 days 00:00:15.913077,0.8808787702582579,1.53694070490127,0.06104528167950351,1,6,6,671,0.6657993467364833,2.2528843249628805,1.2056276589547186,0.7572374340887995,1.0590066251170047,0.9767318848855427,COMPLETE
118,-0.7074200640002113,2025-12-07 13:27:13.253210,2025-12-07 13:27:42.539001,0 days 00:00:29.285791,0.8755643742969667,1.567358782534311,0.06459149082546563,1,5,6,652,0.8366652289821876,1.9562830376513916,1.2032001169862518,0.7198057037907076,0.8416274415910403,0.9780464447887882,COMPLETE
119,-0.7080600791598911,2025-12-07 13:27:13.379673,2025-12-07 13:27:42.200118,0 days 00:00:28.820445,0.8033312320410482,1.5495297595223876,0.06191225902485699,1,5,6,662,3.780221939948249,1.559419389665241,1.1977029331626154,0.8696110191919542,0.8422945489904897,0.9645130507221602,COMPLETE
120,-0.6821752799760672,2025-12-07 13:27:14.244634,2025-12-07 13:27:20.489546,0 days 00:00:06.244912,0.8066264572573933,1.5507048563617933,0.05890206325361365,1,5,7,655,4.683595565937413,1.970324336939497,1.193074617587097,0.870588242417395,1.075635552192851,0.9733153860852055,COMPLETE
121,-0.703890946719785,2025-12-07 13:27:14.365012,2025-12-07 13:27:36.074329,0 days 00:00:21.709317,0.8057852532482195,1.5550115871976133,0.0606290713954194,1,5,7,660,0.7455625051116043,1.545955015652258,1.2096950527873416,0.8715481526771335,0.9571730379221716,0.9702566418744221,COMPLETE
122,-0.6894165155722888,2025-12-07 13:27:14.793840,2025-12-07 13:27:21.834784,0 days 00:00:07.040944,0.8054687312402118,1.5557384142787247,0.060803949663109966,1,5,7,654,3.8058804931136048,1.9553137403273217,1.121054094591695,0.6942281747034028,0.9456551621862229,0.972228673367349,COMPLETE
123,-0.7113151371062522,2025-12-07 13:27:14.959625,2025-12-07 13:27:48.696647,0 days 00:00:33.737022,0.864701397458818,1.545504621954037,0.058171117958913825,1,6,7,669,4.699763700395225,1.096597439010638,1.2062501133539847,0.7186310872188485,0.8648827543492805,0.9705962376324923,COMPLETE
124,-0.7016659493387453,2025-12-07 13:27:16.989586,2025-12-07 13:27:45.648860,0 days 00:00:28.659274,0.8083199496653051,1.5489068502023866,0.05797211990508878,1,5,7,657,3.781607106371308,1.9543521099792853,1.215254705618762,0.8708358111251256,0.7589864981451676,0.9702289694497597,COMPLETE
125,-0.6984696342598088,2025-12-07 13:27:17.458680,2025-12-07 13:27:32.694442,0 days 00:00:15.235762,0.8073306595070422,1.5364400745905373,0.06123516897811014,1,5,7,657,4.635937392096302,1.5626985160640237,1.2213099665105185,0.7191821435364985,0.9494112313073736,0.9658462421622848,COMPLETE
126,-0.6796904989652554,2025-12-07 13:27:18.054491,2025-12-07 13:27:23.880593,0 days 00:00:05.826102,0.8095293641797625,1.5389047298867817,0.06076284981961712,1,5,7,661,4.671666785026172,1.5746388409185672,1.2219576057163137,0.7201072621241246,1.0667602025083136,0.9304618695690411,COMPLETE
127,-0.6910955611995306,2025-12-07 13:27:19.313575,2025-12-07 13:27:26.764611,0 days 00:00:07.451036,0.8143061124348682,1.5711125618758266,0.06151387697027815,1,5,7,657,4.697867589251636,1.9084085393871337,1.2322369445774757,0.6958893208533614,0.9493810938393472,0.9225916752036954,COMPLETE
128,-0.7035421164541648,2025-12-07 13:27:19.987276,2025-12-07 13:27:42.516251,0 days 00:00:22.528975,0.8778517355694083,1.5242427960690876,0.06006358415752731,1,5,7,704,3.8294707148041356,1.528940773646516,1.2581474141230935,0.868397259846,0.9545791352969788,0.9187961671128086,COMPLETE
129,-0.6976853252326677,2025-12-07 13:27:20.492656,2025-12-07 13:27:51.961054,0 days 00:00:31.468398,0.8770869219270134,0.5718071828198092,0.06370817656397042,1,5,7,702,4.544763813254346,1.0770283278698305,1.5904352142912839,0.6929805287665974,0.8636072064703768,0.9321372079227777,COMPLETE
130,-0.7079414249098813,2025-12-07 13:27:21.405440,2025-12-07 13:27:59.827848,0 days 00:00:38.422408,0.8674418634529242,1.771655677517852,0.06314205820917958,1,7,7,682,3.806225818719737,1.5543485116790163,1.6010608783860296,0.7551021078591025,0.9566496723969392,0.939152295117904,COMPLETE
131,-0.7084114454750216,2025-12-07 13:27:21.837681,2025-12-07 13:27:53.032748,0 days 00:00:31.195067,0.8740310306501285,1.7673465416127832,0.062872465940724,1,5,7,707,3.7755756461340773,1.4988595182964994,1.2740243981407273,0.7792089607126401,0.8647214010054503,0.9411557621336579,COMPLETE
132,-0.6968368948651418,2025-12-07 13:27:21.955982,2025-12-07 13:27:52.207766,0 days 00:00:30.251784,0.8725837223664965,1.3807460262965172,0.06320934489722867,1,5,7,701,3.8056329294127322,1.5857223735395918,1.5894424330102002,0.888979500675116,0.8618655084341248,0.9340997546189833,COMPLETE
133,-0.7076513209955705,2025-12-07 13:27:22.317690,2025-12-07 13:27:53.338779,0 days 00:00:31.021089,0.8814464568127711,0.5553334823664441,0.05369595125938475,1,5,7,692,4.5611539665494645,1.5418786175864807,1.5890825394832786,0.7202521917833492,1.0627580221728072,0.9375024289418318,COMPLETE
134,-0.6851180206587931,2025-12-07 13:27:23.048301,2025-12-07 13:27:29.687200,0 days 00:00:06.638899,0.8761476660180223,1.794502444041454,0.0531893857959904,1,5,7,710,3.787171570284589,1.5712726824229548,1.2661719270200136,0.7746889263941189,1.0671120482947476,0.9357810131342178,COMPLETE
135,-0.7095328649323385,2025-12-07 13:27:23.883358,2025-12-07 13:27:59.137788,0 days 00:00:35.254430,0.7570840016739351,1.7809649023670824,0.06422260313188353,1,7,7,698,3.2683075286972523,2.436661801821503,1.266147198127055,0.8925796386317694,0.862539235442134,0.9566204642746045,COMPLETE
136,-0.709680903003147,2025-12-07 13:27:24.458765,2025-12-07 13:28:03.961321,0 days 00:00:39.502556,0.8774876698478193,0.4899042257413553,0.06454295127962222,1,7,7,694,4.522516152662042,2.4435322498685896,1.281895572080151,0.6969821015383513,0.8636422570553409,0.9448166494799979,COMPLETE
137,-0.6966265043299011,2025-12-07 13:27:25.423088,2025-12-07 13:27:55.700029,0 days 00:00:30.276941,0.8802413092903403,0.5111159232485765,0.0707117693120705,1,5,7,701,4.535788337338818,2.4265917267210027,1.5879350360070772,0.8907365575774063,0.8626676893881385,0.9563048957836385,COMPLETE
138,-0.6985479066078156,2025-12-07 13:27:25.992389,2025-12-07 13:27:57.460199,0 days 00:00:31.467810,0.7758465562211861,1.3673657410088167,0.07130883620901825,1,5,7,708,4.566888905107236,1.5363243994317988,1.5719433737545303,0.697648222598542,0.8678563974700383,0.9536153009352211,COMPLETE
139,-0.7089353143568057,2025-12-07 13:27:26.767301,2025-12-07 13:28:04.967470,0 days 00:00:38.200169,0.7554597491713754,1.3746498670020413,0.05515404563204448,1,7,8,692,4.5633272567413385,1.5116140169016683,1.5857442324773738,0.6990817466378463,1.1026302633688225,0.9529837028844864,COMPLETE
140,-0.7088417125763473,2025-12-07 13:27:27.228591,2025-12-07 13:28:05.605511,0 days 00:00:38.376920,0.7554435149373192,1.6274671490865957,0.0548358020056273,1,7,8,703,4.463293004777609,2.466045981742628,1.6009379338385485,0.7715771765161958,1.1011827815806932,0.9437410791292273,COMPLETE
141,-0.7073396949313621,2025-12-07 13:27:29.689965,2025-12-07 13:28:08.174515,0 days 00:00:38.484550,0.7586900185711488,0.5640635592652532,0.07053726563054856,5,7,8,697,4.5031825861601815,2.4460227099486973,1.5963763095747299,0.7311752647081832,1.024944341762292,0.9454897548052108,COMPLETE
142,-0.7105150898728051,2025-12-07 13:27:29.767794,2025-12-07 13:28:08.128411,0 days 00:00:38.360617,0.773601671357784,0.5286145465598454,0.055941562523362715,3,7,8,690,4.49743126569417,1.0659858555017305,1.3722336886541986,0.7297387254519564,1.101902817126608,0.9553565262720879,COMPLETE
143,-0.7087096133826462,2025-12-07 13:27:32.697379,2025-12-07 13:28:09.481085,0 days 00:00:36.783706,0.7760375889439518,1.3920000494153852,0.07055084309145679,5,7,8,689,4.480129004819242,2.4897168524695976,1.363119934621797,0.8874433104414589,0.8640807180372361,0.9583832132967076,COMPLETE
144,-0.7083314166381482,2025-12-07 13:27:34.717081,2025-12-07 13:28:12.007465,0 days 00:00:37.290384,0.756363314357416,1.3736721552947455,0.0720503857517458,5,7,8,693,4.529743527220272,2.516326264809339,1.5789957742835832,0.8897659591177647,1.1020699466061263,0.9514051584246263,COMPLETE
145,-0.7057263537141601,2025-12-07 13:27:35.036277,2025-12-07 13:28:11.772546,0 days 00:00:36.736269,0.7589676769785673,0.5265746523872873,0.09117379720093198,5,7,8,689,4.4492796380782735,1.8957066835315486,1.359080630575251,0.8886388854843923,0.8577342507309641,0.9484036729677452,COMPLETE
146,-0.7073510910509456,2025-12-07 13:27:36.077154,2025-12-07 13:28:13.303941,0 days 00:00:37.226787,0.7763821289747741,0.5002898571329488,0.07180877959396839,6,7,8,697,2.033966608748799,2.5085392613310002,1.3626468586963636,0.8874970895437583,0.8640193103338618,0.9456795305537651,COMPLETE
