number,value,datetime_start,datetime_complete,duration,params_colsample_bytree,params_gamma,params_learning_rate,params_max_delta_step,params_max_depth,params_min_child_weight,params_n_estimators,params_reg_alpha,params_reg_lambda,params_scale_pos_weight,params_subsample,params_weight_ratio_0,params_weight_ratio_1,state
295,-0.7042183704483147,2025-12-07 13:29:59.184632,2025-12-07 13:30:27.258629,0 days 00:00:28.073997,0.8455619589787546,0.5371804841624065,0.0757259374970504,7,9,9,395,2.382682415189026,0.7008731003573869,1.8540496865061844,0.8528793834035551,1.2243668874806917,1.0187844478677355,COMPLETE
296,-0.7035993959937704,2025-12-07 13:30:00.510033,2025-12-07 13:30:28.090281,0 days 00:00:27.580248,0.8453876397131626,0.5476853235667811,0.07621125104833405,8,9,9,382,2.3614898901797683,0.295807577658461,1.8097260635383392,0.7496859848560398,1.209584592987456,1.0233863766861697,COMPLETE
297,-0.7061070815533338,2025-12-07 13:30:00.596578,2025-12-07 13:30:24.915685,0 days 00:00:24.319107,0.845769589141436,0.6741474719597672,0.0749685032727976,8,8,9,383,2.513644148818793,3.7502758206050038,1.8478536978393234,0.854439729500023,1.223721632608538,1.0197693557618817,COMPLETE
298,-0.7058116528434378,2025-12-07 13:30:00.811684,2025-12-07 13:30:29.141525,0 days 00:00:28.329841,0.8497208872446261,0.603916519778964,0.07696125997262572,7,9,9,388,4.944210454926755,0.3914758912541556,1.8719608514297312,0.8031865860623901,1.2207382373945286,1.0188940719001318,COMPLETE
299,-0.7108871814352679,2025-12-07 13:30:00.897933,2025-12-07 13:30:25.275431,0 days 00:00:24.377498,0.8450410986670351,0.5626736335102089,0.027955827330380396,8,8,9,368,2.422592000757729,3.592174276184805,1.3788625327366681,0.7509328230643795,1.2068002792503536,1.0165991712886226,COMPLETE
