number,value,datetime_start,datetime_complete,duration,params_colsample_bytree,params_gamma,params_learning_rate,params_max_delta_step,params_max_depth,params_min_child_weight,params_n_estimators,params_reg_alpha,params_reg_lambda,params_scale_pos_weight,params_subsample,params_weight_ratio_0,params_weight_ratio_1,state
147,-0.7083382518324811,2025-12-07 13:27:36.430926,2025-12-07 13:28:13.469750,0 days 00:00:37.038824,0.7566040859724984,1.3755544587096378,0.06992281228685521,5,7,8,693,4.386720627201676,2.8136791333549755,1.3603815880831716,0.8880410622628292,1.04580339530838,0.9550641460169313,COMPLETE
148,-0.702399543156322,2025-12-07 13:27:42.202935,2025-12-07 13:28:09.322121,0 days 00:00:27.119186,0.7565531338355709,1.3724366211119639,0.09116358170619526,3,4,8,704,4.47237386286193,1.0045835146104642,1.3703411433375894,0.8873241436754126,0.8617851642773855,0.9519396968022013,COMPLETE
149,-0.70627500502701,2025-12-07 13:27:42.519050,2025-12-07 13:28:20.190123,0 days 00:00:37.671073,0.7564635320798105,1.6303805617563523,0.0716192926522051,3,7,8,727,3.323560130975244,1.061658758024953,1.363894235181911,0.8918639403003522,1.1055737438126396,0.949917545358205,COMPLETE
150,-0.6260094401953215,2025-12-07 13:27:42.542459,2025-12-07 13:27:46.201808,0 days 00:00:03.659349,0.7574349532190447,1.3807901246228473,0.05618818842132557,5,4,8,692,4.447645684749118,1.023275185619517,1.08984577261325,0.689018104160516,1.037220134453185,0.9533235519259188,COMPLETE
151,-0.6002936884068227,2025-12-07 13:27:42.646249,2025-12-07 13:27:46.112907,0 days 00:00:03.466658,0.8574284461404027,1.3879670740169188,0.07049076206170002,1,4,8,688,0.4496224488604007,2.4262949528266367,1.0163389625203254,0.8926669126586302,1.117039711637734,0.9554312273398365,COMPLETE
152,-0.707270256227644,2025-12-07 13:27:45.652110,2025-12-07 13:28:17.339051,0 days 00:00:31.686941,0.8573790027899543,1.3795971772213997,0.05553992240938908,3,5,8,721,4.529918279354654,2.469537169941692,1.632630122332449,0.8905086318264208,1.1040330896604706,0.9496152462317189,COMPLETE
153,-0.7021809119053332,2025-12-07 13:27:46.115774,2025-12-07 13:28:09.854090,0 days 00:00:23.738316,0.7580074335340596,0.5748850219496862,0.07026239581739814,3,5,6,728,3.292572095797441,1.0986183934546643,1.3663441301386658,0.6858942397672998,1.0377172659810623,0.9578553269610425,COMPLETE
154,-0.7068260346604687,2025-12-07 13:27:46.208890,2025-12-07 13:28:24.214986,0 days 00:00:38.006096,0.7766795216498307,1.6376190993833089,0.07202509806671359,1,7,7,721,4.525913106294625,2.449401960374705,1.6179282895571403,0.8884109506508885,0.864510378493993,0.9447919726575875,COMPLETE
155,-0.695100520149948,2025-12-07 13:27:48.699981,2025-12-07 13:28:20.084832,0 days 00:00:31.384851,0.8647987346194438,0.5129515693168426,0.055326751560656966,3,5,7,724,1.92472801665702,2.4952735510218926,1.621505426046752,0.8901508501564884,0.8652419175183611,0.9423937591661556,COMPLETE
156,-0.7123072469417489,2025-12-07 13:27:51.964071,2025-12-07 13:28:26.244050,0 days 00:00:34.279979,0.8699627842134731,0.46352137653936354,0.055423200588881553,3,6,6,680,4.366139460206671,2.4814551640425915,1.3618170053872873,0.8506412768446704,1.0213937925934071,0.9441112801486847,COMPLETE
157,-0.7098260003796196,2025-12-07 13:27:52.211038,2025-12-07 13:28:26.595434,0 days 00:00:34.384396,0.8676619509917131,1.623782225981613,0.07070698846085557,3,6,6,687,4.336340909875931,2.485008052791634,1.3715680825863523,0.8516076517200508,1.0443929133610352,0.9602175692087841,COMPLETE
158,-0.6840697915407933,2025-12-07 13:27:53.035937,2025-12-07 13:27:59.301768,0 days 00:00:06.265831,0.8649224232639023,0.8686025152815462,0.05488672335240266,3,5,8,637,4.3672206795303685,0.8389194770358288,1.2859484396232108,0.7673155922394228,1.1075166031452077,0.9453289093730881,COMPLETE
159,-0.691934345329893,2025-12-07 13:27:53.341997,2025-12-07 13:28:01.501761,0 days 00:00:08.159764,0.869181045586996,1.6135517952447846,0.05474991316750915,3,4,8,720,3.319187932475565,0.8834421762052037,1.3698315842810682,0.8371617799617111,1.0880491941891937,0.94394456703586,COMPLETE
160,-0.6810957313485507,2025-12-07 13:27:55.702978,2025-12-07 13:28:02.459549,0 days 00:00:06.756571,0.8881724420551804,0.6492966753776261,0.05118761798582261,3,4,8,682,4.379577930139232,0.7739732106011761,1.3646141764517719,0.7295098660976197,1.098457090518476,0.9421261196973335,COMPLETE
161,-0.6826867584681245,2025-12-07 13:27:57.463620,2025-12-07 13:28:04.051421,0 days 00:00:06.587801,0.8665460195385372,1.6366357786527372,0.05530205923713725,3,4,8,724,3.3210459942835118,4.995272634203935,1.2937349835367655,0.8776102572499915,1.0914586220496898,0.9471644258784941,COMPLETE
162,-0.6899606051340821,2025-12-07 13:27:59.140611,2025-12-07 13:28:06.683733,0 days 00:00:07.543122,0.8891280676813982,1.6406085255852692,0.05513972226981186,3,4,8,721,3.2568728270225757,0.7068273641244034,1.3672020639954618,0.8759353382219974,1.0943062509507326,0.9445828466043218,COMPLETE
163,-0.6841922007296252,2025-12-07 13:27:59.304879,2025-12-07 13:28:06.457093,0 days 00:00:07.152214,0.8633127691521101,1.6387139942079993,0.055189599638340456,1,4,8,727,3.3594639742193726,1.4333463584859616,1.3662899043660004,0.8998692770349012,1.0920242687515405,0.943569896348038,COMPLETE
164,-0.7001596275941028,2025-12-07 13:27:59.830639,2025-12-07 13:28:28.376481,0 days 00:00:28.545842,0.8873796040743657,1.6351569074122128,0.05080512503843241,1,4,7,725,3.377742441117052,0.7771974379525239,1.6346496797236112,0.8767804213936822,1.028819236546478,0.9440869133658584,COMPLETE
165,-0.7038022204965745,2025-12-07 13:28:01.504916,2025-12-07 13:28:39.221194,0 days 00:00:37.716278,0.8853020617294162,1.6311392941844505,0.05076873912883818,1,7,7,681,4.773945208435953,4.947343540128565,1.6288203640010432,0.899535216141197,0.9003888574023242,0.9615015613980702,COMPLETE
166,-0.7068537107149414,2025-12-07 13:28:02.462549,2025-12-07 13:28:41.561161,0 days 00:00:39.098612,0.8897472862268779,0.2966344459768063,0.06664384210009,1,7,7,725,1.8017340221178286,1.3936006903464206,1.1596736650756787,0.8991614335299309,0.8571813870385333,0.9093687476155565,COMPLETE
167,-0.706023614887053,2025-12-07 13:28:03.964645,2025-12-07 13:28:43.603342,0 days 00:00:39.638697,0.8906100395320655,0.5156798414220003,0.0677925797762551,1,7,7,723,3.2814225292228185,1.1554402886180504,1.6305630185744693,0.8972576357017779,0.8545538290565075,0.9615686267769258,COMPLETE
168,-0.5993844762574335,2025-12-07 13:28:04.054126,2025-12-07 13:28:08.670019,0 days 00:00:04.615893,0.8526310017726839,0.4453789685331618,0.06826589126828836,1,7,7,722,4.805575869345637,1.3948589375966591,0.884054677806037,0.8482457898464867,1.0196609517791682,0.9628445398114961,COMPLETE
169,-0.6592259304358531,2025-12-07 13:28:04.970458,2025-12-07 13:28:09.439743,0 days 00:00:04.469285,0.8562552869024652,0.2101227627752052,0.06671776792189901,1,7,7,724,2.0394876619930793,1.3768702820045402,0.89030375034029,0.8981930606996044,0.8719708270927322,0.9621282353145993,COMPLETE
170,-0.6796520981712875,2025-12-07 13:28:05.608710,2025-12-07 13:28:10.871475,0 days 00:00:05.262765,0.7552367156279475,1.6436416718881013,0.0679555322777534,2,7,8,437,4.860905255860432,2.5565540509084697,1.1262559191299673,0.7995919006371963,1.0180864478666678,0.9254904300863382,COMPLETE
171,-0.5923934565053685,2025-12-07 13:28:06.460039,2025-12-07 13:28:10.851132,0 days 00:00:04.391093,0.7556264955187514,0.20122911444713087,0.05717152463448312,2,7,9,464,4.755787040575985,2.5529641134816363,0.8972537932001623,0.8504088256095316,0.8966763703719449,0.9045859557966764,COMPLETE
172,-0.703235887856449,2025-12-07 13:28:06.686605,2025-12-07 13:28:44.323410,0 days 00:00:37.636805,0.7579527079565341,0.2764574205297828,0.06729595705945934,2,7,9,678,2.6039679428140112,2.5277816386119523,1.6289522603499493,0.6813516962990466,0.8559063803670283,0.9593257500842289,COMPLETE
173,-0.7095745862912953,2025-12-07 13:28:08.131464,2025-12-07 13:28:34.109732,0 days 00:00:25.978268,0.7574765363506312,0.3017404488735148,0.06709619603036698,2,7,9,458,4.851529846052709,1.1407890202418038,1.6475180578651984,0.7801204553606647,1.1318675377134488,0.9579573441775476,COMPLETE
174,-0.6014504069316472,2025-12-07 13:28:08.193881,2025-12-07 13:28:13.077582,0 days 00:00:04.883701,0.757518413864793,0.43396984043501663,0.05086621108451603,2,7,9,677,4.773857064561598,0.5644255240754716,0.8677093668084146,0.6821607050792035,1.1270903944613588,0.9609696041773567,COMPLETE
175,-0.7085794614389435,2025-12-07 13:28:08.672799,2025-12-07 13:28:34.773395,0 days 00:00:26.100596,0.7516448954687214,1.1867693044296854,0.05145193253623895,2,7,9,462,2.109574691188896,2.8253532412772864,1.1646091371874476,0.7960858017137784,0.8544313656899599,0.9633374144026028,COMPLETE
176,-0.7073627225251728,2025-12-07 13:28:09.324999,2025-12-07 13:28:47.307383,0 days 00:00:37.982384,0.7492169681962277,0.4631742801005543,0.06714569102147351,2,7,9,682,4.783115405298784,2.5782209933791673,1.6393130782581193,0.6825535279618206,1.1327677117409165,1.0294101464545196,COMPLETE
177,-0.7015934559794954,2025-12-07 13:28:09.442592,2025-12-07 13:28:22.495414,0 days 00:00:13.052822,0.7739884433265004,0.49120932157570907,0.05047421120083173,2,7,9,418,4.763071489659055,2.8208456324819915,1.2973452915995627,0.7815899031249498,1.1283229246034367,0.9608247248487358,COMPLETE
178,-0.698868695812814,2025-12-07 13:28:09.485403,2025-12-07 13:28:36.291860,0 days 00:00:26.806457,0.7501145499564276,1.149363170854302,0.012904629249275846,6,7,9,446,4.799351426122056,2.7912315095665843,1.6320095760168993,0.8006033967786789,1.1313832217829316,0.927240822062665,COMPLETE
179,-0.7101587125682808,2025-12-07 13:28:09.856920,2025-12-07 13:28:34.133653,0 days 00:00:24.276733,0.7777502612134846,1.4917092572210566,0.07403829920394892,6,7,9,433,4.766360377108187,2.5007366687128725,1.641446475102501,0.855806024370185,1.1432081767537072,0.9134582874137922,COMPLETE
180,-0.5904456978105966,2025-12-07 13:28:10.854266,2025-12-07 13:28:15.389356,0 days 00:00:04.535090,0.748542849498887,1.494496313727468,0.050906431160530015,2,7,9,412,2.611358042303034,2.7493219218755836,1.165741300008416,0.7752064668978148,1.1353869570464887,0.9264613887517634,COMPLETE
181,-0.7037983771965353,2025-12-07 13:28:10.876267,2025-12-07 13:28:36.886280,0 days 00:00:26.010013,0.7784428439934175,0.45277177846329925,0.07405033775049301,6,7,9,636,2.9198122073720274,2.79961583295505,1.2969307524933946,0.7838795927844564,1.1336153334514383,1.0132529108760686,COMPLETE
182,-0.7118708259358479,2025-12-07 13:28:11.776087,2025-12-07 13:28:49.610831,0 days 00:00:37.834744,0.7764573795726284,0.8144879790500997,0.05066766808866666,6,7,8,680,4.355589300987579,0.5568382890586275,1.3121054170354958,0.7869862934740404,1.1284505724418232,1.015144336754509,COMPLETE
183,-0.6945579451159313,2025-12-07 13:28:12.010336,2025-12-07 13:28:19.472504,0 days 00:00:07.462168,0.7780692794074668,0.3981572956853798,0.05148188028259544,2,7,9,639,2.465722002539256,2.6400210224440586,1.303232407520936,0.7777047230294418,1.1332753617123932,0.9134471043704637,COMPLETE
184,-0.7083222510199412,2025-12-07 13:28:13.080427,2025-12-07 13:28:49.838837,0 days 00:00:36.758410,0.7760539619382926,1.4966513323572843,0.06482145304534073,5,7,8,675,2.6464960876177988,2.840721846048053,1.6360632983305177,0.8605730146179623,1.1138559862523145,1.0279131746109482,COMPLETE
185,-0.6907132428584498,2025-12-07 13:28:13.306985,2025-12-07 13:28:50.656942,0 days 00:00:37.349957,0.7459680404555221,1.488462376601654,0.010921376230091743,2,7,9,639,2.6248035786851736,2.863769021980644,1.6459364126546634,0.7719639316329603,1.0781643219032278,1.030451234068868,COMPLETE
186,-0.6943466156395338,2025-12-07 13:28:13.472729,2025-12-07 13:28:30.689191,0 days 00:00:17.216462,0.7715657492205483,1.4925040793195181,0.011008189853814113,5,7,8,674,2.959727377747685,2.4620411016634156,1.3198673502281837,0.7797545591040934,1.1084711306548711,0.9118702985406015,COMPLETE
187,-0.6984906328488503,2025-12-07 13:28:15.392258,2025-12-07 13:28:52.472881,0 days 00:00:37.080623,0.7791661270457416,1.489157191625033,0.011736870151022677,6,7,8,637,4.344979393559873,2.786146746946518,1.6440381392761376,0.8840817763600919,1.1097013471575237,0.9570178258290748,COMPLETE
188,-0.7048634568812092,2025-12-07 13:28:17.342253,2025-12-07 13:28:51.649790,0 days 00:00:34.307537,0.7791027504511653,0.6412090877316864,0.011845127665143425,5,7,8,674,4.9964599438753945,2.8933518102998046,1.307184918486042,0.8809270609703846,1.0471732743943742,0.9594617719693098,COMPLETE
189,-0.7081433236844207,2025-12-07 13:28:19.475829,2025-12-07 13:28:56.215499,0 days 00:00:36.739670,0.7698980683705428,1.158184862465434,0.06450896937583932,5,7,8,673,2.9705470791305495,2.024001634345779,1.6360816543784042,0.8824315865962354,1.0474001664301942,0.9586681745794247,COMPLETE
190,-0.6989158716188614,2025-12-07 13:28:20.087763,2025-12-07 13:28:44.752297,0 days 00:00:24.664534,0.7709521798442971,1.1794402610848356,0.010567549821139327,2,7,8,673,4.332727525788802,2.8005219802034484,1.2658280446454142,0.8811235622095674,1.074359058769769,0.9632112839523176,COMPLETE
191,-0.7069135708975689,2025-12-07 13:28:20.192891,2025-12-07 13:28:58.016095,0 days 00:00:37.823204,0.7729483673851496,1.1797603717191676,0.03828970782963666,6,7,8,673,3.0252048738122155,2.0465600806642854,1.6946383815638375,0.7863295079844826,1.0751819992669878,0.9965085749143323,COMPLETE
192,-0.7090590844735415,2025-12-07 13:28:22.498252,2025-12-07 13:28:58.672437,0 days 00:00:36.174185,0.7483224890992666,0.31144037777045097,0.06531058000782228,6,7,8,676,4.3560543805284855,2.0234369811541595,1.4425953620282814,0.8814280962239625,1.1149794613799016,0.9573970112495267,COMPLETE
193,-0.7087299744496356,2025-12-07 13:28:24.218091,2025-12-07 13:29:00.701995,0 days 00:00:36.483904,0.8280558936892235,1.4879428171675095,0.06521534158548357,5,7,8,674,4.375448482417919,0.5050234163289908,1.4485351221199472,0.8768785507763635,1.051772625458632,0.9554517224677376,COMPLETE
194,-0.7098100400315621,2025-12-07 13:28:26.246736,2025-12-07 13:29:02.415251,0 days 00:00:36.168515,0.7672263108701187,0.3570247381887225,0.06472573382252444,5,7,8,671,2.998582250492562,2.742069960159144,1.4466465977239784,0.8828737644284003,1.048402127414848,0.9623319017653522,COMPLETE
195,-0.6971965935604604,2025-12-07 13:28:26.598414,2025-12-07 13:28:34.203537,0 days 00:00:07.605123,0.8958660821006972,0.6371737177904027,0.06588196892155612,6,6,6,673,4.382674396888495,2.8029549447216886,1.4515707919415644,0.7003210390139383,1.0461877990094828,0.8247058930441997,COMPLETE
196,-0.7071774430916932,2025-12-07 13:28:28.379760,2025-12-07 13:28:53.649290,0 days 00:00:25.269530,0.841316765520398,1.1766550731701335,0.0578405733989926,2,6,6,678,4.343653746354275,2.7904096570366343,1.2562899666988712,0.8572279997672375,1.0484103930891144,0.9619406406376155,COMPLETE
197,-0.7088208122581922,2025-12-07 13:28:30.692040,2025-12-07 13:29:05.186192,0 days 00:00:34.494152,0.8254117271194976,1.73196138241063,0.038808290226503284,6,6,6,678,4.366449256520784,2.77028682764406,1.451847844966444,0.7880058251677142,1.048938540034428,0.997852389058236,COMPLETE
198,-0.696077120527336,2025-12-07 13:28:34.112697,2025-12-07 13:28:47.351496,0 days 00:00:13.238799,0.8401246631285216,0.25822653267348566,0.06433892333263982,2,6,10,232,4.321151749499888,2.046123558158115,1.682289541750783,0.7858153338371198,1.0790958376760325,0.9970560755535431,COMPLETE
199,-0.7077116601455428,2025-12-07 13:28:34.137743,2025-12-07 13:28:58.100105,0 days 00:00:23.962362,0.8419094703411276,0.2987622007279276,0.065531458808325,6,6,10,471,4.93821671924788,2.0173088960592884,1.715732650445365,0.8389564723009381,1.0787958653450256,0.8956731083232023,COMPLETE
200,-0.7095830615358812,2025-12-07 13:28:34.229462,2025-12-07 13:29:07.687789,0 days 00:00:33.458327,0.8283296833299787,0.2575591760260584,0.06514847265619018,6,6,10,676,4.640915419774885,1.1820197971979907,1.6985316306839795,0.8564973523215371,1.1706844579135138,0.9620121652694373,COMPLETE
201,-0.708682090928046,2025-12-07 13:28:34.777063,2025-12-07 13:29:00.335145,0 days 00:00:25.558082,0.7469503475867537,0.2710574144954821,0.06508922384684715,6,7,9,453,4.341391504809339,2.6745166775183145,1.671341817868935,0.8578263632407196,1.1876006134978323,0.9617112704155993,COMPLETE
202,-0.7092890771602717,2025-12-07 13:28:36.294784,2025-12-07 13:29:03.096932,0 days 00:00:26.802148,0.7676209394170469,0.27013624080882226,0.04350249083143143,2,7,9,469,1.5321351583230103,1.200154578133843,1.7111174926142156,0.791280763569141,1.168710985200996,0.8874939766890341,COMPLETE
203,-0.590882582093533,2025-12-07 13:28:36.889205,2025-12-07 13:28:41.305116,0 days 00:00:04.415911,0.7675032488552314,0.27333145273743725,0.05782736951966164,2,7,10,674,4.972179545102873,2.661000932085134,0.9713006757965468,0.7466345311434328,1.0755610347947888,0.9612868208328454,COMPLETE
204,-0.7056583362221671,2025-12-07 13:28:39.224202,2025-12-07 13:29:03.131445,0 days 00:00:23.907243,0.7663964116217371,0.9211567318267196,0.0387104369545836,2,6,10,462,4.312289695284238,2.068858753023524,1.6785609798905519,0.8560173346567277,1.0740021612213497,0.879610957976431,COMPLETE
205,-0.7064839429699066,2025-12-07 13:28:41.307996,2025-12-07 13:29:11.150252,0 days 00:00:29.842256,0.7653513599358573,0.9986215633439247,0.03927886933126078,9,6,10,592,1.6041976071706705,2.1100306061470517,1.6605818664497598,0.8611147968594004,1.1644889604814466,0.9810451780618789,COMPLETE
206,-0.7078636240969672,2025-12-07 13:28:41.564152,2025-12-07 13:29:05.070720,0 days 00:00:23.506568,0.7655164629084308,0.33638595419457185,0.06556086497006007,2,6,9,461,4.309471538426072,2.075176400837605,1.673900227264266,0.8400634872925694,1.074681152889613,0.8825655375990719,COMPLETE
207,-0.7077941829158321,2025-12-07 13:28:43.606171,2025-12-07 13:29:13.127246,0 days 00:00:29.521075,0.7663457923327675,0.32251021400141044,0.06444418094706639,2,6,10,596,2.283112512617151,2.0568244911920477,1.7280472957396362,0.8432294697078191,1.0811640195137149,0.8711845653025928,COMPLETE
208,-0.7095264624602274,2025-12-07 13:28:44.326668,2025-12-07 13:29:07.415794,0 days 00:00:23.089126,0.7993265603220922,0.35671409807253635,0.04244220927003043,2,6,10,445,4.6364127166488025,2.049516500398721,1.6961824213546508,0.8376624891135659,1.1800893033529865,0.8840903620354402,COMPLETE
209,-0.5982896560038692,2025-12-07 13:28:44.755036,2025-12-07 13:28:48.958269,0 days 00:00:04.203233,0.799597258129342,0.9264056440096622,0.03850796354731104,2,6,10,464,4.275941779601352,2.064229492432192,1.0818083925499793,0.8390599791255293,1.0828556125859679,0.884348353426365,COMPLETE
210,-0.6891293217975006,2025-12-07 13:28:47.310667,2025-12-07 13:28:53.825171,0 days 00:00:06.514504,0.8195520815301091,0.8581528584246791,0.06415834590773854,2,6,6,531,4.663226618191907,2.0718302355370843,1.24729389441835,0.8416264797610241,1.1542095912072774,0.9801114049195226,COMPLETE
211,-0.7088536025277796,2025-12-07 13:28:47.354100,2025-12-07 13:29:12.013558,0 days 00:00:24.659458,0.7659415710121631,1.0411415455154378,0.04044448194619049,3,6,6,471,4.623351649915981,2.0764816699090947,1.6985045083530763,0.8620536308923524,1.1685927609518625,0.8740156726963293,COMPLETE
212,-0.6011588603346616,2025-12-07 13:28:48.961358,2025-12-07 13:28:53.069339,0 days 00:00:04.107981,0.819847462652314,0.32991228131118644,0.057629313552744296,3,6,6,445,4.137196777179613,2.389670472627938,1.3344419179737446,0.8267353544067496,1.2040670330480077,0.8645447495744458,COMPLETE
213,-0.7103642465398061,2025-12-07 13:28:49.614053,2025-12-07 13:29:16.323799,0 days 00:00:26.709746,0.8180711980439053,0.7340159516292115,0.05808856022103196,3,6,9,528,2.317159938764818,0.4912506759696156,1.7022485809892363,0.8560153176617807,1.1660227473836047,0.8969764785425169,COMPLETE
214,-0.6843438500490525,2025-12-07 13:28:49.841867,2025-12-07 13:28:55.732460,0 days 00:00:05.890593,0.7668823584537511,0.795923835868314,0.05824745151699447,6,6,6,473,1.2599679061808877,2.3749283403462202,1.243567325578537,0.7923728729292432,1.1651902942595416,0.9964565812953737,COMPLETE
215,-0.7047525057473933,2025-12-07 13:28:50.659955,2025-12-07 13:29:14.250654,0 days 00:00:23.590699,0.7991040995780722,0.776262797474816,0.0430645159950668,6,6,6,446,2.263282822180884,0.2634284634841432,1.7092186244099616,0.7910751125280271,1.1616013533254408,0.9810538704113263,COMPLETE
216,-0.6957640773804314,2025-12-07 13:28:51.652759,2025-12-07 13:29:17.395849,0 days 00:00:25.743090,0.7639760640546347,0.7454038724689123,0.01961769483296471,6,6,6,477,4.6175412540037515,0.5603266933822193,1.7089374394803927,0.791642832208058,1.1482031353443773,0.9812212909726121,COMPLETE
217,-0.683776553693597,2025-12-07 13:28:52.475893,2025-12-07 13:29:01.550961,0 days 00:00:09.075068,0.7650120216698185,0.33573648295236913,0.022848992879047753,6,6,6,382,4.13748662768944,0.588904876017094,1.2467076521010263,0.7882525257191411,1.1667007742120101,0.9830813158004197,COMPLETE
218,-0.7079501792768165,2025-12-07 13:28:53.072415,2025-12-07 13:29:23.150329,0 days 00:00:30.077914,0.768502204572814,0.8107291993357675,0.07596170056295995,7,6,6,598,4.648831184316081,0.6181343747193518,1.445269213203894,0.7663900554693625,1.159859781211375,0.9823090511504129,COMPLETE
219,-0.7104129608219972,2025-12-07 13:28:53.652255,2025-12-07 13:29:22.991727,0 days 00:00:29.339472,0.7634046721086267,0.7903091970884226,0.07446377365507374,7,6,6,584,4.621035836930902,0.5794062176110257,1.5556344116950591,0.7920394052357476,1.1760499294451603,0.9833199366282108,COMPLETE
220,-0.7117370495306341,2025-12-07 13:28:53.828021,2025-12-07 13:29:18.534490,0 days 00:00:24.706469,0.7692689198973677,0.3943259863668577,0.049037075364198345,6,6,6,474,2.3356833406709203,0.5357574163936132,1.4281817370251766,0.7968121639005997,1.1667358052119334,0.9976316379531104,COMPLETE
