[I 2026-01-09 20:45:25,898] Trial 76 finished with value: 0.46198011446254794 and parameters: {'w0': 0.9271631425434212, 'w1': 0.7083814865357212, 'w2': 1.092376539262428}. Best is trial 30 with value: 0.5348855935045127.
[I 2026-01-09 20:45:25,937] Trial 71 finished with value: 0.3732394390472942 and parameters: {'w0': 0.5719283685411186, 'w1': 0.8273472485155237, 'w2': 1.1904133227999032}. Best is trial 30 with value: 0.5348855935045127.
[I 2026-01-09 20:45:26,102] Trial 23 finished with value: 0.45422581742014867 and parameters: {'w0': 1.110971768319292, 'w1': 0.5065529444489911, 'w2': 1.3441574782190924}. Best is trial 30 with value: 0.5348855935045127.
[I 2026-01-09 20:45:26,107] Trial 85 finished with value: 0.4347078351929889 and parameters: {'w0': 1.1249781174313827, 'w1': 0.9613743452300416, 'w2': 1.2257100900462397}. Best is trial 30 with value: 0.5348855935045127.
[I 2026-01-09 20:45:26,206] Trial 90 finished with value: 0.4788118357966608 and parameters: {'w0': 1.4085788740085339, 'w1': 0.6624352681366183, 'w2': 1.5392202446837282}. Best is trial 30 with value: 0.5348855935045127.
[I 2026-01-09 20:45:26,267] Trial 97 finished with value: 0.27736167281200463 and parameters: {'w0': 0.2370973362664465, 'w1': 0.9853694054271454, 'w2': 1.185776218685726}. Best is trial 30 with value: 0.5348855935045127.
[I 2026-01-09 20:45:26,276] Trial 46 finished with value: 0.5191978987529311 and parameters: {'w0': 1.2717246849507846, 'w1': 0.6632344106848418, 'w2': 1.097817389598662}. Best is trial 30 with value: 0.5348855935045127.
[I 2026-01-09 20:45:26,279] Trial 42 finished with value: 0.4876798383951287 and parameters: {'w0': 1.6020632088561106, 'w1': 0.995450610447294, 'w2': 1.575651617756074}. Best is trial 30 with value: 0.5348855935045127.
[I 2026-01-09 20:45:26,283] Trial 92 finished with value: 0.4370502999016047 and parameters: {'w0': 1.0803506771428506, 'w1': 0.8196985779668935, 'w2': 1.6932557338347487}. Best is trial 30 with value: 0.5348855935045127.
Best weights: drop-out {'w0': 1.675439440883448, 'w1': 0.657805770901161, 'w2': 1.2373975363146936}
Best macro-F1: drop-out 0.5348855935045127
0
50
100
150
200
250
300
350
400
450
500
550
Python execution finished at 20:49:54 with exit code: 0
================================================
COPYING RESULTS BACK
================================================
Job started: 09-01-2026 16:28:11
Job ended: 09-01-2026 20:49:54
Job ID: 18212567
Exit code: 0
Found 'results' directory. Contents:
total 1
drwxr-x---. 2 okooijman okooijman  4096 Jan  9 20:49 .
drwxr-x---. 3 okooijman okooijman  4096 Jan  9 20:49 ..
-rw-r-----. 1 okooijman okooijman 22556 Jan  9 20:49 accuracy drop-out.png
-rw-r-----. 1 okooijman okooijman 27421 Jan  9 20:49 confusionmatrix drop-out.png
-rw-r-----. 1 okooijman okooijman 42402 Jan  9 20:49 loss drop-out.png
-rw-r-----. 1 okooijman okooijman 21909 Jan  9 20:49 normalizedconfusionmatrix drop-out.png
-rw-r-----. 1 okooijman okooijman 33543 Jan  9 20:49 recall drop-out.png
Copying 'results' directory to /gpfs/home3/okooijman/MLCourse/Neural_networks/nn_Nikki/architecture/dropout/
Successfully copied results directory
Files copied to /gpfs/home3/okooijman/MLCourse/Neural_networks/nn_Nikki/architecture/dropout/results/:
total 2
drwxr-x---+ 2 okooijman okooijman  4096 Jan  9 20:49 .
drwxr-x---+ 3 okooijman okooijman  4096 Jan  9 20:49 ..
-rw-r-----+ 1 okooijman okooijman 22556 Jan  9 20:49 accuracy drop-out.png
-rw-r-----+ 1 okooijman okooijman 27421 Jan  9 20:49 confusionmatrix drop-out.png
-rw-r-----+ 1 okooijman okooijman 42402 Jan  9 20:49 loss drop-out.png
-rw-r-----+ 1 okooijman okooijman 21909 Jan  9 20:49 normalizedconfusionmatrix drop-out.png
-rw-r-----+ 1 okooijman okooijman 33543 Jan  9 20:49 recall drop-out.png
Job completed at 20:49:54
