[I 2025-12-07 15:01:49,871] Trial 193 finished with value: -0.7228611992967178 and parameters: {'learning_rate': 0.042559745919539003, 'n_estimators': 155, 'max_depth': 10, 'min_child_weight': 10, 'subsample': 0.8196636316680673, 'colsample_bytree': 0.8276424068456827, 'reg_alpha': 1.757970945342475, 'reg_lambda': 2.5453079588760925, 'gamma': 0.02429405929731066, 'max_delta_step': 1, 'scale_pos_weight': 0.6870557361767821, 'class_1_weight': 1.813494197361852, 'threshold': 0.43889782711018566}. Best is trial 123 with value: -0.7238988586995374.
[I 2025-12-07 15:01:50,775] Trial 198 finished with value: -0.7231390143646969 and parameters: {'learning_rate': 0.04172721548111071, 'n_estimators': 149, 'max_depth': 10, 'min_child_weight': 10, 'subsample': 0.8044184222553433, 'colsample_bytree': 0.8280046451664171, 'reg_alpha': 1.41373004022566, 'reg_lambda': 2.3275891065381757, 'gamma': 0.2111569820669359, 'max_delta_step': 1, 'scale_pos_weight': 0.682388236055775, 'class_1_weight': 1.8729170469345942, 'threshold': 0.44267180962033154}. Best is trial 123 with value: -0.7238988586995374.
[I 2025-12-07 15:01:52,399] Trial 196 finished with value: -0.7233452203114423 and parameters: {'learning_rate': 0.04225238710250563, 'n_estimators': 163, 'max_depth': 10, 'min_child_weight': 10, 'subsample': 0.818068713971798, 'colsample_bytree': 0.8314806459965985, 'reg_alpha': 1.7362459760359734, 'reg_lambda': 2.392254322683127, 'gamma': 0.005419481905475754, 'max_delta_step': 1, 'scale_pos_weight': 0.6229770753749665, 'class_1_weight': 1.886975786104732, 'threshold': 0.44039035864344356}. Best is trial 123 with value: -0.7238988586995374.
[I 2025-12-07 15:01:54,713] Trial 199 finished with value: -0.7222822487670257 and parameters: {'learning_rate': 0.04761127685818608, 'n_estimators': 155, 'max_depth': 10, 'min_child_weight': 11, 'subsample': 0.7920160522987136, 'colsample_bytree': 0.8289615827893292, 'reg_alpha': 1.298789908795027, 'reg_lambda': 2.3546051984721412, 'gamma': 0.36611065171189894, 'max_delta_step': 1, 'scale_pos_weight': 0.6122126124709291, 'class_1_weight': 1.8374772287800836, 'threshold': 0.4366247618397623}. Best is trial 123 with value: -0.7238988586995374.
[I 2025-12-07 15:01:55,982] Trial 209 finished with value: -0.7121015489902582 and parameters: {'learning_rate': 0.0375583900356291, 'n_estimators': 82, 'max_depth': 10, 'min_child_weight': 11, 'subsample': 0.8020896074207374, 'colsample_bytree': 0.8348422965275223, 'reg_alpha': 1.310666529563879, 'reg_lambda': 2.745474802182616, 'gamma': 0.20954346660567713, 'max_delta_step': 2, 'scale_pos_weight': 0.6320938306627819, 'class_1_weight': 1.651287276699441, 'threshold': 0.47367524504878433}. Best is trial 123 with value: -0.7238988586995374.
[I 2025-12-07 15:01:57,221] Trial 203 finished with value: -0.7165433505085717 and parameters: {'learning_rate': 0.04284330637392252, 'n_estimators': 124, 'max_depth': 10, 'min_child_weight': 11, 'subsample': 0.8065173820330467, 'colsample_bytree': 0.8283059166771912, 'reg_alpha': 1.4383133107903712, 'reg_lambda': 2.6366454791420617, 'gamma': 0.5700602633671172, 'max_delta_step': 1, 'scale_pos_weight': 0.6093415318772483, 'class_1_weight': 1.8544892147488166, 'threshold': 0.4742097135335287}. Best is trial 123 with value: -0.7238988586995374.
[I 2025-12-07 15:01:57,577] Trial 202 finished with value: -0.714436064743625 and parameters: {'learning_rate': 0.0434461834822666, 'n_estimators': 132, 'max_depth': 10, 'min_child_weight': 9, 'subsample': 0.7852780612712356, 'colsample_bytree': 0.8295751238361941, 'reg_alpha': 1.4180022341141283, 'reg_lambda': 2.7253411571575126, 'gamma': 0.5743685665275106, 'max_delta_step': 1, 'scale_pos_weight': 0.6114741404037192, 'class_1_weight': 1.7742473105344085, 'threshold': 0.4725354071317718}. Best is trial 123 with value: -0.7238988586995374.
[I 2025-12-07 15:01:57,743] Trial 200 finished with value: -0.7220253379762583 and parameters: {'learning_rate': 0.04296386107819531, 'n_estimators': 160, 'max_depth': 10, 'min_child_weight': 11, 'subsample': 0.78966921158954, 'colsample_bytree': 0.8276088232255742, 'reg_alpha': 1.3782030345964644, 'reg_lambda': 2.8479268688309505, 'gamma': 0.3564757418206026, 'max_delta_step': 1, 'scale_pos_weight': 0.5928320795960651, 'class_1_weight': 1.8538930979457637, 'threshold': 0.4379982883297817}. Best is trial 123 with value: -0.7238988586995374.
[I 2025-12-07 15:02:00,413] Trial 201 finished with value: -0.7220365008665312 and parameters: {'learning_rate': 0.04460842370177048, 'n_estimators': 162, 'max_depth': 10, 'min_child_weight': 11, 'subsample': 0.803951956104918, 'colsample_bytree': 0.8313165015021029, 'reg_alpha': 1.5012038761426094, 'reg_lambda': 2.727076552493063, 'gamma': 0.35664529325926975, 'max_delta_step': 1, 'scale_pos_weight': 0.615265740502673, 'class_1_weight': 1.845915526389292, 'threshold': 0.4382757160419096}. Best is trial 123 with value: -0.7238988586995374.
[I 2025-12-07 15:02:00,505] Trial 206 finished with value: -0.719085152620792 and parameters: {'learning_rate': 0.042524401238670594, 'n_estimators': 126, 'max_depth': 10, 'min_child_weight': 11, 'subsample': 0.7874637395745576, 'colsample_bytree': 0.833996321438629, 'reg_alpha': 1.3880487336600926, 'reg_lambda': 2.076224560026181, 'gamma': 0.5807252784620112, 'max_delta_step': 2, 'scale_pos_weight': 0.6307572689886539, 'class_1_weight': 1.8941591927902857, 'threshold': 0.4758316411985852}. Best is trial 123 with value: -0.7238988586995374.
[I 2025-12-07 15:02:01,281] Trial 205 finished with value: -0.712685497931068 and parameters: {'learning_rate': 0.04120421970195611, 'n_estimators': 132, 'max_depth': 10, 'min_child_weight': 11, 'subsample': 0.7864819463415024, 'colsample_bytree': 0.8280100633887866, 'reg_alpha': 1.4750352552509554, 'reg_lambda': 2.8985841387081335, 'gamma': 0.5750798929093632, 'max_delta_step': 2, 'scale_pos_weight': 0.623962406003749, 'class_1_weight': 1.7456723260293647, 'threshold': 0.4783924599804265}. Best is trial 123 with value: -0.7238988586995374.
[I 2025-12-07 15:02:01,573] Trial 208 finished with value: -0.7228957520191337 and parameters: {'learning_rate': 0.044599666382695975, 'n_estimators': 120, 'max_depth': 10, 'min_child_weight': 11, 'subsample': 0.7883520470821838, 'colsample_bytree': 0.8327977229228565, 'reg_alpha': 1.3928463413919145, 'reg_lambda': 1.976225130173171, 'gamma': 0.3418938180192848, 'max_delta_step': 2, 'scale_pos_weight': 0.6270379497629704, 'class_1_weight': 2.187827287577135, 'threshold': 0.476511240463764}. Best is trial 123 with value: -0.7238988586995374.
[I 2025-12-07 15:02:02,144] Trial 207 finished with value: -0.693844796208448 and parameters: {'learning_rate': 0.041771601051677563, 'n_estimators': 130, 'max_depth': 10, 'min_child_weight': 11, 'subsample': 0.7855575793016965, 'colsample_bytree': 0.83013127240785, 'reg_alpha': 1.4423408178724269, 'reg_lambda': 2.8098851683428685, 'gamma': 0.5865473210747993, 'max_delta_step': 2, 'scale_pos_weight': 0.6245493633041904, 'class_1_weight': 1.48792501792058, 'threshold': 0.4786103443330313}. Best is trial 123 with value: -0.7238988586995374.
[I 2025-12-07 15:02:06,119] Trial 212 finished with value: -0.7210498276955362 and parameters: {'learning_rate': 0.036861855394420294, 'n_estimators': 121, 'max_depth': 10, 'min_child_weight': 11, 'subsample': 0.8028666753313342, 'colsample_bytree': 0.8087411395304069, 'reg_alpha': 1.5345950365058376, 'reg_lambda': 2.7027788047084496, 'gamma': 0.5754518945627997, 'max_delta_step': 2, 'scale_pos_weight': 0.6211046357804088, 'class_1_weight': 1.7430747384614609, 'threshold': 0.44290556634104034}. Best is trial 123 with value: -0.7238988586995374.
[I 2025-12-07 15:02:06,382] Trial 210 finished with value: -0.7223039473415742 and parameters: {'learning_rate': 0.03683582876675138, 'n_estimators': 134, 'max_depth': 10, 'min_child_weight': 11, 'subsample': 0.7927944548872523, 'colsample_bytree': 0.8335129073412527, 'reg_alpha': 1.4114021921735744, 'reg_lambda': 2.8779133149463427, 'gamma': 0.20124330172839958, 'max_delta_step': 2, 'scale_pos_weight': 0.6279633899398833, 'class_1_weight': 1.8284318115139235, 'threshold': 0.43881714991872384}. Best is trial 123 with value: -0.7238988586995374.
[I 2025-12-07 15:02:11,964] Trial 215 finished with value: -0.7208706859819345 and parameters: {'learning_rate': 0.054839784476547054, 'n_estimators': 132, 'max_depth': 10, 'min_child_weight': 11, 'subsample': 0.8202957142146514, 'colsample_bytree': 0.8061698389389098, 'reg_alpha': 1.5790419068249792, 'reg_lambda': 2.934733874364093, 'gamma': 0.5781580976248187, 'max_delta_step': 2, 'scale_pos_weight': 0.6263357362163511, 'class_1_weight': 1.6923648689548754, 'threshold': 0.4371729397150306}. Best is trial 123 with value: -0.7238988586995374.
[I 2025-12-07 15:02:12,013] Trial 213 finished with value: -0.7216166218370282 and parameters: {'learning_rate': 0.03861193293457941, 'n_estimators': 132, 'max_depth': 10, 'min_child_weight': 11, 'subsample': 0.8048232990559174, 'colsample_bytree': 0.8344847211701856, 'reg_alpha': 1.5291313266342437, 'reg_lambda': 1.9651698196241318, 'gamma': 0.34918896300599644, 'max_delta_step': 2, 'scale_pos_weight': 0.6212492175374679, 'class_1_weight': 1.748490901957873, 'threshold': 0.43704423244826934}. Best is trial 123 with value: -0.7238988586995374.
[I 2025-12-07 15:02:13,046] Trial 219 finished with value: -0.7169314097864556 and parameters: {'learning_rate': 0.05460389921877074, 'n_estimators': 118, 'max_depth': 10, 'min_child_weight': 11, 'subsample': 0.8027372979887643, 'colsample_bytree': 0.8089534807841766, 'reg_alpha': 1.5760563933708898, 'reg_lambda': 2.737601519532975, 'gamma': 0.5919105038366322, 'max_delta_step': 2, 'scale_pos_weight': 0.5601175948932524, 'class_1_weight': 2.178775612071035, 'threshold': 0.26753418126334993}. Best is trial 123 with value: -0.7238988586995374.
[I 2025-12-07 15:02:13,211] Trial 204 finished with value: -0.7186359827271349 and parameters: {'learning_rate': 0.04303667158420956, 'n_estimators': 211, 'max_depth': 10, 'min_child_weight': 11, 'subsample': 0.7906270111792058, 'colsample_bytree': 0.8285064172003306, 'reg_alpha': 1.2996288648124361, 'reg_lambda': 2.698517057857913, 'gamma': 0.19291032945720332, 'max_delta_step': 2, 'scale_pos_weight': 0.6208323568859725, 'class_1_weight': 1.6215551958295822, 'threshold': 0.438171315174634}. Best is trial 123 with value: -0.7238988586995374.
[I 2025-12-07 15:02:13,913] Trial 218 finished with value: -0.7225309233951658 and parameters: {'learning_rate': 0.05513556402456028, 'n_estimators': 123, 'max_depth': 10, 'min_child_weight': 11, 'subsample': 0.803598617159248, 'colsample_bytree': 0.807388897930765, 'reg_alpha': 1.570663177055658, 'reg_lambda': 2.901348300974126, 'gamma': 0.36474076528569976, 'max_delta_step': 2, 'scale_pos_weight': 0.6295370536811971, 'class_1_weight': 2.186727610160486, 'threshold': 0.47500664471350673}. Best is trial 123 with value: -0.7238988586995374.
[I 2025-12-07 15:02:15,720] Trial 217 finished with value: -0.7226654274185507 and parameters: {'learning_rate': 0.03905512672833516, 'n_estimators': 130, 'max_depth': 10, 'min_child_weight': 11, 'subsample': 0.7997981915363358, 'colsample_bytree': 0.808538100917881, 'reg_alpha': 2.006203201298811, 'reg_lambda': 2.728495652334513, 'gamma': 0.2255063362458599, 'max_delta_step': 2, 'scale_pos_weight': 0.630210401334828, 'class_1_weight': 2.434229521806944, 'threshold': 0.47340325132064376}. Best is trial 123 with value: -0.7238988586995374.
[I 2025-12-07 15:02:19,588] Trial 211 finished with value: -0.714602952898787 and parameters: {'learning_rate': 0.04396120797895959, 'n_estimators': 216, 'max_depth': 10, 'min_child_weight': 11, 'subsample': 0.8031896118840833, 'colsample_bytree': 0.8350052640939004, 'reg_alpha': 1.5028036694151825, 'reg_lambda': 2.9191265446159043, 'gamma': 0.33122766334394255, 'max_delta_step': 2, 'scale_pos_weight': 0.577079952176955, 'class_1_weight': 1.6568656182790304, 'threshold': 0.4382501089648078}. Best is trial 123 with value: -0.7238988586995374.
[I 2025-12-07 15:02:20,003] Trial 223 finished with value: -0.7003372392210878 and parameters: {'learning_rate': 0.03860415425800224, 'n_estimators': 125, 'max_depth': 10, 'min_child_weight': 11, 'subsample': 0.601829633337289, 'colsample_bytree': 0.8080190471263149, 'reg_alpha': 1.5672674869103098, 'reg_lambda': 2.7012673379714878, 'gamma': 0.5686712741811782, 'max_delta_step': 2, 'scale_pos_weight': 0.5830485390522453, 'class_1_weight': 1.6345490378264909, 'threshold': 0.4749661682753945}. Best is trial 123 with value: -0.7238988586995374.
[I 2025-12-07 15:02:24,545] Trial 214 finished with value: -0.6958993002954019 and parameters: {'learning_rate': 0.04533949678754117, 'n_estimators': 212, 'max_depth': 10, 'min_child_weight': 11, 'subsample': 0.8038670551891743, 'colsample_bytree': 0.810171726600533, 'reg_alpha': 1.6049997615635054, 'reg_lambda': 3.051897314506809, 'gamma': 0.2125173174561173, 'max_delta_step': 2, 'scale_pos_weight': 0.6190522105071209, 'class_1_weight': 1.4990959402101829, 'threshold': 0.47432730158097164}. Best is trial 123 with value: -0.7238988586995374.
[I 2025-12-07 15:02:27,778] Trial 216 finished with value: -0.7124682210858531 and parameters: {'learning_rate': 0.038397019915188194, 'n_estimators': 216, 'max_depth': 10, 'min_child_weight': 11, 'subsample': 0.8013429855238932, 'colsample_bytree': 0.8086982831648416, 'reg_alpha': 1.9880303275735154, 'reg_lambda': 2.8833089405858137, 'gamma': 0.3744505875021331, 'max_delta_step': 2, 'scale_pos_weight': 0.6311963641477217, 'class_1_weight': 1.701066749868944, 'threshold': 0.47322115839891965}. Best is trial 123 with value: -0.7238988586995374.
[I 2025-12-07 15:02:27,922] Trial 220 finished with value: -0.6984048887701653 and parameters: {'learning_rate': 0.05466726860446784, 'n_estimators': 217, 'max_depth': 10, 'min_child_weight': 11, 'subsample': 0.8035016209759496, 'colsample_bytree': 0.8079292768540717, 'reg_alpha': 1.9874921181007787, 'reg_lambda': 2.7432510318637378, 'gamma': 0.20415086161608803, 'max_delta_step': 2, 'scale_pos_weight': 0.5604049989464156, 'class_1_weight': 1.6854018806046043, 'threshold': 0.4737497209095675}. Best is trial 123 with value: -0.7238988586995374.
[I 2025-12-07 15:02:29,257] Trial 221 finished with value: -0.7043520198148728 and parameters: {'learning_rate': 0.05410388667677387, 'n_estimators': 215, 'max_depth': 10, 'min_child_weight': 11, 'subsample': 0.7994615021197685, 'colsample_bytree': 0.8080883396487065, 'reg_alpha': 1.5969740951538367, 'reg_lambda': 2.0185829876777284, 'gamma': 0.5733820333018432, 'max_delta_step': 2, 'scale_pos_weight': 0.6286731449166846, 'class_1_weight': 1.6284143921590815, 'threshold': 0.47937390766276267}. Best is trial 123 with value: -0.7238988586995374.
[I 2025-12-07 15:02:31,005] Trial 222 finished with value: -0.7202477036028674 and parameters: {'learning_rate': 0.04530896869238641, 'n_estimators': 214, 'max_depth': 10, 'min_child_weight': 11, 'subsample': 0.8014861862856621, 'colsample_bytree': 0.8077644802486449, 'reg_alpha': 1.5662274943206107, 'reg_lambda': 2.849979616297717, 'gamma': 0.5688224924505015, 'max_delta_step': 2, 'scale_pos_weight': 0.5647233234065231, 'class_1_weight': 1.614571154667603, 'threshold': 0.2705747999440916}. Best is trial 123 with value: -0.7238988586995374.
[I 2025-12-07 15:02:34,939] Trial 224 finished with value: -0.7183873039939875 and parameters: {'learning_rate': 0.0544985178793755, 'n_estimators': 210, 'max_depth': 10, 'min_child_weight': 8, 'subsample': 0.8213240846458234, 'colsample_bytree': 0.8082952667229178, 'reg_alpha': 1.5656931077640666, 'reg_lambda': 2.682246976023343, 'gamma': 0.5728544628716641, 'max_delta_step': 2, 'scale_pos_weight': 0.759586992345826, 'class_1_weight': 1.574199542709911, 'threshold': 0.47381620066568253}. Best is trial 123 with value: -0.7238988586995374.
[I 2025-12-07 15:02:35,668] Trial 225 finished with value: -0.7239040763621494 and parameters: {'learning_rate': 0.05554975402696886, 'n_estimators': 217, 'max_depth': 10, 'min_child_weight': 8, 'subsample': 0.821051358649668, 'colsample_bytree': 0.8094936119212742, 'reg_alpha': 1.5708760820997962, 'reg_lambda': 2.065415976897323, 'gamma': 0.5978023016542858, 'max_delta_step': 2, 'scale_pos_weight': 0.7566868816121165, 'class_1_weight': 1.4838057802115712, 'threshold': 0.40625358359541197}. Best is trial 225 with value: -0.7239040763621494.
[I 2025-12-07 15:02:36,457] Trial 229 finished with value: -0.7194659937443444 and parameters: {'learning_rate': 0.05476191178729283, 'n_estimators': 211, 'max_depth': 10, 'min_child_weight': 8, 'subsample': 0.600589410074296, 'colsample_bytree': 0.8082455276542141, 'reg_alpha': 1.9874826771744791, 'reg_lambda': 1.9537756594626048, 'gamma': 0.6974714741279453, 'max_delta_step': 2, 'scale_pos_weight': 0.7581978398001329, 'class_1_weight': 1.5061688481803224, 'threshold': 0.4563589401071256}. Best is trial 225 with value: -0.7239040763621494.
[I 2025-12-07 15:02:36,552] Trial 227 finished with value: -0.7236895437660337 and parameters: {'learning_rate': 0.054040925779110675, 'n_estimators': 215, 'max_depth': 10, 'min_child_weight': 11, 'subsample': 0.8190516923788095, 'colsample_bytree': 0.8065956309056237, 'reg_alpha': 1.5463810763478367, 'reg_lambda': 2.998307409361253, 'gamma': 0.5840024803342521, 'max_delta_step': 2, 'scale_pos_weight': 0.7486373675155086, 'class_1_weight': 2.1980402466146196, 'threshold': 0.4779953023240178}. Best is trial 225 with value: -0.7239040763621494.
[I 2025-12-07 15:02:37,680] Trial 226 finished with value: -0.7166439301586666 and parameters: {'learning_rate': 0.05473132912919601, 'n_estimators': 215, 'max_depth': 10, 'min_child_weight': 8, 'subsample': 0.8224997000461725, 'colsample_bytree': 0.8086462147896943, 'reg_alpha': 1.5783710624142326, 'reg_lambda': 1.978678919302324, 'gamma': 0.7186024499602439, 'max_delta_step': 2, 'scale_pos_weight': 0.7528878326476249, 'class_1_weight': 2.2081246768377865, 'threshold': 0.28014868438418683}. Best is trial 225 with value: -0.7239040763621494.
[I 2025-12-07 15:02:39,705] Trial 228 finished with value: -0.72176718732753 and parameters: {'learning_rate': 0.056270854510184674, 'n_estimators': 210, 'max_depth': 10, 'min_child_weight': 7, 'subsample': 0.8225273094963746, 'colsample_bytree': 0.8075082484307229, 'reg_alpha': 2.033021549943261, 'reg_lambda': 3.160130661492201, 'gamma': 0.4843099874549954, 'max_delta_step': 2, 'scale_pos_weight': 0.5690453404524466, 'class_1_weight': 2.190794056278688, 'threshold': 0.45589429697331557}. Best is trial 225 with value: -0.7239040763621494.
[I 2025-12-07 15:02:41,476] Trial 230 finished with value: -0.7057573419611229 and parameters: {'learning_rate': 0.05431183094762463, 'n_estimators': 220, 'max_depth': 10, 'min_child_weight': 8, 'subsample': 0.8236346587894284, 'colsample_bytree': 0.8096273043383317, 'reg_alpha': 1.983197966599621, 'reg_lambda': 2.1515642427278623, 'gamma': 0.7093089704751161, 'max_delta_step': 2, 'scale_pos_weight': 0.5802760678307232, 'class_1_weight': 1.599542677795291, 'threshold': 0.4539249206887621}. Best is trial 225 with value: -0.7239040763621494.
[I 2025-12-07 15:02:42,449] Trial 232 finished with value: -0.723429248321176 and parameters: {'learning_rate': 0.05375980001451497, 'n_estimators': 216, 'max_depth': 10, 'min_child_weight': 8, 'subsample': 0.8322299114345256, 'colsample_bytree': 0.8058039254444782, 'reg_alpha': 1.9902658568186549, 'reg_lambda': 1.9846657256225146, 'gamma': 0.720147703668551, 'max_delta_step': 2, 'scale_pos_weight': 0.5795796681247399, 'class_1_weight': 2.4363709555534583, 'threshold': 0.4523425711173501}. Best is trial 225 with value: -0.7239040763621494.
[I 2025-12-07 15:02:42,502] Trial 231 finished with value: -0.7226944709291236 and parameters: {'learning_rate': 0.054096656992570324, 'n_estimators': 218, 'max_depth': 10, 'min_child_weight': 8, 'subsample': 0.8330600232258321, 'colsample_bytree': 0.8119449463503677, 'reg_alpha': 2.0048178726095096, 'reg_lambda': 3.17079809375172, 'gamma': 0.0698730533547736, 'max_delta_step': 2, 'scale_pos_weight': 0.7598952493788562, 'class_1_weight': 2.427843870851479, 'threshold': 0.4586463683007518}. Best is trial 225 with value: -0.7239040763621494.
[I 2025-12-07 15:02:45,370] Trial 233 finished with value: -0.7158101930892798 and parameters: {'learning_rate': 0.054451701328724275, 'n_estimators': 215, 'max_depth': 10, 'min_child_weight': 9, 'subsample': 0.8219826550216662, 'colsample_bytree': 0.810654253457289, 'reg_alpha': 1.971371280916696, 'reg_lambda': 2.12473676277613, 'gamma': 0.48100014953316117, 'max_delta_step': 2, 'scale_pos_weight': 0.5730304914532041, 'class_1_weight': 2.4516623171908956, 'threshold': 0.23914835188574063}. Best is trial 225 with value: -0.7239040763621494.
[I 2025-12-07 15:02:45,455] Trial 234 finished with value: -0.7168614660432577 and parameters: {'learning_rate': 0.05584255403853383, 'n_estimators': 211, 'max_depth': 10, 'min_child_weight': 8, 'subsample': 0.8219476499828366, 'colsample_bytree': 0.8062539932803332, 'reg_alpha': 2.01325807065995, 'reg_lambda': 2.1611199033837702, 'gamma': 0.6775526499017342, 'max_delta_step': 2, 'scale_pos_weight': 0.7575743135448674, 'class_1_weight': 2.0044039622977654, 'threshold': 0.27777858984250114}. Best is trial 225 with value: -0.7239040763621494.
[I 2025-12-07 15:02:50,290] Trial 236 finished with value: -0.7238170840869176 and parameters: {'learning_rate': 0.05497326782451579, 'n_estimators': 208, 'max_depth': 10, 'min_child_weight': 9, 'subsample': 0.8323987560752905, 'colsample_bytree': 0.8111014982133945, 'reg_alpha': 1.9918811233744205, 'reg_lambda': 2.1476533860594085, 'gamma': 0.48559257853236937, 'max_delta_step': 2, 'scale_pos_weight': 0.7471961959425879, 'class_1_weight': 2.0393903725101503, 'threshold': 0.4617154797652032}. Best is trial 225 with value: -0.7239040763621494.
