[I 2025-12-07 14:58:12,697] Trial 34 finished with value: -0.7127925457882671 and parameters: {'learning_rate': 0.021473709951174407, 'n_estimators': 568, 'max_depth': 8, 'min_child_weight': 20, 'subsample': 0.7455996831471716, 'colsample_bytree': 0.8451029020035807, 'reg_alpha': 2.965492689157523, 'reg_lambda': 0.07056597053826741, 'gamma': 1.3559333636948943, 'max_delta_step': 6, 'scale_pos_weight': 1.464113064381057, 'class_1_weight': 3.8844676078250355, 'threshold': 0.3543112628752731}. Best is trial 20 with value: -0.7229425669013044.
[I 2025-12-07 14:58:15,276] Trial 30 finished with value: -0.7109334468311065 and parameters: {'learning_rate': 0.01084351992519537, 'n_estimators': 623, 'max_depth': 8, 'min_child_weight': 16, 'subsample': 0.7570090129940703, 'colsample_bytree': 0.7198796586041956, 'reg_alpha': 3.5431567433357176, 'reg_lambda': 2.5472638523905005, 'gamma': 1.8723223660117618, 'max_delta_step': 7, 'scale_pos_weight': 1.6658131960278109, 'class_1_weight': 2.4864722705146485, 'threshold': 0.2628668743764047}. Best is trial 20 with value: -0.7229425669013044.
[I 2025-12-07 14:58:16,295] Trial 38 finished with value: -0.7166485971379386 and parameters: {'learning_rate': 0.025825590081945328, 'n_estimators': 538, 'max_depth': 8, 'min_child_weight': 20, 'subsample': 0.7347194744842573, 'colsample_bytree': 0.8476847040854717, 'reg_alpha': 2.926511390880498, 'reg_lambda': 0.8177557889621582, 'gamma': 1.3093870500858167, 'max_delta_step': 7, 'scale_pos_weight': 1.214852055357441, 'class_1_weight': 3.642746907167474, 'threshold': 0.4773851626128288}. Best is trial 20 with value: -0.7229425669013044.
[I 2025-12-07 14:58:17,687] Trial 42 finished with value: -0.7120569346219396 and parameters: {'learning_rate': 0.022696181189652723, 'n_estimators': 525, 'max_depth': 7, 'min_child_weight': 20, 'subsample': 0.7287269737505991, 'colsample_bytree': 0.8390030576219674, 'reg_alpha': 1.9841531602630762, 'reg_lambda': 1.527164829991621, 'gamma': 0.9872488037802571, 'max_delta_step': 0, 'scale_pos_weight': 1.3122121984806558, 'class_1_weight': 3.647059373033116, 'threshold': 0.3204838579589552}. Best is trial 20 with value: -0.7229425669013044.
[I 2025-12-07 14:58:17,748] Trial 43 finished with value: -0.7114722185023449 and parameters: {'learning_rate': 0.021237273197818284, 'n_estimators': 521, 'max_depth': 7, 'min_child_weight': 20, 'subsample': 0.7275693550670332, 'colsample_bytree': 0.8227977205663768, 'reg_alpha': 2.9609309752305077, 'reg_lambda': 3.6095014788625868, 'gamma': 0.9862859358371718, 'max_delta_step': 2, 'scale_pos_weight': 1.5232054930300059, 'class_1_weight': 3.56705899707749, 'threshold': 0.3202050635372086}. Best is trial 20 with value: -0.7229425669013044.
[I 2025-12-07 14:58:18,359] Trial 35 finished with value: -0.7155901101947324 and parameters: {'learning_rate': 0.022933322139294332, 'n_estimators': 606, 'max_depth': 8, 'min_child_weight': 19, 'subsample': 0.721402804773473, 'colsample_bytree': 0.8436372923731387, 'reg_alpha': 2.3202271526397307, 'reg_lambda': 1.0625396834036205, 'gamma': 1.253036013116829, 'max_delta_step': 7, 'scale_pos_weight': 1.461257409788887, 'class_1_weight': 3.8338359238394624, 'threshold': 0.4811106324890939}. Best is trial 20 with value: -0.7229425669013044.
[I 2025-12-07 14:58:20,958] Trial 33 finished with value: -0.7126589942160111 and parameters: {'learning_rate': 0.0203527257177043, 'n_estimators': 620, 'max_depth': 8, 'min_child_weight': 20, 'subsample': 0.720549695480379, 'colsample_bytree': 0.8464134034496975, 'reg_alpha': 2.455373964103865, 'reg_lambda': 0.018250253419409557, 'gamma': 1.3093048978856787, 'max_delta_step': 0, 'scale_pos_weight': 1.466655354668959, 'class_1_weight': 3.8473164519782257, 'threshold': 0.3350015174254066}. Best is trial 20 with value: -0.7229425669013044.
[I 2025-12-07 14:58:24,422] Trial 44 finished with value: -0.7169312454741372 and parameters: {'learning_rate': 0.025295398544633856, 'n_estimators': 468, 'max_depth': 9, 'min_child_weight': 20, 'subsample': 0.7388351891922285, 'colsample_bytree': 0.8504717157061613, 'reg_alpha': 2.9910702112366407, 'reg_lambda': 1.1413089854500849, 'gamma': 1.001557132584038, 'max_delta_step': 6, 'scale_pos_weight': 1.3360532820936135, 'class_1_weight': 3.367253726303057, 'threshold': 0.4775632248917929}. Best is trial 20 with value: -0.7229425669013044.
[I 2025-12-07 14:58:25,574] Trial 39 finished with value: -0.7164975663407513 and parameters: {'learning_rate': 0.023029306625365502, 'n_estimators': 542, 'max_depth': 9, 'min_child_weight': 20, 'subsample': 0.7277488498573162, 'colsample_bytree': 0.8336257165221271, 'reg_alpha': 2.8998360696587637, 'reg_lambda': 1.1988954912795602, 'gamma': 1.2567245163954766, 'max_delta_step': 8, 'scale_pos_weight': 1.3798070954353927, 'class_1_weight': 3.607888489414555, 'threshold': 0.4762506024834145}. Best is trial 20 with value: -0.7229425669013044.
[I 2025-12-07 14:58:26,966] Trial 55 finished with value: -0.7189319143049396 and parameters: {'learning_rate': 0.09721377599406593, 'n_estimators': 444, 'max_depth': 9, 'min_child_weight': 19, 'subsample': 0.7973671682737158, 'colsample_bytree': 0.7319968921680805, 'reg_alpha': 3.1749268277667575, 'reg_lambda': 1.1114599757952162, 'gamma': 1.3978601795691625, 'max_delta_step': 6, 'scale_pos_weight': 0.5284541486723308, 'class_1_weight': 3.768045207301106, 'threshold': 0.37169267091249153}. Best is trial 20 with value: -0.7229425669013044.
[I 2025-12-07 14:58:27,327] Trial 56 finished with value: -0.7132117826600525 and parameters: {'learning_rate': 0.09949246132805416, 'n_estimators': 433, 'max_depth': 9, 'min_child_weight': 19, 'subsample': 0.8000173186501557, 'colsample_bytree': 0.7392253663031523, 'reg_alpha': 3.2736536207490725, 'reg_lambda': 1.0713885772244645, 'gamma': 0.9242588116639899, 'max_delta_step': 5, 'scale_pos_weight': 1.464527130531241, 'class_1_weight': 3.6276591804319303, 'threshold': 0.3530065340948445}. Best is trial 20 with value: -0.7229425669013044.
[I 2025-12-07 14:58:28,837] Trial 46 finished with value: -0.7165093493864203 and parameters: {'learning_rate': 0.02237024871790756, 'n_estimators': 463, 'max_depth': 9, 'min_child_weight': 20, 'subsample': 0.7445341302841131, 'colsample_bytree': 0.8491624141639057, 'reg_alpha': 3.036195459714703, 'reg_lambda': 1.0155396990746532, 'gamma': 0.975669563435995, 'max_delta_step': 6, 'scale_pos_weight': 1.356789288861955, 'class_1_weight': 3.569564894153908, 'threshold': 0.48638646256283874}. Best is trial 20 with value: -0.7229425669013044.
[I 2025-12-07 14:58:29,266] Trial 45 finished with value: -0.7163906633859278 and parameters: {'learning_rate': 0.02474325264979202, 'n_estimators': 483, 'max_depth': 9, 'min_child_weight': 20, 'subsample': 0.7379813784271336, 'colsample_bytree': 0.8509507693721877, 'reg_alpha': 2.9533974574283173, 'reg_lambda': 1.0010704054132604, 'gamma': 0.9368571373339997, 'max_delta_step': 6, 'scale_pos_weight': 1.333290211700294, 'class_1_weight': 3.6405569612610673, 'threshold': 0.47313323591126233}. Best is trial 20 with value: -0.7229425669013044.
[I 2025-12-07 14:58:29,573] Trial 40 finished with value: -0.7169151889305329 and parameters: {'learning_rate': 0.02130799688709599, 'n_estimators': 555, 'max_depth': 9, 'min_child_weight': 20, 'subsample': 0.7264917585865336, 'colsample_bytree': 0.8365481962709577, 'reg_alpha': 2.9573422180388382, 'reg_lambda': 1.1561002085366812, 'gamma': 1.2750336354288145, 'max_delta_step': 0, 'scale_pos_weight': 1.2106021420803246, 'class_1_weight': 3.6398889356961925, 'threshold': 0.4758126203368071}. Best is trial 20 with value: -0.7229425669013044.
[I 2025-12-07 14:58:30,661] Trial 41 finished with value: -0.7166292199868572 and parameters: {'learning_rate': 0.02217361908644715, 'n_estimators': 561, 'max_depth': 9, 'min_child_weight': 20, 'subsample': 0.7291545442645159, 'colsample_bytree': 0.8399819677338359, 'reg_alpha': 2.949853136049723, 'reg_lambda': 1.0927248771690687, 'gamma': 1.2580493078542667, 'max_delta_step': 1, 'scale_pos_weight': 1.2754109189072618, 'class_1_weight': 3.59391192313259, 'threshold': 0.47927454785922446}. Best is trial 20 with value: -0.7229425669013044.
[I 2025-12-07 14:58:35,969] Trial 57 finished with value: -0.7141737141304906 and parameters: {'learning_rate': 0.09751563606815704, 'n_estimators': 410, 'max_depth': 9, 'min_child_weight': 19, 'subsample': 0.8024714095648712, 'colsample_bytree': 0.7247893019918821, 'reg_alpha': 3.279621697970844, 'reg_lambda': 1.2706165460864796, 'gamma': 0.9466630190278983, 'max_delta_step': 5, 'scale_pos_weight': 1.6159601161207033, 'class_1_weight': 3.6309860368930367, 'threshold': 0.38150916212268837}. Best is trial 20 with value: -0.7229425669013044.
[I 2025-12-07 14:58:36,057] Trial 59 finished with value: -0.7224150462948985 and parameters: {'learning_rate': 0.09848685547137484, 'n_estimators': 393, 'max_depth': 9, 'min_child_weight': 18, 'subsample': 0.8789018375630111, 'colsample_bytree': 0.7368021731027685, 'reg_alpha': 3.2033013423187997, 'reg_lambda': 1.175870550184032, 'gamma': 0.9475813692123866, 'max_delta_step': 9, 'scale_pos_weight': 1.093628787408922, 'class_1_weight': 3.0790670285684554, 'threshold': 0.5934370807959661}. Best is trial 20 with value: -0.7229425669013044.
[I 2025-12-07 14:58:37,219] Trial 58 finished with value: -0.7202872911799023 and parameters: {'learning_rate': 0.09612789579202426, 'n_estimators': 501, 'max_depth': 9, 'min_child_weight': 18, 'subsample': 0.8724821789427687, 'colsample_bytree': 0.7350828153799767, 'reg_alpha': 3.2449108614471385, 'reg_lambda': 0.012689311387080293, 'gamma': 0.9388022224445597, 'max_delta_step': 5, 'scale_pos_weight': 1.551602863767634, 'class_1_weight': 3.2682872652868378, 'threshold': 0.5987800126235308}. Best is trial 20 with value: -0.7229425669013044.
[I 2025-12-07 14:58:37,458] Trial 49 finished with value: -0.7168322440093093 and parameters: {'learning_rate': 0.025762811442466758, 'n_estimators': 441, 'max_depth': 9, 'min_child_weight': 20, 'subsample': 0.7302959196915616, 'colsample_bytree': 0.8505325438657708, 'reg_alpha': 3.078246798955533, 'reg_lambda': 1.1205847896212746, 'gamma': 1.0346514940806646, 'max_delta_step': 6, 'scale_pos_weight': 1.4251001996602939, 'class_1_weight': 3.5638550369449904, 'threshold': 0.4960168799941497}. Best is trial 20 with value: -0.7229425669013044.
[I 2025-12-07 14:58:39,481] Trial 52 finished with value: -0.7195762798223928 and parameters: {'learning_rate': 0.027410439326081032, 'n_estimators': 406, 'max_depth': 9, 'min_child_weight': 19, 'subsample': 0.7981422017270485, 'colsample_bytree': 0.8465991875611136, 'reg_alpha': 3.010404312573797, 'reg_lambda': 1.3375472967708792, 'gamma': 1.3905986722873347, 'max_delta_step': 6, 'scale_pos_weight': 1.4469029494555505, 'class_1_weight': 3.61691662740485, 'threshold': 0.5974851000786683}. Best is trial 20 with value: -0.7229425669013044.
[I 2025-12-07 14:58:41,132] Trial 48 finished with value: -0.7164618603812987 and parameters: {'learning_rate': 0.024910798084068483, 'n_estimators': 503, 'max_depth': 9, 'min_child_weight': 20, 'subsample': 0.7259981179079603, 'colsample_bytree': 0.842214501387645, 'reg_alpha': 2.948997122230202, 'reg_lambda': 1.0904125797034137, 'gamma': 0.9481569515705774, 'max_delta_step': 5, 'scale_pos_weight': 1.4845226441790293, 'class_1_weight': 3.6060856939322816, 'threshold': 0.4948119028656547}. Best is trial 20 with value: -0.7229425669013044.
[I 2025-12-07 14:58:43,106] Trial 60 finished with value: -0.7194534947840041 and parameters: {'learning_rate': 0.0927194117698716, 'n_estimators': 431, 'max_depth': 9, 'min_child_weight': 18, 'subsample': 0.8789600619199123, 'colsample_bytree': 0.7391977134382594, 'reg_alpha': 3.9493029699828712, 'reg_lambda': 1.8478748112055565, 'gamma': 1.021137687839475, 'max_delta_step': 9, 'scale_pos_weight': 1.6919204697056323, 'class_1_weight': 3.2758114158590033, 'threshold': 0.5960990124328619}. Best is trial 20 with value: -0.7229425669013044.
[I 2025-12-07 14:58:43,666] Trial 63 finished with value: -0.7215888119173086 and parameters: {'learning_rate': 0.09580228068887886, 'n_estimators': 377, 'max_depth': 9, 'min_child_weight': 18, 'subsample': 0.8693454423433142, 'colsample_bytree': 0.8060245721909608, 'reg_alpha': 3.305887929634594, 'reg_lambda': 1.1535093859935053, 'gamma': 0.8647923003735951, 'max_delta_step': 9, 'scale_pos_weight': 0.5209460312257101, 'class_1_weight': 3.030427959691539, 'threshold': 0.39342070199339674}. Best is trial 20 with value: -0.7229425669013044.
[I 2025-12-07 14:58:44,574] Trial 65 finished with value: -0.6952174881769861 and parameters: {'learning_rate': 0.0960258508875349, 'n_estimators': 381, 'max_depth': 9, 'min_child_weight': 18, 'subsample': 0.8727278003677114, 'colsample_bytree': 0.7464040415958373, 'reg_alpha': 3.2016673929654016, 'reg_lambda': 0.4913071195356107, 'gamma': 0.8707103330115626, 'max_delta_step': 5, 'scale_pos_weight': 0.5278894139010909, 'class_1_weight': 2.9924914688575432, 'threshold': 0.5948126336842983}. Best is trial 20 with value: -0.7229425669013044.
[I 2025-12-07 14:58:44,661] Trial 61 finished with value: -0.7165457953850776 and parameters: {'learning_rate': 0.09923179232790563, 'n_estimators': 401, 'max_depth': 9, 'min_child_weight': 18, 'subsample': 0.8052731658732262, 'colsample_bytree': 0.8029981852267427, 'reg_alpha': 3.937800486516436, 'reg_lambda': 1.1840197583005163, 'gamma': 0.9475214702004838, 'max_delta_step': 9, 'scale_pos_weight': 1.1222689248937667, 'class_1_weight': 3.026224203747656, 'threshold': 0.39127977178834383}. Best is trial 20 with value: -0.7229425669013044.
[I 2025-12-07 14:58:45,506] Trial 62 finished with value: -0.7116633923818453 and parameters: {'learning_rate': 0.09683836593859274, 'n_estimators': 387, 'max_depth': 9, 'min_child_weight': 18, 'subsample': 0.880908815512997, 'colsample_bytree': 0.7463264638781316, 'reg_alpha': 3.2581677649361356, 'reg_lambda': 1.0880440642310543, 'gamma': 0.9928627022934507, 'max_delta_step': 9, 'scale_pos_weight': 0.5391281222582754, 'class_1_weight': 3.3119210904257548, 'threshold': 0.5819357911280006}. Best is trial 20 with value: -0.7229425669013044.
[I 2025-12-07 14:58:45,558] Trial 51 finished with value: -0.7162684227757712 and parameters: {'learning_rate': 0.02587051703617058, 'n_estimators': 463, 'max_depth': 9, 'min_child_weight': 20, 'subsample': 0.797405882573573, 'colsample_bytree': 0.8519797105799216, 'reg_alpha': 2.9924162517506323, 'reg_lambda': 1.107629690249404, 'gamma': 0.8789655217618493, 'max_delta_step': 2, 'scale_pos_weight': 1.5233788659911807, 'class_1_weight': 3.670801902233489, 'threshold': 0.48358910823502166}. Best is trial 20 with value: -0.7229425669013044.
[I 2025-12-07 14:58:48,786] Trial 66 finished with value: -0.7209984958238581 and parameters: {'learning_rate': 0.09707308828572023, 'n_estimators': 381, 'max_depth': 9, 'min_child_weight': 18, 'subsample': 0.8039395329404226, 'colsample_bytree': 0.8087841290958171, 'reg_alpha': 3.3170670677581557, 'reg_lambda': 0.48003107967114556, 'gamma': 1.1399891691661845, 'max_delta_step': 5, 'scale_pos_weight': 0.5307028599050296, 'class_1_weight': 2.9460158899227196, 'threshold': 0.5161280923393835}. Best is trial 20 with value: -0.7229425669013044.
[I 2025-12-07 14:58:50,883] Trial 67 finished with value: -0.7198062089433113 and parameters: {'learning_rate': 0.09682570328040538, 'n_estimators': 374, 'max_depth': 9, 'min_child_weight': 18, 'subsample': 0.8741479806003207, 'colsample_bytree': 0.7979434425887991, 'reg_alpha': 3.4172521496582915, 'reg_lambda': 0.5020681395856983, 'gamma': 1.104429742592182, 'max_delta_step': 9, 'scale_pos_weight': 0.5249669469474448, 'class_1_weight': 3.0045716206561814, 'threshold': 0.5227640655107257}. Best is trial 20 with value: -0.7229425669013044.
[I 2025-12-07 14:58:52,409] Trial 54 finished with value: -0.7132440857772796 and parameters: {'learning_rate': 0.027102276803880374, 'n_estimators': 437, 'max_depth': 9, 'min_child_weight': 18, 'subsample': 0.7379570820238064, 'colsample_bytree': 0.7309958447420368, 'reg_alpha': 3.2515105613038098, 'reg_lambda': 1.0517070271184814, 'gamma': 1.4323742285477554, 'max_delta_step': 5, 'scale_pos_weight': 1.5540806741074498, 'class_1_weight': 3.717052549170772, 'threshold': 0.37131065732560986}. Best is trial 20 with value: -0.7229425669013044.
[I 2025-12-07 14:58:52,616] Trial 68 finished with value: -0.6929291177621595 and parameters: {'learning_rate': 0.09764069919216779, 'n_estimators': 406, 'max_depth': 9, 'min_child_weight': 18, 'subsample': 0.8738629117952805, 'colsample_bytree': 0.8024109361205476, 'reg_alpha': 3.9542294096999995, 'reg_lambda': 0.5271015130408274, 'gamma': 0.42200846789982316, 'max_delta_step': 9, 'scale_pos_weight': 0.5076572043877096, 'class_1_weight': 2.987269327602527, 'threshold': 0.5913462046863843}. Best is trial 20 with value: -0.7229425669013044.
[I 2025-12-07 14:58:52,940] Trial 47 finished with value: -0.7198484012173292 and parameters: {'learning_rate': 0.02354873913854132, 'n_estimators': 689, 'max_depth': 9, 'min_child_weight': 20, 'subsample': 0.728393183387359, 'colsample_bytree': 0.8427931031585251, 'reg_alpha': 3.037734258901552, 'reg_lambda': 0.933017908887185, 'gamma': 1.00043057945099, 'max_delta_step': 5, 'scale_pos_weight': 1.4315557342235539, 'class_1_weight': 3.6070732297021664, 'threshold': 0.598118970583686}. Best is trial 20 with value: -0.7229425669013044.
[I 2025-12-07 14:59:02,951] Trial 73 finished with value: -0.7189524231533232 and parameters: {'learning_rate': 0.029351651606975594, 'n_estimators': 351, 'max_depth': 5, 'min_child_weight': 18, 'subsample': 0.8825628463745052, 'colsample_bytree': 0.8015660003538939, 'reg_alpha': 3.894419117683743, 'reg_lambda': 0.47543153947103123, 'gamma': 0.44544289019055877, 'max_delta_step': 5, 'scale_pos_weight': 1.0840082732246488, 'class_1_weight': 2.9303646044226297, 'threshold': 0.5982019502824094}. Best is trial 20 with value: -0.7229425669013044.
[I 2025-12-07 14:59:04,084] Trial 70 finished with value: -0.697579798129208 and parameters: {'learning_rate': 0.017625916392684324, 'n_estimators': 382, 'max_depth': 5, 'min_child_weight': 18, 'subsample': 0.8680322283842298, 'colsample_bytree': 0.8031151345126235, 'reg_alpha': 4.06366218672728, 'reg_lambda': 0.383833670135166, 'gamma': 0.4155173389396798, 'max_delta_step': 9, 'scale_pos_weight': 0.5092295741761094, 'class_1_weight': 2.9902630986856504, 'threshold': 0.5917308083312532}. Best is trial 20 with value: -0.7229425669013044.
[I 2025-12-07 14:59:04,576] Trial 71 finished with value: -0.6896846086841425 and parameters: {'learning_rate': 0.02908184905836383, 'n_estimators': 379, 'max_depth': 5, 'min_child_weight': 18, 'subsample': 0.8810817296004861, 'colsample_bytree': 0.8077072171190061, 'reg_alpha': 3.8316322228741724, 'reg_lambda': 0.4085170269383702, 'gamma': 0.474202772124809, 'max_delta_step': 10, 'scale_pos_weight': 0.49555804384185115, 'class_1_weight': 2.9248163149341786, 'threshold': 0.5893422362276313}. Best is trial 20 with value: -0.7229425669013044.
[I 2025-12-07 14:59:05,664] Trial 76 finished with value: -0.6873749890526807 and parameters: {'learning_rate': 0.0879393146256121, 'n_estimators': 383, 'max_depth': 10, 'min_child_weight': 18, 'subsample': 0.8871040102596349, 'colsample_bytree': 0.8000199286726997, 'reg_alpha': 3.9769522912064654, 'reg_lambda': 0.4574415369447977, 'gamma': 1.1100722884193732, 'max_delta_step': 9, 'scale_pos_weight': 0.4952164097898249, 'class_1_weight': 2.960281948718054, 'threshold': 0.5918811721612837}. Best is trial 20 with value: -0.7229425669013044.
[I 2025-12-07 14:59:10,609] Trial 78 finished with value: -0.7216237234665416 and parameters: {'learning_rate': 0.08763225831607398, 'n_estimators': 362, 'max_depth': 5, 'min_child_weight': 18, 'subsample': 0.8811032451661932, 'colsample_bytree': 0.7534090918263011, 'reg_alpha': 4.000516030035841, 'reg_lambda': 0.47726177617097465, 'gamma': 0.4646050938885947, 'max_delta_step': 9, 'scale_pos_weight': 1.0449639810866647, 'class_1_weight': 2.898304670957287, 'threshold': 0.5983088978807481}. Best is trial 20 with value: -0.7229425669013044.
[I 2025-12-07 14:59:10,784] Trial 74 finished with value: -0.7185660095097137 and parameters: {'learning_rate': 0.067600747660051, 'n_estimators': 377, 'max_depth': 7, 'min_child_weight': 14, 'subsample': 0.7829639729275355, 'colsample_bytree': 0.8017467467700032, 'reg_alpha': 3.9585983575205637, 'reg_lambda': 0.488220614704016, 'gamma': 0.46978240555508005, 'max_delta_step': 4, 'scale_pos_weight': 0.5198723872356135, 'class_1_weight': 2.963395414821246, 'threshold': 0.5311281993034305}. Best is trial 20 with value: -0.7229425669013044.
[I 2025-12-07 14:59:12,600] Trial 77 finished with value: -0.7209632303467784 and parameters: {'learning_rate': 0.06980290943999504, 'n_estimators': 386, 'max_depth': 5, 'min_child_weight': 18, 'subsample': 0.8851530534433966, 'colsample_bytree': 0.7533035860571039, 'reg_alpha': 3.897588754406317, 'reg_lambda': 0.3592091745380377, 'gamma': 1.128761008164084, 'max_delta_step': 10, 'scale_pos_weight': 1.0644594480655143, 'class_1_weight': 2.928046729479254, 'threshold': 0.591717879179483}. Best is trial 20 with value: -0.7229425669013044.
[I 2025-12-07 14:59:14,729] Trial 79 finished with value: -0.7208880662891033 and parameters: {'learning_rate': 0.07161857800484307, 'n_estimators': 384, 'max_depth': 5, 'min_child_weight': 18, 'subsample': 0.8968251277209267, 'colsample_bytree': 0.7530652584265911, 'reg_alpha': 4.03087326587994, 'reg_lambda': 0.4367308139718599, 'gamma': 0.450398678745777, 'max_delta_step': 10, 'scale_pos_weight': 1.0986494021093076, 'class_1_weight': 3.0831107531770243, 'threshold': 0.59705062280167}. Best is trial 20 with value: -0.7229425669013044.
