[I 2025-12-07 15:00:02,845] Trial 115 finished with value: -0.7189056129473632 and parameters: {'learning_rate': 0.07687021162646532, 'n_estimators': 284, 'max_depth': 10, 'min_child_weight': 16, 'subsample': 0.8587965789046205, 'colsample_bytree': 0.7779357264155375, 'reg_alpha': 4.551533211701771, 'reg_lambda': 0.7077290253284196, 'gamma': 0.5544666944506872, 'max_delta_step': 3, 'scale_pos_weight': 0.7863804544216599, 'class_1_weight': 2.3560327842856346, 'threshold': 0.5685664487246332}. Best is trial 110 with value: -0.7230815084549234.
[I 2025-12-07 15:00:04,365] Trial 114 finished with value: -0.7228896214875468 and parameters: {'learning_rate': 0.07709975595713839, 'n_estimators': 285, 'max_depth': 10, 'min_child_weight': 16, 'subsample': 0.8540140018344127, 'colsample_bytree': 0.7759396159282361, 'reg_alpha': 4.626345662213466, 'reg_lambda': 0.6280294926813458, 'gamma': 0.28956000182662833, 'max_delta_step': 3, 'scale_pos_weight': 0.8227567103287909, 'class_1_weight': 2.5945099371867215, 'threshold': 0.5655253720531506}. Best is trial 110 with value: -0.7230815084549234.
[I 2025-12-07 15:00:07,879] Trial 118 finished with value: -0.7199192998444122 and parameters: {'learning_rate': 0.07703451417552401, 'n_estimators': 334, 'max_depth': 10, 'min_child_weight': 16, 'subsample': 0.758394122332758, 'colsample_bytree': 0.774519663021975, 'reg_alpha': 2.217834011707534, 'reg_lambda': 0.6722478622627575, 'gamma': 1.1993529032998207, 'max_delta_step': 3, 'scale_pos_weight': 0.7988356387478158, 'class_1_weight': 2.375045167714027, 'threshold': 0.5589080289066445}. Best is trial 110 with value: -0.7230815084549234.
[I 2025-12-07 15:00:08,852] Trial 120 finished with value: -0.718312723720375 and parameters: {'learning_rate': 0.07796355825377074, 'n_estimators': 278, 'max_depth': 10, 'min_child_weight': 13, 'subsample': 0.8593484929175507, 'colsample_bytree': 0.7760548745724198, 'reg_alpha': 2.3069559322531523, 'reg_lambda': 0.6461385134376953, 'gamma': 1.058114923858422, 'max_delta_step': 3, 'scale_pos_weight': 0.794685683189891, 'class_1_weight': 2.3552832654189997, 'threshold': 0.5679925513626609}. Best is trial 110 with value: -0.7230815084549234.
[I 2025-12-07 15:00:08,890] Trial 119 finished with value: -0.7179537947607673 and parameters: {'learning_rate': 0.07958334633512637, 'n_estimators': 257, 'max_depth': 10, 'min_child_weight': 13, 'subsample': 0.7670538205707675, 'colsample_bytree': 0.7847562306632588, 'reg_alpha': 2.263517079235433, 'reg_lambda': 0.6658639998159379, 'gamma': 1.2050790336599262, 'max_delta_step': 3, 'scale_pos_weight': 0.8148492209680849, 'class_1_weight': 2.236872389068992, 'threshold': 0.5651900140557726}. Best is trial 110 with value: -0.7230815084549234.
[I 2025-12-07 15:00:11,218] Trial 121 finished with value: -0.7189847797251707 and parameters: {'learning_rate': 0.07850421014088246, 'n_estimators': 251, 'max_depth': 10, 'min_child_weight': 13, 'subsample': 0.7667947655934115, 'colsample_bytree': 0.7753082016613327, 'reg_alpha': 2.2218491131303377, 'reg_lambda': 0.11191832586142093, 'gamma': 1.1975684227114247, 'max_delta_step': 3, 'scale_pos_weight': 0.8093952716025341, 'class_1_weight': 2.397705740160045, 'threshold': 0.5676801992935124}. Best is trial 110 with value: -0.7230815084549234.
[I 2025-12-07 15:00:12,887] Trial 124 finished with value: -0.723515117247551 and parameters: {'learning_rate': 0.07833686602994744, 'n_estimators': 250, 'max_depth': 10, 'min_child_weight': 16, 'subsample': 0.8392854003368398, 'colsample_bytree': 0.7894672673031976, 'reg_alpha': 2.2038614594224892, 'reg_lambda': 0.13630652759097645, 'gamma': 1.1939546148234526, 'max_delta_step': 3, 'scale_pos_weight': 0.7919699228782175, 'class_1_weight': 2.3954379845898863, 'threshold': 0.5060156147662132}. Best is trial 124 with value: -0.723515117247551.
[I 2025-12-07 15:00:13,036] Trial 123 finished with value: -0.7238988586995374 and parameters: {'learning_rate': 0.07924179994432735, 'n_estimators': 231, 'max_depth': 10, 'min_child_weight': 16, 'subsample': 0.8545300729542462, 'colsample_bytree': 0.7758397518339394, 'reg_alpha': 2.277004958356259, 'reg_lambda': 0.13735738325806263, 'gamma': 1.1977526410722246, 'max_delta_step': 3, 'scale_pos_weight': 0.7800418067593694, 'class_1_weight': 2.41055428194618, 'threshold': 0.5084916207171821}. Best is trial 123 with value: -0.7238988586995374.
[I 2025-12-07 15:00:13,452] Trial 126 finished with value: -0.7229337830405257 and parameters: {'learning_rate': 0.0823004324953655, 'n_estimators': 237, 'max_depth': 10, 'min_child_weight': 13, 'subsample': 0.8392525564680229, 'colsample_bytree': 0.784712824001635, 'reg_alpha': 2.307949131000271, 'reg_lambda': 0.1295280993137941, 'gamma': 1.1925615994220007, 'max_delta_step': 3, 'scale_pos_weight': 0.7586101067066366, 'class_1_weight': 2.6068639526042086, 'threshold': 0.5067190197940373}. Best is trial 123 with value: -0.7238988586995374.
[I 2025-12-07 15:00:13,495] Trial 122 finished with value: -0.7150116367753304 and parameters: {'learning_rate': 0.0805433654997274, 'n_estimators': 237, 'max_depth': 10, 'min_child_weight': 13, 'subsample': 0.7703436329508664, 'colsample_bytree': 0.7774733462298797, 'reg_alpha': 2.281580225415574, 'reg_lambda': 0.6534095763224045, 'gamma': 1.1883877670599403, 'max_delta_step': 3, 'scale_pos_weight': 0.7569433757221496, 'class_1_weight': 2.3144305826676206, 'threshold': 0.5647997869722035}. Best is trial 123 with value: -0.7238988586995374.
[I 2025-12-07 15:00:14,216] Trial 128 finished with value: -0.7220932546563128 and parameters: {'learning_rate': 0.08258313090576223, 'n_estimators': 257, 'max_depth': 10, 'min_child_weight': 13, 'subsample': 0.8396786876146733, 'colsample_bytree': 0.7796445407033133, 'reg_alpha': 2.2035455759408453, 'reg_lambda': 0.12380822047901308, 'gamma': 1.2119096694237854, 'max_delta_step': 3, 'scale_pos_weight': 0.9139924991873491, 'class_1_weight': 2.454375357672832, 'threshold': 0.5044245819181657}. Best is trial 123 with value: -0.7238988586995374.
[I 2025-12-07 15:00:22,027] Trial 125 finished with value: -0.7234425923671737 and parameters: {'learning_rate': 0.06350361215851143, 'n_estimators': 256, 'max_depth': 10, 'min_child_weight': 16, 'subsample': 0.8613501156252898, 'colsample_bytree': 0.7857331814424395, 'reg_alpha': 4.3894066407197165, 'reg_lambda': 0.12212148884642987, 'gamma': 0.618231863568296, 'max_delta_step': 3, 'scale_pos_weight': 0.8348212550595421, 'class_1_weight': 2.582056065948152, 'threshold': 0.5529591699488556}. Best is trial 123 with value: -0.7238988586995374.
[I 2025-12-07 15:00:22,065] Trial 135 finished with value: -0.7223414381877957 and parameters: {'learning_rate': 0.09171759531423625, 'n_estimators': 233, 'max_depth': 10, 'min_child_weight': 16, 'subsample': 0.8275137262322135, 'colsample_bytree': 0.7715756065671735, 'reg_alpha': 2.302105880430652, 'reg_lambda': 0.10385897586453172, 'gamma': 1.0657475166102923, 'max_delta_step': 3, 'scale_pos_weight': 0.9149846852209189, 'class_1_weight': 2.583400516262168, 'threshold': 0.503938694858264}. Best is trial 123 with value: -0.7238988586995374.
[I 2025-12-07 15:00:23,813] Trial 137 finished with value: -0.7227699291140487 and parameters: {'learning_rate': 0.09195346110447417, 'n_estimators': 237, 'max_depth': 10, 'min_child_weight': 13, 'subsample': 0.8360495253537737, 'colsample_bytree': 0.7705218243414388, 'reg_alpha': 2.336922981850003, 'reg_lambda': 1.7231832715416213, 'gamma': 0.6309731191488898, 'max_delta_step': 4, 'scale_pos_weight': 0.912003636622841, 'class_1_weight': 2.5785954459023417, 'threshold': 0.5134209048465436}. Best is trial 123 with value: -0.7238988586995374.
[I 2025-12-07 15:00:24,407] Trial 127 finished with value: -0.7230298025737896 and parameters: {'learning_rate': 0.05919192732259403, 'n_estimators': 253, 'max_depth': 10, 'min_child_weight': 13, 'subsample': 0.7711136127864454, 'colsample_bytree': 0.7816521751078108, 'reg_alpha': 2.2111497932786097, 'reg_lambda': 0.6474101592652576, 'gamma': 0.5974863611756411, 'max_delta_step': 3, 'scale_pos_weight': 0.7942949240816487, 'class_1_weight': 2.6053958654509124, 'threshold': 0.5068546312713753}. Best is trial 123 with value: -0.7238988586995374.
[I 2025-12-07 15:00:27,012] Trial 129 finished with value: -0.7219682619566002 and parameters: {'learning_rate': 0.05658845335164241, 'n_estimators': 251, 'max_depth': 10, 'min_child_weight': 13, 'subsample': 0.8392482982940582, 'colsample_bytree': 0.7425793368109602, 'reg_alpha': 2.239673798082709, 'reg_lambda': 0.10614571956270613, 'gamma': 1.5824244981739617, 'max_delta_step': 3, 'scale_pos_weight': 1.0030709553583042, 'class_1_weight': 2.5557381325077735, 'threshold': 0.5039774104782299}. Best is trial 123 with value: -0.7238988586995374.
[I 2025-12-07 15:00:27,654] Trial 130 finished with value: -0.7228834969905763 and parameters: {'learning_rate': 0.06390592541803018, 'n_estimators': 258, 'max_depth': 10, 'min_child_weight': 13, 'subsample': 0.8315246346880378, 'colsample_bytree': 0.771386442755066, 'reg_alpha': 2.2582975078475105, 'reg_lambda': 0.11566450273153134, 'gamma': 0.626133964061104, 'max_delta_step': 3, 'scale_pos_weight': 0.9246234808251748, 'class_1_weight': 2.556725524904326, 'threshold': 0.5081821525122893}. Best is trial 123 with value: -0.7238988586995374.
[I 2025-12-07 15:00:29,949] Trial 134 finished with value: -0.7234855171000066 and parameters: {'learning_rate': 0.06391825655938856, 'n_estimators': 244, 'max_depth': 10, 'min_child_weight': 16, 'subsample': 0.8305045904393099, 'colsample_bytree': 0.78274910047958, 'reg_alpha': 2.2824503834267817, 'reg_lambda': 0.08914590971407466, 'gamma': 1.0565901149512889, 'max_delta_step': 3, 'scale_pos_weight': 0.9245037124703712, 'class_1_weight': 2.6057317159432305, 'threshold': 0.5492723842758755}. Best is trial 123 with value: -0.7238988586995374.
[I 2025-12-07 15:00:30,265] Trial 131 finished with value: -0.7228456764086566 and parameters: {'learning_rate': 0.06018194857568185, 'n_estimators': 252, 'max_depth': 10, 'min_child_weight': 13, 'subsample': 0.7707178303754655, 'colsample_bytree': 0.7242079874043142, 'reg_alpha': 2.387288099492417, 'reg_lambda': 0.09199472014835569, 'gamma': 1.2119497750678698, 'max_delta_step': 3, 'scale_pos_weight': 0.9214721517959681, 'class_1_weight': 2.585970969428072, 'threshold': 0.5484198101072881}. Best is trial 123 with value: -0.7238988586995374.
[I 2025-12-07 15:00:30,468] Trial 133 finished with value: -0.7224959587441081 and parameters: {'learning_rate': 0.061658301659176996, 'n_estimators': 241, 'max_depth': 10, 'min_child_weight': 16, 'subsample': 0.8396772900011829, 'colsample_bytree': 0.7825348773934969, 'reg_alpha': 2.240238529114533, 'reg_lambda': 0.11357921224777631, 'gamma': 0.6347655084037411, 'max_delta_step': 3, 'scale_pos_weight': 0.9212626554729838, 'class_1_weight': 2.5343664795765797, 'threshold': 0.5040411577476972}. Best is trial 123 with value: -0.7238988586995374.
[I 2025-12-07 15:00:31,284] Trial 138 finished with value: -0.7222116261761846 and parameters: {'learning_rate': 0.08237769174605875, 'n_estimators': 230, 'max_depth': 10, 'min_child_weight': 16, 'subsample': 0.8252244447012456, 'colsample_bytree': 0.7412324623546833, 'reg_alpha': 2.3138747997849114, 'reg_lambda': 0.10587428339716781, 'gamma': 0.6144620180973157, 'max_delta_step': 4, 'scale_pos_weight': 0.9242161428964989, 'class_1_weight': 2.5310878554129865, 'threshold': 0.5105950649121558}. Best is trial 123 with value: -0.7238988586995374.
[I 2025-12-07 15:00:31,425] Trial 132 finished with value: -0.7229212663526021 and parameters: {'learning_rate': 0.060672632979963254, 'n_estimators': 240, 'max_depth': 10, 'min_child_weight': 13, 'subsample': 0.8378361371017637, 'colsample_bytree': 0.7822408730905414, 'reg_alpha': 2.209970674538012, 'reg_lambda': 0.10974239481541567, 'gamma': 0.6292728609313046, 'max_delta_step': 3, 'scale_pos_weight': 0.9178837200102561, 'class_1_weight': 2.6026449315299076, 'threshold': 0.5078436577252451}. Best is trial 123 with value: -0.7238988586995374.
[I 2025-12-07 15:00:31,556] Trial 139 finished with value: -0.7200853832514928 and parameters: {'learning_rate': 0.08220081264434254, 'n_estimators': 243, 'max_depth': 10, 'min_child_weight': 16, 'subsample': 0.8384736604695777, 'colsample_bytree': 0.7402279625250093, 'reg_alpha': 2.217429218897772, 'reg_lambda': 0.08488773484658965, 'gamma': 1.0539509995791412, 'max_delta_step': 7, 'scale_pos_weight': 1.0067359369484565, 'class_1_weight': 3.426311668450771, 'threshold': 0.5091174679266842}. Best is trial 123 with value: -0.7238988586995374.
[I 2025-12-07 15:00:32,387] Trial 136 finished with value: -0.7225778543003814 and parameters: {'learning_rate': 0.05859943920223169, 'n_estimators': 236, 'max_depth': 10, 'min_child_weight': 16, 'subsample': 0.8295321159799476, 'colsample_bytree': 0.7712953980155467, 'reg_alpha': 2.231649716880397, 'reg_lambda': 2.0206184507338487, 'gamma': 0.6362135922507048, 'max_delta_step': 3, 'scale_pos_weight': 0.9176560302391442, 'class_1_weight': 2.6200795545228357, 'threshold': 0.5001831970753604}. Best is trial 123 with value: -0.7238988586995374.
[I 2025-12-07 15:00:37,683] Trial 141 finished with value: -0.7220383900884438 and parameters: {'learning_rate': 0.08263079915026905, 'n_estimators': 234, 'max_depth': 10, 'min_child_weight': 14, 'subsample': 0.8377966164766948, 'colsample_bytree': 0.7437282193560555, 'reg_alpha': 2.3781849068246568, 'reg_lambda': 0.09723498661528915, 'gamma': 0.6443045765119408, 'max_delta_step': 4, 'scale_pos_weight': 0.9170749136337409, 'class_1_weight': 2.579046893765729, 'threshold': 0.5129322864251599}. Best is trial 123 with value: -0.7238988586995374.
[I 2025-12-07 15:00:40,112] Trial 144 finished with value: -0.7222649758169175 and parameters: {'learning_rate': 0.09117371851413858, 'n_estimators': 234, 'max_depth': 10, 'min_child_weight': 14, 'subsample': 0.8643978558293786, 'colsample_bytree': 0.7431729221614701, 'reg_alpha': 2.4372988615137725, 'reg_lambda': 0.10175372046805135, 'gamma': 0.6415018416370233, 'max_delta_step': 4, 'scale_pos_weight': 0.9142225155228476, 'class_1_weight': 2.57895030890588, 'threshold': 0.5048049020133254}. Best is trial 123 with value: -0.7238988586995374.
[I 2025-12-07 15:00:41,576] Trial 148 finished with value: -0.723784226399502 and parameters: {'learning_rate': 0.09152348159029897, 'n_estimators': 197, 'max_depth': 10, 'min_child_weight': 16, 'subsample': 0.8375606113270747, 'colsample_bytree': 0.8213706355973573, 'reg_alpha': 1.9445034578442189, 'reg_lambda': 1.8589868090518809, 'gamma': 0.6416933170597133, 'max_delta_step': 2, 'scale_pos_weight': 0.7128025148666017, 'class_1_weight': 2.598140105839306, 'threshold': 0.5049722471603215}. Best is trial 123 with value: -0.7238988586995374.
[I 2025-12-07 15:00:43,515] Trial 149 finished with value: -0.7212372355505784 and parameters: {'learning_rate': 0.0917659970397283, 'n_estimators': 216, 'max_depth': 10, 'min_child_weight': 14, 'subsample': 0.834334730561233, 'colsample_bytree': 0.7390095625963762, 'reg_alpha': 2.1341507886986473, 'reg_lambda': 1.8762735745173285, 'gamma': 0.10823847817392401, 'max_delta_step': 2, 'scale_pos_weight': 0.6508760115414872, 'class_1_weight': 2.563567084863791, 'threshold': 0.5070054944409641}. Best is trial 123 with value: -0.7238988586995374.
[I 2025-12-07 15:00:44,018] Trial 150 finished with value: -0.7224862059104761 and parameters: {'learning_rate': 0.0925675064191762, 'n_estimators': 191, 'max_depth': 10, 'min_child_weight': 14, 'subsample': 0.8274058999959614, 'colsample_bytree': 0.7395572272077945, 'reg_alpha': 2.8234612627918887, 'reg_lambda': 0.008976064022436003, 'gamma': 0.09710160201526064, 'max_delta_step': 2, 'scale_pos_weight': 0.7403104285472895, 'class_1_weight': 2.5039416370358305, 'threshold': 0.5095893854067567}. Best is trial 123 with value: -0.7238988586995374.
[I 2025-12-07 15:00:45,113] Trial 140 finished with value: -0.7191815868221966 and parameters: {'learning_rate': 0.05467998124774087, 'n_estimators': 257, 'max_depth': 10, 'min_child_weight': 14, 'subsample': 0.8761683883298733, 'colsample_bytree': 0.7416439567426284, 'reg_alpha': 2.319586682370662, 'reg_lambda': 0.06048239657284454, 'gamma': 1.0625971775568632, 'max_delta_step': 4, 'scale_pos_weight': 1.1708932752469994, 'class_1_weight': 3.1769659032533912, 'threshold': 0.4992769310970584}. Best is trial 123 with value: -0.7238988586995374.
[I 2025-12-07 15:00:47,174] Trial 145 finished with value: -0.7222246875621497 and parameters: {'learning_rate': 0.09166203601258019, 'n_estimators': 220, 'max_depth': 10, 'min_child_weight': 14, 'subsample': 0.8237625230822199, 'colsample_bytree': 0.7439832740402548, 'reg_alpha': 4.310521353691384, 'reg_lambda': 1.8634153963512226, 'gamma': 0.09685889630532793, 'max_delta_step': 4, 'scale_pos_weight': 1.0056871832497438, 'class_1_weight': 2.5739791708798516, 'threshold': 0.5059459951473829}. Best is trial 123 with value: -0.7238988586995374.
[I 2025-12-07 15:00:48,617] Trial 143 finished with value: -0.7222163510602265 and parameters: {'learning_rate': 0.05220850633338129, 'n_estimators': 228, 'max_depth': 10, 'min_child_weight': 14, 'subsample': 0.8350627889537067, 'colsample_bytree': 0.7401186256199881, 'reg_alpha': 2.8224225830547467, 'reg_lambda': 0.08003757958434862, 'gamma': 0.6253836731077607, 'max_delta_step': 4, 'scale_pos_weight': 0.9121932535424344, 'class_1_weight': 2.5744109764147236, 'threshold': 0.5070020826546616}. Best is trial 123 with value: -0.7238988586995374.
[I 2025-12-07 15:00:48,839] Trial 142 finished with value: -0.7221525535103094 and parameters: {'learning_rate': 0.0567451599879939, 'n_estimators': 244, 'max_depth': 10, 'min_child_weight': 14, 'subsample': 0.826320264871178, 'colsample_bytree': 0.7233899715698866, 'reg_alpha': 2.8064603985888055, 'reg_lambda': 0.09645554138492218, 'gamma': 0.058378642331602726, 'max_delta_step': 4, 'scale_pos_weight': 0.9210163700217345, 'class_1_weight': 2.597818406275304, 'threshold': 0.5109457098539901}. Best is trial 123 with value: -0.7238988586995374.
[I 2025-12-07 15:00:49,934] Trial 151 finished with value: -0.7225194626863527 and parameters: {'learning_rate': 0.09124005573919854, 'n_estimators': 321, 'max_depth': 10, 'min_child_weight': 14, 'subsample': 0.8287300267078879, 'colsample_bytree': 0.8168728167571757, 'reg_alpha': 1.6509740271322033, 'reg_lambda': 0.0008684168886721605, 'gamma': 1.6346788676104038, 'max_delta_step': 2, 'scale_pos_weight': 0.722711204734716, 'class_1_weight': 2.5700888994817443, 'threshold': 0.508984750827205}. Best is trial 123 with value: -0.7238988586995374.
[I 2025-12-07 15:00:50,440] Trial 147 finished with value: -0.7236757192228065 and parameters: {'learning_rate': 0.05313425818084521, 'n_estimators': 214, 'max_depth': 10, 'min_child_weight': 14, 'subsample': 0.8318026326092862, 'colsample_bytree': 0.7418115521510722, 'reg_alpha': 2.4123991243309573, 'reg_lambda': 1.8078688109726244, 'gamma': 0.05820486415639747, 'max_delta_step': 4, 'scale_pos_weight': 0.7297147340021435, 'class_1_weight': 2.601139010570378, 'threshold': 0.5034310800853342}. Best is trial 123 with value: -0.7238988586995374.
[I 2025-12-07 15:00:53,619] Trial 152 finished with value: -0.7228300474377128 and parameters: {'learning_rate': 0.09183957938165092, 'n_estimators': 194, 'max_depth': 10, 'min_child_weight': 14, 'subsample': 0.8281153524342187, 'colsample_bytree': 0.7426862209202999, 'reg_alpha': 4.319729832437793, 'reg_lambda': 1.7276110392175192, 'gamma': 1.5514785617479423, 'max_delta_step': 2, 'scale_pos_weight': 0.7087872732637873, 'class_1_weight': 2.5463893229517285, 'threshold': 0.5076976047103555}. Best is trial 123 with value: -0.7238988586995374.
[I 2025-12-07 15:01:00,387] Trial 153 finished with value: -0.7236464662679675 and parameters: {'learning_rate': 0.053687587658559105, 'n_estimators': 200, 'max_depth': 10, 'min_child_weight': 10, 'subsample': 0.829888750154748, 'colsample_bytree': 0.8166525519840726, 'reg_alpha': 1.708141646983622, 'reg_lambda': 1.6931661714601944, 'gamma': 0.5997068007977711, 'max_delta_step': 2, 'scale_pos_weight': 0.6863442535368637, 'class_1_weight': 2.598680130336649, 'threshold': 0.5019147510927446}. Best is trial 123 with value: -0.7238988586995374.
[I 2025-12-07 15:01:01,515] Trial 146 finished with value: -0.7227003333668984 and parameters: {'learning_rate': 0.05072627342586447, 'n_estimators': 318, 'max_depth': 10, 'min_child_weight': 14, 'subsample': 0.8228300046659698, 'colsample_bytree': 0.7423730644822926, 'reg_alpha': 2.5794848429585415, 'reg_lambda': 0.024086804546419482, 'gamma': 0.1502861438695584, 'max_delta_step': 4, 'scale_pos_weight': 0.9156592597597415, 'class_1_weight': 2.5366502697054405, 'threshold': 0.5090605010862226}. Best is trial 123 with value: -0.7238988586995374.
[I 2025-12-07 15:01:02,102] Trial 154 finished with value: -0.72345658667369 and parameters: {'learning_rate': 0.05147880347526066, 'n_estimators': 207, 'max_depth': 10, 'min_child_weight': 10, 'subsample': 0.8329701780941585, 'colsample_bytree': 0.7834458564644563, 'reg_alpha': 1.7981026142653245, 'reg_lambda': 1.9439317658820099, 'gamma': 0.6512305700884198, 'max_delta_step': 2, 'scale_pos_weight': 0.6578380929951301, 'class_1_weight': 2.606643404087213, 'threshold': 0.513049555363441}. Best is trial 123 with value: -0.7238988586995374.
[I 2025-12-07 15:01:03,501] Trial 155 finished with value: -0.7234910908084189 and parameters: {'learning_rate': 0.06323799919479481, 'n_estimators': 209, 'max_depth': 10, 'min_child_weight': 14, 'subsample': 0.8294273062518853, 'colsample_bytree': 0.7833049128750852, 'reg_alpha': 2.0261756467581566, 'reg_lambda': 2.0261508340626415, 'gamma': 0.6343646413449522, 'max_delta_step': 2, 'scale_pos_weight': 0.7209349434090769, 'class_1_weight': 2.069088620726256, 'threshold': 0.45653353229535165}. Best is trial 123 with value: -0.7238988586995374.
