[I 2025-12-07 15:02:51,537] Trial 238 finished with value: -0.7232843577356487 and parameters: {'learning_rate': 0.0567780147810108, 'n_estimators': 215, 'max_depth': 10, 'min_child_weight': 8, 'subsample': 0.8211619260543802, 'colsample_bytree': 0.8119781883876936, 'reg_alpha': 2.0149865552078676, 'reg_lambda': 2.19174915208316, 'gamma': 0.4798201981559076, 'max_delta_step': 2, 'scale_pos_weight': 0.7528911623215926, 'class_1_weight': 1.9831022781815297, 'threshold': 0.45636254032878876}. Best is trial 225 with value: -0.7239040763621494.
[I 2025-12-07 15:02:51,946] Trial 235 finished with value: -0.723063959483365 and parameters: {'learning_rate': 0.05465751975087854, 'n_estimators': 213, 'max_depth': 10, 'min_child_weight': 8, 'subsample': 0.8330365810885718, 'colsample_bytree': 0.8107294347352374, 'reg_alpha': 2.013443492901333, 'reg_lambda': 1.9503799613480723, 'gamma': 0.6771452932688529, 'max_delta_step': 2, 'scale_pos_weight': 0.7598329259262165, 'class_1_weight': 2.4571741265743063, 'threshold': 0.5223548273431291}. Best is trial 225 with value: -0.7239040763621494.
[I 2025-12-07 15:02:53,288] Trial 237 finished with value: -0.7231138502061507 and parameters: {'learning_rate': 0.05330338020940923, 'n_estimators': 214, 'max_depth': 10, 'min_child_weight': 9, 'subsample': 0.605421482389281, 'colsample_bytree': 0.8144896116424373, 'reg_alpha': 2.1001334564631806, 'reg_lambda': 3.1072426283431307, 'gamma': 0.7131454058991374, 'max_delta_step': 2, 'scale_pos_weight': 0.7610290992281551, 'class_1_weight': 2.181927641871215, 'threshold': 0.45650993395475387}. Best is trial 225 with value: -0.7239040763621494.
[I 2025-12-07 15:02:53,320] Trial 242 finished with value: -0.7235614215182669 and parameters: {'learning_rate': 0.058633273881855456, 'n_estimators': 181, 'max_depth': 10, 'min_child_weight': 16, 'subsample': 0.8337240530107045, 'colsample_bytree': 0.8144781265435249, 'reg_alpha': 2.0149560266725026, 'reg_lambda': 2.2451748581030633, 'gamma': 0.7183292061385707, 'max_delta_step': 0, 'scale_pos_weight': 0.7548553098153317, 'class_1_weight': 1.9880688852237007, 'threshold': 0.4555857350443438}. Best is trial 225 with value: -0.7239040763621494.
[I 2025-12-07 15:02:53,597] Trial 239 finished with value: -0.7239463993594606 and parameters: {'learning_rate': 0.05831747728747226, 'n_estimators': 215, 'max_depth': 10, 'min_child_weight': 8, 'subsample': 0.8327995954878661, 'colsample_bytree': 0.8141282658527966, 'reg_alpha': 2.0029870895856194, 'reg_lambda': 2.1961555182948507, 'gamma': 0.7113551075776496, 'max_delta_step': 2, 'scale_pos_weight': 0.7579533748039246, 'class_1_weight': 1.9819436495812635, 'threshold': 0.4601940674334061}. Best is trial 239 with value: -0.7239463993594606.
[I 2025-12-07 15:02:54,038] Trial 241 finished with value: -0.7224374117524682 and parameters: {'learning_rate': 0.057272941944222264, 'n_estimators': 178, 'max_depth': 10, 'min_child_weight': 8, 'subsample': 0.8324628006615963, 'colsample_bytree': 0.8600142799101534, 'reg_alpha': 2.0043436484159685, 'reg_lambda': 3.034273952839109, 'gamma': 0.6907822493485738, 'max_delta_step': 2, 'scale_pos_weight': 0.7545825447558916, 'class_1_weight': 2.0026486996642388, 'threshold': 0.40746076733513736}. Best is trial 239 with value: -0.7239463993594606.
[I 2025-12-07 15:02:56,491] Trial 240 finished with value: -0.7235367024139098 and parameters: {'learning_rate': 0.0522130929245387, 'n_estimators': 217, 'max_depth': 10, 'min_child_weight': 8, 'subsample': 0.8332602000393955, 'colsample_bytree': 0.8147375848004523, 'reg_alpha': 1.998780003269685, 'reg_lambda': 2.1781130780689826, 'gamma': 0.48917753184224916, 'max_delta_step': 2, 'scale_pos_weight': 0.7598064793158749, 'class_1_weight': 2.034644403541991, 'threshold': 0.4550434821529885}. Best is trial 239 with value: -0.7239463993594606.
[I 2025-12-07 15:02:58,342] Trial 243 finished with value: -0.7237102875966988 and parameters: {'learning_rate': 0.05812877368843201, 'n_estimators': 177, 'max_depth': 10, 'min_child_weight': 8, 'subsample': 0.8314188914204562, 'colsample_bytree': 0.7888522399040294, 'reg_alpha': 1.9854382437182145, 'reg_lambda': 2.177923149063231, 'gamma': 0.7078082129101253, 'max_delta_step': 2, 'scale_pos_weight': 0.756070806260543, 'class_1_weight': 1.9682553385334136, 'threshold': 0.4518215749190433}. Best is trial 239 with value: -0.7239463993594606.
[I 2025-12-07 15:03:01,520] Trial 244 finished with value: -0.7234914409581747 and parameters: {'learning_rate': 0.051449465033929505, 'n_estimators': 178, 'max_depth': 10, 'min_child_weight': 9, 'subsample': 0.8182955871004535, 'colsample_bytree': 0.8144775645228949, 'reg_alpha': 2.0701166756684666, 'reg_lambda': 2.2286283205648116, 'gamma': 0.07914637725605617, 'max_delta_step': 2, 'scale_pos_weight': 0.7486760203825011, 'class_1_weight': 1.9575265561111626, 'threshold': 0.4556156610249397}. Best is trial 239 with value: -0.7239463993594606.
[I 2025-12-07 15:03:02,715] Trial 246 finished with value: -0.7236517059640766 and parameters: {'learning_rate': 0.05201694263983122, 'n_estimators': 174, 'max_depth': 10, 'min_child_weight': 8, 'subsample': 0.8181891282464818, 'colsample_bytree': 0.8156924315857881, 'reg_alpha': 2.112708482683851, 'reg_lambda': 2.2058420750871686, 'gamma': 0.07225901366499012, 'max_delta_step': 2, 'scale_pos_weight': 0.712189477428869, 'class_1_weight': 1.9951441823216984, 'threshold': 0.4549978774655165}. Best is trial 239 with value: -0.7239463993594606.
[I 2025-12-07 15:03:03,183] Trial 245 finished with value: -0.724147757321363 and parameters: {'learning_rate': 0.05132287347657943, 'n_estimators': 179, 'max_depth': 10, 'min_child_weight': 8, 'subsample': 0.8213261731207427, 'colsample_bytree': 0.8177651007467134, 'reg_alpha': 2.108757045539603, 'reg_lambda': 2.1265272618401503, 'gamma': 0.7149829729567313, 'max_delta_step': 0, 'scale_pos_weight': 0.7465050391822169, 'class_1_weight': 2.026525947007278, 'threshold': 0.4527687422709486}. Best is trial 245 with value: -0.724147757321363.
[I 2025-12-07 15:03:04,798] Trial 247 finished with value: -0.72348163787325 and parameters: {'learning_rate': 0.05793502629748846, 'n_estimators': 178, 'max_depth': 10, 'min_child_weight': 8, 'subsample': 0.822956593601801, 'colsample_bytree': 0.8164014981684165, 'reg_alpha': 2.096249997865901, 'reg_lambda': 2.1732739409952764, 'gamma': 0.06505511012296164, 'max_delta_step': 2, 'scale_pos_weight': 0.7618684580584577, 'class_1_weight': 2.001895364829114, 'threshold': 0.45511143119878394}. Best is trial 245 with value: -0.724147757321363.
[I 2025-12-07 15:03:09,104] Trial 248 finished with value: -0.7233422567551101 and parameters: {'learning_rate': 0.05089357609136746, 'n_estimators': 179, 'max_depth': 10, 'min_child_weight': 8, 'subsample': 0.8315296547765171, 'colsample_bytree': 0.8162599234537271, 'reg_alpha': 2.124314270840107, 'reg_lambda': 2.199432204160199, 'gamma': 0.06559562461409109, 'max_delta_step': 2, 'scale_pos_weight': 0.7090992077528518, 'class_1_weight': 2.012526788502691, 'threshold': 0.45537898191809767}. Best is trial 245 with value: -0.724147757321363.
[I 2025-12-07 15:03:10,635] Trial 249 finished with value: -0.7230039949442947 and parameters: {'learning_rate': 0.05081195840634212, 'n_estimators': 178, 'max_depth': 10, 'min_child_weight': 8, 'subsample': 0.8316787833457909, 'colsample_bytree': 0.7939661605553859, 'reg_alpha': 2.109033142545969, 'reg_lambda': 2.1975911678704128, 'gamma': 0.7067629916051075, 'max_delta_step': 0, 'scale_pos_weight': 0.7074278039777697, 'class_1_weight': 1.9993333235382194, 'threshold': 0.404317378155713}. Best is trial 245 with value: -0.724147757321363.
[I 2025-12-07 15:03:10,640] Trial 252 finished with value: -0.723243095502053 and parameters: {'learning_rate': 0.058233457360293645, 'n_estimators': 174, 'max_depth': 10, 'min_child_weight': 9, 'subsample': 0.8291492754330008, 'colsample_bytree': 0.795447928513818, 'reg_alpha': 1.688860633213038, 'reg_lambda': 2.186753483510732, 'gamma': 0.4832140602211472, 'max_delta_step': 2, 'scale_pos_weight': 0.717355054947292, 'class_1_weight': 1.9954274011474342, 'threshold': 0.40981859598146547}. Best is trial 245 with value: -0.724147757321363.
[I 2025-12-07 15:03:11,433] Trial 250 finished with value: -0.7235716930083562 and parameters: {'learning_rate': 0.05734522583400681, 'n_estimators': 177, 'max_depth': 10, 'min_child_weight': 8, 'subsample': 0.8336515337901347, 'colsample_bytree': 0.7944762595905199, 'reg_alpha': 2.100283493235572, 'reg_lambda': 2.200849415071241, 'gamma': 0.49123404004914856, 'max_delta_step': 0, 'scale_pos_weight': 0.7088293168517424, 'class_1_weight': 2.0313455589395804, 'threshold': 0.4555705953860787}. Best is trial 245 with value: -0.724147757321363.
[I 2025-12-07 15:03:11,930] Trial 251 finished with value: -0.7234991941865176 and parameters: {'learning_rate': 0.05771117277457444, 'n_estimators': 182, 'max_depth': 10, 'min_child_weight': 8, 'subsample': 0.8347310519270471, 'colsample_bytree': 0.7990226084028427, 'reg_alpha': 1.6981885569891684, 'reg_lambda': 2.1820528173874996, 'gamma': 0.6651348890618152, 'max_delta_step': 0, 'scale_pos_weight': 0.7056926388843321, 'class_1_weight': 2.0057901775228637, 'threshold': 0.45529045573720234}. Best is trial 245 with value: -0.724147757321363.
[I 2025-12-07 15:03:13,932] Trial 253 finished with value: -0.7150258967757421 and parameters: {'learning_rate': 0.05185973655394747, 'n_estimators': 177, 'max_depth': 10, 'min_child_weight': 9, 'subsample': 0.8333659090310579, 'colsample_bytree': 0.7953509571418196, 'reg_alpha': 1.6883623810034816, 'reg_lambda': 1.7663041634685397, 'gamma': 0.6801753643553494, 'max_delta_step': 0, 'scale_pos_weight': 0.7127848162829885, 'class_1_weight': 2.0039839412779044, 'threshold': 0.2328008528477621}. Best is trial 245 with value: -0.724147757321363.
[I 2025-12-07 15:03:14,401] Trial 255 finished with value: -0.7214436659071577 and parameters: {'learning_rate': 0.058819658222230536, 'n_estimators': 176, 'max_depth': 10, 'min_child_weight': 16, 'subsample': 0.8336178659970197, 'colsample_bytree': 0.796255935846973, 'reg_alpha': 1.6637340652139838, 'reg_lambda': 1.750385145098367, 'gamma': 0.6379481672027829, 'max_delta_step': 0, 'scale_pos_weight': 0.7100361400114837, 'class_1_weight': 1.3240499259997438, 'threshold': 0.4003825080977222}. Best is trial 245 with value: -0.724147757321363.
[I 2025-12-07 15:03:14,833] Trial 254 finished with value: -0.7230855675122834 and parameters: {'learning_rate': 0.051195194655394474, 'n_estimators': 178, 'max_depth': 10, 'min_child_weight': 9, 'subsample': 0.8341237602919979, 'colsample_bytree': 0.7927517181843473, 'reg_alpha': 2.118993597639211, 'reg_lambda': 2.18991371536354, 'gamma': 0.0741652688979875, 'max_delta_step': 2, 'scale_pos_weight': 0.7086194308190702, 'class_1_weight': 1.9934060349786993, 'threshold': 0.45839200916818107}. Best is trial 245 with value: -0.724147757321363.
[I 2025-12-07 15:03:17,278] Trial 257 finished with value: -0.6681526191780021 and parameters: {'learning_rate': 0.051193423235193575, 'n_estimators': 179, 'max_depth': 10, 'min_child_weight': 16, 'subsample': 0.8299838695499091, 'colsample_bytree': 0.7986777840742957, 'reg_alpha': 1.6892190039373538, 'reg_lambda': 1.744717849955714, 'gamma': 0.6637066296560026, 'max_delta_step': 2, 'scale_pos_weight': 0.7116620907060097, 'class_1_weight': 1.2134195870047757, 'threshold': 0.4929251349822183}. Best is trial 245 with value: -0.724147757321363.
[I 2025-12-07 15:03:17,629] Trial 256 finished with value: -0.7169875839158578 and parameters: {'learning_rate': 0.05872352024437824, 'n_estimators': 177, 'max_depth': 10, 'min_child_weight': 7, 'subsample': 0.8325674539227685, 'colsample_bytree': 0.8005569992165671, 'reg_alpha': 1.6862264106360745, 'reg_lambda': 2.1847165216029336, 'gamma': 0.6675781751891597, 'max_delta_step': 0, 'scale_pos_weight': 0.7246595184730745, 'class_1_weight': 2.0045938359816233, 'threshold': 0.5215725294987097}. Best is trial 245 with value: -0.724147757321363.
[I 2025-12-07 15:03:20,269] Trial 258 finished with value: -0.7235041522774347 and parameters: {'learning_rate': 0.05856176227929512, 'n_estimators': 176, 'max_depth': 10, 'min_child_weight': 7, 'subsample': 0.8302381977174642, 'colsample_bytree': 0.7934525293293835, 'reg_alpha': 1.6630654617473442, 'reg_lambda': 1.8390697546252661, 'gamma': 0.6606800371809729, 'max_delta_step': 0, 'scale_pos_weight': 0.706698158085046, 'class_1_weight': 2.004291756726504, 'threshold': 0.45590225790441397}. Best is trial 245 with value: -0.724147757321363.
[I 2025-12-07 15:03:23,034] Trial 259 finished with value: -0.6868639684936142 and parameters: {'learning_rate': 0.05914984234691021, 'n_estimators': 178, 'max_depth': 10, 'min_child_weight': 7, 'subsample': 0.8322982470718533, 'colsample_bytree': 0.7961830455199492, 'reg_alpha': 1.7008648924906744, 'reg_lambda': 1.7882622175191594, 'gamma': 0.6502866924806813, 'max_delta_step': 3, 'scale_pos_weight': 0.730534855931662, 'class_1_weight': 1.1228335288539562, 'threshold': 0.458930077635117}. Best is trial 245 with value: -0.724147757321363.
[I 2025-12-07 15:03:25,492] Trial 265 finished with value: -0.7236804912927381 and parameters: {'learning_rate': 0.059164259188833924, 'n_estimators': 177, 'max_depth': 10, 'min_child_weight': 16, 'subsample': 0.8324536825508205, 'colsample_bytree': 0.7972039956280412, 'reg_alpha': 1.7008452025026666, 'reg_lambda': 1.7471238563981792, 'gamma': 0.648665484398032, 'max_delta_step': 3, 'scale_pos_weight': 0.7111273221797478, 'class_1_weight': 2.091044786636671, 'threshold': 0.45420907075792444}. Best is trial 245 with value: -0.724147757321363.
[I 2025-12-07 15:03:25,979] Trial 262 finished with value: -0.6859326745851158 and parameters: {'learning_rate': 0.05096513390610062, 'n_estimators': 172, 'max_depth': 10, 'min_child_weight': 7, 'subsample': 0.8310387394705931, 'colsample_bytree': 0.7952350429564686, 'reg_alpha': 1.692074294215743, 'reg_lambda': 1.665461151101769, 'gamma': 0.6451746956130867, 'max_delta_step': 3, 'scale_pos_weight': 0.718021662642453, 'class_1_weight': 1.3139544927106694, 'threshold': 0.49215151527052886}. Best is trial 245 with value: -0.724147757321363.
[I 2025-12-07 15:03:26,292] Trial 260 finished with value: -0.7217828144481265 and parameters: {'learning_rate': 0.05118726085011569, 'n_estimators': 178, 'max_depth': 10, 'min_child_weight': 7, 'subsample': 0.8339727882634707, 'colsample_bytree': 0.7957189799555496, 'reg_alpha': 1.6817058891534673, 'reg_lambda': 1.804414407070839, 'gamma': 0.6291225896178497, 'max_delta_step': 0, 'scale_pos_weight': 0.708301431809844, 'class_1_weight': 2.046944179834137, 'threshold': 0.4931176456359953}. Best is trial 245 with value: -0.724147757321363.
[I 2025-12-07 15:03:26,954] Trial 261 finished with value: -0.6907180730120657 and parameters: {'learning_rate': 0.05138145703602859, 'n_estimators': 179, 'max_depth': 10, 'min_child_weight': 7, 'subsample': 0.8358274780004774, 'colsample_bytree': 0.795190804277733, 'reg_alpha': 1.6756750399271045, 'reg_lambda': 2.2076730136394453, 'gamma': 0.64169213821246, 'max_delta_step': 0, 'scale_pos_weight': 0.7128707049022476, 'class_1_weight': 1.3713056210326835, 'threshold': 0.4940121228445371}. Best is trial 245 with value: -0.724147757321363.
[I 2025-12-07 15:03:27,549] Trial 263 finished with value: -0.6746492899054729 and parameters: {'learning_rate': 0.059019469493979224, 'n_estimators': 178, 'max_depth': 10, 'min_child_weight': 7, 'subsample': 0.8329433255953382, 'colsample_bytree': 0.7995279087781543, 'reg_alpha': 1.705663312404622, 'reg_lambda': 1.7781433010769345, 'gamma': 0.6126522327268296, 'max_delta_step': 0, 'scale_pos_weight': 0.7111651012749794, 'class_1_weight': 1.2293095671979348, 'threshold': 0.49128527264857835}. Best is trial 245 with value: -0.724147757321363.
[I 2025-12-07 15:03:28,132] Trial 274 finished with value: -0.7169354873295744 and parameters: {'learning_rate': 0.05981708772607176, 'n_estimators': 195, 'max_depth': 3, 'min_child_weight': 7, 'subsample': 0.8436733463463102, 'colsample_bytree': 0.8005630685088329, 'reg_alpha': 2.4521011859725164, 'reg_lambda': 1.808089639531624, 'gamma': 0.6544516124154233, 'max_delta_step': 0, 'scale_pos_weight': 0.7307065346337358, 'class_1_weight': 2.0954557514002485, 'threshold': 0.4516446601829948}. Best is trial 245 with value: -0.724147757321363.
[I 2025-12-07 15:03:28,333] Trial 276 finished with value: -0.7165582856594874 and parameters: {'learning_rate': 0.059796961100645356, 'n_estimators': 181, 'max_depth': 3, 'min_child_weight': 7, 'subsample': 0.8431180363028695, 'colsample_bytree': 0.7994019562107403, 'reg_alpha': 2.4103431713595316, 'reg_lambda': 2.0728894390602908, 'gamma': 0.654008220913847, 'max_delta_step': 0, 'scale_pos_weight': 0.7300515632060637, 'class_1_weight': 2.1171604618984503, 'threshold': 0.4935808605041627}. Best is trial 245 with value: -0.724147757321363.
[I 2025-12-07 15:03:28,954] Trial 264 finished with value: -0.7222000318303179 and parameters: {'learning_rate': 0.05892046129896175, 'n_estimators': 182, 'max_depth': 10, 'min_child_weight': 7, 'subsample': 0.8329505566244465, 'colsample_bytree': 0.7977226818272148, 'reg_alpha': 1.6893038127315774, 'reg_lambda': 1.7834354853850773, 'gamma': 0.665353771994294, 'max_delta_step': 0, 'scale_pos_weight': 0.7069849620084504, 'class_1_weight': 2.103585467419276, 'threshold': 0.49311255283425137}. Best is trial 245 with value: -0.724147757321363.
[I 2025-12-07 15:03:29,424] Trial 267 finished with value: -0.6608283221204236 and parameters: {'learning_rate': 0.06048518823947488, 'n_estimators': 178, 'max_depth': 10, 'min_child_weight': 16, 'subsample': 0.8341195850271803, 'colsample_bytree': 0.7971066300327633, 'reg_alpha': 1.6923513948895117, 'reg_lambda': 1.7351646623288706, 'gamma': 0.6612744817998453, 'max_delta_step': 3, 'scale_pos_weight': 0.7104085336269004, 'class_1_weight': 1.1716970964396682, 'threshold': 0.49107560526462446}. Best is trial 245 with value: -0.724147757321363.
[I 2025-12-07 15:03:30,838] Trial 266 finished with value: -0.6830493857593043 and parameters: {'learning_rate': 0.05937776571084085, 'n_estimators': 183, 'max_depth': 10, 'min_child_weight': 7, 'subsample': 0.8334348514213872, 'colsample_bytree': 0.7993377501748199, 'reg_alpha': 2.13995400300561, 'reg_lambda': 1.7193865731565214, 'gamma': 0.647628046262298, 'max_delta_step': 3, 'scale_pos_weight': 0.7075133991644463, 'class_1_weight': 1.3289381701658587, 'threshold': 0.49531848042190674}. Best is trial 245 with value: -0.724147757321363.
[I 2025-12-07 15:03:35,461] Trial 268 finished with value: -0.7240301060776504 and parameters: {'learning_rate': 0.059228278520437314, 'n_estimators': 180, 'max_depth': 10, 'min_child_weight': 7, 'subsample': 0.836707800308529, 'colsample_bytree': 0.7969566196815329, 'reg_alpha': 2.1394806189646576, 'reg_lambda': 1.817073664723239, 'gamma': 0.6470448680904902, 'max_delta_step': 3, 'scale_pos_weight': 0.7145268924566623, 'class_1_weight': 2.053831073396556, 'threshold': 0.45297009599792953}. Best is trial 245 with value: -0.724147757321363.
[I 2025-12-07 15:03:37,887] Trial 270 finished with value: -0.7235232798087443 and parameters: {'learning_rate': 0.05916333417973, 'n_estimators': 178, 'max_depth': 10, 'min_child_weight': 7, 'subsample': 0.8345884607978155, 'colsample_bytree': 0.7933513673017735, 'reg_alpha': 2.1215831791190656, 'reg_lambda': 2.2236165136549295, 'gamma': 0.6450688233239794, 'max_delta_step': 0, 'scale_pos_weight': 0.7278412167131584, 'class_1_weight': 2.2504083435929663, 'threshold': 0.4521399224003515}. Best is trial 245 with value: -0.724147757321363.
[I 2025-12-07 15:03:37,912] Trial 282 finished with value: -0.7163932150050554 and parameters: {'learning_rate': 0.060249822983454104, 'n_estimators': 197, 'max_depth': 3, 'min_child_weight': 6, 'subsample': 0.841366181959586, 'colsample_bytree': 0.7890079044966918, 'reg_alpha': 2.4137115767761586, 'reg_lambda': 2.0850038165739413, 'gamma': 0.14815514242678415, 'max_delta_step': 0, 'scale_pos_weight': 0.7890177175031575, 'class_1_weight': 2.1373624399287627, 'threshold': 0.4475352161789114}. Best is trial 245 with value: -0.724147757321363.
[I 2025-12-07 15:03:38,076] Trial 271 finished with value: -0.7114455150043437 and parameters: {'learning_rate': 0.05978687926738055, 'n_estimators': 176, 'max_depth': 10, 'min_child_weight': 9, 'subsample': 0.8392437813880013, 'colsample_bytree': 0.7967694197989241, 'reg_alpha': 2.1464732312329624, 'reg_lambda': 2.1926539856762854, 'gamma': 0.6556770749518595, 'max_delta_step': 0, 'scale_pos_weight': 0.7126246157013665, 'class_1_weight': 2.12133227392802, 'threshold': 0.1366741179767419}. Best is trial 245 with value: -0.724147757321363.
[I 2025-12-07 15:03:39,905] Trial 269 finished with value: -0.7240629413534097 and parameters: {'learning_rate': 0.051647338218921396, 'n_estimators': 198, 'max_depth': 10, 'min_child_weight': 9, 'subsample': 0.8358395899090673, 'colsample_bytree': 0.7967924169586228, 'reg_alpha': 2.140907459123406, 'reg_lambda': 1.761540498905228, 'gamma': 0.6655878156331443, 'max_delta_step': 0, 'scale_pos_weight': 0.7255196521381658, 'class_1_weight': 1.1554557964778467, 'threshold': 0.339043099741066}. Best is trial 245 with value: -0.724147757321363.
[I 2025-12-07 15:03:42,894] Trial 273 finished with value: -0.6149051313694259 and parameters: {'learning_rate': 0.0603029124624506, 'n_estimators': 175, 'max_depth': 10, 'min_child_weight': 7, 'subsample': 0.8392490976833733, 'colsample_bytree': 0.7975412811524341, 'reg_alpha': 2.1345825863286914, 'reg_lambda': 2.0922033630346655, 'gamma': 0.6461047476978953, 'max_delta_step': 3, 'scale_pos_weight': 0.7272601584886575, 'class_1_weight': 0.9456297323765612, 'threshold': 0.4883915071715956}. Best is trial 245 with value: -0.724147757321363.
