[I 2025-12-07 14:59:15,184] Trial 80 finished with value: -0.719080623168433 and parameters: {'learning_rate': 0.08738202958822874, 'n_estimators': 372, 'max_depth': 5, 'min_child_weight': 18, 'subsample': 0.8894504018932705, 'colsample_bytree': 0.7522904710876429, 'reg_alpha': 4.0179037577145, 'reg_lambda': 0.40132963029510826, 'gamma': 0.42192340821968344, 'max_delta_step': 9, 'scale_pos_weight': 1.0738164886092518, 'class_1_weight': 2.8603336429889814, 'threshold': 0.5301630129610979}. Best is trial 20 with value: -0.7229425669013044.
[I 2025-12-07 14:59:15,515] Trial 86 finished with value: -0.7195423562763639 and parameters: {'learning_rate': 0.08777701469849568, 'n_estimators': 360, 'max_depth': 10, 'min_child_weight': 17, 'subsample': 0.8997549561199829, 'colsample_bytree': 0.7649739600002062, 'reg_alpha': 2.7015073144893798, 'reg_lambda': 0.41781104665769586, 'gamma': 1.1166326688367008, 'max_delta_step': 10, 'scale_pos_weight': 0.9659982362093895, 'class_1_weight': 4.069092126120555, 'threshold': 0.525900173938685}. Best is trial 20 with value: -0.7229425669013044.
[I 2025-12-07 14:59:15,677] Trial 75 finished with value: -0.4207206676537151 and parameters: {'learning_rate': 0.0639333345953554, 'n_estimators': 363, 'max_depth': 7, 'min_child_weight': 14, 'subsample': 0.8889469836446822, 'colsample_bytree': 0.7655958675157006, 'reg_alpha': 3.9056068601787994, 'reg_lambda': 0.45841946972460307, 'gamma': 0.4440285726529998, 'max_delta_step': 9, 'scale_pos_weight': 0.5391835299600674, 'class_1_weight': 0.9827328546422249, 'threshold': 0.5283002253807758}. Best is trial 20 with value: -0.7229425669013044.
[I 2025-12-07 14:59:17,873] Trial 81 finished with value: -0.7196136974120101 and parameters: {'learning_rate': 0.0850557619700237, 'n_estimators': 376, 'max_depth': 5, 'min_child_weight': 18, 'subsample': 0.8926574808464901, 'colsample_bytree': 0.7983696248378503, 'reg_alpha': 2.7064593508936814, 'reg_lambda': 0.372816733370815, 'gamma': 0.43051945704924477, 'max_delta_step': 10, 'scale_pos_weight': 1.0558591946792486, 'class_1_weight': 2.91274432294311, 'threshold': 0.5347341695138519}. Best is trial 20 with value: -0.7229425669013044.
[I 2025-12-07 14:59:17,946] Trial 64 finished with value: -0.6982676298066639 and parameters: {'learning_rate': 0.01773671051196933, 'n_estimators': 424, 'max_depth': 9, 'min_child_weight': 18, 'subsample': 0.797535990331329, 'colsample_bytree': 0.7481566077711596, 'reg_alpha': 3.2754293868211573, 'reg_lambda': 0.48298316076961706, 'gamma': 1.0847270520312606, 'max_delta_step': 5, 'scale_pos_weight': 0.5180122907338389, 'class_1_weight': 2.997115719360577, 'threshold': 0.5934557008776433}. Best is trial 20 with value: -0.7229425669013044.
[I 2025-12-07 14:59:19,054] Trial 83 finished with value: -0.7214738464504522 and parameters: {'learning_rate': 0.0700906008272789, 'n_estimators': 374, 'max_depth': 10, 'min_child_weight': 15, 'subsample': 0.8879412861037792, 'colsample_bytree': 0.7987908552522068, 'reg_alpha': 2.686865042762733, 'reg_lambda': 0.3132069729793065, 'gamma': 1.1264546663022967, 'max_delta_step': 9, 'scale_pos_weight': 1.027819784175695, 'class_1_weight': 3.0445130989034834, 'threshold': 0.5301512113089644}. Best is trial 20 with value: -0.7229425669013044.
[I 2025-12-07 14:59:19,434] Trial 84 finished with value: -0.7219655481449522 and parameters: {'learning_rate': 0.07320053035726522, 'n_estimators': 364, 'max_depth': 10, 'min_child_weight': 15, 'subsample': 0.8902655782650555, 'colsample_bytree': 0.7599635761529739, 'reg_alpha': 2.712189232880724, 'reg_lambda': 0.542172343982382, 'gamma': 0.4652755127912971, 'max_delta_step': 10, 'scale_pos_weight': 0.8816663284170806, 'class_1_weight': 2.8996197516091944, 'threshold': 0.5207044404339286}. Best is trial 20 with value: -0.7229425669013044.
[I 2025-12-07 14:59:19,900] Trial 82 finished with value: -0.7209925881986938 and parameters: {'learning_rate': 0.06751853005512265, 'n_estimators': 373, 'max_depth': 10, 'min_child_weight': 18, 'subsample': 0.8986983122833867, 'colsample_bytree': 0.796854434696029, 'reg_alpha': 2.6813475079965294, 'reg_lambda': 0.44390747969476385, 'gamma': 1.1357949995950558, 'max_delta_step': 9, 'scale_pos_weight': 1.107723912135689, 'class_1_weight': 3.0394495647180966, 'threshold': 0.5341740959553696}. Best is trial 20 with value: -0.7229425669013044.
[I 2025-12-07 14:59:20,135] Trial 85 finished with value: -0.7224659391529261 and parameters: {'learning_rate': 0.08582638302539171, 'n_estimators': 359, 'max_depth': 10, 'min_child_weight': 15, 'subsample': 0.8930495262518601, 'colsample_bytree': 0.7595722192250488, 'reg_alpha': 3.4872206073261385, 'reg_lambda': 0.3138313680599524, 'gamma': 0.4609118695456641, 'max_delta_step': 10, 'scale_pos_weight': 0.898332198931099, 'class_1_weight': 2.798193299263555, 'threshold': 0.5332544141560523}. Best is trial 20 with value: -0.7229425669013044.
[I 2025-12-07 14:59:20,714] Trial 87 finished with value: -0.7016096398279638 and parameters: {'learning_rate': 0.0856334523749561, 'n_estimators': 359, 'max_depth': 10, 'min_child_weight': 15, 'subsample': 0.8994001662872537, 'colsample_bytree': 0.763366895119112, 'reg_alpha': 3.491912455784583, 'reg_lambda': 0.28065047756125505, 'gamma': 1.1521320524484877, 'max_delta_step': 4, 'scale_pos_weight': 0.4787833013733583, 'class_1_weight': 2.7559563910014537, 'threshold': 0.538390576377951}. Best is trial 20 with value: -0.7229425669013044.
[I 2025-12-07 14:59:21,796] Trial 69 finished with value: -0.6972007049255355 and parameters: {'learning_rate': 0.01825195040884498, 'n_estimators': 380, 'max_depth': 9, 'min_child_weight': 18, 'subsample': 0.8832749472670227, 'colsample_bytree': 0.7992125915466484, 'reg_alpha': 4.164631544097663, 'reg_lambda': 0.45649210815184904, 'gamma': 0.3769890334810628, 'max_delta_step': 9, 'scale_pos_weight': 0.49721814833038225, 'class_1_weight': 2.999420604056194, 'threshold': 0.5866772068317782}. Best is trial 20 with value: -0.7229425669013044.
[I 2025-12-07 14:59:22,079] Trial 91 finished with value: -0.7220246249357769 and parameters: {'learning_rate': 0.08724435460414899, 'n_estimators': 288, 'max_depth': 10, 'min_child_weight': 15, 'subsample': 0.7702855308104554, 'colsample_bytree': 0.7714354666129716, 'reg_alpha': 3.6215913190645894, 'reg_lambda': 0.30708523664913734, 'gamma': 1.1271546061147804, 'max_delta_step': 4, 'scale_pos_weight': 0.9966745638944955, 'class_1_weight': 2.813323003970295, 'threshold': 0.5363903076020958}. Best is trial 20 with value: -0.7229425669013044.
[I 2025-12-07 14:59:25,989] Trial 89 finished with value: -0.7220816557904608 and parameters: {'learning_rate': 0.06855482656609109, 'n_estimators': 346, 'max_depth': 10, 'min_child_weight': 15, 'subsample': 0.8985769152121214, 'colsample_bytree': 0.7618585634458078, 'reg_alpha': 2.709140959377064, 'reg_lambda': 0.4020710961294954, 'gamma': 1.1564330028239131, 'max_delta_step': 4, 'scale_pos_weight': 0.9436038381499321, 'class_1_weight': 2.8388850434978528, 'threshold': 0.5416928124641966}. Best is trial 20 with value: -0.7229425669013044.
[I 2025-12-07 14:59:28,818] Trial 88 finished with value: -0.7189410221435896 and parameters: {'learning_rate': 0.07214543548827908, 'n_estimators': 346, 'max_depth': 10, 'min_child_weight': 15, 'subsample': 0.8948649609225499, 'colsample_bytree': 0.7677408569565537, 'reg_alpha': 3.6629067992500994, 'reg_lambda': 0.26538929155023266, 'gamma': 0.7849775600453092, 'max_delta_step': 4, 'scale_pos_weight': 0.9827765322483208, 'class_1_weight': 2.7895676655720574, 'threshold': 0.4230474161931468}. Best is trial 20 with value: -0.7229425669013044.
[I 2025-12-07 14:59:30,110] Trial 90 finished with value: -0.7230649947345091 and parameters: {'learning_rate': 0.06989723931700967, 'n_estimators': 342, 'max_depth': 10, 'min_child_weight': 15, 'subsample': 0.898514193505068, 'colsample_bytree': 0.7593479706941176, 'reg_alpha': 2.7250867710927387, 'reg_lambda': 0.29177504254196707, 'gamma': 1.163359066210679, 'max_delta_step': 4, 'scale_pos_weight': 0.8881760758470518, 'class_1_weight': 2.7249756239395566, 'threshold': 0.5257918561324608}. Best is trial 90 with value: -0.7230649947345091.
[I 2025-12-07 14:59:30,468] Trial 72 finished with value: -0.7209582358692446 and parameters: {'learning_rate': 0.017772222233661667, 'n_estimators': 369, 'max_depth': 10, 'min_child_weight': 18, 'subsample': 0.7803392666879755, 'colsample_bytree': 0.8017329881370514, 'reg_alpha': 4.093416973077552, 'reg_lambda': 0.41200902300589876, 'gamma': 0.44093153306836597, 'max_delta_step': 9, 'scale_pos_weight': 1.1326313294214587, 'class_1_weight': 3.0441696215688276, 'threshold': 0.5840311973514477}. Best is trial 90 with value: -0.7230649947345091.
[I 2025-12-07 14:59:32,906] Trial 92 finished with value: -0.7223251394817888 and parameters: {'learning_rate': 0.08676456012889162, 'n_estimators': 348, 'max_depth': 10, 'min_child_weight': 15, 'subsample': 0.8987137417510589, 'colsample_bytree': 0.7670970801953546, 'reg_alpha': 2.6978770303881587, 'reg_lambda': 0.2120901891437183, 'gamma': 1.1330364405288218, 'max_delta_step': 4, 'scale_pos_weight': 0.9788481535065546, 'class_1_weight': 2.7637900467488055, 'threshold': 0.5349804389544837}. Best is trial 90 with value: -0.7230649947345091.
[I 2025-12-07 14:59:34,144] Trial 94 finished with value: -0.7187130002048925 and parameters: {'learning_rate': 0.0864776536080332, 'n_estimators': 308, 'max_depth': 10, 'min_child_weight': 15, 'subsample': 0.8496361912555627, 'colsample_bytree': 0.7619271559265486, 'reg_alpha': 2.7139535407259348, 'reg_lambda': 0.26454247359297206, 'gamma': 0.7834004512321991, 'max_delta_step': 10, 'scale_pos_weight': 0.9036346827829707, 'class_1_weight': 2.7171242092383405, 'threshold': 0.4120187689514856}. Best is trial 90 with value: -0.7230649947345091.
[I 2025-12-07 14:59:35,479] Trial 96 finished with value: -0.7182440694083292 and parameters: {'learning_rate': 0.06838884915217361, 'n_estimators': 284, 'max_depth': 4, 'min_child_weight': 15, 'subsample': 0.8975285181473586, 'colsample_bytree': 0.7109110531600873, 'reg_alpha': 4.875102254500334, 'reg_lambda': 0.25778424720919924, 'gamma': 0.7643029652539282, 'max_delta_step': 8, 'scale_pos_weight': 0.9510720656795221, 'class_1_weight': 2.76690587071519, 'threshold': 0.539503421114383}. Best is trial 90 with value: -0.7230649947345091.
[I 2025-12-07 14:59:37,979] Trial 97 finished with value: -0.7223149172467161 and parameters: {'learning_rate': 0.08523745215787619, 'n_estimators': 287, 'max_depth': 10, 'min_child_weight': 17, 'subsample': 0.8484546284606559, 'colsample_bytree': 0.7586751050592121, 'reg_alpha': 2.686665323599014, 'reg_lambda': 0.23664519554286667, 'gamma': 0.7778122339045475, 'max_delta_step': 8, 'scale_pos_weight': 0.9420714655528164, 'class_1_weight': 2.795959909565775, 'threshold': 0.5394944479542159}. Best is trial 90 with value: -0.7230649947345091.
[I 2025-12-07 14:59:39,510] Trial 93 finished with value: -0.7221867224622092 and parameters: {'learning_rate': 0.07004138497134184, 'n_estimators': 284, 'max_depth': 10, 'min_child_weight': 15, 'subsample': 0.8942725668041723, 'colsample_bytree': 0.758307595215073, 'reg_alpha': 2.688035180076549, 'reg_lambda': 0.2846376090345276, 'gamma': 1.1692518304722546, 'max_delta_step': 4, 'scale_pos_weight': 0.9631343930136389, 'class_1_weight': 2.784061918991751, 'threshold': 0.5339612392491888}. Best is trial 90 with value: -0.7230649947345091.
[I 2025-12-07 14:59:39,601] Trial 99 finished with value: -0.7159897361100518 and parameters: {'learning_rate': 0.0737963945440406, 'n_estimators': 285, 'max_depth': 4, 'min_child_weight': 17, 'subsample': 0.8983372758258802, 'colsample_bytree': 0.7608708617266156, 'reg_alpha': 4.6363807602217175, 'reg_lambda': 0.2493700544734359, 'gamma': 0.7227416606020864, 'max_delta_step': 10, 'scale_pos_weight': 0.9636771880681786, 'class_1_weight': 2.2812183773400907, 'threshold': 0.4140932313209812}. Best is trial 90 with value: -0.7230649947345091.
[I 2025-12-07 14:59:39,815] Trial 100 finished with value: -0.7195269178761201 and parameters: {'learning_rate': 0.07302072282355637, 'n_estimators': 283, 'max_depth': 4, 'min_child_weight': 17, 'subsample': 0.8963808985050422, 'colsample_bytree': 0.7636448466270782, 'reg_alpha': 4.760446302829127, 'reg_lambda': 0.7040527667197871, 'gamma': 0.8235658048455882, 'max_delta_step': 10, 'scale_pos_weight': 0.9550750620394534, 'class_1_weight': 2.7406059439310493, 'threshold': 0.5700638493809925}. Best is trial 90 with value: -0.7230649947345091.
[I 2025-12-07 14:59:40,823] Trial 95 finished with value: -0.7228683644249412 and parameters: {'learning_rate': 0.07131431617045028, 'n_estimators': 300, 'max_depth': 10, 'min_child_weight': 15, 'subsample': 0.8960653569068183, 'colsample_bytree': 0.7624850915520776, 'reg_alpha': 2.655921473185921, 'reg_lambda': 0.274324756193559, 'gamma': 0.767707078870518, 'max_delta_step': 4, 'scale_pos_weight': 0.8081265265097777, 'class_1_weight': 2.7150902508722328, 'threshold': 0.5380355323278833}. Best is trial 90 with value: -0.7230649947345091.
[I 2025-12-07 14:59:40,937] Trial 98 finished with value: -0.7224471117262654 and parameters: {'learning_rate': 0.08568727749819084, 'n_estimators': 293, 'max_depth': 10, 'min_child_weight': 17, 'subsample': 0.8579748461451397, 'colsample_bytree': 0.7639657039959572, 'reg_alpha': 2.6987681345464485, 'reg_lambda': 1.8558569204884854, 'gamma': 0.764018139154354, 'max_delta_step': 10, 'scale_pos_weight': 0.9539719414863052, 'class_1_weight': 2.754027083055691, 'threshold': 0.5412139111068336}. Best is trial 90 with value: -0.7230649947345091.
[I 2025-12-07 14:59:41,439] Trial 102 finished with value: -0.7181890918399345 and parameters: {'learning_rate': 0.07910587457437646, 'n_estimators': 294, 'max_depth': 4, 'min_child_weight': 17, 'subsample': 0.8598472609825217, 'colsample_bytree': 0.7763506069998998, 'reg_alpha': 4.697738026980484, 'reg_lambda': 0.23571435522622466, 'gamma': 0.7602261763041569, 'max_delta_step': 8, 'scale_pos_weight': 0.790607604536614, 'class_1_weight': 2.2443393338112037, 'threshold': 0.4241906791323039}. Best is trial 90 with value: -0.7230649947345091.
[I 2025-12-07 14:59:43,504] Trial 103 finished with value: -0.7194288900487557 and parameters: {'learning_rate': 0.07624456946661771, 'n_estimators': 292, 'max_depth': 4, 'min_child_weight': 17, 'subsample': 0.8571914928901649, 'colsample_bytree': 0.7765660503426898, 'reg_alpha': 4.504919527653838, 'reg_lambda': 0.23683006804384862, 'gamma': 0.7891615141213804, 'max_delta_step': 8, 'scale_pos_weight': 0.860896276199599, 'class_1_weight': 2.2555600520854915, 'threshold': 0.5684794756811039}. Best is trial 90 with value: -0.7230649947345091.
[I 2025-12-07 14:59:44,389] Trial 105 finished with value: -0.7190231510429619 and parameters: {'learning_rate': 0.07507535241558787, 'n_estimators': 290, 'max_depth': 4, 'min_child_weight': 17, 'subsample': 0.8612050173618864, 'colsample_bytree': 0.7895429387035721, 'reg_alpha': 4.595861550005187, 'reg_lambda': 0.2056447580836333, 'gamma': 1.177940983556967, 'max_delta_step': 8, 'scale_pos_weight': 0.7979936589446451, 'class_1_weight': 2.325188929220504, 'threshold': 0.5614982944231747}. Best is trial 90 with value: -0.7230649947345091.
[I 2025-12-07 14:59:44,602] Trial 104 finished with value: -0.7160694554209068 and parameters: {'learning_rate': 0.07707307211274876, 'n_estimators': 307, 'max_depth': 4, 'min_child_weight': 17, 'subsample': 0.8518576103888365, 'colsample_bytree': 0.7877612125617129, 'reg_alpha': 4.620637828038308, 'reg_lambda': 0.2569239985329743, 'gamma': 0.7858558802248846, 'max_delta_step': 8, 'scale_pos_weight': 0.8478904027825407, 'class_1_weight': 2.708931255791687, 'threshold': 0.42189399123552757}. Best is trial 90 with value: -0.7230649947345091.
[I 2025-12-07 14:59:45,592] Trial 101 finished with value: -0.715445940134472 and parameters: {'learning_rate': 0.0704444386898964, 'n_estimators': 288, 'max_depth': 6, 'min_child_weight': 15, 'subsample': 0.8514139254752875, 'colsample_bytree': 0.7906647600591595, 'reg_alpha': 4.562069567510816, 'reg_lambda': 0.25507596776421754, 'gamma': 0.7574247414889163, 'max_delta_step': 8, 'scale_pos_weight': 0.7827575015054239, 'class_1_weight': 2.14107758412265, 'threshold': 0.5673278468086809}. Best is trial 90 with value: -0.7230649947345091.
[I 2025-12-07 14:59:47,138] Trial 111 finished with value: -0.7176010176228453 and parameters: {'learning_rate': 0.07890439938090778, 'n_estimators': 284, 'max_depth': 4, 'min_child_weight': 15, 'subsample': 0.8482552404302005, 'colsample_bytree': 0.7778272825459157, 'reg_alpha': 3.64199088190391, 'reg_lambda': 0.6290554621249919, 'gamma': 0.7582083699997477, 'max_delta_step': 8, 'scale_pos_weight': 0.8135422404661848, 'class_1_weight': 2.3801382256977606, 'threshold': 0.4274642677689784}. Best is trial 90 with value: -0.7230649947345091.
[I 2025-12-07 14:59:49,826] Trial 109 finished with value: -0.7179146043422582 and parameters: {'learning_rate': 0.0773502736055312, 'n_estimators': 336, 'max_depth': 4, 'min_child_weight': 15, 'subsample': 0.8544621889258486, 'colsample_bytree': 0.7732665070542638, 'reg_alpha': 4.899027680516035, 'reg_lambda': 0.2061689749152204, 'gamma': 0.8265154123972593, 'max_delta_step': 8, 'scale_pos_weight': 0.821794696511022, 'class_1_weight': 2.2760505458125095, 'threshold': 0.4249596135835152}. Best is trial 90 with value: -0.7230649947345091.
[I 2025-12-07 14:59:50,246] Trial 112 finished with value: -0.7179088808112207 and parameters: {'learning_rate': 0.07874397427404775, 'n_estimators': 274, 'max_depth': 4, 'min_child_weight': 15, 'subsample': 0.8603800594957012, 'colsample_bytree': 0.7893379232196681, 'reg_alpha': 3.6286159625038175, 'reg_lambda': 0.6956980440953827, 'gamma': 0.7175590448245192, 'max_delta_step': 8, 'scale_pos_weight': 0.8136540761956953, 'class_1_weight': 2.276330525681838, 'threshold': 0.5712772101617529}. Best is trial 90 with value: -0.7230649947345091.
[I 2025-12-07 14:59:51,701] Trial 110 finished with value: -0.7230815084549234 and parameters: {'learning_rate': 0.07735650698470044, 'n_estimators': 292, 'max_depth': 10, 'min_child_weight': 16, 'subsample': 0.8473363225586369, 'colsample_bytree': 0.7775280837830488, 'reg_alpha': 4.447136581568283, 'reg_lambda': 0.6685273529722942, 'gamma': 0.8274280905763607, 'max_delta_step': 8, 'scale_pos_weight': 0.9407915433887256, 'class_1_weight': 2.3504769635188216, 'threshold': 0.567314300971876}. Best is trial 110 with value: -0.7230815084549234.
[I 2025-12-07 14:59:52,420] Trial 106 finished with value: -0.7217896504325971 and parameters: {'learning_rate': 0.07836260278739897, 'n_estimators': 296, 'max_depth': 10, 'min_child_weight': 15, 'subsample': 0.846254771827127, 'colsample_bytree': 0.779463030011849, 'reg_alpha': 3.582069819335786, 'reg_lambda': 0.687733627609384, 'gamma': 1.1509761900912685, 'max_delta_step': 8, 'scale_pos_weight': 0.8368298046689289, 'class_1_weight': 2.337603508042852, 'threshold': 0.4332433995214419}. Best is trial 110 with value: -0.7230815084549234.
[I 2025-12-07 14:59:52,539] Trial 108 finished with value: -0.721232128137509 and parameters: {'learning_rate': 0.07698705383892177, 'n_estimators': 300, 'max_depth': 10, 'min_child_weight': 15, 'subsample': 0.8538527605015478, 'colsample_bytree': 0.7773463692773961, 'reg_alpha': 4.662133632142612, 'reg_lambda': 0.20126144752018987, 'gamma': 0.754072332778853, 'max_delta_step': 8, 'scale_pos_weight': 0.8004043668359444, 'class_1_weight': 2.3459679678054375, 'threshold': 0.4245543162562982}. Best is trial 110 with value: -0.7230815084549234.
[I 2025-12-07 14:59:52,995] Trial 107 finished with value: -0.7216067486034856 and parameters: {'learning_rate': 0.0790271022590101, 'n_estimators': 282, 'max_depth': 10, 'min_child_weight': 15, 'subsample': 0.851880183627445, 'colsample_bytree': 0.7863899006937136, 'reg_alpha': 4.777969758981366, 'reg_lambda': 0.20968252519412606, 'gamma': 0.753202873856287, 'max_delta_step': 8, 'scale_pos_weight': 0.817428711663987, 'class_1_weight': 2.338082559930917, 'threshold': 0.5465117974636747}. Best is trial 110 with value: -0.7230815084549234.
[I 2025-12-07 14:59:53,856] Trial 113 finished with value: -0.7189828218867896 and parameters: {'learning_rate': 0.06092809854273414, 'n_estimators': 281, 'max_depth': 4, 'min_child_weight': 16, 'subsample': 0.8525938442209062, 'colsample_bytree': 0.7761438510465511, 'reg_alpha': 4.440164626672031, 'reg_lambda': 0.6499996726891653, 'gamma': 0.27871955944229954, 'max_delta_step': 3, 'scale_pos_weight': 0.8434565574566434, 'class_1_weight': 2.269100770086381, 'threshold': 0.5650068272701654}. Best is trial 110 with value: -0.7230815084549234.
[I 2025-12-07 14:59:58,347] Trial 116 finished with value: -0.7197193540922502 and parameters: {'learning_rate': 0.07749177353336369, 'n_estimators': 287, 'max_depth': 4, 'min_child_weight': 13, 'subsample': 0.8542558356628819, 'colsample_bytree': 0.7768694589716008, 'reg_alpha': 2.284843651862903, 'reg_lambda': 0.1840047932130099, 'gamma': 1.2037037987389054, 'max_delta_step': 3, 'scale_pos_weight': 0.851377212432957, 'class_1_weight': 2.3026795157840754, 'threshold': 0.5675105019261943}. Best is trial 110 with value: -0.7230815084549234.
[I 2025-12-07 14:59:59,472] Trial 117 finished with value: -0.7193865310605292 and parameters: {'learning_rate': 0.07800255777411111, 'n_estimators': 282, 'max_depth': 4, 'min_child_weight': 13, 'subsample': 0.7707403138393514, 'colsample_bytree': 0.7753378967362095, 'reg_alpha': 4.670450117312786, 'reg_lambda': 0.6822722307335713, 'gamma': 0.5478164839560594, 'max_delta_step': 3, 'scale_pos_weight': 0.7865988368302365, 'class_1_weight': 2.379473046375341, 'threshold': 0.5644211520615711}. Best is trial 110 with value: -0.7230815084549234.
