[I 2025-12-07 15:03:43,377] Trial 272 finished with value: -0.6956962149506974 and parameters: {'learning_rate': 0.05892734243783934, 'n_estimators': 175, 'max_depth': 10, 'min_child_weight': 7, 'subsample': 0.8396056521648432, 'colsample_bytree': 0.798338092965003, 'reg_alpha': 2.4865402149115656, 'reg_lambda': 1.7416161008100812, 'gamma': 0.6455647500569874, 'max_delta_step': 0, 'scale_pos_weight': 0.7253099012601735, 'class_1_weight': 1.3812310425347218, 'threshold': 0.48968193670914006}. Best is trial 245 with value: -0.724147757321363.
[I 2025-12-07 15:03:43,869] Trial 285 finished with value: -0.7117987707274649 and parameters: {'learning_rate': 0.06083411801593895, 'n_estimators': 198, 'max_depth': 3, 'min_child_weight': 6, 'subsample': 0.8369751001053747, 'colsample_bytree': 0.7878289873010133, 'reg_alpha': 2.1628035725957258, 'reg_lambda': 2.0681556742215164, 'gamma': 0.8153763927910924, 'max_delta_step': 0, 'scale_pos_weight': 0.787074564205438, 'class_1_weight': 0.7612609332088511, 'threshold': 0.13143357844532016}. Best is trial 245 with value: -0.724147757321363.
[I 2025-12-07 15:03:46,193] Trial 275 finished with value: -0.7227783815592288 and parameters: {'learning_rate': 0.05946482805215595, 'n_estimators': 180, 'max_depth': 10, 'min_child_weight': 7, 'subsample': 0.8397038231118076, 'colsample_bytree': 0.7998109856683261, 'reg_alpha': 2.46211239129427, 'reg_lambda': 1.7251214334089393, 'gamma': 0.657094207449754, 'max_delta_step': 0, 'scale_pos_weight': 0.7303460438755675, 'class_1_weight': 2.104737178058974, 'threshold': 0.49268425889011724}. Best is trial 245 with value: -0.724147757321363.
[I 2025-12-07 15:03:51,802] Trial 277 finished with value: -0.7236970673622949 and parameters: {'learning_rate': 0.05914044877485707, 'n_estimators': 196, 'max_depth': 10, 'min_child_weight': 7, 'subsample': 0.8363918173262938, 'colsample_bytree': 0.8019862490939818, 'reg_alpha': 2.5062112086891073, 'reg_lambda': 2.08388437596063, 'gamma': 0.6457677510591773, 'max_delta_step': 0, 'scale_pos_weight': 0.781856211738124, 'class_1_weight': 2.1263046700218022, 'threshold': 0.4499855282596337}. Best is trial 245 with value: -0.724147757321363.
[I 2025-12-07 15:03:52,119] Trial 278 finished with value: -0.7229784763511831 and parameters: {'learning_rate': 0.059926143719432286, 'n_estimators': 198, 'max_depth': 10, 'min_child_weight': 7, 'subsample': 0.8397561656088579, 'colsample_bytree': 0.7996631029369922, 'reg_alpha': 2.1660358037184237, 'reg_lambda': 2.2451330597988703, 'gamma': 0.11639810691173556, 'max_delta_step': 0, 'scale_pos_weight': 0.7353358212278526, 'class_1_weight': 2.119367513283678, 'threshold': 0.4233383972892012}. Best is trial 245 with value: -0.724147757321363.
[I 2025-12-07 15:03:52,279] Trial 279 finished with value: -0.7229919736159154 and parameters: {'learning_rate': 0.05917844010318773, 'n_estimators': 199, 'max_depth': 10, 'min_child_weight': 7, 'subsample': 0.8408720552550472, 'colsample_bytree': 0.8000067740049184, 'reg_alpha': 2.1466046193989015, 'reg_lambda': 2.0569420818127178, 'gamma': 0.1302714513207861, 'max_delta_step': 0, 'scale_pos_weight': 0.736255673554418, 'class_1_weight': 2.1329830302481483, 'threshold': 0.4244099859759784}. Best is trial 245 with value: -0.724147757321363.
[I 2025-12-07 15:03:53,864] Trial 280 finished with value: -0.7237470808127882 and parameters: {'learning_rate': 0.059779976673895806, 'n_estimators': 193, 'max_depth': 10, 'min_child_weight': 7, 'subsample': 0.84174223867458, 'colsample_bytree': 0.8009168148040715, 'reg_alpha': 2.4208933656367506, 'reg_lambda': 2.115949807222283, 'gamma': 1.250215656587275, 'max_delta_step': 0, 'scale_pos_weight': 0.7818523661443777, 'class_1_weight': 2.1195594339457413, 'threshold': 0.45087111508747707}. Best is trial 245 with value: -0.724147757321363.
[I 2025-12-07 15:03:54,598] Trial 281 finished with value: -0.7118907136069312 and parameters: {'learning_rate': 0.06110305881465646, 'n_estimators': 198, 'max_depth': 10, 'min_child_weight': 8, 'subsample': 0.843162255381773, 'colsample_bytree': 0.8023948303523137, 'reg_alpha': 2.4697962714598107, 'reg_lambda': 2.0464397223932314, 'gamma': 0.12255536757152784, 'max_delta_step': 0, 'scale_pos_weight': 0.7807595194162722, 'class_1_weight': 2.1187132593264097, 'threshold': 0.15028064419973924}. Best is trial 245 with value: -0.724147757321363.
[I 2025-12-07 15:03:59,823] Trial 283 finished with value: -0.7227817282552336 and parameters: {'learning_rate': 0.05881682808964121, 'n_estimators': 192, 'max_depth': 10, 'min_child_weight': 6, 'subsample': 0.8412754238036887, 'colsample_bytree': 0.7880780067290895, 'reg_alpha': 2.481047775082348, 'reg_lambda': 2.0862684634317086, 'gamma': 0.11863896133357119, 'max_delta_step': 0, 'scale_pos_weight': 0.7836547964390412, 'class_1_weight': 2.12599387017798, 'threshold': 0.42552543226623124}. Best is trial 245 with value: -0.724147757321363.
[I 2025-12-07 15:04:00,762] Trial 287 finished with value: -0.6824387924461476 and parameters: {'learning_rate': 0.06197944166098745, 'n_estimators': 194, 'max_depth': 10, 'min_child_weight': 7, 'subsample': 0.8401528912896769, 'colsample_bytree': 0.7883718029278408, 'reg_alpha': 2.1858803037187777, 'reg_lambda': 2.0701363711058005, 'gamma': 1.2461468695049938, 'max_delta_step': 0, 'scale_pos_weight': 0.7836088080500504, 'class_1_weight': 0.9010036968127386, 'threshold': 0.4290113020416585}. Best is trial 245 with value: -0.724147757321363.
[I 2025-12-07 15:04:02,472] Trial 288 finished with value: -0.7224975819222073 and parameters: {'learning_rate': 0.06080743289379475, 'n_estimators': 191, 'max_depth': 10, 'min_child_weight': 8, 'subsample': 0.8398673080634136, 'colsample_bytree': 0.786054121613646, 'reg_alpha': 2.462065912878092, 'reg_lambda': 2.052934071885078, 'gamma': 1.3393589793515883, 'max_delta_step': 0, 'scale_pos_weight': 0.7838099968332194, 'class_1_weight': 2.134301616680897, 'threshold': 0.4212394298957151}. Best is trial 245 with value: -0.724147757321363.
[I 2025-12-07 15:04:02,966] Trial 284 finished with value: -0.7230257869931411 and parameters: {'learning_rate': 0.059980707671775726, 'n_estimators': 199, 'max_depth': 10, 'min_child_weight': 6, 'subsample': 0.8437262639976794, 'colsample_bytree': 0.7885169351129707, 'reg_alpha': 2.417927964146784, 'reg_lambda': 2.069950622120383, 'gamma': 0.7376057913594734, 'max_delta_step': 0, 'scale_pos_weight': 0.7811682215045277, 'class_1_weight': 2.1266617776703027, 'threshold': 0.4290691902675308}. Best is trial 245 with value: -0.724147757321363.
[I 2025-12-07 15:04:03,177] Trial 286 finished with value: -0.7229086943332991 and parameters: {'learning_rate': 0.058492325294080855, 'n_estimators': 197, 'max_depth': 10, 'min_child_weight': 7, 'subsample': 0.8414077681676341, 'colsample_bytree': 0.7901711899177813, 'reg_alpha': 2.4987537611987816, 'reg_lambda': 2.0971108434264947, 'gamma': 0.7363230414736449, 'max_delta_step': 0, 'scale_pos_weight': 0.7769986953702814, 'class_1_weight': 2.1380965559826195, 'threshold': 0.41995529237074813}. Best is trial 245 with value: -0.724147757321363.
[I 2025-12-07 15:04:03,404] Trial 292 finished with value: -0.7146195497789327 and parameters: {'learning_rate': 0.05709381369803512, 'n_estimators': 198, 'max_depth': 10, 'min_child_weight': 6, 'subsample': 0.840462043516778, 'colsample_bytree': 0.6129781430612249, 'reg_alpha': 2.179150353983585, 'reg_lambda': 2.095481292286369, 'gamma': 0.7377503156550576, 'max_delta_step': 0, 'scale_pos_weight': 0.7789914475981514, 'class_1_weight': 0.7593667150335861, 'threshold': 0.13692916909053063}. Best is trial 245 with value: -0.724147757321363.
[I 2025-12-07 15:04:05,620] Trial 293 finished with value: -0.7219749417108584 and parameters: {'learning_rate': 0.06284684770886315, 'n_estimators': 200, 'max_depth': 10, 'min_child_weight': 8, 'subsample': 0.8408328979063635, 'colsample_bytree': 0.7877245243507768, 'reg_alpha': 1.8993165360730504, 'reg_lambda': 3.4188949925816168, 'gamma': 0.7402350988318311, 'max_delta_step': 0, 'scale_pos_weight': 0.7896290600025516, 'class_1_weight': 2.268031770701615, 'threshold': 0.43222936555412994}. Best is trial 245 with value: -0.724147757321363.
[I 2025-12-07 15:04:05,653] Trial 291 finished with value: -0.7224919403078097 and parameters: {'learning_rate': 0.06129728652783152, 'n_estimators': 196, 'max_depth': 10, 'min_child_weight': 6, 'subsample': 0.8402097615909139, 'colsample_bytree': 0.789855528220603, 'reg_alpha': 2.1691136922480805, 'reg_lambda': 2.0489688030309883, 'gamma': 1.3578947565621402, 'max_delta_step': 0, 'scale_pos_weight': 0.7909255243093918, 'class_1_weight': 2.257922500115041, 'threshold': 0.4278533545018165}. Best is trial 245 with value: -0.724147757321363.
[I 2025-12-07 15:04:06,468] Trial 290 finished with value: -0.7223204306713067 and parameters: {'learning_rate': 0.06152708667231927, 'n_estimators': 226, 'max_depth': 10, 'min_child_weight': 8, 'subsample': 0.8403532862432609, 'colsample_bytree': 0.7877035920010409, 'reg_alpha': 2.1674318377593758, 'reg_lambda': 2.0770408384527244, 'gamma': 0.837832004927661, 'max_delta_step': 0, 'scale_pos_weight': 0.7921164347514602, 'class_1_weight': 2.2412736072526585, 'threshold': 0.42646392680944945}. Best is trial 245 with value: -0.724147757321363.
[I 2025-12-07 15:04:09,033] Trial 294 finished with value: -0.7222919917632383 and parameters: {'learning_rate': 0.06158358355410731, 'n_estimators': 198, 'max_depth': 10, 'min_child_weight': 6, 'subsample': 0.8403341214546148, 'colsample_bytree': 0.7880576743408823, 'reg_alpha': 2.1494455438768165, 'reg_lambda': 1.5982262592310332, 'gamma': 0.7521333077705277, 'max_delta_step': 3, 'scale_pos_weight': 0.7787870013834777, 'class_1_weight': 2.2221619099311503, 'threshold': 0.4320867725577379}. Best is trial 245 with value: -0.724147757321363.
[I 2025-12-07 15:04:10,950] Trial 289 finished with value: -0.7222168557080709 and parameters: {'learning_rate': 0.03379586927613256, 'n_estimators': 230, 'max_depth': 10, 'min_child_weight': 6, 'subsample': 0.8411714443827513, 'colsample_bytree': 0.802317551379083, 'reg_alpha': 2.1563309736395184, 'reg_lambda': 2.057625800208198, 'gamma': 1.2784393496136692, 'max_delta_step': 0, 'scale_pos_weight': 0.7780516170358845, 'class_1_weight': 2.153197475792874, 'threshold': 0.4259607308474379}. Best is trial 245 with value: -0.724147757321363.
[I 2025-12-07 15:04:11,053] Trial 298 finished with value: -0.7182619358434895 and parameters: {'learning_rate': 0.05670660987048111, 'n_estimators': 198, 'max_depth': 9, 'min_child_weight': 6, 'subsample': 0.8412311953903734, 'colsample_bytree': 0.7892608959552777, 'reg_alpha': 1.9084945266353506, 'reg_lambda': 1.5847387673450193, 'gamma': 0.732398789962746, 'max_delta_step': 0, 'scale_pos_weight': 0.7827696495453442, 'class_1_weight': 2.3025961873693124, 'threshold': 0.33779950043052676}. Best is trial 245 with value: -0.724147757321363.
[I 2025-12-07 15:04:12,730] Trial 295 finished with value: -0.6837803896871772 and parameters: {'learning_rate': 0.056758456760296186, 'n_estimators': 198, 'max_depth': 10, 'min_child_weight': 6, 'subsample': 0.8412382497325825, 'colsample_bytree': 0.7885534073718012, 'reg_alpha': 2.1810248328284034, 'reg_lambda': 2.0825930078713624, 'gamma': 0.8092174893844059, 'max_delta_step': 0, 'scale_pos_weight': 0.7856746606102203, 'class_1_weight': 0.9029195503476328, 'threshold': 0.4287934940714294}. Best is trial 245 with value: -0.724147757321363.
[I 2025-12-07 15:04:13,506] Trial 297 finished with value: -0.7228157087827712 and parameters: {'learning_rate': 0.062164500640613254, 'n_estimators': 230, 'max_depth': 9, 'min_child_weight': 6, 'subsample': 0.8402367327524141, 'colsample_bytree': 0.7877900579332421, 'reg_alpha': 1.9267041750216973, 'reg_lambda': 1.878842471437195, 'gamma': 0.7420166958273201, 'max_delta_step': 0, 'scale_pos_weight': 0.7729615751718284, 'class_1_weight': 2.221635082189585, 'threshold': 0.4279211663945192}. Best is trial 245 with value: -0.724147757321363.
[I 2025-12-07 15:04:14,781] Trial 296 finished with value: -0.7111824999484712 and parameters: {'learning_rate': 0.0565594309495731, 'n_estimators': 230, 'max_depth': 10, 'min_child_weight': 8, 'subsample': 0.8424515063749789, 'colsample_bytree': 0.6300721409960964, 'reg_alpha': 2.159480293732673, 'reg_lambda': 1.9036981204184302, 'gamma': 0.735280066447353, 'max_delta_step': 0, 'scale_pos_weight': 0.7739263041395977, 'class_1_weight': 2.287609515538146, 'threshold': 0.14224889232071117}. Best is trial 245 with value: -0.724147757321363.
