[I 2025-12-07 15:01:03,729] Trial 156 finished with value: -0.7236654131360305 and parameters: {'learning_rate': 0.046772108313917975, 'n_estimators': 193, 'max_depth': 10, 'min_child_weight': 10, 'subsample': 0.827562779401588, 'colsample_bytree': 0.7935782064394409, 'reg_alpha': 1.6517144926693623, 'reg_lambda': 2.4381533812440743, 'gamma': 0.648176892814339, 'max_delta_step': 2, 'scale_pos_weight': 0.705198842693507, 'class_1_weight': 2.14204839867612, 'threshold': 0.4635991615969848}. Best is trial 123 with value: -0.7238988586995374.
[I 2025-12-07 15:01:04,036] Trial 157 finished with value: -0.720325186501538 and parameters: {'learning_rate': 0.06316641396450255, 'n_estimators': 194, 'max_depth': 10, 'min_child_weight': 12, 'subsample': 0.8285074072396753, 'colsample_bytree': 0.7841466746614834, 'reg_alpha': 1.9402960837323087, 'reg_lambda': 0.03233622847507982, 'gamma': 0.6486014423113688, 'max_delta_step': 2, 'scale_pos_weight': 0.7219355620233366, 'class_1_weight': 2.111363456189343, 'threshold': 0.5129036938217891}. Best is trial 123 with value: -0.7238988586995374.
[I 2025-12-07 15:01:05,010] Trial 162 finished with value: -0.7216252519389126 and parameters: {'learning_rate': 0.046792671135091744, 'n_estimators': 186, 'max_depth': 10, 'min_child_weight': 12, 'subsample': 0.8141789712967404, 'colsample_bytree': 0.6912458790090702, 'reg_alpha': 1.6333969894353637, 'reg_lambda': 0.03934500227140557, 'gamma': 0.1293930489411169, 'max_delta_step': 2, 'scale_pos_weight': 0.7146243567282163, 'class_1_weight': 2.6457042251063183, 'threshold': 0.463312866865192}. Best is trial 123 with value: -0.7238988586995374.
[I 2025-12-07 15:01:05,638] Trial 160 finished with value: -0.7102639830800979 and parameters: {'learning_rate': 0.05122267731286969, 'n_estimators': 188, 'max_depth': 10, 'min_child_weight': 12, 'subsample': 0.8126563363726985, 'colsample_bytree': 0.8170249317940668, 'reg_alpha': 2.0427267482979596, 'reg_lambda': 0.01987166006591956, 'gamma': 0.6819760228473458, 'max_delta_step': 2, 'scale_pos_weight': 0.7262010814568413, 'class_1_weight': 2.072748550455493, 'threshold': 0.5545130127877682}. Best is trial 123 with value: -0.7238988586995374.
[I 2025-12-07 15:01:06,134] Trial 161 finished with value: -0.7223786831850464 and parameters: {'learning_rate': 0.047112058582250115, 'n_estimators': 195, 'max_depth': 10, 'min_child_weight': 12, 'subsample': 0.8153289874547731, 'colsample_bytree': 0.6881712338104828, 'reg_alpha': 1.6418905651885276, 'reg_lambda': 0.059196652451584134, 'gamma': 0.6943545296908835, 'max_delta_step': 2, 'scale_pos_weight': 0.6507419098710462, 'class_1_weight': 2.060329155173209, 'threshold': 0.45069250661138377}. Best is trial 123 with value: -0.7238988586995374.
[I 2025-12-07 15:01:06,770] Trial 163 finished with value: -0.7234585823509216 and parameters: {'learning_rate': 0.0463096776613379, 'n_estimators': 186, 'max_depth': 10, 'min_child_weight': 12, 'subsample': 0.8106908160850596, 'colsample_bytree': 0.8141758461987912, 'reg_alpha': 1.7777486952359465, 'reg_lambda': 0.01583534468881416, 'gamma': 0.5110331111952098, 'max_delta_step': 2, 'scale_pos_weight': 0.6918064909873322, 'class_1_weight': 2.068457064755853, 'threshold': 0.45800487013570323}. Best is trial 123 with value: -0.7238988586995374.
[I 2025-12-07 15:01:06,900] Trial 158 finished with value: -0.7220264117549047 and parameters: {'learning_rate': 0.045163004017385266, 'n_estimators': 206, 'max_depth': 10, 'min_child_weight': 12, 'subsample': 0.8303968699165226, 'colsample_bytree': 0.6771294379006402, 'reg_alpha': 1.825677755870062, 'reg_lambda': 0.008139182863947325, 'gamma': 0.668330192473203, 'max_delta_step': 2, 'scale_pos_weight': 0.6482664587544542, 'class_1_weight': 2.6051697952341932, 'threshold': 0.4593139963939496}. Best is trial 123 with value: -0.7238988586995374.
[I 2025-12-07 15:01:08,583] Trial 159 finished with value: -0.7233140898492466 and parameters: {'learning_rate': 0.05324120247170762, 'n_estimators': 210, 'max_depth': 10, 'min_child_weight': 10, 'subsample': 0.8268517857424755, 'colsample_bytree': 0.8136861134918437, 'reg_alpha': 2.093152318894528, 'reg_lambda': 0.03759533381802311, 'gamma': 0.060748579808280245, 'max_delta_step': 2, 'scale_pos_weight': 0.705022133322579, 'class_1_weight': 2.6286611945897786, 'threshold': 0.5145200311602294}. Best is trial 123 with value: -0.7238988586995374.
[I 2025-12-07 15:01:12,069] Trial 164 finished with value: -0.7118843456376747 and parameters: {'learning_rate': 0.05304326327616073, 'n_estimators': 190, 'max_depth': 10, 'min_child_weight': 12, 'subsample': 0.8225721386607655, 'colsample_bytree': 0.8218724679703261, 'reg_alpha': 2.090398755851164, 'reg_lambda': 0.02101375146434098, 'gamma': 0.5125794882881027, 'max_delta_step': 2, 'scale_pos_weight': 0.727151762969346, 'class_1_weight': 2.0935961078324867, 'threshold': 0.5510056488001143}. Best is trial 123 with value: -0.7238988586995374.
[I 2025-12-07 15:01:16,438] Trial 165 finished with value: -0.7010866793678125 and parameters: {'learning_rate': 0.052701372452604374, 'n_estimators': 205, 'max_depth': 10, 'min_child_weight': 12, 'subsample': 0.8110925212486614, 'colsample_bytree': 0.820463932856665, 'reg_alpha': 1.8565043080540105, 'reg_lambda': 0.04478477335254466, 'gamma': 0.5963783607066157, 'max_delta_step': 2, 'scale_pos_weight': 0.6503367858262931, 'class_1_weight': 2.0999255080972397, 'threshold': 0.5522351661544184}. Best is trial 123 with value: -0.7238988586995374.
[I 2025-12-07 15:01:16,846] Trial 167 finished with value: -0.7231532738432325 and parameters: {'learning_rate': 0.049872416446514634, 'n_estimators': 182, 'max_depth': 10, 'min_child_weight': 12, 'subsample': 0.818402145182998, 'colsample_bytree': 0.8138056910210457, 'reg_alpha': 1.7950932772099875, 'reg_lambda': 0.005503139854468819, 'gamma': 0.003957113770387488, 'max_delta_step': 2, 'scale_pos_weight': 0.7202884189332638, 'class_1_weight': 1.9538629938278969, 'threshold': 0.45134054009542124}. Best is trial 123 with value: -0.7238988586995374.
[I 2025-12-07 15:01:16,994] Trial 166 finished with value: -0.7233933760931761 and parameters: {'learning_rate': 0.048552941825665656, 'n_estimators': 193, 'max_depth': 10, 'min_child_weight': 12, 'subsample': 0.8134517408249339, 'colsample_bytree': 0.813639564838116, 'reg_alpha': 1.7753467786421813, 'reg_lambda': 0.02928732660581787, 'gamma': 0.5917916288842623, 'max_delta_step': 2, 'scale_pos_weight': 0.665606711049214, 'class_1_weight': 2.0370249649517906, 'threshold': 0.46528958448713836}. Best is trial 123 with value: -0.7238988586995374.
[I 2025-12-07 15:01:19,478] Trial 168 finished with value: -0.723772687440536 and parameters: {'learning_rate': 0.051509091756959835, 'n_estimators': 198, 'max_depth': 10, 'min_child_weight': 12, 'subsample': 0.8155419811929043, 'colsample_bytree': 0.8277681965347301, 'reg_alpha': 1.7994103138617838, 'reg_lambda': 0.8921035766704297, 'gamma': 0.5269978071063164, 'max_delta_step': 2, 'scale_pos_weight': 0.7267369021684498, 'class_1_weight': 2.052403122901845, 'threshold': 0.4616986568196986}. Best is trial 123 with value: -0.7238988586995374.
[I 2025-12-07 15:01:20,543] Trial 169 finished with value: -0.7235749504163133 and parameters: {'learning_rate': 0.0455232088570577, 'n_estimators': 193, 'max_depth': 10, 'min_child_weight': 12, 'subsample': 0.8095895611203672, 'colsample_bytree': 0.8235824788543186, 'reg_alpha': 1.7400804533800425, 'reg_lambda': 2.9163870948282304, 'gamma': 0.6919914214010006, 'max_delta_step': 2, 'scale_pos_weight': 0.6954153228347558, 'class_1_weight': 2.1612180340102958, 'threshold': 0.4602564881696671}. Best is trial 123 with value: -0.7238988586995374.
[I 2025-12-07 15:01:21,214] Trial 172 finished with value: -0.7233469909417293 and parameters: {'learning_rate': 0.06446374552580739, 'n_estimators': 187, 'max_depth': 10, 'min_child_weight': 12, 'subsample': 0.8163039862327999, 'colsample_bytree': 0.8227053381108559, 'reg_alpha': 1.8132606366242592, 'reg_lambda': 2.316335865204658, 'gamma': 0.5251402737300228, 'max_delta_step': 2, 'scale_pos_weight': 0.657244455640124, 'class_1_weight': 2.1110047720129295, 'threshold': 0.4671122548247142}. Best is trial 123 with value: -0.7238988586995374.
[I 2025-12-07 15:01:21,312] Trial 171 finished with value: -0.7234149266560364 and parameters: {'learning_rate': 0.06516761581465881, 'n_estimators': 192, 'max_depth': 10, 'min_child_weight': 16, 'subsample': 0.7907223894509426, 'colsample_bytree': 0.8186139511959509, 'reg_alpha': 1.7562616740630723, 'reg_lambda': 0.8991826132559677, 'gamma': 0.5884300525366049, 'max_delta_step': 2, 'scale_pos_weight': 0.7040023889956997, 'class_1_weight': 2.0496926118110324, 'threshold': 0.4664774038950191}. Best is trial 123 with value: -0.7238988586995374.
[I 2025-12-07 15:01:21,660] Trial 174 finished with value: -0.722785970617491 and parameters: {'learning_rate': 0.06450250873959196, 'n_estimators': 174, 'max_depth': 10, 'min_child_weight': 12, 'subsample': 0.8195719393733841, 'colsample_bytree': 0.7156123902513702, 'reg_alpha': 1.8689467801247586, 'reg_lambda': 1.478070739438376, 'gamma': 0.5167348219149381, 'max_delta_step': 2, 'scale_pos_weight': 0.6945510258556935, 'class_1_weight': 2.082508816310111, 'threshold': 0.46386999062035494}. Best is trial 123 with value: -0.7238988586995374.
[I 2025-12-07 15:01:21,705] Trial 170 finished with value: -0.722022415946236 and parameters: {'learning_rate': 0.06219908562561118, 'n_estimators': 194, 'max_depth': 10, 'min_child_weight': 12, 'subsample': 0.8121871586911801, 'colsample_bytree': 0.820589260051483, 'reg_alpha': 1.914469825647301, 'reg_lambda': 0.0003056938071575588, 'gamma': 0.5267462808268558, 'max_delta_step': 2, 'scale_pos_weight': 0.7283403331400125, 'class_1_weight': 2.0120235732589, 'threshold': 0.49063761248004967}. Best is trial 123 with value: -0.7238988586995374.
[I 2025-12-07 15:01:21,998] Trial 175 finished with value: -0.7233288811736722 and parameters: {'learning_rate': 0.06466531582886191, 'n_estimators': 153, 'max_depth': 10, 'min_child_weight': 12, 'subsample': 0.8147445077526757, 'colsample_bytree': 0.7929655889307549, 'reg_alpha': 1.9098280239297312, 'reg_lambda': 2.3398213139860355, 'gamma': 0.34849826324971295, 'max_delta_step': 2, 'scale_pos_weight': 0.7509018657902308, 'class_1_weight': 2.0211737234943725, 'threshold': 0.4647056379787698}. Best is trial 123 with value: -0.7238988586995374.
[I 2025-12-07 15:01:25,765] Trial 173 finished with value: -0.7234873437036073 and parameters: {'learning_rate': 0.0495093542114293, 'n_estimators': 199, 'max_depth': 10, 'min_child_weight': 12, 'subsample': 0.8105205631907827, 'colsample_bytree': 0.8136720362113702, 'reg_alpha': 1.8871363534873957, 'reg_lambda': 2.5571883126123924, 'gamma': 0.5845936014990005, 'max_delta_step': 2, 'scale_pos_weight': 0.6876088941961201, 'class_1_weight': 2.1330771039439944, 'threshold': 0.4595779584883246}. Best is trial 123 with value: -0.7238988586995374.
[I 2025-12-07 15:01:27,843] Trial 177 finished with value: -0.7229495303042743 and parameters: {'learning_rate': 0.04914224284479019, 'n_estimators': 140, 'max_depth': 10, 'min_child_weight': 12, 'subsample': 0.808925920384529, 'colsample_bytree': 0.8281894764455094, 'reg_alpha': 1.8342058095360478, 'reg_lambda': 2.538725502059407, 'gamma': 0.5192270473365432, 'max_delta_step': 1, 'scale_pos_weight': 0.6674613203659616, 'class_1_weight': 2.12573092847286, 'threshold': 0.46570295666346606}. Best is trial 123 with value: -0.7238988586995374.
[I 2025-12-07 15:01:30,452] Trial 178 finished with value: -0.7216655984760656 and parameters: {'learning_rate': 0.04883605233732636, 'n_estimators': 151, 'max_depth': 10, 'min_child_weight': 10, 'subsample': 0.8077535619696677, 'colsample_bytree': 0.8205808915980392, 'reg_alpha': 1.8078047930737178, 'reg_lambda': 2.3570466903053395, 'gamma': 0.5197248791232946, 'max_delta_step': 1, 'scale_pos_weight': 0.655279158023328, 'class_1_weight': 2.1004386261754653, 'threshold': 0.4900811352883293}. Best is trial 123 with value: -0.7238988586995374.
[I 2025-12-07 15:01:31,264] Trial 176 finished with value: -0.7224012138696726 and parameters: {'learning_rate': 0.06439586620407599, 'n_estimators': 168, 'max_depth': 10, 'min_child_weight': 10, 'subsample': 0.8123500462068416, 'colsample_bytree': 0.8162041628982644, 'reg_alpha': 1.7296363086329793, 'reg_lambda': 2.258302397390487, 'gamma': 0.35599285238760364, 'max_delta_step': 1, 'scale_pos_weight': 0.6882864796699051, 'class_1_weight': 2.665184395074815, 'threshold': 0.4458272842203312}. Best is trial 123 with value: -0.7238988586995374.
[I 2025-12-07 15:01:32,400] Trial 181 finished with value: -0.7233114276524542 and parameters: {'learning_rate': 0.0552508333021282, 'n_estimators': 151, 'max_depth': 10, 'min_child_weight': 9, 'subsample': 0.8168552945804591, 'colsample_bytree': 0.8189651254518047, 'reg_alpha': 2.063565145655496, 'reg_lambda': 2.349007186468957, 'gamma': 0.5313576563202376, 'max_delta_step': 1, 'scale_pos_weight': 0.6792456039248148, 'class_1_weight': 1.9924912715357292, 'threshold': 0.4428769594550109}. Best is trial 123 with value: -0.7238988586995374.
[I 2025-12-07 15:01:34,940] Trial 185 finished with value: -0.719136112889614 and parameters: {'learning_rate': 0.047069069486731195, 'n_estimators': 148, 'max_depth': 10, 'min_child_weight': 10, 'subsample': 0.8450725283651738, 'colsample_bytree': 0.8211552737630696, 'reg_alpha': 1.8832032836365564, 'reg_lambda': 2.3681464668690313, 'gamma': 0.5205446192996446, 'max_delta_step': 1, 'scale_pos_weight': 0.6028993253035823, 'class_1_weight': 1.921479241720737, 'threshold': 0.46763210667827426}. Best is trial 123 with value: -0.7238988586995374.
[I 2025-12-07 15:01:35,048] Trial 182 finished with value: -0.7234248498845484 and parameters: {'learning_rate': 0.04651407951981786, 'n_estimators': 156, 'max_depth': 10, 'min_child_weight': 9, 'subsample': 0.8140905217114944, 'colsample_bytree': 0.8200996546206657, 'reg_alpha': 1.7804405048614989, 'reg_lambda': 2.332916747103795, 'gamma': 0.5104961612377927, 'max_delta_step': 2, 'scale_pos_weight': 0.677254568352593, 'class_1_weight': 1.9642755944184747, 'threshold': 0.45418437793738375}. Best is trial 123 with value: -0.7238988586995374.
[I 2025-12-07 15:01:35,125] Trial 183 finished with value: -0.7208839029232568 and parameters: {'learning_rate': 0.04732560116128452, 'n_estimators': 157, 'max_depth': 10, 'min_child_weight': 9, 'subsample': 0.8107684839483598, 'colsample_bytree': 0.7934516784887978, 'reg_alpha': 1.8431819797267754, 'reg_lambda': 2.477769715960791, 'gamma': 0.5231151653573426, 'max_delta_step': 1, 'scale_pos_weight': 0.6766660591262174, 'class_1_weight': 1.790120831117653, 'threshold': 0.46325673438022447}. Best is trial 123 with value: -0.7238988586995374.
[I 2025-12-07 15:01:36,034] Trial 186 finished with value: -0.7222084116354412 and parameters: {'learning_rate': 0.04247228512063679, 'n_estimators': 151, 'max_depth': 10, 'min_child_weight': 10, 'subsample': 0.8429561471738424, 'colsample_bytree': 0.8265848410200295, 'reg_alpha': 1.8045661789210465, 'reg_lambda': 2.3775237994755107, 'gamma': 0.5858035583138078, 'max_delta_step': 1, 'scale_pos_weight': 0.7588694624805657, 'class_1_weight': 1.8959551978148983, 'threshold': 0.4914010504875982}. Best is trial 123 with value: -0.7238988586995374.
[I 2025-12-07 15:01:37,136] Trial 184 finished with value: -0.718633516784637 and parameters: {'learning_rate': 0.0653160436813443, 'n_estimators': 170, 'max_depth': 10, 'min_child_weight': 9, 'subsample': 0.8457471659368824, 'colsample_bytree': 0.7930439633790957, 'reg_alpha': 1.7365864527794754, 'reg_lambda': 2.5942282176320295, 'gamma': 0.5265311700616088, 'max_delta_step': 1, 'scale_pos_weight': 0.6770384751055324, 'class_1_weight': 1.894724920474387, 'threshold': 0.48407775156179295}. Best is trial 123 with value: -0.7238988586995374.
[I 2025-12-07 15:01:37,392] Trial 187 finished with value: -0.7226772033338312 and parameters: {'learning_rate': 0.04240911055221008, 'n_estimators': 150, 'max_depth': 10, 'min_child_weight': 10, 'subsample': 0.7908298294214335, 'colsample_bytree': 0.8282133086970781, 'reg_alpha': 1.8407351817950461, 'reg_lambda': 2.272194412872327, 'gamma': 0.5366935412922027, 'max_delta_step': 1, 'scale_pos_weight': 0.6727805190785309, 'class_1_weight': 2.183543126510411, 'threshold': 0.4833300262040959}. Best is trial 123 with value: -0.7238988586995374.
[I 2025-12-07 15:01:39,304] Trial 179 finished with value: -0.7226148606994902 and parameters: {'learning_rate': 0.04964652306358924, 'n_estimators': 197, 'max_depth': 10, 'min_child_weight': 9, 'subsample': 0.8121920011752938, 'colsample_bytree': 0.8233922238647793, 'reg_alpha': 1.8183936580455975, 'reg_lambda': 2.088301355138765, 'gamma': 0.5302708750529757, 'max_delta_step': 1, 'scale_pos_weight': 0.6886083547818715, 'class_1_weight': 2.0277542445535994, 'threshold': 0.4622280404102683}. Best is trial 123 with value: -0.7238988586995374.
[I 2025-12-07 15:01:40,159] Trial 180 finished with value: -0.7231314253019537 and parameters: {'learning_rate': 0.04675882794753957, 'n_estimators': 200, 'max_depth': 10, 'min_child_weight': 10, 'subsample': 0.8136396825450792, 'colsample_bytree': 0.8166149594301202, 'reg_alpha': 1.8209411645589322, 'reg_lambda': 2.355273109066402, 'gamma': 0.6901112810076406, 'max_delta_step': 1, 'scale_pos_weight': 0.6619939327536885, 'class_1_weight': 2.05194954564343, 'threshold': 0.4576070503747926}. Best is trial 123 with value: -0.7238988586995374.
[I 2025-12-07 15:01:41,074] Trial 188 finished with value: -0.722553347431772 and parameters: {'learning_rate': 0.04290157655713467, 'n_estimators': 153, 'max_depth': 10, 'min_child_weight': 10, 'subsample': 0.8097110186924352, 'colsample_bytree': 0.8301645508916502, 'reg_alpha': 1.3221425832277518, 'reg_lambda': 1.6186480727993369, 'gamma': 0.584064605826867, 'max_delta_step': 1, 'scale_pos_weight': 0.6883231793684246, 'class_1_weight': 2.4567240643022132, 'threshold': 0.4912317513272161}. Best is trial 123 with value: -0.7238988586995374.
[I 2025-12-07 15:01:45,524] Trial 189 finished with value: -0.7227816149905798 and parameters: {'learning_rate': 0.041736781221649706, 'n_estimators': 154, 'max_depth': 10, 'min_child_weight': 10, 'subsample': 0.845650862894343, 'colsample_bytree': 0.8116369362859515, 'reg_alpha': 1.3188611023242276, 'reg_lambda': 2.314859283161392, 'gamma': 0.5219910102493848, 'max_delta_step': 1, 'scale_pos_weight': 0.7557158459753003, 'class_1_weight': 1.8918637145983737, 'threshold': 0.48857955026685274}. Best is trial 123 with value: -0.7238988586995374.
[I 2025-12-07 15:01:46,255] Trial 191 finished with value: -0.722195485542987 and parameters: {'learning_rate': 0.041204060896936234, 'n_estimators': 152, 'max_depth': 10, 'min_child_weight': 10, 'subsample': 0.788515592073804, 'colsample_bytree': 0.829025182223245, 'reg_alpha': 1.4684398000593453, 'reg_lambda': 2.3157952131735215, 'gamma': 0.034336740171230895, 'max_delta_step': 1, 'scale_pos_weight': 0.6239411002148693, 'class_1_weight': 1.867905094050176, 'threshold': 0.44493452044180154}. Best is trial 123 with value: -0.7238988586995374.
[I 2025-12-07 15:01:46,258] Trial 190 finished with value: -0.7212225577115392 and parameters: {'learning_rate': 0.04826020959201346, 'n_estimators': 157, 'max_depth': 10, 'min_child_weight': 10, 'subsample': 0.8187188058176798, 'colsample_bytree': 0.8310242069416783, 'reg_alpha': 1.4372284184715658, 'reg_lambda': 2.453374635147502, 'gamma': 0.01939650999788889, 'max_delta_step': 1, 'scale_pos_weight': 0.6909466477563334, 'class_1_weight': 1.9478172235168114, 'threshold': 0.4837292129793663}. Best is trial 123 with value: -0.7238988586995374.
[I 2025-12-07 15:01:47,958] Trial 192 finished with value: -0.7229481222851551 and parameters: {'learning_rate': 0.04752224980329882, 'n_estimators': 151, 'max_depth': 10, 'min_child_weight': 10, 'subsample': 0.8068139342930422, 'colsample_bytree': 0.8300359778730424, 'reg_alpha': 1.3061600426521291, 'reg_lambda': 2.454869179546549, 'gamma': 0.00024348619155824215, 'max_delta_step': 1, 'scale_pos_weight': 0.6758441271946412, 'class_1_weight': 1.8972237727677028, 'threshold': 0.4423657463734051}. Best is trial 123 with value: -0.7238988586995374.
[I 2025-12-07 15:01:48,946] Trial 195 finished with value: -0.7223254705193438 and parameters: {'learning_rate': 0.04420160238582257, 'n_estimators': 143, 'max_depth': 10, 'min_child_weight': 10, 'subsample': 0.8091181614786493, 'colsample_bytree': 0.8291797442240946, 'reg_alpha': 1.7641479665708788, 'reg_lambda': 2.4042346092141, 'gamma': 0.030478347449140547, 'max_delta_step': 1, 'scale_pos_weight': 0.6754394328432644, 'class_1_weight': 2.192488790483025, 'threshold': 0.4486412231092336}. Best is trial 123 with value: -0.7238988586995374.
[I 2025-12-07 15:01:49,545] Trial 197 finished with value: -0.7226304083928936 and parameters: {'learning_rate': 0.04918109556792634, 'n_estimators': 148, 'max_depth': 10, 'min_child_weight': 10, 'subsample': 0.7914481135306503, 'colsample_bytree': 0.8261585995933656, 'reg_alpha': 1.7505820154707337, 'reg_lambda': 2.3320202109726043, 'gamma': 0.23762226268031542, 'max_delta_step': 1, 'scale_pos_weight': 0.6198466732149552, 'class_1_weight': 1.8880217141065883, 'threshold': 0.4443603335655899}. Best is trial 123 with value: -0.7238988586995374.
[I 2025-12-07 15:01:49,586] Trial 194 finished with value: -0.7210995155391772 and parameters: {'learning_rate': 0.04292476938417732, 'n_estimators': 148, 'max_depth': 10, 'min_child_weight': 10, 'subsample': 0.7886468068650269, 'colsample_bytree': 0.8288441526495077, 'reg_alpha': 1.7567305642804874, 'reg_lambda': 2.4124830431181494, 'gamma': 0.012063314811224857, 'max_delta_step': 1, 'scale_pos_weight': 0.6817001977045143, 'class_1_weight': 1.8340440423698368, 'threshold': 0.4703865089027942}. Best is trial 123 with value: -0.7238988586995374.
