number,value,datetime_start,datetime_complete,duration,params_colsample_bytree,params_gamma,params_learning_rate,params_max_delta_step,params_max_depth,params_min_child_weight,params_n_estimators,params_reg_alpha,params_reg_lambda,params_scale_pos_weight,params_subsample,params_weight_ratio_0,params_weight_ratio_1,state
147,-0.6587043280311892,2025-12-07 13:50:39.914773,2025-12-07 13:51:09.961268,0 days 00:00:30.046495,0.8698236705834665,1.5747614030924435,0.03707677739424319,6,9,6,349,3.8307177748849353,3.8092751730508887,1.8131807033849192,0.74035355196828,1.4233800700386001,0.8592754423417519,COMPLETE
148,-0.6619293131443634,2025-12-07 13:50:44.067805,2025-12-07 13:51:14.890914,0 days 00:00:30.823109,0.8712379802707964,1.596666160915706,0.037010345904252645,4,9,9,361,2.5112059510509033,3.730973240276054,1.7797134724275945,0.6324215356850977,1.4315627843291157,0.8539885894800495,COMPLETE
149,-0.6620328594381462,2025-12-07 13:50:44.648733,2025-12-07 13:51:13.136728,0 days 00:00:28.487995,0.6434130109051471,0.8067185380315379,0.05561623450029845,4,9,6,344,3.8091487682096252,3.7237876430983805,1.7763035133765843,0.6335373016896081,1.2433273124451258,0.7630108532997686,COMPLETE
150,-0.6671652065659233,2025-12-07 13:50:49.222964,2025-12-07 13:51:16.229744,0 days 00:00:27.006780,0.8683850046423153,0.8031797710483071,0.09346164282758286,6,9,9,329,3.789435423090658,2.5051774900504515,1.7859730927227746,0.7436804973753103,1.2026626316427171,0.7664407546965062,COMPLETE
151,-0.6662603839358652,2025-12-07 13:50:49.355104,2025-12-07 13:51:25.386452,0 days 00:00:36.031348,0.8772195344455789,0.8656656250696275,0.09228988284592826,4,10,6,347,2.6567252705913917,3.703377806013505,1.7611057626731004,0.6408728064341791,1.1851215449165564,0.9017104594605831,COMPLETE
152,-0.6237799485301612,2025-12-07 13:50:51.418106,2025-12-07 13:51:26.599380,0 days 00:00:35.181274,0.6384044084132428,1.8005819538784638,0.05476713756594409,4,10,6,342,3.11149102693916,3.877572630067767,1.7652907918631264,0.6317905646772154,1.2233210878227143,1.2764789629868356,COMPLETE
153,-0.5357498874632878,2025-12-07 13:50:58.178989,2025-12-07 13:51:27.555995,0 days 00:00:29.377006,0.632484952040383,0.8562849299192097,0.021092910526955524,6,9,6,345,2.666182466979502,3.8625971825226135,1.769250685596712,0.6314711987201549,0.8046750638646034,0.9082870422717397,COMPLETE
154,-0.664564519582385,2025-12-07 13:50:59.498508,2025-12-07 13:51:27.501745,0 days 00:00:28.003237,0.6433025916075514,0.8548292681548207,0.09202505770664045,6,9,6,343,2.651847133535188,3.6842961106565464,1.779260113035837,0.630536029009766,1.2341397942251444,0.7792848308963218,COMPLETE
155,-0.6651404793551372,2025-12-07 13:51:00.785130,2025-12-07 13:51:30.196647,0 days 00:00:29.411517,0.8787292700944634,0.8649135848811232,0.09503301967021825,6,9,6,345,3.782343372697812,3.6766906728800475,1.7995197399507015,0.745621603648243,1.3573345703652409,0.9072455135392707,COMPLETE
156,-0.6667565408615745,2025-12-07 13:51:00.867383,2025-12-07 13:51:33.998027,0 days 00:00:33.130644,0.6399419661132428,0.8459011339414956,0.09388521409671445,6,9,6,413,2.6496790194145325,3.8849926050646624,1.690070046881119,0.7580931092737764,1.243493651376485,0.8924469467501632,COMPLETE
157,-0.6744817134222502,2025-12-07 13:51:00.960472,2025-12-07 13:51:53.108394,0 days 00:00:52.147922,0.6377000052701246,0.8012431521333256,0.09353617496998812,6,9,6,615,2.2122401968106766,3.7485210707700434,1.8115562284979176,0.740812300483347,1.3675411908471091,0.8854124853317236,COMPLETE
158,-0.67420465128605,2025-12-07 13:51:02.887411,2025-12-07 13:51:56.048628,0 days 00:00:53.161217,0.6389588914218552,1.1990976092149446,0.09253221676421372,6,9,6,624,2.7318915875316874,3.6365889435970824,1.6902019293259258,0.7561693171152265,1.3491787762820229,0.8990697843449911,COMPLETE
159,-0.6757197722817084,2025-12-07 13:51:06.050154,2025-12-07 13:52:04.181562,0 days 00:00:58.131408,0.6342129194215972,0.842334343648184,0.09443503492665534,6,10,9,618,2.733036974186992,3.8846058922930666,1.6939376218895439,0.7613870717728136,1.2404540234629036,0.8956624966621954,COMPLETE
160,-0.6780597218098693,2025-12-07 13:51:06.052279,2025-12-07 13:52:13.828741,0 days 00:01:07.776462,0.6348667165254446,1.1878368946675344,0.06827940041457829,6,10,3,633,3.8138027906362266,3.6600218581276778,1.8164615240433157,0.7445805299380738,1.3676905873857579,0.8938913719154462,COMPLETE
161,-0.6669649332429874,2025-12-07 13:51:06.406169,2025-12-07 13:51:44.564186,0 days 00:00:38.158017,0.6420748517351935,0.8564253946541087,0.06888553142964249,6,10,9,412,2.7150952717169288,3.697405641716203,1.6967328394695962,0.6310094574240279,1.2389380701221078,0.8820135034097077,COMPLETE
162,-0.6718565593726384,2025-12-07 13:51:07.785862,2025-12-07 13:52:07.665207,0 days 00:00:59.879345,0.6784880146152131,1.1611486174153463,0.0814331733446641,6,10,9,630,2.115765385272363,3.6151814458369427,1.8114440712990378,0.6284151148161552,1.2390729900409616,0.8918609171927927,COMPLETE
163,-0.6794854930160193,2025-12-07 13:51:09.877899,2025-12-07 13:52:13.423918,0 days 00:01:03.546019,0.6773510102778356,1.1640734142507887,0.0683053756125223,6,10,4,615,3.0535763474873527,3.663595564834051,1.689779357674798,0.7411663515390596,1.3644688492730073,0.8778327708721877,COMPLETE
164,-0.6770808247675819,2025-12-07 13:51:09.964369,2025-12-07 13:52:07.340952,0 days 00:00:57.376583,0.6436485996810084,1.1852438098448665,0.06836923863005098,6,10,9,612,2.152993708109966,3.627162765925342,1.6924407662950234,0.7613152375887442,1.3651829434313791,0.9023597794446014,COMPLETE
165,-0.6783283485894868,2025-12-07 13:51:10.492807,2025-12-07 13:52:11.943649,0 days 00:01:01.450842,0.6362042207430124,0.8599644838042322,0.09359167013121408,6,10,6,626,2.1998943476925037,3.610997722009386,1.6858190431819782,0.7579556352608632,1.3621222809186397,0.894453203699472,COMPLETE
166,-0.6768816773263581,2025-12-07 13:51:12.660625,2025-12-07 13:52:08.730955,0 days 00:00:56.070330,0.6413228683843218,1.181017057346061,0.09371714567266726,6,10,9,617,2.7633611659171526,3.682721121424538,1.6884020646609577,0.7584754874646068,1.2399080115920529,0.7839098961514819,COMPLETE
167,-0.6766934439818341,2025-12-07 13:51:13.139534,2025-12-07 13:52:10.813495,0 days 00:00:57.673961,0.6334140867493009,1.1564272674865999,0.0928137821357291,6,10,9,626,2.740701224244262,3.640824590592766,1.694390274729635,0.7661135904424006,1.3482427088199065,0.905030290385559,COMPLETE
168,-0.6762644449305868,2025-12-07 13:51:14.893888,2025-12-07 13:52:18.438658,0 days 00:01:03.544770,0.6388908546843755,1.1607493666765085,0.09194425063015164,6,10,3,617,2.7224458510634792,3.634490051522584,1.6947392505742072,0.7621971042001457,1.2089599591174998,0.8916823791274622,COMPLETE
169,-0.6770156819475416,2025-12-07 13:51:16.232515,2025-12-07 13:51:56.862273,0 days 00:00:40.629758,0.6758970330307107,1.190119268917032,0.09174042178622062,8,10,4,388,2.76705430182969,3.175843391665802,1.8219223045091821,0.7579843848278633,1.3566124141458888,0.8109612588542631,COMPLETE
170,-0.6535761478782636,2025-12-07 13:51:16.930955,2025-12-07 13:51:25.027213,0 days 00:00:08.096258,0.6284495363684894,1.1575842235936715,0.09214782662077885,6,10,9,633,2.7780170807334557,3.6247772799120597,1.6920029626735802,0.7632666082379068,1.3687622710774257,0.8020066777789208,COMPLETE
171,-0.6700781606853313,2025-12-07 13:51:20.830158,2025-12-07 13:52:04.639097,0 days 00:00:43.808939,0.8817015700623362,1.1557911440969522,0.09931901366154205,6,10,9,621,2.5743898429986602,4.600964567579192,1.6838529063518861,0.7544812567665629,1.354379394053822,0.8044786869807279,COMPLETE
172,-0.6785093026698997,2025-12-07 13:51:21.566135,2025-12-07 13:52:25.579745,0 days 00:01:04.013610,0.8805095619240706,1.1252575569518972,0.09641667906976882,6,10,6,613,2.739568695376303,3.6321999403264096,1.6899314791672628,0.7591511924560367,1.3579102440649096,0.8988036751556037,COMPLETE
173,-0.6774634155412586,2025-12-07 13:51:22.426788,2025-12-07 13:52:21.113961,0 days 00:00:58.687173,0.6201880727082981,1.154225066576214,0.09164888760565738,6,10,9,618,2.1588927553512476,3.160407193500763,1.6883844783028208,0.7600236590077933,1.3684666054431793,0.8956668548681711,COMPLETE
174,-0.6712823068306691,2025-12-07 13:51:25.029856,2025-12-07 13:52:28.277880,0 days 00:01:03.248024,0.6595176191836144,1.1612493436455078,0.09615039269272323,6,10,4,620,2.5416447241053244,3.1834539124211814,1.83208826189214,0.628110526605327,1.216400552109984,0.8804226360390022,COMPLETE
175,-0.6758067029267173,2025-12-07 13:51:25.389474,2025-12-07 13:52:25.297715,0 days 00:00:59.908241,0.6649930669002978,1.1644870743335571,0.09689528993362212,6,10,6,607,1.9615079614969615,4.573029462119899,1.6877971082410124,0.628527534526152,1.3627597921913772,0.8801852774459376,COMPLETE
176,-0.6728210876731939,2025-12-07 13:51:26.606451,2025-12-07 13:52:26.641725,0 days 00:01:00.035274,0.6636463888306854,1.158288879110061,0.09816624328750287,6,10,6,611,2.472999357052734,4.622757359487093,1.8176185766630972,0.6003523231867653,1.255761871715805,0.8939905537191212,COMPLETE
177,-0.6759252444168,2025-12-07 13:51:27.505303,2025-12-07 13:52:40.382255,0 days 00:01:12.876952,0.8813105533541274,1.1821730167100613,0.09997032802184518,8,10,3,625,1.8653180457270864,3.5983419966654684,1.8323772781219803,0.6012951037489773,1.3570410696848667,0.8985720437654591,COMPLETE
178,-0.6793664104929599,2025-12-07 13:51:27.573235,2025-12-07 13:52:35.422042,0 days 00:01:07.848807,0.880398174482847,1.127798636393018,0.09951412705700817,8,10,3,624,2.218224984817134,3.102816916255504,1.6914190783716099,0.7605139726170619,1.3672817160724742,0.8907647533677885,COMPLETE
179,-0.6733818111467116,2025-12-07 13:51:30.199305,2025-12-07 13:52:33.083899,0 days 00:01:02.884594,0.6697081716335287,1.1758516223032263,0.08132844077626729,8,10,4,609,2.2327870470228146,3.2510972716068327,1.8363841978673945,0.6182321038287159,1.1927668531264863,0.8798955013936888,COMPLETE
180,-0.6716919739528087,2025-12-07 13:51:34.001014,2025-12-07 13:52:26.857424,0 days 00:00:52.856410,0.6588558512726901,1.0742486965449953,0.08037888636440109,8,10,6,524,2.704495346638595,3.1448877344451915,1.8444500225637703,0.7676216161741112,1.3521622188106204,1.0336650019647189,COMPLETE
181,-0.658306437752774,2025-12-07 13:51:43.604560,2025-12-07 13:52:55.086595,0 days 00:01:11.482035,0.8543728144007061,1.1106932930665767,0.08169192923631918,8,10,6,644,3.021311925904716,3.1440956202879087,1.6887581715723479,0.6255505066233426,1.3529317819500466,1.9963185261525167,COMPLETE
182,-0.6743478100239534,2025-12-07 13:51:44.567560,2025-12-07 13:52:24.915999,0 days 00:00:40.348439,0.6122618757450465,0.7724294183184288,0.09947880167374833,8,10,6,418,2.1900892823774902,4.556674239127265,1.681899143783317,0.7577912945754053,1.2514434181822385,0.8253258129689379,COMPLETE
183,-0.6773808747939829,2025-12-07 13:51:53.111356,2025-12-07 13:53:09.021847,0 days 00:01:15.910491,0.8887789937108788,0.7048486247520285,0.09937512120428,8,10,4,665,2.0889021969988715,3.167073209579144,1.8447664843372071,0.6251849490302477,1.4870249066193244,0.8323932166266792,COMPLETE
184,-0.6761158957462327,2025-12-07 13:51:56.051697,2025-12-07 13:52:59.019275,0 days 00:01:02.967578,0.6180263193214484,1.100735517744879,0.0999142936488463,8,10,6,633,2.3000771768311674,4.643314100993395,1.6737901226239478,0.6249709321602614,1.355860030255061,0.8245384389935638,COMPLETE
185,-0.6777076504427084,2025-12-07 13:51:56.865529,2025-12-07 13:53:05.224546,0 days 00:01:08.359017,0.6173321471179284,0.7264816641787465,0.09700049794585658,8,10,4,637,2.2269214621350364,3.208509634549931,1.8411831305343989,0.7629087463371536,1.359628836616537,0.8152041877386265,COMPLETE
186,-0.6772352320938461,2025-12-07 13:52:04.184358,2025-12-07 13:53:09.212287,0 days 00:01:05.027929,0.6146539632259684,0.7296849241174752,0.0986365733118217,8,10,4,640,2.127222455362671,3.2259939021765125,1.8426426133982243,0.7586934681066874,1.3692865841149435,0.8294615661030406,COMPLETE
187,-0.6784412093021194,2025-12-07 13:52:04.642040,2025-12-07 13:53:11.394062,0 days 00:01:06.752022,0.6178694780014468,1.1002011498011313,0.07998429640652349,8,10,4,645,2.4166044170360395,4.563454933423425,1.837757892014236,0.7891776108462184,1.362008497463571,0.8275134152798603,COMPLETE
188,-0.6765103189379298,2025-12-07 13:52:07.343993,2025-12-07 13:53:11.713619,0 days 00:01:04.369626,0.6127590972393209,1.10211399566404,0.08136844654398054,8,10,5,653,2.1182295340951205,4.66898019903131,1.845440556225547,0.7592150040441853,1.3578540193663753,0.845681632849158,COMPLETE
189,-0.6679054352896973,2025-12-07 13:52:07.668517,2025-12-07 13:52:53.856653,0 days 00:00:46.188136,0.6150151832132276,1.1108085953959754,0.09694774192056878,8,10,3,659,2.0335957742973005,4.627640087509479,1.6656110992783293,0.7572859936274488,1.3481078954358272,0.8333542656811529,COMPLETE
190,-0.6781062353339044,2025-12-07 13:52:08.733781,2025-12-07 13:53:12.311753,0 days 00:01:03.577972,0.6669485086178868,1.1031705457902101,0.09763281331250089,8,10,3,632,2.107204708408361,4.595614760699557,1.8596596885467465,0.7853253485796651,1.3558753102241663,0.8173669767037133,COMPLETE
191,-0.6094725233264399,2025-12-07 13:52:10.817106,2025-12-07 13:52:17.223247,0 days 00:00:06.406141,0.6147151703722725,1.084562993959868,0.08120878150999628,8,10,10,605,1.9885058384666536,3.073640971823843,1.6613772838114578,0.7881133924527042,1.4947648770455881,0.8290454815506179,COMPLETE
192,-0.6793402940915688,2025-12-07 13:52:11.946742,2025-12-07 13:53:22.646802,0 days 00:01:10.700060,0.6224445237517469,1.0960601614563181,0.08169891245167865,8,10,3,665,2.0118547469115686,3.1895416112380897,1.8452659856667697,0.7717795930248879,1.4790311418404485,0.8348279847523261,COMPLETE
193,-0.6786376227098175,2025-12-07 13:52:13.426713,2025-12-07 13:53:18.633053,0 days 00:01:05.206340,0.6179953857962268,1.096108968080325,0.09893909146285453,8,10,3,655,2.1776399869115908,3.2076062029083707,1.649535063305574,0.770914193602655,1.3680469447627766,0.8348695404475733,COMPLETE
194,-0.6767418593129056,2025-12-07 13:52:13.831737,2025-12-07 13:53:18.021209,0 days 00:01:04.189472,0.6217360878649075,1.0534968084116805,0.09938333533002854,8,10,4,656,2.0918515902743433,3.1879304222210196,1.8401997763359668,0.7859644575352105,1.2680337714697894,0.8308472658457375,COMPLETE
195,-0.6774257273236376,2025-12-07 13:52:17.225976,2025-12-07 13:53:21.941214,0 days 00:01:04.715238,0.62063977773398,1.128135758375888,0.0988729888789481,8,10,4,635,2.1505534811683247,4.100814520284897,1.854278019741342,0.7641655164020086,1.3656407308361858,0.8730276396994192,COMPLETE
196,-0.6772779846760647,2025-12-07 13:52:18.441295,2025-12-07 13:53:24.659422,0 days 00:01:06.218127,0.621302584853017,1.119288792418885,0.0990813288517363,6,10,3,656,2.2308937669118447,4.139211524132793,1.8438706875702604,0.7696718612917955,1.2669403485160726,0.835892494223773,COMPLETE
197,-0.6765523570426283,2025-12-07 13:52:21.117609,2025-12-07 13:53:32.372243,0 days 00:01:11.254634,0.6190983194025019,0.7131564418905629,0.09892408114119704,6,10,3,666,2.0253688049490903,3.1981022726458805,1.854924305526093,0.7680283359808554,1.2741729673669568,0.8111128711246138,COMPLETE
198,-0.6788368010722797,2025-12-07 13:52:24.918943,2025-12-07 13:53:31.684813,0 days 00:01:06.765870,0.6170204799541289,1.1156803720357205,0.09952873263834802,8,10,3,673,2.1470752062400815,3.2427379072957483,1.8428926250494366,0.7670912651323925,1.3773889412337093,0.8310708849404099,COMPLETE
199,-0.6762844685162749,2025-12-07 13:52:25.303403,2025-12-07 13:53:32.846774,0 days 00:01:07.543371,0.6148082104436251,0.728169849944135,0.09962826526774061,8,10,3,656,2.126083845648871,4.657333144331603,1.8480810837866009,0.7678863162276768,1.2705078382576545,0.8367292448516687,COMPLETE
200,-0.6762977372420195,2025-12-07 13:52:25.588056,2025-12-07 13:53:30.924279,0 days 00:01:05.336223,0.6171546824843422,1.1248999099408585,0.0998429580493352,8,10,3,658,2.250006426274433,4.115239328229611,1.8482684905836004,0.7702387918793719,1.2701168899876856,0.8425560050444677,COMPLETE
201,-0.6782053555830873,2025-12-07 13:52:26.644879,2025-12-07 13:53:37.734517,0 days 00:01:11.089638,0.6160113216258479,0.7089093283457136,0.09837104590948324,8,10,3,657,2.276232616254854,4.086222510502598,1.860517658500025,0.7711610754014718,1.2813355650942861,0.8400733362294239,COMPLETE
202,-0.6507786924924303,2025-12-07 13:52:26.860353,2025-12-07 13:52:35.052019,0 days 00:00:08.191666,0.6143841086335644,1.112007919273539,0.09989984940648422,8,10,3,656,2.262565303699799,4.5001305940496605,1.661581953777517,0.7767723372075503,1.385732899190627,0.8313148799243631,COMPLETE
203,-0.67761090320258,2025-12-07 13:52:28.281168,2025-12-07 13:53:36.057757,0 days 00:01:07.776589,0.6099937597123901,0.6917214488530663,0.09654857110459647,8,10,3,647,2.213172459822643,4.146209742827134,1.6559877602783903,0.7756240947518577,1.2895971982675567,0.8308183011908468,COMPLETE
204,-0.6647080343406003,2025-12-07 13:52:33.086668,2025-12-07 13:52:59.727744,0 days 00:00:26.641076,0.6168003181153041,1.1180143752985028,0.09924483378625056,8,10,3,651,2.1338909979182774,4.133131824989408,1.6647666161917944,0.7758626449843895,1.384597770137745,0.8270539335963792,COMPLETE
205,-0.6763961761689034,2025-12-07 13:52:35.055061,2025-12-07 13:53:44.849842,0 days 00:01:09.794781,0.6201901731684095,0.6886012857899673,0.09964417181711133,8,10,3,647,1.8581534135288285,4.227446017366911,1.8742139920174372,0.7606869647265464,1.2766655423571476,0.8495665557903657,COMPLETE
206,-0.6172928898835747,2025-12-07 13:52:35.424654,2025-12-07 13:52:42.325598,0 days 00:00:06.900944,0.6236964314112683,1.1162877142287264,0.09925095303770529,6,10,3,655,2.0045710892144357,4.751580433909006,1.653703368153844,0.7613403552880345,1.4568956590093802,0.8488837984555173,COMPLETE
207,-0.6775683150298244,2025-12-07 13:52:40.385038,2025-12-07 13:53:58.001644,0 days 00:01:17.616606,0.8894595394008885,0.7018138050200913,0.09816931706414324,8,10,3,660,1.8739039509216318,4.9916951816472,1.886169958450637,0.7618146835707894,1.2906139293820387,0.8484049983239044,COMPLETE
208,-0.679370276611678,2025-12-07 13:52:42.336680,2025-12-07 13:53:58.048389,0 days 00:01:15.711709,0.8916336681004504,0.7724571384182829,0.0894616843813566,8,10,3,662,1.8333521248459674,4.046671967073604,1.8684438733013935,0.7690034077347228,1.2970140615047743,0.8222043094012698,COMPLETE
209,-0.6796982202269746,2025-12-07 13:52:53.859293,2025-12-07 13:54:05.628404,0 days 00:01:11.769111,0.6304987436611119,1.042733825871834,0.09012576322390807,6,10,3,697,1.855591293009745,4.894805214264435,1.8907101595787106,0.7701420902254679,1.2807878704471647,0.7294474350329652,COMPLETE
210,-0.6796483788962818,2025-12-07 13:52:55.089333,2025-12-07 13:54:14.833484,0 days 00:01:19.744151,0.8898449233896373,0.7027968085656678,0.08949089429104702,6,10,3,675,1.7736302011662846,4.261706850557743,1.8656495754496496,0.7855261608966309,1.286997381948253,0.8061673401017884,COMPLETE
211,-0.6795450411562337,2025-12-07 13:52:59.022109,2025-12-07 13:54:19.838647,0 days 00:01:20.816538,0.8925339659535921,0.7496632922375323,0.08972142260152326,8,10,3,700,1.8562051686864725,4.214373342540852,1.9223058859329438,0.7891040209951342,1.2891388762835208,0.7883592299275033,COMPLETE
212,-0.6805197902151489,2025-12-07 13:52:59.730416,2025-12-07 13:54:16.139902,0 days 00:01:16.409486,0.8905588782380872,0.7188872550001683,0.08960399492296788,8,10,3,671,1.8099764924836128,4.2357050545398,1.8667382617693684,0.7881796368042402,1.278883875373318,0.7930163696132075,COMPLETE
213,-0.6799200467668767,2025-12-07 13:53:05.227428,2025-12-07 13:54:17.087022,0 days 00:01:11.859594,0.6334916677678368,0.7029628326829408,0.08918245000492055,6,10,3,667,1.7781987522305742,4.925951475032511,1.8688658262327416,0.7687651732913164,1.29229055313362,0.7771346111949127,COMPLETE
214,-0.6807074750025656,2025-12-07 13:53:09.024478,2025-12-07 13:54:25.689147,0 days 00:01:16.664669,0.8959292339768092,0.71975014771587,0.08944881181839953,8,10,3,672,2.3563096353789796,4.290479749946662,1.8468639891801986,0.7698651311933322,1.2929570794814502,0.72265523463152,COMPLETE
215,-0.6483755854629532,2025-12-07 13:53:09.215211,2025-12-07 13:53:16.584958,0 days 00:00:07.369747,0.8953384124240362,0.7083068232819918,0.09006918744852542,8,10,3,673,1.7606972643134353,3.5278055092739047,1.883590944818988,0.7845903139367849,1.4028876776578783,0.7228877653401716,COMPLETE
216,-0.6797311470410571,2025-12-07 13:53:11.396602,2025-12-07 13:54:25.775118,0 days 00:01:14.378516,0.8943181190060305,0.7023349098427947,0.0884105359910328,8,10,4,677,1.695502848830122,4.945129825371357,1.8849535517118507,0.7866315387511891,1.295135115992269,0.7121336556739901,COMPLETE
217,-0.6793668151057938,2025-12-07 13:53:11.716352,2025-12-07 13:54:25.258874,0 days 00:01:13.542522,0.8865571066586138,0.6987883026623194,0.08980849240807007,8,10,4,669,1.8315322714486764,3.5397114507823937,1.8801991413534407,0.7899740697367548,1.2922057509620364,0.7948409439630115,COMPLETE
218,-0.680635954853531,2025-12-07 13:53:12.314407,2025-12-07 13:54:25.954331,0 days 00:01:13.639924,0.8903728050720214,0.692334015852903,0.08857123838425103,8,10,4,666,1.8465028601524696,4.967938030517178,1.8833016908357296,0.7869567086060039,1.288120751421912,0.711683010080423,COMPLETE
219,-0.6776279455754946,2025-12-07 13:53:16.587897,2025-12-07 13:54:22.193396,0 days 00:01:05.605499,0.6046636786029632,1.0523524287693184,0.08911871752684565,8,10,4,675,1.902637994902241,4.99567083160403,1.9136003197113765,0.8042287640293229,1.2965024778673662,0.7969291612640561,COMPLETE
220,-0.6781833812116916,2025-12-07 13:53:18.024155,2025-12-07 13:54:25.019774,0 days 00:01:06.995619,0.6059767198641277,1.050558010504615,0.08902054485139423,8,10,4,694,2.3720443493005625,4.97822248859047,1.9371517977014954,0.7950081996229115,1.293446573897722,0.7855458846968718,COMPLETE
