number,value,datetime_start,datetime_complete,duration,params_colsample_bytree,params_gamma,params_learning_rate,params_max_delta_step,params_max_depth,params_min_child_weight,params_n_estimators,params_reg_alpha,params_reg_lambda,params_scale_pos_weight,params_subsample,params_weight_ratio_0,params_weight_ratio_1,state
221,-0.676774489748921,2025-12-07 13:53:18.636037,2025-12-07 13:54:27.333249,0 days 00:01:08.697212,0.6028166458661733,1.0239033377711653,0.0891509615485402,8,10,4,716,2.4036340516313204,4.783038849810535,1.945531188107384,0.7969404791929383,1.2881453520330632,0.7939184365090012,COMPLETE
222,-0.6779614887333635,2025-12-07 13:53:21.944165,2025-12-07 13:54:28.816276,0 days 00:01:06.872111,0.6063881366224311,0.9774260837880142,0.08981441504221907,8,10,4,685,2.381632747752535,4.8365025072909,1.885884788496352,0.8047940653629377,1.294010726433861,0.7846162853349052,COMPLETE
223,-0.6780336139965217,2025-12-07 13:53:22.650148,2025-12-07 13:54:29.350146,0 days 00:01:06.699998,0.6071225831011068,1.0409178340057172,0.0894401894344017,8,10,4,700,2.3169578441934906,3.260232074765107,1.9453711388225985,0.798644077252381,1.304848662351834,0.7923403067627296,COMPLETE
224,-0.6768737326502965,2025-12-07 13:53:24.662057,2025-12-07 13:54:32.436981,0 days 00:01:07.774924,0.6242887348200928,1.0621486105193019,0.08865586801953666,8,10,4,673,2.3353753087816154,3.2566122957842585,1.879500596062068,0.7954528619685906,1.2875963904224261,0.7906318406343267,COMPLETE
225,-0.677473985596959,2025-12-07 13:53:30.927694,2025-12-07 13:54:39.092492,0 days 00:01:08.164798,0.6065749042315968,1.0392968880350082,0.08865889879645147,8,10,4,710,2.34134404996897,3.0476386438393748,1.9452249871380451,0.791988517433238,1.2924936024565141,0.788452815328239,COMPLETE
226,-0.6786606165654846,2025-12-07 13:53:31.687543,2025-12-07 13:54:39.001186,0 days 00:01:07.313643,0.6053162075373301,1.0476027596686226,0.0900048185432516,8,10,4,705,2.3595678804371563,3.253436670927137,1.925295613571006,0.7972176008221488,1.2984929146741615,0.7929549390494295,COMPLETE
227,-0.6787649346884334,2025-12-07 13:53:32.375002,2025-12-07 13:54:39.966760,0 days 00:01:07.591758,0.6052623641560562,1.0046081842981027,0.08915630177610853,8,10,4,698,2.4252478223566234,3.022036799293672,1.8913863062192564,0.7974887570078255,1.3027976017272052,0.78546242856316,COMPLETE
228,-0.677301443544373,2025-12-07 13:53:32.849983,2025-12-07 13:54:41.754649,0 days 00:01:08.904666,0.6270735633376878,1.0240342792230435,0.08797592676697691,8,10,4,698,2.399628101471661,3.032482441060468,1.9456216713509729,0.7910944953292982,1.3016180706559386,0.7732483385330586,COMPLETE
229,-0.6775421781316487,2025-12-07 13:53:36.060669,2025-12-07 13:54:41.616498,0 days 00:01:05.555829,0.6056871593987766,1.0415094678355195,0.08895699095119948,8,10,4,688,2.3808945366842673,3.058420172952168,1.926867889621669,0.793354095055555,1.310721062383671,0.7790819979894456,COMPLETE
230,-0.6778948290248575,2025-12-07 13:53:37.737749,2025-12-07 13:54:49.780917,0 days 00:01:12.043168,0.6248661840246764,1.0503328257882873,0.0886799569202016,8,10,2,718,2.3456447040884782,4.213133413999713,1.9262096607571895,0.7924458350715612,1.3010324489848948,0.7842405904107916,COMPLETE
231,-0.6785771643988529,2025-12-07 13:53:44.852674,2025-12-07 13:54:51.450187,0 days 00:01:06.597513,0.6045183093151058,1.0552451601376729,0.08828202992971738,8,10,4,697,2.3761063125644823,2.9925420257331368,1.9042868240243676,0.7943523930616916,1.306591555067906,0.7801265817673699,COMPLETE
232,-0.6785365056414673,2025-12-07 13:53:58.004605,2025-12-07 13:55:04.549341,0 days 00:01:06.544736,0.6053047723256367,1.0509065496429257,0.08757327123749926,8,10,4,673,2.415656720373961,4.881956215238392,1.9378310736689894,0.794015849457825,1.305718441748105,0.7446731114813141,COMPLETE
233,-0.6713276908016725,2025-12-07 13:53:58.051035,2025-12-07 13:54:48.043600,0 days 00:00:49.992565,0.6058014268039587,0.9702600016217079,0.0889111369691895,8,10,2,687,2.3721664280173598,4.825675673804216,1.9420262482537696,0.7935157997846702,1.3990964692322398,0.7383721288327796,COMPLETE
234,-0.6789309173185748,2025-12-07 13:54:05.631407,2025-12-07 13:55:17.640919,0 days 00:01:12.009512,0.6027526599887653,1.040997654910833,0.08887884455486847,8,10,2,699,2.412086224562433,4.958986570437932,1.939652111093384,0.7805122516557694,1.3105074036410256,0.7397968315291894,COMPLETE
235,-0.6791416825073738,2025-12-07 13:54:14.836684,2025-12-07 13:55:33.468337,0 days 00:01:18.631653,0.8992458439639649,1.0416702364056922,0.08812964272106778,8,10,2,703,2.3623048417907415,4.997982144158141,1.941167760975014,0.7914369770709345,1.3080306262017145,0.7595810391058939,COMPLETE
236,-0.6796723128529484,2025-12-07 13:54:16.142950,2025-12-07 13:55:32.997583,0 days 00:01:16.854633,0.8878952942846356,1.0263275523947348,0.0889628368381768,8,10,2,705,1.5984171295302039,4.2301813586669175,1.947387489243344,0.7961280762472537,1.3016590394537075,0.7767671549841665,COMPLETE
237,-0.678111786962591,2025-12-07 13:54:17.090897,2025-12-07 13:55:26.476498,0 days 00:01:09.385601,0.6053035429656575,1.0469567976216496,0.0888051920558607,8,10,2,695,1.6082217241741688,4.964155884083531,1.9079454606878838,0.7894300885710809,1.3033613198559377,0.7411543579716096,COMPLETE
238,-0.6807434282223085,2025-12-07 13:54:19.842649,2025-12-07 13:55:35.820141,0 days 00:01:15.977492,0.8891972741891158,1.044740540413806,0.08823311452414578,8,10,2,699,1.5834007842823754,4.952749577354662,1.955365085677033,0.7935541044634138,1.3069126792018575,0.6789648968528226,COMPLETE
239,-0.6607058177784806,2025-12-07 13:54:22.196588,2025-12-07 13:54:50.765904,0 days 00:00:28.569316,0.6058824332211288,1.0456122407843196,0.08832439311362843,8,10,2,698,1.5820109895425736,4.950066068270908,1.9432142644883026,0.7973682632826732,1.3042387461085996,0.6801775994886066,COMPLETE
240,-0.6789204365366618,2025-12-07 13:54:25.022969,2025-12-07 13:55:33.506453,0 days 00:01:08.483484,0.609161323346545,1.0189333996818581,0.08840594445973791,8,10,3,701,1.6640932493547187,4.909915515102349,1.9365052074745954,0.7945874478820804,1.289050133243872,0.7423112970475902,COMPLETE
241,-0.6779460182748448,2025-12-07 13:54:25.262259,2025-12-07 13:55:33.766394,0 days 00:01:08.504135,0.6063263455389508,1.028624334908804,0.08940306377806854,8,10,2,697,1.4477259880647142,4.2717117614680555,1.9509019922445865,0.7980251409917114,1.3102210629718616,0.733296343223524,COMPLETE
242,-0.6773118409870782,2025-12-07 13:54:25.691989,2025-12-07 13:55:35.509187,0 days 00:01:09.817198,0.6058138147435125,0.9884248712551396,0.08760767935722341,8,10,2,696,1.7429705026506992,4.831344748855082,1.9443231420333815,0.8086783292577154,1.3079410090876056,0.7467916586618611,COMPLETE
243,-0.6803089491363733,2025-12-07 13:54:25.781817,2025-12-07 13:55:51.902736,0 days 00:01:26.120919,0.8974044541085274,0.6564675230716863,0.0888262383011916,8,10,2,701,1.658302924109551,4.8768990316783185,1.9649527961742934,0.7964211463328884,1.3100835601853538,0.7439618279374776,COMPLETE
244,-0.6810035806479572,2025-12-07 13:54:25.957160,2025-12-07 13:55:44.205447,0 days 00:01:18.248287,0.8987013731431708,1.0245332090512946,0.0889728134684665,8,10,2,703,1.6168842097292178,4.882993632398687,1.9457194011211343,0.7958800038109546,1.3120183586027296,0.7416141580854764,COMPLETE
245,-0.6794781570298806,2025-12-07 13:54:27.336093,2025-12-07 13:55:51.800368,0 days 00:01:24.464275,0.89743277104515,0.6489757974670405,0.08765953566429158,8,10,2,691,1.5852925132633406,4.892260061245464,1.9359373583257895,0.79046122043439,1.3141777125629832,0.6766493935547256,COMPLETE
246,-0.6531875388679432,2025-12-07 13:54:28.819088,2025-12-07 13:54:36.486441,0 days 00:00:07.667353,0.8940144479052801,0.9785126969880218,0.08785979080518085,8,10,2,697,1.6195337519398043,4.870810406164937,1.9386723609477365,0.7945815639150818,1.3190345433124546,0.6437197268277591,COMPLETE
247,-0.6803844008524599,2025-12-07 13:54:29.354015,2025-12-07 13:55:54.911439,0 days 00:01:25.557424,0.8924086928715401,0.655621027654568,0.08444144950152592,8,10,2,699,1.756964853812348,4.301223249281744,1.943299441595411,0.7923470242300061,1.312945922786908,0.677843715679376,COMPLETE
248,-0.6790994355446252,2025-12-07 13:54:32.440268,2025-12-07 13:55:59.247906,0 days 00:01:26.807638,0.8999313502290502,0.6435492560555376,0.08459494894385367,8,10,2,709,1.6183813496176684,4.896689538325468,1.9473968837907558,0.7911922223129408,1.3159322975605228,0.7321686765877088,COMPLETE
249,-0.680821614761275,2025-12-07 13:54:36.489693,2025-12-07 13:56:01.216579,0 days 00:01:24.726886,0.8994707604268778,0.6470548318963202,0.08395060284435059,8,10,2,699,1.7474174061975396,4.433034625387235,1.9214624493860075,0.779989017804094,1.3263582304291752,0.7133315030774309,COMPLETE
250,-0.6801040829730356,2025-12-07 13:54:39.004017,2025-12-07 13:56:04.612745,0 days 00:01:25.608728,0.8926945773926932,0.6413808337577304,0.08470792823772516,8,10,2,716,1.7212377598851343,4.957220764924056,1.9868576935275404,0.7822368950667692,1.314718696275797,0.7352135070828031,COMPLETE
251,-0.6794029722630149,2025-12-07 13:54:39.096159,2025-12-07 13:56:05.339680,0 days 00:01:26.243521,0.899681706136438,0.640765014884948,0.08361304314057441,8,10,2,731,1.4227792500872989,4.299720046178351,1.986141862373722,0.780663789801911,1.314858780252031,0.6875431689437982,COMPLETE
252,-0.6799504778029318,2025-12-07 13:54:39.969791,2025-12-07 13:56:03.293431,0 days 00:01:23.323640,0.8981032181517922,0.6398748580569776,0.08402324744540564,8,10,3,730,1.7381572066629525,4.309478805302067,1.973164054178708,0.7850795543887186,1.3236605739307903,0.7450077050382982,COMPLETE
253,-0.6788877266526128,2025-12-07 13:54:41.619558,2025-12-07 13:56:07.474253,0 days 00:01:25.854695,0.8991627630577594,0.6363847508079477,0.0845508816800718,8,10,2,729,1.432656650986874,4.329192604867213,1.8981661569878643,0.8197622096816671,1.317548873743552,0.7407542067703936,COMPLETE
254,-0.679704757503266,2025-12-07 13:54:41.757418,2025-12-07 13:56:08.671629,0 days 00:01:26.914211,0.8971946532301945,0.6430198490729004,0.0832665809588641,8,10,2,723,1.7366849964967312,4.9391515259523615,1.9886771320944907,0.7810483050678122,1.3053399052011352,0.6873703297487613,COMPLETE
255,-0.6790309437234421,2025-12-07 13:54:48.046881,2025-12-07 13:56:13.118068,0 days 00:01:25.071187,0.8872530514457858,0.6410450446127389,0.08497101795296952,8,10,3,732,1.417235421551486,4.964710380297419,1.9998034951550512,0.7814216484817812,1.3208209948817085,0.7386733377451634,COMPLETE
256,-0.6794661933300795,2025-12-07 13:54:49.783858,2025-12-07 13:56:12.840791,0 days 00:01:23.056933,0.8987427517053241,0.6465740764565959,0.08402994699978532,8,10,3,730,1.6788690428601312,4.938356912380238,1.9987458143479284,0.8198841743254732,1.3103798007513485,0.6828782318078163,COMPLETE
257,-0.6714277351010397,2025-12-07 13:54:50.769946,2025-12-07 13:55:46.593652,0 days 00:00:55.823706,0.8963158622732948,0.6546280103572317,0.08391249580473314,8,10,3,680,1.764381271507264,4.4349030150084205,1.901311061612456,0.7812784699080045,1.3186345469264653,0.6904227048830766,COMPLETE
258,-0.6710695041279182,2025-12-07 13:54:51.453528,2025-12-07 13:55:51.108447,0 days 00:00:59.654919,0.8990614654909928,0.6458943697389009,0.08432367347685878,8,10,3,733,1.7303762946000774,4.2662872557290585,1.903792737749481,0.781326683225196,1.3213907939517737,0.6906820869809781,COMPLETE
259,-0.6788374024555671,2025-12-07 13:55:04.556831,2025-12-07 13:56:26.958612,0 days 00:01:22.401781,0.8981079406938491,0.7601500637308242,0.08445462303977244,8,10,3,737,1.7197496448350638,4.346007140008649,1.9998555442194923,0.8219405135103565,1.3224376357359726,0.7440040048890505,COMPLETE
260,-0.6797303996887862,2025-12-07 13:55:17.644001,2025-12-07 13:56:41.143293,0 days 00:01:23.499292,0.8978535857070392,0.6470842520104529,0.08480258167937105,8,10,3,727,1.444117845423608,4.435343792495486,1.9754616361071984,0.8205280510137055,1.3233266012073028,0.6935366398519343,COMPLETE
261,-0.6797776022130849,2025-12-07 13:55:26.479287,2025-12-07 13:56:51.970412,0 days 00:01:25.491125,0.8976648140063239,0.6212773065736231,0.08361651003195938,8,10,3,733,1.7487044836797947,4.286038210804193,1.9984413057497687,0.7788773800699228,1.32268778297545,0.6818919117181685,COMPLETE
262,-0.6796947134055585,2025-12-07 13:55:33.000649,2025-12-07 13:56:56.101694,0 days 00:01:23.101045,0.8997494019420502,0.6456546496020196,0.08474039444826932,8,10,3,730,1.67958098967037,4.3071346215021205,1.9957441061194388,0.8201264907040829,1.3287279952407096,0.6861954677816067,COMPLETE
263,-0.6506200985507404,2025-12-07 13:55:33.471236,2025-12-07 13:55:41.085103,0 days 00:00:07.613867,0.8958565877054064,0.6289673046430442,0.08542849803720531,8,10,2,728,1.7335044954062857,4.294430995843344,1.9008981010963943,0.7807201595433958,1.3231960075646176,0.6839379238029875,COMPLETE
264,-0.6787437087331369,2025-12-07 13:55:33.511129,2025-12-07 13:57:06.821858,0 days 00:01:33.310729,0.8992609107539181,0.6349051153787526,0.08382383389099732,8,10,1,728,1.4433934164243143,4.891385080290078,1.980098472281416,0.7802195862979043,1.3204582698987404,0.7350018836998559,COMPLETE
265,-0.6799775212818009,2025-12-07 13:55:33.772184,2025-12-07 13:56:58.970310,0 days 00:01:25.198126,0.8887662270781788,0.6391143726115993,0.08348822852792291,8,10,3,736,1.7801300353007057,4.459207809323571,1.9838949041816123,0.7822095760359681,1.327366980214681,0.7512084113739104,COMPLETE
266,-0.678679591324736,2025-12-07 13:55:35.511782,2025-12-07 13:56:59.298509,0 days 00:01:23.786727,0.8999848989243295,0.6211479712786234,0.08480600271241619,8,10,3,725,1.379289275008835,4.88120957548775,1.9705622372577964,0.7809836610611144,1.328077848431182,0.7525063726766729,COMPLETE
267,-0.6804208896742966,2025-12-07 13:55:35.823558,2025-12-07 13:56:56.836699,0 days 00:01:21.013141,0.8999892885524159,0.6596056829782185,0.0834947178898244,8,10,3,716,1.4494547172831607,4.895538515090051,1.969591657338978,0.8229483987859519,1.3248294133454181,0.6795968385884487,COMPLETE
268,-0.6796409923022346,2025-12-07 13:55:41.091246,2025-12-07 13:57:06.032191,0 days 00:01:24.940945,0.8875002158760231,0.9400824449603966,0.08323972656358454,8,10,1,725,1.3724013313593206,4.883136208097855,1.9743994407196932,0.7806626436674378,1.256899184080744,0.6375092830910996,COMPLETE
269,-0.6806354871359744,2025-12-07 13:55:44.208286,2025-12-07 13:57:02.155559,0 days 00:01:17.947273,0.8988630834511401,0.9291972210003461,0.08433242063894045,8,10,3,722,1.3895428473244253,4.887804019549412,1.9766605979825889,0.8178936168451796,1.326259825143063,0.7074658121108561,COMPLETE
270,-0.6797593496690238,2025-12-07 13:55:46.596543,2025-12-07 13:57:09.135125,0 days 00:01:22.538582,0.887452309181171,0.9620288024620693,0.08405173129499058,8,10,1,721,1.3192319266675752,4.899099931234746,1.9746473455097184,0.8040918409062945,1.2598726596326035,0.6418581877197611,COMPLETE
271,-0.6802214508822813,2025-12-07 13:55:51.111294,2025-12-07 13:57:13.911577,0 days 00:01:22.800283,0.888084194186011,0.9268062337032353,0.0832239242733427,8,10,2,714,1.399528033937294,4.896362403077889,1.9811315236223501,0.8051795632625798,1.2580989862207317,0.7197779297643749,COMPLETE
272,-0.6799690745713719,2025-12-07 13:55:51.803470,2025-12-07 13:57:19.185523,0 days 00:01:27.382053,0.8873449513385935,0.761839336575592,0.08264410777197741,8,10,2,729,1.5425006751302726,4.735400226130154,1.9946316769622128,0.803146064470911,1.2595447097794812,0.6532924074873883,COMPLETE
273,-0.6811329301043445,2025-12-07 13:55:51.905503,2025-12-07 13:57:19.662021,0 days 00:01:27.756518,0.8883251245299327,0.5986524954775316,0.08345393945577445,8,10,2,726,1.4298929051907123,4.762269385592627,1.970783644553568,0.8057587687654553,1.2539859988585937,0.6406570427444306,COMPLETE
274,-0.6624084582361841,2025-12-07 13:55:54.914215,2025-12-07 13:56:29.035567,0 days 00:00:34.121352,0.8869009506233815,0.5464795759396031,0.08536607401973137,8,10,2,712,1.4730532649880574,4.888669477423794,1.9864174352955948,0.8047185097985792,1.2632492950420475,0.632311330827054,COMPLETE
275,-0.6482304218513582,2025-12-07 13:55:59.250853,2025-12-07 13:56:06.656829,0 days 00:00:07.405976,0.8891908418013702,0.7655869272922735,0.08370258395076503,8,10,1,732,1.4306209626380935,4.745204353486371,1.98041143055371,0.8227019194079318,1.2536824828094961,0.6101743312305126,COMPLETE
276,-0.679261110144655,2025-12-07 13:56:01.219165,2025-12-07 13:57:32.173986,0 days 00:01:30.954821,0.888451184151297,0.5970303292841849,0.08321787274317198,9,10,1,728,1.4112805129995758,4.7334109951818295,1.9987919199370274,0.8043760481025444,1.256239043489884,0.6464614991807669,COMPLETE
277,-0.678493545441719,2025-12-07 13:56:03.296339,2025-12-07 13:57:34.225066,0 days 00:01:30.928727,0.8875601818586839,0.5827621651027697,0.08339373945567634,9,10,1,731,1.3805480079843018,4.725974827300859,1.9810495011348168,0.8034368218249315,1.2511130715725653,0.6321886094402585,COMPLETE
278,-0.679805054873286,2025-12-07 13:56:04.616517,2025-12-07 13:57:36.099429,0 days 00:01:31.482912,0.8877724323218368,0.5253798131923278,0.08126648662760949,9,10,1,730,1.4390777497520004,4.74848163427035,1.9956753982613584,0.7801206494078543,1.255586481372672,0.6280032565839908,COMPLETE
279,-0.6803025435849076,2025-12-07 13:56:05.343110,2025-12-07 13:57:35.914910,0 days 00:01:30.571800,0.8885350870120511,0.5440807932698111,0.0841196178048557,9,10,1,733,1.4174200555972927,4.3732427575318,1.9937459855406632,0.803105628004592,1.2488321498719526,0.6374452379353613,COMPLETE
280,-0.678700895494364,2025-12-07 13:56:06.660596,2025-12-07 13:57:33.486893,0 days 00:01:26.826297,0.88713098618678,0.605368266308221,0.08387367154387312,9,10,2,748,1.3669488950239297,4.473926517407135,1.9972640961617432,0.804225662544187,1.2536479820797095,0.6507771533380745,COMPLETE
281,-0.6796013011500929,2025-12-07 13:56:07.479472,2025-12-07 13:57:32.601574,0 days 00:01:25.122102,0.8875502448005609,0.5836751881854108,0.0822841581724632,9,10,2,717,1.5206094999211621,4.74344831966654,1.9906374824777833,0.7847952399222746,1.251518439442718,0.6424417360403599,COMPLETE
282,-0.6634165979108514,2025-12-07 13:56:08.674970,2025-12-07 13:56:43.140748,0 days 00:00:34.465778,0.8880122332387356,0.6650247530160986,0.08252574091020372,9,10,2,741,1.5162861619452137,4.446974359634672,1.995079159464917,0.7838918742151384,1.255929316429149,0.623414091133815,COMPLETE
283,-0.6796981382075895,2025-12-07 13:56:12.844189,2025-12-07 13:57:39.857746,0 days 00:01:27.013557,0.8863406665230272,0.5485960697251688,0.08196721513547658,9,10,2,746,1.2880993206878932,4.426651781055439,1.9965933468176156,0.7787885457427848,1.258281644222309,0.6495996141612465,COMPLETE
284,-0.6799710939344754,2025-12-07 13:56:13.120704,2025-12-07 13:57:43.236980,0 days 00:01:30.116276,0.8908108296557438,0.5848618268244091,0.0821397328744528,9,10,1,719,1.248400071179372,4.780630221041041,1.9882292939548756,0.7738766109568991,1.256890454218908,0.6360969743120131,COMPLETE
285,-0.6805257764849126,2025-12-07 13:56:26.961650,2025-12-07 13:57:54.020547,0 days 00:01:27.058897,0.8902749008872037,0.5717482400198541,0.081453178562695,9,10,1,721,1.803785104196573,4.701559696938395,1.9761409387718238,0.774148763641379,1.239385908971074,0.6570984860417096,COMPLETE
286,-0.6813703928502313,2025-12-07 13:56:29.038483,2025-12-07 13:57:58.011714,0 days 00:01:28.973231,0.8910175231441388,0.5981168759445807,0.0808286185127314,9,10,1,747,1.8236082200024781,4.427694331044781,1.9719008678361454,0.7764916557900375,1.2191879773140097,0.6556092554952881,COMPLETE
287,-0.681062705216316,2025-12-07 13:56:41.148057,2025-12-07 13:57:59.724288,0 days 00:01:18.576231,0.8915825347993244,0.554658720469479,0.08345618311824145,9,10,2,720,1.537628544426491,4.731480792400052,1.978944034638569,0.83482507482099,1.2219036198273567,0.7010408316383636,COMPLETE
288,-0.6815166102564302,2025-12-07 13:56:43.143374,2025-12-07 13:58:06.504877,0 days 00:01:23.361503,0.8921463222108534,0.51034800732746,0.08036849497069946,9,10,1,721,1.2841403056865406,4.747848075982924,1.9718342745759374,0.815377861751656,1.2207088613588035,0.7070882657899088,COMPLETE
289,-0.6812406801077279,2025-12-07 13:56:51.973461,2025-12-07 13:58:13.068425,0 days 00:01:21.094964,0.89171896150022,0.5941722096623222,0.08030040604346915,9,10,1,718,1.3007679179121518,4.754446055918663,1.9709716587001564,0.8318871208559844,1.2274410751125155,0.6599623979717253,COMPLETE
290,-0.67985490592722,2025-12-07 13:56:56.104615,2025-12-07 13:58:12.136643,0 days 00:01:16.032028,0.8923267129820925,0.5861843002681513,0.08020665616448562,9,10,2,721,1.2647682462326317,4.743366365272654,1.978192065322763,0.827265618920654,1.2183476738728638,0.6677051227130513,COMPLETE
291,-0.6803037028209037,2025-12-07 13:56:56.839859,2025-12-07 13:58:21.136474,0 days 00:01:24.296615,0.8924505562276691,0.5864749899769823,0.028885072962240455,9,10,1,748,1.3598350597629838,4.427602639169032,1.972316113971805,0.8322619918951313,1.223504604414214,0.6674033186401116,COMPLETE
292,-0.6809756251550851,2025-12-07 13:56:58.972974,2025-12-07 13:58:20.342561,0 days 00:01:21.369587,0.8917012458361646,0.566847490566413,0.07969630249886475,9,10,1,748,1.1985221150702032,4.782498645681578,1.9931429551504514,0.8276536343432251,1.216476185365829,0.6999369261269879,COMPLETE
293,-0.6791018842110926,2025-12-07 13:56:59.303235,2025-12-07 13:58:19.228542,0 days 00:01:19.925307,0.8908748386939764,0.5472738214726351,0.07947727453798568,9,10,1,721,1.2810139914680758,4.452975182437774,1.9720025636002891,0.817047824679991,1.2223734538963864,0.6706475889638569,COMPLETE
294,-0.6807939803608128,2025-12-07 13:57:02.158109,2025-12-07 13:58:19.878284,0 days 00:01:17.720175,0.8906530790197636,0.5847819823055455,0.07996091878919982,9,10,1,720,1.2763853578237632,4.73502536831063,1.9692648142325218,0.8289375926136007,1.2245573541196424,0.7045379903446809,COMPLETE
