number,value,datetime_start,datetime_complete,duration,params_colsample_bytree,params_gamma,params_learning_rate,params_max_delta_step,params_max_depth,params_min_child_weight,params_n_estimators,params_reg_alpha,params_reg_lambda,params_scale_pos_weight,params_subsample,params_weight_ratio_0,params_weight_ratio_1,state
295,-0.6794820278265522,2025-12-07 13:57:06.039545,2025-12-07 13:58:21.509526,0 days 00:01:15.469981,0.8918972862975079,0.5825667940132563,0.07887816555282509,9,10,2,746,1.2639740549815106,4.745551235365491,1.9695016754868175,0.8262983624506683,1.2213407735184345,0.6534974120475028,COMPLETE
296,-0.6788833477052668,2025-12-07 13:57:06.824534,2025-12-07 13:58:26.830693,0 days 00:01:20.006159,0.8925118439165901,0.5569627394065625,0.08135137947037949,9,10,1,750,1.5361101413782037,4.762893178739945,1.9700387851161978,0.832881197617556,1.2198244433234293,0.711503191372906,COMPLETE
297,-0.6139782473856776,2025-12-07 13:57:09.137941,2025-12-07 13:57:13.358421,0 days 00:00:04.220480,0.8904475422594855,0.5791138008055632,0.07869505800064568,9,6,1,745,1.3488377229643576,4.740966803316604,1.9662422086867055,0.8128837479072248,1.2519611365605985,0.5622865095788206,COMPLETE
298,-0.6806076895361389,2025-12-07 13:57:13.360914,2025-12-07 13:58:29.096253,0 days 00:01:15.735339,0.8836345911681214,0.5015057699888713,0.08013320164065356,9,10,1,717,1.293241328594314,4.4581974450357125,1.9695317353106525,0.830022552518732,1.2160366554818158,0.6444967070965913,COMPLETE
299,-0.6804377507742417,2025-12-07 13:57:13.919469,2025-12-07 13:58:29.139114,0 days 00:01:15.219645,0.8837008617313196,0.5832775225794372,0.0798950435656409,9,10,1,719,1.3346297030133438,4.709868810400924,1.9735360029627764,0.8128124048786506,1.2027384850468859,0.648529133105361,COMPLETE
