number,value,datetime_start,datetime_complete,duration,params_colsample_bytree,params_gamma,params_learning_rate,params_max_delta_step,params_max_depth,params_min_child_weight,params_n_estimators,params_reg_alpha,params_reg_lambda,params_scale_pos_weight,params_subsample,params_weight_ratio_0,params_weight_ratio_1,state
73,-0.49807733629203604,2025-12-07 13:49:32.975755,2025-12-07 13:49:38.795359,0 days 00:00:05.819604,0.8403377073994942,0.38695230344362663,0.06621932473404767,5,8,10,59,3.9871698064389838,0.036008196984538554,0.8558790721631762,0.6537424427485948,0.6741320580718393,1.4982076533121509,COMPLETE
74,-0.6073241058382214,2025-12-07 13:49:33.026585,2025-12-07 13:50:06.366904,0 days 00:00:33.340319,0.836674195046677,0.39280438761124636,0.06474522849152478,5,8,6,512,3.986841113101067,0.12403147145184529,0.8164596763761405,0.895077512368756,0.6625968615421352,1.4968736222619146,COMPLETE
75,-0.5550499863056205,2025-12-07 13:49:33.324448,2025-12-07 13:49:46.021096,0 days 00:00:12.696648,0.8031883244373733,0.36355501253930794,0.06490074793769365,5,8,10,170,4.559966233837448,1.2424749773872668,0.8240018862200053,0.6480481412691301,0.6798444168209645,1.4956409299060054,COMPLETE
76,-0.5410128716784434,2025-12-07 13:49:33.351440,2025-12-07 13:49:40.699594,0 days 00:00:07.348154,0.8355250180811075,0.3637863546251765,0.0652108967676311,5,10,10,61,3.9548593343320397,0.44301109288803087,0.7986599122617023,0.655032866101976,0.6531167792442787,1.4776009889001656,COMPLETE
77,-0.5410873447176384,2025-12-07 13:49:33.796305,2025-12-07 13:49:44.829307,0 days 00:00:11.033002,0.8368723758601148,0.3205876225821874,0.06443703484560998,5,10,10,108,3.9739172445747744,1.1736345818489464,0.8704174916283126,0.6458731059052719,0.6244196463238372,1.4775123352812474,COMPLETE
78,-0.6305309231982622,2025-12-07 13:49:34.308120,2025-12-07 13:49:40.914152,0 days 00:00:06.606032,0.813511624679137,0.30590566184860984,0.04564930163793806,5,10,10,167,4.594140681622719,1.2080971046761073,0.80056261998312,0.6536002667914755,0.6744700011788642,0.7111196550831328,COMPLETE
79,-0.5352511096503395,2025-12-07 13:49:35.108735,2025-12-07 13:49:43.149409,0 days 00:00:08.040674,0.8390229294586217,0.21726057670103405,0.04761386614792971,0,10,10,69,4.574186227876717,1.2673341633301143,0.807901820526316,0.6520831895047647,0.6237120994447429,1.3913712223513366,COMPLETE
80,-0.6184958508939088,2025-12-07 13:49:35.659316,2025-12-07 13:49:42.748544,0 days 00:00:07.089228,0.8443903291731194,0.2482768113436765,0.06918266401313714,5,9,7,66,3.9376488855967895,1.2195032370587275,0.7990754751218314,0.6540498112111688,0.8795207481591342,1.3683263631101759,COMPLETE
81,-0.6167625405340288,2025-12-07 13:49:36.064170,2025-12-07 13:49:44.388525,0 days 00:00:08.324355,0.8445159168165792,1.8577012384360212,0.047628284744227235,5,9,7,81,3.8836407392910983,2.70108642100549,0.7900266988863596,0.6479728406469575,0.8743174071849973,1.3740208022285765,COMPLETE
82,-0.6286576042907326,2025-12-07 13:49:36.207120,2025-12-07 13:49:51.083151,0 days 00:00:14.876031,0.8353010419810508,1.8563210856120678,0.04871382217891924,5,9,7,172,4.645405082600164,1.2862288028449331,0.7923834611180918,0.6543690933303274,0.888907403754092,1.4008005033330544,COMPLETE
83,-0.6135460581222133,2025-12-07 13:49:37.189958,2025-12-07 13:49:46.616149,0 days 00:00:09.426191,0.842211187973187,0.44603530982428485,0.04806692132133046,5,9,7,95,3.9743496410570263,1.387134775867604,0.8007397907775414,0.6537010521037089,0.8493654923944275,1.355972560730551,COMPLETE
84,-0.6551563051978099,2025-12-07 13:49:38.796647,2025-12-07 13:50:23.491849,0 days 00:00:44.695202,0.8413676257049737,1.8659804886335924,0.05017260205262408,5,9,7,560,4.64496538963441,0.5025344453826593,0.8117091468328443,0.6487771841680211,0.879030318655228,1.3703428937433446,COMPLETE
85,-0.5395269532633575,2025-12-07 13:49:38.874340,2025-12-07 13:49:52.602128,0 days 00:00:13.727788,0.837263595003185,1.8550570920091038,0.08478705506489224,5,9,7,159,4.639623207365702,1.347293178900544,1.6348174065241985,0.7024755603469072,0.8934312640091946,1.3577297433379738,COMPLETE
86,-0.5353582669738354,2025-12-07 13:49:39.277435,2025-12-07 13:49:53.339130,0 days 00:00:14.061695,0.8391334647049572,1.8359765544049935,0.0854154991764299,5,9,7,164,4.63242617769634,0.4967815368091321,1.619772552532002,0.6489183914742684,0.8657158210434921,1.3773399762686076,COMPLETE
87,-0.5461374828575204,2025-12-07 13:49:39.359326,2025-12-07 13:49:53.206734,0 days 00:00:13.847408,0.8351575830083787,0.44753654040301777,0.049429072131132006,10,9,7,160,4.640180282375628,2.283825699999595,1.6246458442530094,0.6984833775997769,0.6038048066299068,0.7110234668399892,COMPLETE
88,-0.53522525158815,2025-12-07 13:49:40.700593,2025-12-07 13:49:54.885392,0 days 00:00:14.184799,0.8118475383801059,1.851464157358163,0.08608146722454701,10,9,7,166,4.654315661458848,2.7509895139304756,1.656281768337385,0.6945531008232896,0.8712755700907299,1.3666801188596915,COMPLETE
89,-0.47607170106915175,2025-12-07 13:49:40.915326,2025-12-07 13:49:51.327304,0 days 00:00:10.411978,0.6895875495351537,1.8523222055439532,0.04750607789110204,10,9,7,109,3.688383871400248,2.277250462350684,1.6251088790923696,0.6999137505573532,0.9154972403784145,1.36216174078682,COMPLETE
90,-0.6177077757134698,2025-12-07 13:49:40.955729,2025-12-07 13:49:50.613006,0 days 00:00:09.657277,0.6913471152264035,0.1752908590847652,0.05137108169267177,10,9,7,98,4.6584284203876845,2.714565015180534,1.5809485475928409,0.699944119646912,1.7164086462178978,1.3939115627441976,COMPLETE
91,-0.5774384602203274,2025-12-07 13:49:41.224533,2025-12-07 13:49:52.801713,0 days 00:00:11.577180,0.689293521624882,0.4763550348707366,0.049723761067130695,10,9,7,124,3.6932042527457853,2.3515888385500205,1.63581391475097,0.7076421582078442,1.3890575317212623,1.355915775141408,COMPLETE
92,-0.6286656494443761,2025-12-07 13:49:42.749739,2025-12-07 13:49:53.437208,0 days 00:00:10.687469,0.6859234924016903,0.433945249507811,0.05142444917804692,10,9,8,114,3.6618412363263717,2.3502130545941524,1.5898394996366407,0.7060790048914865,1.388324677114443,1.0668169015990623,COMPLETE
93,-0.6304164360735689,2025-12-07 13:49:43.150386,2025-12-07 13:49:49.421762,0 days 00:00:06.271376,0.6847972774481411,0.4473347348488098,0.058462487719407645,10,9,8,102,3.7077119832216505,2.681925222670658,1.6005565420066608,0.6948575108584907,1.4167229650516768,0.5907219005240584,COMPLETE
94,-0.6399973957851571,2025-12-07 13:49:44.389491,2025-12-07 13:49:56.044082,0 days 00:00:11.654591,0.6891877468681786,0.4644800974876156,0.08660129321690183,10,9,8,131,4.71741170570878,2.391042467704312,1.590265704814488,0.700239831963414,1.3873375519080926,1.0531239189101995,COMPLETE
95,-0.6667111343092404,2025-12-07 13:49:44.830347,2025-12-07 13:50:06.237121,0 days 00:00:21.406774,0.6948187015471321,0.4388872703014726,0.08559538458510334,10,9,8,271,3.725106584426663,2.3462470146442524,1.4215816175823701,0.7033061089590548,1.4115356037975897,1.0620059386355998,COMPLETE
96,-0.6637032927929151,2025-12-07 13:49:45.162809,2025-12-07 13:50:08.266310,0 days 00:00:23.103501,0.6839308815594742,0.11607627068136854,0.08564434634053335,10,9,8,295,3.5655450141989697,2.2901582830155847,1.572261889054276,0.6634500689947495,1.3927975253711415,0.9677473906090897,COMPLETE
97,-0.6651436001424709,2025-12-07 13:49:46.022155,2025-12-07 13:50:30.285915,0 days 00:00:44.263760,0.6802269380715378,0.45182197068228014,0.08745898491699015,10,9,8,560,3.6728479671969207,2.366302057084672,1.6135022078503127,0.6996362224243584,1.3029105043470555,1.0667898813169407,COMPLETE
98,-0.6393203823238162,2025-12-07 13:49:46.617259,2025-12-07 13:49:58.517794,0 days 00:00:11.900535,0.6970236480486999,0.09497272132997403,0.08522633004037515,10,9,8,135,3.6794127024009278,2.2699156388861192,1.5976847139147003,0.7002423168921488,1.398547790274162,1.0780363696430963,COMPLETE
99,-0.65636218687589,2025-12-07 13:49:46.836345,2025-12-07 13:50:09.033107,0 days 00:00:22.196762,0.6911417789739494,1.2315934246640055,0.08561469663734367,9,9,8,286,3.637370703344528,3.8203637009243185,1.5916203994957356,0.7106111548587052,1.299392131514492,0.9795803889628217,COMPLETE
100,-0.6328099842698253,2025-12-07 13:49:49.422721,2025-12-07 13:50:11.929789,0 days 00:00:22.507068,0.69597925735466,0.07457287554778984,0.08580333736404497,9,9,8,282,3.5437065920877933,2.3321660751232725,1.9076299146985614,0.6626305627763761,1.2851218083446343,1.063160603123463,COMPLETE
101,-0.5493156899901303,2025-12-07 13:49:50.614129,2025-12-07 13:50:02.371792,0 days 00:00:11.757663,0.7720307388707658,0.10703989980819073,0.08451206499444662,9,3,8,289,3.492035795159937,2.3607515705286657,1.8598830401522508,0.7094267439871899,1.2807783213273671,1.0788764769970471,COMPLETE
102,-0.5527288230008282,2025-12-07 13:49:51.084490,2025-12-07 13:49:57.637993,0 days 00:00:06.553503,0.7727305182223992,0.11786969733184441,0.0834385609683788,9,3,8,138,3.531819512885452,3.805178903693157,1.907125172830704,0.7139200404572915,1.271987189425539,0.9739250151972305,COMPLETE
103,-0.6120110285095194,2025-12-07 13:49:51.328444,2025-12-07 13:50:00.234397,0 days 00:00:08.905953,0.7009692569900353,0.12310988373917157,0.08801576083681954,9,4,8,283,3.489033775208304,2.9231901533046836,1.4395030477077935,0.664915829010445,1.275092241908173,1.0672868801046986,COMPLETE
104,-0.32375896126905496,2025-12-07 13:49:52.603721,2025-12-07 13:49:58.837140,0 days 00:00:06.233419,0.7685831268937908,0.10192701591042196,0.08632189546560806,9,3,8,132,3.473812634645536,0.5195018013481064,1.4245970304947893,0.662904153510257,0.5599481517674838,1.2207581986023834,COMPLETE
105,-0.4360510878327477,2025-12-07 13:49:52.802969,2025-12-07 13:50:04.146318,0 days 00:00:11.343349,0.7667911961582355,1.9557331079489493,0.08795354187078307,9,3,8,281,4.981096363213381,0.45523205305504943,1.4685761648653408,0.665072116692011,0.7374070635348484,1.2104026388275488,COMPLETE
106,-0.4356869961060678,2025-12-07 13:49:53.207775,2025-12-07 13:50:04.071499,0 days 00:00:10.863724,0.7727425265552065,1.7544783505676942,0.08634792444622494,9,3,8,269,4.992373483081097,0.5717480824167288,1.4641698981685816,0.6630835206548286,0.7425445905842136,1.2182570704427391,COMPLETE
107,-0.4034920403517204,2025-12-07 13:49:53.340063,2025-12-07 13:50:10.646995,0 days 00:00:17.306932,0.7700181867978118,0.09852214020999894,0.08869323010943865,9,3,8,456,4.95866168194034,0.6112241769717008,1.5023636376116536,0.6655603222318418,0.570091799054745,1.2196704208814169,COMPLETE
108,-0.48702574181352826,2025-12-07 13:49:53.438795,2025-12-07 13:50:05.002411,0 days 00:00:11.563616,0.7006922636917602,0.10084378890007425,0.07675535801713512,9,3,8,282,4.984014613363091,2.9917173960389944,1.4439025379094197,0.6617857509400812,0.7364593308653669,0.9866004071316635,COMPLETE
109,-0.4364302138165115,2025-12-07 13:49:54.886444,2025-12-07 13:50:12.378490,0 days 00:00:17.492046,0.7697152946907775,0.08813983724399554,0.05923637770934453,9,3,8,457,4.99180530570724,0.5843531723209694,1.4793535068421875,0.6642737091910674,0.582228337938317,0.9743877222944324,COMPLETE
110,-0.5100858425294795,2025-12-07 13:49:56.045356,2025-12-07 13:50:17.131715,0 days 00:00:21.086359,0.7423669883467405,1.9138851061212705,0.07706896059532828,9,3,8,548,3.448993510994907,2.9967832901607716,1.440957517789332,0.6644444068945238,0.7283093024462783,0.9848409759745159,COMPLETE
111,-0.6307065554468239,2025-12-07 13:49:57.639356,2025-12-07 13:50:23.456301,0 days 00:00:25.816945,0.6991303609240408,1.9424699405731176,0.07667724719199231,9,10,8,284,3.1835609406492,0.5894873291341824,1.4185998314243893,0.6641259771100576,0.986616555115584,1.2209276581676252,COMPLETE
112,-0.6229033976824856,2025-12-07 13:49:58.519531,2025-12-07 13:50:39.912385,0 days 00:00:41.392854,0.7434141885953329,1.9202266561144543,0.07818333267277168,9,10,8,460,4.941915981283021,0.5977108413203296,1.424799897922745,0.6667655382015328,0.7588457037741216,1.2254610508766526,COMPLETE
113,-0.6369788451301855,2025-12-07 13:49:58.838252,2025-12-07 13:50:25.349249,0 days 00:00:26.510997,0.7567601637150387,1.7476559243001035,0.07790168622120651,7,10,8,281,4.979212112063077,0.6241158476185802,1.7355486096440407,0.6065870697796788,1.303197210860329,1.2293331679646704,COMPLETE
114,-0.6562448513888641,2025-12-07 13:50:00.235322,2025-12-07 13:50:25.313184,0 days 00:00:25.077862,0.7417762434209111,1.7730126407846802,0.07733681074608584,7,10,9,262,4.98899932382414,0.282248495453362,1.7736013139848805,0.6076901994936064,1.545295920129755,1.1125033495629606,COMPLETE
115,-0.6089052318794419,2025-12-07 13:50:01.691213,2025-12-07 13:50:51.415234,0 days 00:00:49.724021,0.7471167593735064,1.9417447345815533,0.07771278399290361,7,10,9,541,4.997317729808677,3.5134299463221024,1.7312413611980504,0.6063759348982538,0.7401592511679271,1.220972014191286,COMPLETE
116,-0.650845310852446,2025-12-07 13:50:02.372723,2025-12-07 13:50:10.443980,0 days 00:00:08.071257,0.7323173082569313,1.9492906377831611,0.07656186143632066,7,10,9,534,4.791822733088169,3.367846513421899,0.5053649019491161,0.6093227364820244,1.5402221193632297,1.222312645665869,COMPLETE
117,-0.6629131137509158,2025-12-07 13:50:04.073320,2025-12-07 13:50:49.219958,0 days 00:00:45.146638,0.7439668073442552,1.9177238790136495,0.07400581286906009,7,10,9,462,4.794695646083864,3.509806801101721,1.752616869382869,0.6116493763308426,1.5602876352290627,1.2212905204474096,COMPLETE
118,-0.648579237276839,2025-12-07 13:50:04.147397,2025-12-07 13:50:11.964704,0 days 00:00:07.817307,0.7445815327133455,1.3247054455703093,0.07645266258275281,7,10,9,532,4.810417271290679,3.410681310064399,0.5495755229243865,0.6102866691960589,1.5470798385243132,1.3112476319253006,COMPLETE
119,-0.662443559082869,2025-12-07 13:50:05.003568,2025-12-07 13:50:49.351724,0 days 00:00:44.348156,0.7444491024271113,1.9087996999958008,0.07108878908274555,7,10,9,456,3.1890568874735346,0.32667983551612684,1.7604800369311586,0.6378340721310815,1.5429726142317335,1.3049906443594759,COMPLETE
120,-0.6710325327633541,2025-12-07 13:50:05.130874,2025-12-07 13:51:00.957910,0 days 00:00:55.827036,0.7578206531758356,1.918379640824176,0.059637827469211674,7,10,9,568,4.80035565081659,3.341784361901578,1.7006874213203196,0.6088289073336431,1.5554682207208688,1.1107507343882177,COMPLETE
121,-0.6482330368682279,2025-12-07 13:50:06.239675,2025-12-07 13:50:59.495834,0 days 00:00:53.256159,0.74524932605724,1.3215618613409434,0.07872932520367042,7,10,9,548,4.78871129741256,4.354155893837043,1.7421352341207261,0.6112742592442704,1.1538044117874606,1.3155503854348498,COMPLETE
122,-0.650229987818084,2025-12-07 13:50:06.368328,2025-12-07 13:50:15.189077,0 days 00:00:08.820749,0.7445219249721793,1.3384087872431927,0.07690355021101382,7,10,9,573,4.47754558216701,0.3335120236521656,0.5060004610154797,0.612200680557989,1.5549332665770168,1.1139746120023244,COMPLETE
123,-0.6644719146377502,2025-12-07 13:50:08.268954,2025-12-07 13:50:44.063189,0 days 00:00:35.794235,0.7928505630375621,0.8999929920460032,0.058836742133432166,4,10,9,367,3.181398592605694,3.3337127219736877,1.7218859379248173,0.6385206413351439,1.5514080647368689,1.109230610044958,COMPLETE
124,-0.6523676215906765,2025-12-07 13:50:09.035430,2025-12-07 13:50:38.248388,0 days 00:00:29.212958,0.6531319658247884,1.3973834621960908,0.07739413127875856,4,10,9,320,3.172349654457667,3.4157772155450976,1.7704153189995555,0.6113058685726052,1.1699141708483678,0.9306030479141709,COMPLETE
125,-0.6468271156292261,2025-12-07 13:50:09.956468,2025-12-07 13:50:38.818230,0 days 00:00:28.861762,0.6710658845428213,1.2723750893832464,0.058872147449055896,4,10,9,307,3.3596329098925013,4.380243199393621,1.7227884042082144,0.682150868395178,1.1702142931994375,0.9328231204786248,COMPLETE
126,-0.6689483679284379,2025-12-07 13:50:10.446441,2025-12-07 13:51:00.863448,0 days 00:00:50.417007,0.6743046248152478,1.2154208076685493,0.07598826685870962,4,10,9,537,4.474593726345818,3.4151717058417566,1.7137558494279528,0.6078458422824474,1.318265142344964,0.93118429321986,COMPLETE
127,-0.6640690477068255,2025-12-07 13:50:10.649545,2025-12-07 13:51:02.884796,0 days 00:00:52.235251,0.6762157664723911,1.2257422603947215,0.06997793061735798,4,10,9,562,3.2046844330729725,3.418346263668955,1.724558521509871,0.6126235299898133,1.1544658821670164,0.9448415943247992,COMPLETE
128,-0.61508978260477,2025-12-07 13:50:11.932730,2025-12-07 13:50:18.512485,0 days 00:00:06.579755,0.67669359535141,0.26942370942994015,0.07520223427717594,4,10,9,317,3.1403121832007157,3.3238647323432033,1.5443329681480618,0.7251413067919815,1.5443836309490697,0.934033722894946,COMPLETE
129,-0.6702919769816047,2025-12-07 13:50:11.967636,2025-12-07 13:51:06.047429,0 days 00:00:54.079793,0.6792072867558382,1.187793949279112,0.07571534279254297,7,10,9,560,4.78467885492982,3.439318126583549,1.7807180007462307,0.6130911746190213,1.3336400134365467,0.9307837368737953,COMPLETE
130,-0.6709938299840452,2025-12-07 13:50:12.381657,2025-12-07 13:51:06.046919,0 days 00:00:53.665262,0.6722385232187509,1.246414245186197,0.06917395800067787,6,10,9,552,3.1513016245625765,3.365439597075402,1.7055718072071326,0.6121865198348022,1.5469488230553738,1.1152085479425664,COMPLETE
131,-0.671790412215926,2025-12-07 13:50:13.159576,2025-12-07 13:51:07.782248,0 days 00:00:54.622672,0.6738093128443541,1.3102379673795832,0.07636825225859448,7,10,9,572,4.791723758827688,3.4415913884511506,1.7005139427225333,0.6128691266722915,1.357167681855451,0.9375251718594783,COMPLETE
132,-0.6715229966858055,2025-12-07 13:50:15.192071,2025-12-07 13:51:06.403202,0 days 00:00:51.211131,0.6702445861767339,1.9039249147583932,0.07310332084251929,7,10,9,552,3.133006249600695,3.451907881643718,1.715025212262149,0.6144039559497921,1.3412106188527644,0.9307096936482925,COMPLETE
133,-0.6743600964353766,2025-12-07 13:50:15.395915,2025-12-07 13:51:09.874811,0 days 00:00:54.478896,0.6733400179395952,1.1999416302893924,0.07419193012491129,8,10,9,572,3.131330376623911,4.341455574658395,1.7238334040055698,0.7246339332732237,1.3417902791260978,0.933767200549737,COMPLETE
134,-0.6736741514630368,2025-12-07 13:50:15.823283,2025-12-07 13:51:12.657797,0 days 00:00:56.834514,0.7427937814681934,1.2483783138801785,0.07539849575141933,7,10,9,575,3.1926957696836693,3.671349421874736,1.706164404323897,0.6349768362106102,1.553521669943664,1.1105817866149097,COMPLETE
135,-0.6502330848616088,2025-12-07 13:50:17.134539,2025-12-07 13:50:25.366992,0 days 00:00:08.232453,0.757529511588584,1.3341442567036992,0.0698525896639812,7,10,9,587,3.2493532077331992,3.462256527021349,0.558545565008115,0.6123060233002772,1.3421893074225195,1.0164803877984079,COMPLETE
136,-0.6486993315340657,2025-12-07 13:50:18.515196,2025-12-07 13:50:26.403303,0 days 00:00:07.888107,0.7591510294635961,1.2486743250305048,0.071473586956166,7,10,9,588,4.472682760909265,3.5184178023845654,0.5624597204313364,0.6101224924401123,1.329263591620523,1.1102705956936234,COMPLETE
137,-0.6675018494311921,2025-12-07 13:50:23.459193,2025-12-07 13:51:16.926141,0 days 00:00:53.466948,0.7436086509611838,1.2891037558917373,0.09259653448493468,7,10,9,546,4.8162758267950405,3.574227507456713,1.714214024694112,0.6110238456715519,1.320130688149412,1.1132559381295624,COMPLETE
138,-0.6574320132474352,2025-12-07 13:50:23.494771,2025-12-07 13:51:20.826870,0 days 00:00:57.332099,0.6425794769982445,1.21646742274621,0.06834882804998504,6,10,9,591,4.440460208460825,4.006043241932647,1.7358300629234231,0.6383742746003547,1.3230338501298735,1.2766348542677253,COMPLETE
139,-0.6712009838493178,2025-12-07 13:50:25.316303,2025-12-07 13:51:21.563219,0 days 00:00:56.246916,0.7565457574384761,1.1817943120768004,0.09232494957371962,6,10,9,582,4.7606570412600435,0.3405903652719014,1.715448894220941,0.6370953886681446,1.356919665402471,1.1014710431315184,COMPLETE
140,-0.6415910528357945,2025-12-07 13:50:25.353265,2025-12-07 13:50:33.244533,0 days 00:00:07.891268,0.6537407745559085,1.0148045879051348,0.09410769312034568,6,10,9,579,4.780539347049057,0.3360490805580626,0.509008447272366,0.6374955223837754,1.1325175498927622,1.0251750333740892,COMPLETE
141,-0.6656320395076104,2025-12-07 13:50:25.372295,2025-12-07 13:51:22.424192,0 days 00:00:57.051897,0.6534515152960315,1.187446981022527,0.0694782178541393,6,10,9,609,2.5539702007329,3.7291236216070427,1.8073983783159555,0.6030737613791103,1.1542443490027174,0.8866878120569699,COMPLETE
142,-0.6758064699668461,2025-12-07 13:50:26.405946,2025-12-07 13:51:00.782245,0 days 00:00:34.376299,0.8773178824330068,0.8392605567024393,0.09380207572022409,6,10,6,341,2.6014427117824583,3.979678940263943,1.7814865762414014,0.7489712236245428,1.421962027804041,0.8583134005089263,COMPLETE
143,-0.664057094502382,2025-12-07 13:50:30.288810,2025-12-07 13:50:58.175561,0 days 00:00:27.886751,0.6519844559227818,1.0088362721285222,0.0934823622174576,6,9,9,353,4.776517632546313,3.9109133627562107,1.78497354942475,0.7410748846364128,1.430489377187796,0.9258992088259674,COMPLETE
144,-0.6691836201144267,2025-12-07 13:50:33.247237,2025-12-07 13:51:43.602006,0 days 00:01:10.354769,0.8713881032440808,0.8626617193991271,0.06944550930463592,6,10,6,644,4.77162831338434,3.7301330750581343,1.78372934577181,0.6301525431127413,1.1577558987665535,0.9248113085122367,COMPLETE
145,-0.6690472971221474,2025-12-07 13:50:38.251260,2025-12-07 13:51:10.489754,0 days 00:00:32.238494,0.644171979604635,0.9002688658761338,0.09257297405176937,4,10,6,331,4.861410898015441,3.9025192792488577,1.806286837327014,0.6907594301512779,1.4219335413022032,0.9249010677078032,COMPLETE
146,-0.6063973151731726,2025-12-07 13:50:38.820619,2025-12-07 13:50:44.646004,0 days 00:00:05.825385,0.6634341388883882,0.9387568837001189,0.040271913966723735,8,9,9,364,2.4817443533523615,4.013848692083313,1.5381618261310677,0.7503009886430642,1.4323595810039536,0.8550531281582606,COMPLETE
