[I 2025-12-07 13:30:00,808] Trial 268 finished with value: -0.7107896190903514 and parameters: {'learning_rate': 0.07344245722424696, 'n_estimators': 413, 'max_depth': 7, 'min_child_weight': 9, 'subsample': 0.7971056197225259, 'colsample_bytree': 0.853131728902674, 'reg_alpha': 4.47936052437564, 'reg_lambda': 3.3083233470644497, 'gamma': 0.3021875681263626, 'weight_ratio_0': 1.1728964547121068, 'weight_ratio_1': 1.0054876551970227, 'max_delta_step': 6, 'scale_pos_weight': 1.3935871221555463}. Best is trial 266 with value: -0.7123813506222443.
[I 2025-12-07 13:30:00,894] Trial 271 finished with value: -0.7101491860729535 and parameters: {'learning_rate': 0.06950831524478722, 'n_estimators': 401, 'max_depth': 7, 'min_child_weight': 9, 'subsample': 0.74949775157776, 'colsample_bytree': 0.860340781643513, 'reg_alpha': 3.1401915184919273, 'reg_lambda': 2.3718085167276532, 'gamma': 0.6054099753504611, 'weight_ratio_0': 1.2236211898577285, 'weight_ratio_1': 1.0090547423022165, 'max_delta_step': 6, 'scale_pos_weight': 1.3922915661538409}. Best is trial 266 with value: -0.7123813506222443.
[I 2025-12-07 13:30:03,443] Trial 269 finished with value: -0.7083136601625477 and parameters: {'learning_rate': 0.07964776420267468, 'n_estimators': 453, 'max_depth': 7, 'min_child_weight': 9, 'subsample': 0.7489253309316266, 'colsample_bytree': 0.8590796873655117, 'reg_alpha': 4.863384125885619, 'reg_lambda': 0.6854317877552928, 'gamma': 0.45801844993173224, 'weight_ratio_0': 1.229764957386137, 'weight_ratio_1': 1.0059211043515996, 'max_delta_step': 6, 'scale_pos_weight': 1.4064173825720314}. Best is trial 266 with value: -0.7123813506222443.
[I 2025-12-07 13:30:07,427] Trial 274 finished with value: -0.7083042905703163 and parameters: {'learning_rate': 0.04574559631405866, 'n_estimators': 530, 'max_depth': 7, 'min_child_weight': 9, 'subsample': 0.7505678294118711, 'colsample_bytree': 0.861340268875358, 'reg_alpha': 4.451717849462881, 'reg_lambda': 3.1264735071817853, 'gamma': 0.4714446886982551, 'weight_ratio_0': 1.2305640832928753, 'weight_ratio_1': 1.008411787705375, 'max_delta_step': 8, 'scale_pos_weight': 1.3900351317739092}. Best is trial 266 with value: -0.7123813506222443.
[I 2025-12-07 13:30:07,912] Trial 275 finished with value: -0.7105691727182869 and parameters: {'learning_rate': 0.07124820921141198, 'n_estimators': 402, 'max_depth': 7, 'min_child_weight': 9, 'subsample': 0.7510455214441667, 'colsample_bytree': 0.7843464607673214, 'reg_alpha': 4.483630478585947, 'reg_lambda': 0.7846122654897569, 'gamma': 0.6090557719227188, 'weight_ratio_0': 1.2442987817122702, 'weight_ratio_1': 1.019279047786518, 'max_delta_step': 3, 'scale_pos_weight': 1.3947471539990337}. Best is trial 266 with value: -0.7123813506222443.
[I 2025-12-07 13:30:10,169] Trial 273 finished with value: -0.7079722918778376 and parameters: {'learning_rate': 0.0688362730369523, 'n_estimators': 530, 'max_depth': 7, 'min_child_weight': 9, 'subsample': 0.8646482890027245, 'colsample_bytree': 0.8516918548246991, 'reg_alpha': 1.361090458720088, 'reg_lambda': 0.40351537238761703, 'gamma': 0.46147088696630423, 'weight_ratio_0': 1.2141982387446082, 'weight_ratio_1': 1.004071065373061, 'max_delta_step': 4, 'scale_pos_weight': 1.389791600287578}. Best is trial 266 with value: -0.7123813506222443.
[I 2025-12-07 13:30:14,454] Trial 281 finished with value: -0.7099029217093918 and parameters: {'learning_rate': 0.04648288117480746, 'n_estimators': 409, 'max_depth': 8, 'min_child_weight': 10, 'subsample': 0.8444279222317763, 'colsample_bytree': 0.7816233413140578, 'reg_alpha': 4.433113575286818, 'reg_lambda': 0.8092622479126996, 'gamma': 0.756232387649524, 'weight_ratio_0': 1.2274589188640475, 'weight_ratio_1': 0.9078780671253203, 'max_delta_step': 8, 'scale_pos_weight': 1.7921650850810722}. Best is trial 266 with value: -0.7123813506222443.
[I 2025-12-07 13:30:14,906] Trial 277 finished with value: -0.7103892998351632 and parameters: {'learning_rate': 0.045050645499787816, 'n_estimators': 397, 'max_depth': 9, 'min_child_weight': 10, 'subsample': 0.7755252902487719, 'colsample_bytree': 0.7838453120913681, 'reg_alpha': 4.469861198594256, 'reg_lambda': 0.40479343602793083, 'gamma': 0.6272238468998587, 'weight_ratio_0': 1.2138938036497782, 'weight_ratio_1': 0.9064363571036661, 'max_delta_step': 10, 'scale_pos_weight': 1.753834526657067}. Best is trial 266 with value: -0.7123813506222443.
[I 2025-12-07 13:30:15,492] Trial 276 finished with value: -0.709894637225938 and parameters: {'learning_rate': 0.046892618605587334, 'n_estimators': 406, 'max_depth': 9, 'min_child_weight': 10, 'subsample': 0.7741261949062496, 'colsample_bytree': 0.7833963776223556, 'reg_alpha': 4.490419837060003, 'reg_lambda': 0.42936110557164797, 'gamma': 0.604209123807407, 'weight_ratio_0': 1.2296143861549753, 'weight_ratio_1': 1.0077526203899887, 'max_delta_step': 8, 'scale_pos_weight': 1.7433567050946799}. Best is trial 266 with value: -0.7123813506222443.
[I 2025-12-07 13:30:16,570] Trial 282 finished with value: -0.7087185378655695 and parameters: {'learning_rate': 0.02884228527991218, 'n_estimators': 393, 'max_depth': 8, 'min_child_weight': 10, 'subsample': 0.8438580304085991, 'colsample_bytree': 0.7849921252635124, 'reg_alpha': 4.470007354652489, 'reg_lambda': 3.765264187388405, 'gamma': 0.6793865367240534, 'weight_ratio_0': 1.2246730504288321, 'weight_ratio_1': 0.9056500656058075, 'max_delta_step': 4, 'scale_pos_weight': 1.812326062193141}. Best is trial 266 with value: -0.7123813506222443.
[I 2025-12-07 13:30:17,361] Trial 284 finished with value: -0.7075152282051805 and parameters: {'learning_rate': 0.04705336293387685, 'n_estimators': 382, 'max_depth': 8, 'min_child_weight': 9, 'subsample': 0.8563263463206122, 'colsample_bytree': 0.8513073245717824, 'reg_alpha': 4.4712242763247705, 'reg_lambda': 3.228423247487844, 'gamma': 0.6022427094110266, 'weight_ratio_0': 1.2371179470229512, 'weight_ratio_1': 1.0196103300300847, 'max_delta_step': 8, 'scale_pos_weight': 1.8683069913603851}. Best is trial 266 with value: -0.7123813506222443.
[I 2025-12-07 13:30:17,595] Trial 285 finished with value: -0.7077199058161255 and parameters: {'learning_rate': 0.0701934175606659, 'n_estimators': 387, 'max_depth': 8, 'min_child_weight': 9, 'subsample': 0.8568988779285458, 'colsample_bytree': 0.7839026310491886, 'reg_alpha': 2.4677961990947326, 'reg_lambda': 3.1713462361261175, 'gamma': 0.7550531781852001, 'weight_ratio_0': 1.2361426544813432, 'weight_ratio_1': 0.9023508962556966, 'max_delta_step': 8, 'scale_pos_weight': 1.8027790848113752}. Best is trial 266 with value: -0.7123813506222443.
[I 2025-12-07 13:30:17,850] Trial 287 finished with value: -0.7072846202931539 and parameters: {'learning_rate': 0.06924668869826009, 'n_estimators': 377, 'max_depth': 8, 'min_child_weight': 9, 'subsample': 0.8552799493882257, 'colsample_bytree': 0.7897881572188894, 'reg_alpha': 2.466619185913032, 'reg_lambda': 3.397502182949714, 'gamma': 0.599156279380102, 'weight_ratio_0': 1.2161775149557352, 'weight_ratio_1': 0.9124109159864993, 'max_delta_step': 7, 'scale_pos_weight': 1.838938058425901}. Best is trial 266 with value: -0.7123813506222443.
[I 2025-12-07 13:30:18,447] Trial 293 finished with value: -0.7094058345344347 and parameters: {'learning_rate': 0.07364685055284796, 'n_estimators': 296, 'max_depth': 8, 'min_child_weight': 9, 'subsample': 0.7477716272050662, 'colsample_bytree': 0.8463267555234043, 'reg_alpha': 2.3237610091072147, 'reg_lambda': 3.311861227759803, 'gamma': 0.6118153972136519, 'weight_ratio_0': 1.2165495948200649, 'weight_ratio_1': 0.915038317954625, 'max_delta_step': 7, 'scale_pos_weight': 1.8119141898174358}. Best is trial 266 with value: -0.7123813506222443.
[I 2025-12-07 13:30:19,462] Trial 283 finished with value: -0.701739144632897 and parameters: {'learning_rate': 0.06996765749236925, 'n_estimators': 390, 'max_depth': 9, 'min_child_weight': 9, 'subsample': 0.8580373611878905, 'colsample_bytree': 0.7837234232353046, 'reg_alpha': 4.459008140302725, 'reg_lambda': 0.8115054194432556, 'gamma': 0.5963061563605051, 'weight_ratio_0': 1.2253769541825805, 'weight_ratio_1': 0.9054502979421654, 'max_delta_step': 8, 'scale_pos_weight': 1.390256028804029}. Best is trial 266 with value: -0.7123813506222443.
[I 2025-12-07 13:30:19,882] Trial 292 finished with value: -0.7084584387779943 and parameters: {'learning_rate': 0.07258952232084916, 'n_estimators': 291, 'max_depth': 9, 'min_child_weight': 9, 'subsample': 0.8555031369876073, 'colsample_bytree': 0.8605480144770211, 'reg_alpha': 4.448851600779064, 'reg_lambda': 3.233788969863221, 'gamma': 0.5942078897154875, 'weight_ratio_0': 1.213938720470635, 'weight_ratio_1': 0.9140856005796226, 'max_delta_step': 6, 'scale_pos_weight': 1.7918915826186437}. Best is trial 266 with value: -0.7123813506222443.
[I 2025-12-07 13:30:21,845] Trial 289 finished with value: -0.7086739889476666 and parameters: {'learning_rate': 0.07343209291606989, 'n_estimators': 416, 'max_depth': 8, 'min_child_weight': 9, 'subsample': 0.8614348211303886, 'colsample_bytree': 0.7878860324499467, 'reg_alpha': 4.740456319290732, 'reg_lambda': 3.497391126225019, 'gamma': 0.5992162090497793, 'weight_ratio_0': 1.221482856869043, 'weight_ratio_1': 1.0208917777902726, 'max_delta_step': 7, 'scale_pos_weight': 1.744286541650013}. Best is trial 266 with value: -0.7123813506222443.
[I 2025-12-07 13:30:23,092] Trial 294 finished with value: -0.7044237458651327 and parameters: {'learning_rate': 0.030654436083814383, 'n_estimators': 368, 'max_depth': 8, 'min_child_weight': 9, 'subsample': 0.8523266848452841, 'colsample_bytree': 0.8577460564891359, 'reg_alpha': 2.1351062193360235, 'reg_lambda': 3.4282438681597287, 'gamma': 0.5466695576320976, 'weight_ratio_0': 1.2174845881394771, 'weight_ratio_1': 1.0196819761579414, 'max_delta_step': 7, 'scale_pos_weight': 1.7953520305783244}. Best is trial 266 with value: -0.7123813506222443.
[I 2025-12-07 13:30:24,915] Trial 297 finished with value: -0.7061070815533338 and parameters: {'learning_rate': 0.0749685032727976, 'n_estimators': 383, 'max_depth': 8, 'min_child_weight': 9, 'subsample': 0.854439729500023, 'colsample_bytree': 0.845769589141436, 'reg_alpha': 2.513644148818793, 'reg_lambda': 3.7502758206050038, 'gamma': 0.6741474719597672, 'weight_ratio_0': 1.223721632608538, 'weight_ratio_1': 1.0197693557618817, 'max_delta_step': 8, 'scale_pos_weight': 1.8478536978393234}. Best is trial 266 with value: -0.7123813506222443.
[I 2025-12-07 13:30:25,275] Trial 299 finished with value: -0.7108871814352679 and parameters: {'learning_rate': 0.027955827330380396, 'n_estimators': 368, 'max_depth': 8, 'min_child_weight': 9, 'subsample': 0.7509328230643795, 'colsample_bytree': 0.8450410986670351, 'reg_alpha': 2.422592000757729, 'reg_lambda': 3.592174276184805, 'gamma': 0.5626736335102089, 'weight_ratio_0': 1.2068002792503536, 'weight_ratio_1': 1.0165991712886226, 'max_delta_step': 8, 'scale_pos_weight': 1.3788625327366681}. Best is trial 266 with value: -0.7123813506222443.
[I 2025-12-07 13:30:26,737] Trial 291 finished with value: -0.7062064994838085 and parameters: {'learning_rate': 0.03067912458367978, 'n_estimators': 394, 'max_depth': 9, 'min_child_weight': 9, 'subsample': 0.8551513143622895, 'colsample_bytree': 0.8621102565311877, 'reg_alpha': 2.182540839194783, 'reg_lambda': 3.27025762395258, 'gamma': 0.7489937539731928, 'weight_ratio_0': 1.217737691527635, 'weight_ratio_1': 1.020294474459129, 'max_delta_step': 7, 'scale_pos_weight': 1.8751044010798328}. Best is trial 266 with value: -0.7123813506222443.
[I 2025-12-07 13:30:26,857] Trial 288 finished with value: -0.7059382340030043 and parameters: {'learning_rate': 0.07256448755229748, 'n_estimators': 524, 'max_depth': 8, 'min_child_weight': 9, 'subsample': 0.8569777466229141, 'colsample_bytree': 0.7893458107003399, 'reg_alpha': 2.4088295267905853, 'reg_lambda': 3.1885507541831455, 'gamma': 0.7382943778271264, 'weight_ratio_0': 1.2216200409829883, 'weight_ratio_1': 0.9132186542974592, 'max_delta_step': 8, 'scale_pos_weight': 1.8271036814495378}. Best is trial 266 with value: -0.7123813506222443.
[I 2025-12-07 13:30:27,213] Trial 290 finished with value: -0.7021706033719447 and parameters: {'learning_rate': 0.07040030374101772, 'n_estimators': 444, 'max_depth': 9, 'min_child_weight': 9, 'subsample': 0.8595574793960092, 'colsample_bytree': 0.7734809317197655, 'reg_alpha': 2.465541065115966, 'reg_lambda': 3.4004010032394945, 'gamma': 0.6050929833581755, 'weight_ratio_0': 1.2301246843335079, 'weight_ratio_1': 1.018767533982314, 'max_delta_step': 8, 'scale_pos_weight': 1.4826073414117942}. Best is trial 266 with value: -0.7123813506222443.
[I 2025-12-07 13:30:27,258] Trial 295 finished with value: -0.7042183704483147 and parameters: {'learning_rate': 0.0757259374970504, 'n_estimators': 395, 'max_depth': 9, 'min_child_weight': 9, 'subsample': 0.8528793834035551, 'colsample_bytree': 0.8455619589787546, 'reg_alpha': 2.382682415189026, 'reg_lambda': 0.7008731003573869, 'gamma': 0.5371804841624065, 'weight_ratio_0': 1.2243668874806917, 'weight_ratio_1': 1.0187844478677355, 'max_delta_step': 7, 'scale_pos_weight': 1.8540496865061844}. Best is trial 266 with value: -0.7123813506222443.
[I 2025-12-07 13:30:28,090] Trial 296 finished with value: -0.7035993959937704 and parameters: {'learning_rate': 0.07621125104833405, 'n_estimators': 382, 'max_depth': 9, 'min_child_weight': 9, 'subsample': 0.7496859848560398, 'colsample_bytree': 0.8453876397131626, 'reg_alpha': 2.3614898901797683, 'reg_lambda': 0.295807577658461, 'gamma': 0.5476853235667811, 'weight_ratio_0': 1.209584592987456, 'weight_ratio_1': 1.0233863766861697, 'max_delta_step': 8, 'scale_pos_weight': 1.8097260635383392}. Best is trial 266 with value: -0.7123813506222443.
