[I 2025-12-07 13:03:58,223] Trial 267 finished with value: -0.7105163021556709 and parameters: {'learning_rate': 0.03830743448418125, 'n_estimators': 595, 'max_depth': 8, 'min_child_weight': 9, 'subsample': 0.8203654806211811, 'colsample_bytree': 0.8723444500779706, 'reg_alpha': 3.621161404977259, 'reg_lambda': 3.3396154197821555, 'gamma': 1.0108125009178264, 'weight_ratio_0': 1.2977870088859005, 'weight_ratio_1': 0.8475362254901764, 'max_delta_step': 5, 'scale_pos_weight': 1.8964414426817107}. Best is trial 245 with value: -0.7127893589549283.
[I 2025-12-07 13:03:58,230] Trial 280 finished with value: -0.7113333552072766 and parameters: {'learning_rate': 0.04603118743205734, 'n_estimators': 372, 'max_depth': 8, 'min_child_weight': 9, 'subsample': 0.7665649595057472, 'colsample_bytree': 0.8647883749705737, 'reg_alpha': 3.7391116076207354, 'reg_lambda': 0.7896238979071634, 'gamma': 0.8424752802356195, 'weight_ratio_0': 1.2584942618566934, 'weight_ratio_1': 0.8546212508897304, 'max_delta_step': 5, 'scale_pos_weight': 1.9010958096451431}. Best is trial 245 with value: -0.7127893589549283.
[I 2025-12-07 13:03:58,371] Trial 279 finished with value: -0.7109474239659654 and parameters: {'learning_rate': 0.03555769846876206, 'n_estimators': 371, 'max_depth': 8, 'min_child_weight': 9, 'subsample': 0.765643281259653, 'colsample_bytree': 0.8634775838218798, 'reg_alpha': 3.840093995296198, 'reg_lambda': 1.0739688114044754, 'gamma': 1.4149575142428268, 'weight_ratio_0': 1.2553588835545668, 'weight_ratio_1': 0.855450292813929, 'max_delta_step': 5, 'scale_pos_weight': 1.9037382109959917}. Best is trial 245 with value: -0.7127893589549283.
[I 2025-12-07 13:03:58,619] Trial 292 finished with value: -0.6826237957332308 and parameters: {'learning_rate': 0.03996486651959502, 'n_estimators': 679, 'max_depth': 3, 'min_child_weight': 9, 'subsample': 0.7791004743946344, 'colsample_bytree': 0.779029762725855, 'reg_alpha': 3.7967752392032645, 'reg_lambda': 0.74937802655733, 'gamma': 1.4095784519619134, 'weight_ratio_0': 1.2835643763380877, 'weight_ratio_1': 0.8548986161513544, 'max_delta_step': 8, 'scale_pos_weight': 1.63275208914825}. Best is trial 245 with value: -0.7127893589549283.
[I 2025-12-07 13:03:58,794] Trial 268 finished with value: -0.7113112599481766 and parameters: {'learning_rate': 0.0387492226441857, 'n_estimators': 604, 'max_depth': 8, 'min_child_weight': 9, 'subsample': 0.813705880689248, 'colsample_bytree': 0.8738444733477299, 'reg_alpha': 3.5996831719817766, 'reg_lambda': 3.6051588568347666, 'gamma': 1.0039056176342078, 'weight_ratio_0': 1.2990565543708414, 'weight_ratio_1': 0.8500751568505395, 'max_delta_step': 5, 'scale_pos_weight': 1.90350423582201}. Best is trial 245 with value: -0.7127893589549283.
[I 2025-12-07 13:03:58,921] Trial 281 finished with value: -0.7126204775465625 and parameters: {'learning_rate': 0.03518922338393346, 'n_estimators': 369, 'max_depth': 8, 'min_child_weight': 9, 'subsample': 0.7670061581447463, 'colsample_bytree': 0.8620137212284367, 'reg_alpha': 3.7221406031605393, 'reg_lambda': 1.0697391509140288, 'gamma': 1.0637572641829018, 'weight_ratio_0': 1.2544354223933216, 'weight_ratio_1': 0.8232785618083782, 'max_delta_step': 5, 'scale_pos_weight': 1.9072386797104586}. Best is trial 245 with value: -0.7127893589549283.
[I 2025-12-07 13:03:58,987] Trial 266 finished with value: -0.7110867117988677 and parameters: {'learning_rate': 0.03523428537320649, 'n_estimators': 615, 'max_depth': 8, 'min_child_weight': 9, 'subsample': 0.7704379235967733, 'colsample_bytree': 0.8726913780500191, 'reg_alpha': 3.587288363791058, 'reg_lambda': 3.335364216341996, 'gamma': 1.0050872331159775, 'weight_ratio_0': 1.0821930896396834, 'weight_ratio_1': 0.8457396767484459, 'max_delta_step': 5, 'scale_pos_weight': 1.5418813438116223}. Best is trial 245 with value: -0.7127893589549283.
[I 2025-12-07 13:04:00,153] Trial 291 finished with value: -0.6866721763766791 and parameters: {'learning_rate': 0.03846441788978347, 'n_estimators': 373, 'max_depth': 3, 'min_child_weight': 9, 'subsample': 0.817022205319948, 'colsample_bytree': 0.880649821729238, 'reg_alpha': 3.805237617002974, 'reg_lambda': 3.6937562323025634, 'gamma': 1.3867181484878397, 'weight_ratio_0': 1.2843479635723327, 'weight_ratio_1': 0.8546713266215348, 'max_delta_step': 8, 'scale_pos_weight': 1.9111729559733415}. Best is trial 245 with value: -0.7127893589549283.
[I 2025-12-07 13:04:00,659] Trial 271 finished with value: -0.708649483161533 and parameters: {'learning_rate': 0.03827762966339512, 'n_estimators': 596, 'max_depth': 8, 'min_child_weight': 9, 'subsample': 0.76797234062253, 'colsample_bytree': 0.8712758371160171, 'reg_alpha': 3.592491324250179, 'reg_lambda': 3.34116490441911, 'gamma': 1.4123713479552022, 'weight_ratio_0': 1.0880332494798837, 'weight_ratio_1': 0.8525913804630986, 'max_delta_step': 5, 'scale_pos_weight': 1.898217996284199}. Best is trial 245 with value: -0.7127893589549283.
[I 2025-12-07 13:04:01,378] Trial 282 finished with value: -0.7120046675797171 and parameters: {'learning_rate': 0.03521482042004953, 'n_estimators': 405, 'max_depth': 8, 'min_child_weight': 9, 'subsample': 0.7666183871514181, 'colsample_bytree': 0.8631040239865932, 'reg_alpha': 3.8225398870195875, 'reg_lambda': 0.7836887337218504, 'gamma': 1.0590600573966762, 'weight_ratio_0': 1.2564163718957795, 'weight_ratio_1': 0.8549556885646751, 'max_delta_step': 5, 'scale_pos_weight': 1.903902354995734}. Best is trial 245 with value: -0.7127893589549283.
[I 2025-12-07 13:04:03,558] Trial 299 finished with value: -0.6077762442674793 and parameters: {'learning_rate': 0.04176176058671671, 'n_estimators': 444, 'max_depth': 8, 'min_child_weight': 8, 'subsample': 0.8273847782671944, 'colsample_bytree': 0.8807382361846261, 'reg_alpha': 3.684065813966341, 'reg_lambda': 3.726578309613721, 'gamma': 1.3814108539676717, 'weight_ratio_0': 1.2854366353752784, 'weight_ratio_1': 0.8289193195249208, 'max_delta_step': 8, 'scale_pos_weight': 1.2767964528847369}. Best is trial 245 with value: -0.7127893589549283.
[I 2025-12-07 13:04:03,962] Trial 272 finished with value: -0.711313625055893 and parameters: {'learning_rate': 0.037755945246906314, 'n_estimators': 604, 'max_depth': 8, 'min_child_weight': 9, 'subsample': 0.7981486187642252, 'colsample_bytree': 0.8740602262883962, 'reg_alpha': 3.5515851720783993, 'reg_lambda': 3.8748057888318588, 'gamma': 1.3880824948709658, 'weight_ratio_0': 1.2999550035546132, 'weight_ratio_1': 0.8543816693933084, 'max_delta_step': 5, 'scale_pos_weight': 1.9009486288196569}. Best is trial 245 with value: -0.7127893589549283.
[I 2025-12-07 13:04:04,204] Trial 283 finished with value: -0.7116729290160552 and parameters: {'learning_rate': 0.034984716111663546, 'n_estimators': 443, 'max_depth': 8, 'min_child_weight': 9, 'subsample': 0.7784308117727871, 'colsample_bytree': 0.780300876759152, 'reg_alpha': 3.863996110521616, 'reg_lambda': 1.0283867284322117, 'gamma': 1.3969395498846413, 'weight_ratio_0': 1.283667500306268, 'weight_ratio_1': 0.8552540590271345, 'max_delta_step': 5, 'scale_pos_weight': 1.911859601144149}. Best is trial 245 with value: -0.7127893589549283.
[I 2025-12-07 13:04:04,994] Trial 273 finished with value: -0.7115439001681955 and parameters: {'learning_rate': 0.03690803128174317, 'n_estimators': 593, 'max_depth': 8, 'min_child_weight': 9, 'subsample': 0.7434632669528572, 'colsample_bytree': 0.8733858974954167, 'reg_alpha': 3.569962190683049, 'reg_lambda': 3.3751360303000006, 'gamma': 1.0809853685785773, 'weight_ratio_0': 1.252752922675324, 'weight_ratio_1': 0.8502666294445945, 'max_delta_step': 5, 'scale_pos_weight': 1.8884254992996814}. Best is trial 245 with value: -0.7127893589549283.
[I 2025-12-07 13:04:05,260] Trial 276 finished with value: -0.7115769406569304 and parameters: {'learning_rate': 0.035504746056427276, 'n_estimators': 589, 'max_depth': 8, 'min_child_weight': 9, 'subsample': 0.7783574831001188, 'colsample_bytree': 0.8639924286550609, 'reg_alpha': 3.806115632162017, 'reg_lambda': 0.815550732660485, 'gamma': 1.0750358488983276, 'weight_ratio_0': 1.253441177772366, 'weight_ratio_1': 0.8539504177118651, 'max_delta_step': 5, 'scale_pos_weight': 1.8981826444411625}. Best is trial 245 with value: -0.7127893589549283.
[I 2025-12-07 13:04:05,368] Trial 284 finished with value: -0.7104955034116248 and parameters: {'learning_rate': 0.04612052760822751, 'n_estimators': 452, 'max_depth': 8, 'min_child_weight': 9, 'subsample': 0.76760150942695, 'colsample_bytree': 0.7754046998082615, 'reg_alpha': 3.7940134680362325, 'reg_lambda': 1.0331154614064801, 'gamma': 1.0646365625807213, 'weight_ratio_0': 1.255082811519638, 'weight_ratio_1': 0.8555637564989551, 'max_delta_step': 5, 'scale_pos_weight': 1.897858064499043}. Best is trial 245 with value: -0.7127893589549283.
[I 2025-12-07 13:04:07,765] Trial 285 finished with value: -0.7109857636503066 and parameters: {'learning_rate': 0.028996807222573386, 'n_estimators': 451, 'max_depth': 8, 'min_child_weight': 9, 'subsample': 0.7776479350930048, 'colsample_bytree': 0.8562907729095226, 'reg_alpha': 3.7344072077607815, 'reg_lambda': 1.0909114349378408, 'gamma': 1.059287601918765, 'weight_ratio_0': 1.2586457721274134, 'weight_ratio_1': 0.8546241446487789, 'max_delta_step': 5, 'scale_pos_weight': 1.903461819511136}. Best is trial 245 with value: -0.7127893589549283.
[I 2025-12-07 13:04:07,844] Trial 286 finished with value: -0.7116789995142478 and parameters: {'learning_rate': 0.04561114773494669, 'n_estimators': 443, 'max_depth': 8, 'min_child_weight': 9, 'subsample': 0.7971928548234514, 'colsample_bytree': 0.86314362409462, 'reg_alpha': 2.0416750628309206, 'reg_lambda': 3.744767929600608, 'gamma': 1.4158282117278762, 'weight_ratio_0': 1.2541089840076651, 'weight_ratio_1': 0.857245713273225, 'max_delta_step': 5, 'scale_pos_weight': 1.9088284591309719}. Best is trial 245 with value: -0.7127893589549283.
[I 2025-12-07 13:04:10,381] Trial 296 finished with value: -0.700948911275184 and parameters: {'learning_rate': 0.020631496457093907, 'n_estimators': 681, 'max_depth': 8, 'min_child_weight': 8, 'subsample': 0.8139971844611602, 'colsample_bytree': 0.879613780466495, 'reg_alpha': 3.6915100223898767, 'reg_lambda': 3.7059509423767976, 'gamma': 1.4051490900037138, 'weight_ratio_0': 1.2815591794122079, 'weight_ratio_1': 0.8497693408036197, 'max_delta_step': 8, 'scale_pos_weight': 1.6347141842997057}. Best is trial 245 with value: -0.7127893589549283.
[I 2025-12-07 13:04:10,738] Trial 289 finished with value: -0.7116163951790568 and parameters: {'learning_rate': 0.0370665475838551, 'n_estimators': 444, 'max_depth': 8, 'min_child_weight': 9, 'subsample': 0.8143291554706434, 'colsample_bytree': 0.8634490391341858, 'reg_alpha': 3.7967483125578365, 'reg_lambda': 0.8225962010325799, 'gamma': 1.3806315371049667, 'weight_ratio_0': 1.287338911380699, 'weight_ratio_1': 0.8511149426289161, 'max_delta_step': 8, 'scale_pos_weight': 1.702903692469282}. Best is trial 245 with value: -0.7127893589549283.
[I 2025-12-07 13:04:11,162] Trial 288 finished with value: -0.7120586463736726 and parameters: {'learning_rate': 0.028991297461603952, 'n_estimators': 447, 'max_depth': 8, 'min_child_weight': 9, 'subsample': 0.7777912074611794, 'colsample_bytree': 0.8565605970250965, 'reg_alpha': 3.8326486384688248, 'reg_lambda': 0.8706820517273004, 'gamma': 1.3943572511553766, 'weight_ratio_0': 1.25739048574605, 'weight_ratio_1': 0.8522670394223588, 'max_delta_step': 5, 'scale_pos_weight': 1.6933636985865657}. Best is trial 245 with value: -0.7127893589549283.
[I 2025-12-07 13:04:15,425] Trial 290 finished with value: -0.7053496929683888 and parameters: {'learning_rate': 0.03786670462454748, 'n_estimators': 695, 'max_depth': 8, 'min_child_weight': 9, 'subsample': 0.832194117531781, 'colsample_bytree': 0.8801672840695673, 'reg_alpha': 2.034245753919997, 'reg_lambda': 3.7701120008546054, 'gamma': 1.4166405383248268, 'weight_ratio_0': 1.2868509193367128, 'weight_ratio_1': 0.8541614378472678, 'max_delta_step': 8, 'scale_pos_weight': 1.617094005408419}. Best is trial 245 with value: -0.7127893589549283.
[I 2025-12-07 13:04:17,889] Trial 295 finished with value: -0.7069962588290114 and parameters: {'learning_rate': 0.04548043463309241, 'n_estimators': 452, 'max_depth': 8, 'min_child_weight': 9, 'subsample': 0.8195881219881059, 'colsample_bytree': 0.8822033306666794, 'reg_alpha': 3.692175919047483, 'reg_lambda': 0.7923048979990833, 'gamma': 1.3926857555263694, 'weight_ratio_0': 1.2830005083944647, 'weight_ratio_1': 0.8567710479515055, 'max_delta_step': 8, 'scale_pos_weight': 1.615475271880762}. Best is trial 245 with value: -0.7127893589549283.
[I 2025-12-07 13:04:19,247] Trial 293 finished with value: -0.7052218962227333 and parameters: {'learning_rate': 0.03829293656870823, 'n_estimators': 630, 'max_depth': 8, 'min_child_weight': 9, 'subsample': 0.8156554616822012, 'colsample_bytree': 0.889727785307436, 'reg_alpha': 3.7042131233042253, 'reg_lambda': 3.753070668411636, 'gamma': 1.3871061985196516, 'weight_ratio_0': 1.286519323336874, 'weight_ratio_1': 0.8519353826845771, 'max_delta_step': 8, 'scale_pos_weight': 1.6155627443197462}. Best is trial 245 with value: -0.7127893589549283.
[I 2025-12-07 13:04:20,250] Trial 297 finished with value: -0.7080724067883798 and parameters: {'learning_rate': 0.03790974559524089, 'n_estimators': 439, 'max_depth': 8, 'min_child_weight': 8, 'subsample': 0.7127893089499154, 'colsample_bytree': 0.8815090373062152, 'reg_alpha': 3.7173935615955047, 'reg_lambda': 3.808219777173456, 'gamma': 1.4204018378317531, 'weight_ratio_0': 1.2827860854473587, 'weight_ratio_1': 0.8539720472118713, 'max_delta_step': 8, 'scale_pos_weight': 1.611426765591368}. Best is trial 245 with value: -0.7127893589549283.
[I 2025-12-07 13:04:31,969] Trial 294 finished with value: -0.7099515121207179 and parameters: {'learning_rate': 0.03752221528745535, 'n_estimators': 673, 'max_depth': 8, 'min_child_weight': 9, 'subsample': 0.831446194090355, 'colsample_bytree': 0.8830064107440218, 'reg_alpha': 3.813377922802391, 'reg_lambda': 3.6917724863881842, 'gamma': 1.3927830190324666, 'weight_ratio_0': 1.2851742820887087, 'weight_ratio_1': 0.8495926739890468, 'max_delta_step': 8, 'scale_pos_weight': 1.69484775235432}. Best is trial 245 with value: -0.7127893589549283.
