[I 2025-12-07 13:00:19,698] Trial 78 finished with value: -0.7038575874700239 and parameters: {'learning_rate': 0.05999178695149569, 'n_estimators': 326, 'max_depth': 9, 'min_child_weight': 2, 'subsample': 0.6981125807851499, 'colsample_bytree': 0.8957849548333265, 'reg_alpha': 4.383615367266519, 'reg_lambda': 2.4056875013976775, 'gamma': 1.610874585653912, 'weight_ratio_0': 1.0040539466643144, 'weight_ratio_1': 0.9842213708964715, 'max_delta_step': 9, 'scale_pos_weight': 1.8898781980367862}. Best is trial 17 with value: -0.7105110425987412.
[I 2025-12-07 13:00:21,265] Trial 81 finished with value: -0.7060391606806155 and parameters: {'learning_rate': 0.05962831262137404, 'n_estimators': 326, 'max_depth': 9, 'min_child_weight': 3, 'subsample': 0.6991500033536491, 'colsample_bytree': 0.8994202459398959, 'reg_alpha': 3.949531241503609, 'reg_lambda': 2.352033402974942, 'gamma': 1.9080974869292964, 'weight_ratio_0': 0.8880231693553828, 'weight_ratio_1': 0.9865052135132466, 'max_delta_step': 2, 'scale_pos_weight': 1.671276983231767}. Best is trial 17 with value: -0.7105110425987412.
[I 2025-12-07 13:00:21,339] Trial 70 finished with value: -0.7078174194385017 and parameters: {'learning_rate': 0.013302719075676477, 'n_estimators': 459, 'max_depth': 9, 'min_child_weight': 8, 'subsample': 0.6938761183393893, 'colsample_bytree': 0.898774695789482, 'reg_alpha': 4.330674768191318, 'reg_lambda': 3.6486741688548543, 'gamma': 0.1436153647987477, 'weight_ratio_0': 1.1695546554636356, 'weight_ratio_1': 0.939105529892113, 'max_delta_step': 9, 'scale_pos_weight': 1.655925436921685}. Best is trial 17 with value: -0.7105110425987412.
[I 2025-12-07 13:00:21,976] Trial 82 finished with value: -0.7059929345512 and parameters: {'learning_rate': 0.05977764206852579, 'n_estimators': 312, 'max_depth': 9, 'min_child_weight': 2, 'subsample': 0.6955541578617606, 'colsample_bytree': 0.8967590270516328, 'reg_alpha': 3.9559009891088555, 'reg_lambda': 2.2399171464872647, 'gamma': 1.891010380883854, 'weight_ratio_0': 0.9146445700431147, 'weight_ratio_1': 0.9839195763589098, 'max_delta_step': 2, 'scale_pos_weight': 1.6575256811893462}. Best is trial 17 with value: -0.7105110425987412.
[I 2025-12-07 13:00:22,493] Trial 71 finished with value: -0.709029196085419 and parameters: {'learning_rate': 0.014567671202842391, 'n_estimators': 476, 'max_depth': 9, 'min_child_weight': 8, 'subsample': 0.690448101152772, 'colsample_bytree': 0.8477262804485801, 'reg_alpha': 4.997486549130683, 'reg_lambda': 1.5167053929307355, 'gamma': 0.17567404249640273, 'weight_ratio_0': 1.1727838649233462, 'weight_ratio_1': 0.9376787904609124, 'max_delta_step': 9, 'scale_pos_weight': 1.6495007437111444}. Best is trial 17 with value: -0.7105110425987412.
[I 2025-12-07 13:00:24,730] Trial 84 finished with value: -0.7072072769766349 and parameters: {'learning_rate': 0.058225603263936145, 'n_estimators': 327, 'max_depth': 9, 'min_child_weight': 2, 'subsample': 0.6935388486572487, 'colsample_bytree': 0.8948190707298669, 'reg_alpha': 3.995427097515687, 'reg_lambda': 2.552340272522972, 'gamma': 1.9002714416611204, 'weight_ratio_0': 0.9198702836936655, 'weight_ratio_1': 0.9740773306072691, 'max_delta_step': 2, 'scale_pos_weight': 1.6681816980417148}. Best is trial 17 with value: -0.7105110425987412.
[I 2025-12-07 13:00:28,320] Trial 72 finished with value: -0.6866427785171823 and parameters: {'learning_rate': 0.014488728768955444, 'n_estimators': 491, 'max_depth': 9, 'min_child_weight': 5, 'subsample': 0.6946634525920817, 'colsample_bytree': 0.8983565496195385, 'reg_alpha': 4.058440188404277, 'reg_lambda': 2.5643559709419264, 'gamma': 1.6349488437239594, 'weight_ratio_0': 0.8981173672439398, 'weight_ratio_1': 0.9415831080590066, 'max_delta_step': 9, 'scale_pos_weight': 1.860257123768718}. Best is trial 17 with value: -0.7105110425987412.
[I 2025-12-07 13:00:29,150] Trial 85 finished with value: -0.7051641963479923 and parameters: {'learning_rate': 0.04867719187238267, 'n_estimators': 323, 'max_depth': 9, 'min_child_weight': 2, 'subsample': 0.6544523469833836, 'colsample_bytree': 0.899732107648077, 'reg_alpha': 3.896775538848031, 'reg_lambda': 2.364248167535694, 'gamma': 1.9445357425764895, 'weight_ratio_0': 0.9288764743712017, 'weight_ratio_1': 0.9767703139099142, 'max_delta_step': 2, 'scale_pos_weight': 1.6628853550357412}. Best is trial 17 with value: -0.7105110425987412.
[I 2025-12-07 13:00:29,814] Trial 83 finished with value: -0.7062913378134684 and parameters: {'learning_rate': 0.06332814462854049, 'n_estimators': 426, 'max_depth': 9, 'min_child_weight': 5, 'subsample': 0.6982291012708391, 'colsample_bytree': 0.8914343032422228, 'reg_alpha': 3.9588044912330846, 'reg_lambda': 2.320119401119366, 'gamma': 1.9493185712782235, 'weight_ratio_0': 0.903657111525947, 'weight_ratio_1': 0.9804567672003854, 'max_delta_step': 1, 'scale_pos_weight': 1.6619363445977149}. Best is trial 17 with value: -0.7105110425987412.
[I 2025-12-07 13:00:34,763] Trial 87 finished with value: -0.7052784292339259 and parameters: {'learning_rate': 0.04814771250074185, 'n_estimators': 415, 'max_depth': 9, 'min_child_weight': 7, 'subsample': 0.6609702646777661, 'colsample_bytree': 0.8962748732486686, 'reg_alpha': 3.9951343346625823, 'reg_lambda': 3.500873094527171, 'gamma': 1.9141713547048198, 'weight_ratio_0': 0.9142680031323531, 'weight_ratio_1': 0.9889044197751987, 'max_delta_step': 2, 'scale_pos_weight': 1.6588991210746729}. Best is trial 17 with value: -0.7105110425987412.
[I 2025-12-07 13:00:35,886] Trial 88 finished with value: -0.7073366328435782 and parameters: {'learning_rate': 0.048995106243623715, 'n_estimators': 425, 'max_depth': 9, 'min_child_weight': 9, 'subsample': 0.6572196669495535, 'colsample_bytree': 0.8993004382927434, 'reg_alpha': 3.936616153163641, 'reg_lambda': 3.466059546961452, 'gamma': 1.937472710201935, 'weight_ratio_0': 0.999751217436876, 'weight_ratio_1': 0.9765951106955391, 'max_delta_step': 2, 'scale_pos_weight': 1.673901704596252}. Best is trial 17 with value: -0.7105110425987412.
[I 2025-12-07 13:00:36,215] Trial 86 finished with value: -0.7078682948543852 and parameters: {'learning_rate': 0.047310652119936486, 'n_estimators': 423, 'max_depth': 9, 'min_child_weight': 5, 'subsample': 0.6624753823451324, 'colsample_bytree': 0.8892411366220577, 'reg_alpha': 4.001923746719995, 'reg_lambda': 2.6522882408547415, 'gamma': 1.9024197387246935, 'weight_ratio_0': 1.002699532922911, 'weight_ratio_1': 0.9833774958368481, 'max_delta_step': 1, 'scale_pos_weight': 1.663332132098194}. Best is trial 17 with value: -0.7105110425987412.
[I 2025-12-07 13:00:37,184] Trial 89 finished with value: -0.7077365259829907 and parameters: {'learning_rate': 0.04860900368112991, 'n_estimators': 428, 'max_depth': 9, 'min_child_weight': 9, 'subsample': 0.6561864681394721, 'colsample_bytree': 0.8955120627371338, 'reg_alpha': 3.8694714010093314, 'reg_lambda': 0.017448293943896243, 'gamma': 1.4559718447708876, 'weight_ratio_0': 0.9999251455652812, 'weight_ratio_1': 0.9556738391337642, 'max_delta_step': 2, 'scale_pos_weight': 1.6377102208136307}. Best is trial 17 with value: -0.7105110425987412.
[I 2025-12-07 13:00:39,657] Trial 90 finished with value: -0.7058218408091846 and parameters: {'learning_rate': 0.06394089770296757, 'n_estimators': 418, 'max_depth': 9, 'min_child_weight': 9, 'subsample': 0.6629935047821568, 'colsample_bytree': 0.8974041674591894, 'reg_alpha': 3.7816099301536616, 'reg_lambda': 2.549756788667422, 'gamma': 1.4437654511833957, 'weight_ratio_0': 0.884983729418375, 'weight_ratio_1': 0.9852190787397482, 'max_delta_step': 2, 'scale_pos_weight': 1.6492248173259623}. Best is trial 17 with value: -0.7105110425987412.
[I 2025-12-07 13:00:41,879] Trial 73 finished with value: -0.688866779976467 and parameters: {'learning_rate': 0.01469475527584469, 'n_estimators': 628, 'max_depth': 9, 'min_child_weight': 4, 'subsample': 0.6926769109341541, 'colsample_bytree': 0.8975784178467583, 'reg_alpha': 4.059103378292865, 'reg_lambda': 2.51828704669012, 'gamma': 1.6256527532327447, 'weight_ratio_0': 0.8960435994225879, 'weight_ratio_1': 0.997205412835107, 'max_delta_step': 9, 'scale_pos_weight': 1.8433589014672105}. Best is trial 17 with value: -0.7105110425987412.
[I 2025-12-07 13:00:43,605] Trial 92 finished with value: -0.7023943719606095 and parameters: {'learning_rate': 0.06421553592788137, 'n_estimators': 427, 'max_depth': 8, 'min_child_weight': 9, 'subsample': 0.6328342129820042, 'colsample_bytree': 0.8652745806962878, 'reg_alpha': 4.432050439071615, 'reg_lambda': 2.7194017623020494, 'gamma': 1.467373494690279, 'weight_ratio_0': 0.8865255537282184, 'weight_ratio_1': 0.9882097799570326, 'max_delta_step': 2, 'scale_pos_weight': 1.6531635906581885}. Best is trial 17 with value: -0.7105110425987412.
[I 2025-12-07 13:00:45,474] Trial 93 finished with value: -0.7055328583391053 and parameters: {'learning_rate': 0.06512680584792616, 'n_estimators': 416, 'max_depth': 8, 'min_child_weight': 9, 'subsample': 0.7209697150864796, 'colsample_bytree': 0.8643748240745612, 'reg_alpha': 4.464207547357017, 'reg_lambda': 3.074158750209814, 'gamma': 1.435441664020029, 'weight_ratio_0': 0.931789053870512, 'weight_ratio_1': 0.9697701477163763, 'max_delta_step': 2, 'scale_pos_weight': 1.6499036713440918}. Best is trial 17 with value: -0.7105110425987412.
[I 2025-12-07 13:00:45,548] Trial 91 finished with value: -0.7074091361124974 and parameters: {'learning_rate': 0.06457622632718217, 'n_estimators': 433, 'max_depth': 9, 'min_child_weight': 9, 'subsample': 0.7219436485648386, 'colsample_bytree': 0.8999936378246439, 'reg_alpha': 4.449000346255634, 'reg_lambda': 2.7916405463518164, 'gamma': 1.4763213457450353, 'weight_ratio_0': 0.9320997739984461, 'weight_ratio_1': 0.9661617265077899, 'max_delta_step': 2, 'scale_pos_weight': 1.638154006012288}. Best is trial 17 with value: -0.7105110425987412.
[I 2025-12-07 13:00:47,007] Trial 97 finished with value: -0.7089312447859862 and parameters: {'learning_rate': 0.0635863214208387, 'n_estimators': 413, 'max_depth': 8, 'min_child_weight': 9, 'subsample': 0.7161614800922935, 'colsample_bytree': 0.8718398163086007, 'reg_alpha': 4.3972665249788205, 'reg_lambda': 3.1120207176949455, 'gamma': 1.4642210383824528, 'weight_ratio_0': 1.2583399315204609, 'weight_ratio_1': 0.8614993735755919, 'max_delta_step': 2, 'scale_pos_weight': 1.6753183711313822}. Best is trial 17 with value: -0.7105110425987412.
[I 2025-12-07 13:00:47,320] Trial 95 finished with value: -0.702398707440886 and parameters: {'learning_rate': 0.06632160562125756, 'n_estimators': 429, 'max_depth': 8, 'min_child_weight': 9, 'subsample': 0.7210618913899158, 'colsample_bytree': 0.8659934123028867, 'reg_alpha': 4.424756323783837, 'reg_lambda': 2.9697922606344327, 'gamma': 1.3832038083496696, 'weight_ratio_0': 0.8375396010467032, 'weight_ratio_1': 0.9649017793422815, 'max_delta_step': 2, 'scale_pos_weight': 1.639284549489987}. Best is trial 17 with value: -0.7105110425987412.
[I 2025-12-07 13:00:47,393] Trial 96 finished with value: -0.7096432966343268 and parameters: {'learning_rate': 0.068094794085361, 'n_estimators': 419, 'max_depth': 8, 'min_child_weight': 9, 'subsample': 0.7212097042760003, 'colsample_bytree': 0.8660769075223461, 'reg_alpha': 4.505610163163068, 'reg_lambda': 3.0910544748206896, 'gamma': 1.4728723598323692, 'weight_ratio_0': 1.2527927384636603, 'weight_ratio_1': 0.8640094176876024, 'max_delta_step': 2, 'scale_pos_weight': 1.9096805344259085}. Best is trial 17 with value: -0.7105110425987412.
[I 2025-12-07 13:00:48,237] Trial 99 finished with value: -0.7122172844873055 and parameters: {'learning_rate': 0.04116617611246414, 'n_estimators': 416, 'max_depth': 8, 'min_child_weight': 9, 'subsample': 0.7231942100992399, 'colsample_bytree': 0.8854786566972351, 'reg_alpha': 3.5545256025864616, 'reg_lambda': 3.116218565173768, 'gamma': 1.4673136900106172, 'weight_ratio_0': 1.253637982097172, 'weight_ratio_1': 0.8608910654716185, 'max_delta_step': 2, 'scale_pos_weight': 1.640533437402175}. Best is trial 99 with value: -0.7122172844873055.
[I 2025-12-07 13:00:48,341] Trial 98 finished with value: -0.7089945205012658 and parameters: {'learning_rate': 0.06450661506114853, 'n_estimators': 428, 'max_depth': 8, 'min_child_weight': 9, 'subsample': 0.7209514638557333, 'colsample_bytree': 0.8677701221431132, 'reg_alpha': 4.374464913966595, 'reg_lambda': 3.158168385172507, 'gamma': 1.479884548242874, 'weight_ratio_0': 1.259860940165656, 'weight_ratio_1': 0.9642001406016187, 'max_delta_step': 2, 'scale_pos_weight': 1.9645693333809118}. Best is trial 99 with value: -0.7122172844873055.
[I 2025-12-07 13:00:48,660] Trial 100 finished with value: -0.7070825348865114 and parameters: {'learning_rate': 0.06665844870493012, 'n_estimators': 430, 'max_depth': 8, 'min_child_weight': 9, 'subsample': 0.7137469728038544, 'colsample_bytree': 0.869426268304852, 'reg_alpha': 3.6415230558719465, 'reg_lambda': 3.0865025699752513, 'gamma': 1.4672980004487528, 'weight_ratio_0': 1.259558152474297, 'weight_ratio_1': 0.8566641478570917, 'max_delta_step': 2, 'scale_pos_weight': 1.6372720899862534}. Best is trial 99 with value: -0.7122172844873055.
[I 2025-12-07 13:00:50,078] Trial 94 finished with value: -0.7044909086481571 and parameters: {'learning_rate': 0.07128920312174937, 'n_estimators': 417, 'max_depth': 9, 'min_child_weight': 9, 'subsample': 0.7245069068157286, 'colsample_bytree': 0.8678796850162929, 'reg_alpha': 4.393838967497585, 'reg_lambda': 3.0002521261633834, 'gamma': 1.4460473275189023, 'weight_ratio_0': 0.8330781507349598, 'weight_ratio_1': 0.9849377574714661, 'max_delta_step': 2, 'scale_pos_weight': 1.6646545395306087}. Best is trial 99 with value: -0.7122172844873055.
[I 2025-12-07 13:00:50,108] Trial 102 finished with value: -0.7121404506929445 and parameters: {'learning_rate': 0.04236170977368586, 'n_estimators': 424, 'max_depth': 8, 'min_child_weight': 9, 'subsample': 0.7228098840536186, 'colsample_bytree': 0.8680610371141334, 'reg_alpha': 3.6130774392839293, 'reg_lambda': 2.9444397239716564, 'gamma': 1.4611016066534241, 'weight_ratio_0': 1.2515689230395297, 'weight_ratio_1': 0.9252222599079085, 'max_delta_step': 4, 'scale_pos_weight': 1.6384295077032145}. Best is trial 99 with value: -0.7122172844873055.
[I 2025-12-07 13:00:50,573] Trial 104 finished with value: -0.7069144123936454 and parameters: {'learning_rate': 0.0717436716840191, 'n_estimators': 414, 'max_depth': 8, 'min_child_weight': 9, 'subsample': 0.7218741167387972, 'colsample_bytree': 0.8678323874037889, 'reg_alpha': 4.591414575567584, 'reg_lambda': 3.110959672126932, 'gamma': 1.4400527099600122, 'weight_ratio_0': 1.2558786609573243, 'weight_ratio_1': 0.9591718449280455, 'max_delta_step': 4, 'scale_pos_weight': 1.976302828485794}. Best is trial 99 with value: -0.7122172844873055.
[I 2025-12-07 13:00:50,823] Trial 101 finished with value: -0.7110860313349158 and parameters: {'learning_rate': 0.04234677545859942, 'n_estimators': 431, 'max_depth': 8, 'min_child_weight': 9, 'subsample': 0.7247088036164958, 'colsample_bytree': 0.8864249983983715, 'reg_alpha': 3.64124347418198, 'reg_lambda': 3.4405561972685255, 'gamma': 1.441813232686696, 'weight_ratio_0': 1.2371896701433476, 'weight_ratio_1': 0.8565405987955276, 'max_delta_step': 4, 'scale_pos_weight': 1.9470162249948546}. Best is trial 99 with value: -0.7122172844873055.
[I 2025-12-07 13:00:51,421] Trial 103 finished with value: -0.7090238968898127 and parameters: {'learning_rate': 0.04116461537959632, 'n_estimators': 429, 'max_depth': 8, 'min_child_weight': 9, 'subsample': 0.7165107691998109, 'colsample_bytree': 0.885852758769076, 'reg_alpha': 4.6755813473588255, 'reg_lambda': 3.0562505031997755, 'gamma': 1.4724279455830855, 'weight_ratio_0': 1.227743100339881, 'weight_ratio_1': 0.9236870925655911, 'max_delta_step': 4, 'scale_pos_weight': 1.9474960341279546}. Best is trial 99 with value: -0.7122172844873055.
[I 2025-12-07 13:00:52,859] Trial 105 finished with value: -0.7094992323408688 and parameters: {'learning_rate': 0.06587690172637305, 'n_estimators': 412, 'max_depth': 8, 'min_child_weight': 9, 'subsample': 0.7256808796552565, 'colsample_bytree': 0.8846549088884657, 'reg_alpha': 4.667374512790354, 'reg_lambda': 2.9846567603808176, 'gamma': 1.5147783355950697, 'weight_ratio_0': 1.2678987367751435, 'weight_ratio_1': 0.9235638727740628, 'max_delta_step': 4, 'scale_pos_weight': 1.9568559336034503}. Best is trial 99 with value: -0.7122172844873055.
[I 2025-12-07 13:00:54,200] Trial 120 finished with value: -0.6717966084262855 and parameters: {'learning_rate': 0.0747015311644582, 'n_estimators': 379, 'max_depth': 10, 'min_child_weight': 7, 'subsample': 0.6719173360075985, 'colsample_bytree': 0.8828735865087844, 'reg_alpha': 4.7398361140882335, 'reg_lambda': 3.266068294375026, 'gamma': 1.2963433440831205, 'weight_ratio_0': 1.266284357048244, 'weight_ratio_1': 0.8595648582645804, 'max_delta_step': 4, 'scale_pos_weight': 1.4396872057546344}. Best is trial 99 with value: -0.7122172844873055.
[I 2025-12-07 13:00:55,824] Trial 109 finished with value: -0.7077613340140351 and parameters: {'learning_rate': 0.04064663681544524, 'n_estimators': 383, 'max_depth': 8, 'min_child_weight': 9, 'subsample': 0.7220796723639179, 'colsample_bytree': 0.8674910461046101, 'reg_alpha': 4.6885715349360195, 'reg_lambda': 1.9670835432536182, 'gamma': 1.4960950905864403, 'weight_ratio_0': 1.2638690602307219, 'weight_ratio_1': 0.9236243816669596, 'max_delta_step': 4, 'scale_pos_weight': 1.444161690622773}. Best is trial 99 with value: -0.7122172844873055.
[I 2025-12-07 13:00:56,572] Trial 108 finished with value: -0.7103378983810065 and parameters: {'learning_rate': 0.04374600101468461, 'n_estimators': 388, 'max_depth': 8, 'min_child_weight': 9, 'subsample': 0.7218487144041645, 'colsample_bytree': 0.8700417053874336, 'reg_alpha': 4.63557552052315, 'reg_lambda': 2.0145460368756716, 'gamma': 1.3295421882995466, 'weight_ratio_0': 1.2390100181998014, 'weight_ratio_1': 0.8602974209830051, 'max_delta_step': 4, 'scale_pos_weight': 1.979459176239724}. Best is trial 99 with value: -0.7122172844873055.
[I 2025-12-07 13:00:58,469] Trial 107 finished with value: -0.7074648028534404 and parameters: {'learning_rate': 0.06725724584439306, 'n_estimators': 429, 'max_depth': 8, 'min_child_weight': 9, 'subsample': 0.7256279293969311, 'colsample_bytree': 0.8848583492323335, 'reg_alpha': 4.6652854387200815, 'reg_lambda': 3.1283491008045465, 'gamma': 1.4772566463971992, 'weight_ratio_0': 1.199934167251346, 'weight_ratio_1': 0.9585485084022843, 'max_delta_step': 4, 'scale_pos_weight': 1.9651255418626348}. Best is trial 99 with value: -0.7122172844873055.
[I 2025-12-07 13:01:03,500] Trial 111 finished with value: -0.7089112363380593 and parameters: {'learning_rate': 0.04278232024233678, 'n_estimators': 390, 'max_depth': 8, 'min_child_weight': 9, 'subsample': 0.7208324571121006, 'colsample_bytree': 0.8679717723780587, 'reg_alpha': 3.57979814569452, 'reg_lambda': 3.1504187259816496, 'gamma': 1.507301508061353, 'weight_ratio_0': 1.2549315526234852, 'weight_ratio_1': 0.9235369748145579, 'max_delta_step': 4, 'scale_pos_weight': 1.991739425902719}. Best is trial 99 with value: -0.7122172844873055.
[I 2025-12-07 13:01:03,719] Trial 112 finished with value: -0.7084648982307032 and parameters: {'learning_rate': 0.044075523631585595, 'n_estimators': 374, 'max_depth': 8, 'min_child_weight': 7, 'subsample': 0.7212344218085323, 'colsample_bytree': 0.8722817442984686, 'reg_alpha': 4.728778931670282, 'reg_lambda': 2.9648989924956863, 'gamma': 1.5179292152977606, 'weight_ratio_0': 1.2471105936919697, 'weight_ratio_1': 0.9216218485607295, 'max_delta_step': 4, 'scale_pos_weight': 1.987044078032876}. Best is trial 99 with value: -0.7122172844873055.
[I 2025-12-07 13:01:07,149] Trial 113 finished with value: -0.7094275565293281 and parameters: {'learning_rate': 0.04333965892071217, 'n_estimators': 387, 'max_depth': 8, 'min_child_weight': 7, 'subsample': 0.721033687705521, 'colsample_bytree': 0.8704118096298779, 'reg_alpha': 4.615674673167391, 'reg_lambda': 3.0472362499984835, 'gamma': 1.3439934888908693, 'weight_ratio_0': 1.2682441856366147, 'weight_ratio_1': 0.9230731567005461, 'max_delta_step': 4, 'scale_pos_weight': 1.9730566052406413}. Best is trial 99 with value: -0.7122172844873055.
[I 2025-12-07 13:01:08,880] Trial 106 finished with value: -0.7083862806958857 and parameters: {'learning_rate': 0.04295911226105324, 'n_estimators': 431, 'max_depth': 10, 'min_child_weight': 9, 'subsample': 0.7197490268757959, 'colsample_bytree': 0.885845911059627, 'reg_alpha': 4.7060921452972115, 'reg_lambda': 3.102573861383086, 'gamma': 1.3545896192042124, 'weight_ratio_0': 1.2266247151705258, 'weight_ratio_1': 0.9218999761942949, 'max_delta_step': 4, 'scale_pos_weight': 1.9570829664641756}. Best is trial 99 with value: -0.7122172844873055.
[I 2025-12-07 13:01:11,068] Trial 115 finished with value: -0.7115863234620542 and parameters: {'learning_rate': 0.043360521495950106, 'n_estimators': 387, 'max_depth': 8, 'min_child_weight': 7, 'subsample': 0.7220914229669397, 'colsample_bytree': 0.8727486797609588, 'reg_alpha': 4.656027025374024, 'reg_lambda': 2.9579017663285723, 'gamma': 1.3409793888363497, 'weight_ratio_0': 1.2601619080375819, 'weight_ratio_1': 0.9252589693032909, 'max_delta_step': 4, 'scale_pos_weight': 1.5530647254792453}. Best is trial 99 with value: -0.7122172844873055.
[I 2025-12-07 13:01:11,212] Trial 110 finished with value: -0.7094013660994299 and parameters: {'learning_rate': 0.04191135894096695, 'n_estimators': 510, 'max_depth': 8, 'min_child_weight': 9, 'subsample': 0.6754267884074383, 'colsample_bytree': 0.8706663189925858, 'reg_alpha': 4.691639613713434, 'reg_lambda': 1.9997275034516133, 'gamma': 1.479972923243739, 'weight_ratio_0': 1.2578519772418106, 'weight_ratio_1': 0.9231360988139258, 'max_delta_step': 4, 'scale_pos_weight': 1.9597314735691427}. Best is trial 99 with value: -0.7122172844873055.
