[I 2025-12-07 13:03:12,090] Trial 234 finished with value: -0.7104954935019556 and parameters: {'learning_rate': 0.033676532262878256, 'n_estimators': 321, 'max_depth': 8, 'min_child_weight': 10, 'subsample': 0.7731700828024239, 'colsample_bytree': 0.868309279778166, 'reg_alpha': 3.7241321026657177, 'reg_lambda': 3.279042614083684, 'gamma': 1.1370111034693986, 'weight_ratio_0': 1.2774888991178428, 'weight_ratio_1': 0.8359486403560729, 'max_delta_step': 7, 'scale_pos_weight': 1.747507862368185}. Best is trial 170 with value: -0.712551671410062.
[I 2025-12-07 13:03:13,512] Trial 237 finished with value: -0.7098066525763063 and parameters: {'learning_rate': 0.03241505034600403, 'n_estimators': 320, 'max_depth': 8, 'min_child_weight': 10, 'subsample': 0.807025609616755, 'colsample_bytree': 0.8645095501716643, 'reg_alpha': 2.3363798967151506, 'reg_lambda': 0.9370224541349123, 'gamma': 1.109410143754575, 'weight_ratio_0': 1.2572240413180886, 'weight_ratio_1': 0.9081931023576196, 'max_delta_step': 7, 'scale_pos_weight': 1.8432543051936874}. Best is trial 170 with value: -0.712551671410062.
[I 2025-12-07 13:03:13,811] Trial 220 finished with value: -0.7114375107854363 and parameters: {'learning_rate': 0.03332320567997146, 'n_estimators': 587, 'max_depth': 7, 'min_child_weight': 10, 'subsample': 0.7976631122739783, 'colsample_bytree': 0.8337052159541278, 'reg_alpha': 3.284389018978388, 'reg_lambda': 2.9491244535293326, 'gamma': 0.9257489543871644, 'weight_ratio_0': 1.2803084431898595, 'weight_ratio_1': 0.8372746310019042, 'max_delta_step': 7, 'scale_pos_weight': 1.7528078493903991}. Best is trial 170 with value: -0.712551671410062.
[I 2025-12-07 13:03:15,083] Trial 223 finished with value: -0.7110573428425727 and parameters: {'learning_rate': 0.033470813444184636, 'n_estimators': 576, 'max_depth': 7, 'min_child_weight': 10, 'subsample': 0.8075612463067675, 'colsample_bytree': 0.8337586656174996, 'reg_alpha': 2.8597024755055576, 'reg_lambda': 0.6833116049842857, 'gamma': 0.9339294035786555, 'weight_ratio_0': 1.1090495434095293, 'weight_ratio_1': 0.8356243856540558, 'max_delta_step': 7, 'scale_pos_weight': 1.7177222352561716}. Best is trial 170 with value: -0.712551671410062.
[I 2025-12-07 13:03:16,382] Trial 240 finished with value: -0.7118776157108635 and parameters: {'learning_rate': 0.032089087986202344, 'n_estimators': 335, 'max_depth': 8, 'min_child_weight': 9, 'subsample': 0.7720528721959725, 'colsample_bytree': 0.8674906899545982, 'reg_alpha': 3.7512435635451746, 'reg_lambda': 3.6125345597777723, 'gamma': 1.138501589399392, 'weight_ratio_0': 1.29910125839809, 'weight_ratio_1': 0.8390601457847963, 'max_delta_step': 5, 'scale_pos_weight': 1.853648604629438}. Best is trial 170 with value: -0.712551671410062.
[I 2025-12-07 13:03:16,434] Trial 239 finished with value: -0.7104365656540392 and parameters: {'learning_rate': 0.03243526136872269, 'n_estimators': 336, 'max_depth': 8, 'min_child_weight': 6, 'subsample': 0.7737770235562712, 'colsample_bytree': 0.8652440739997902, 'reg_alpha': 3.714232616519222, 'reg_lambda': 1.2507087786839441, 'gamma': 1.111256746367854, 'weight_ratio_0': 1.2589177902007804, 'weight_ratio_1': 0.8413661786489207, 'max_delta_step': 5, 'scale_pos_weight': 1.8486951996516687}. Best is trial 170 with value: -0.712551671410062.
[I 2025-12-07 13:03:17,602] Trial 241 finished with value: -0.7125628453878942 and parameters: {'learning_rate': 0.034320196351885504, 'n_estimators': 325, 'max_depth': 8, 'min_child_weight': 9, 'subsample': 0.7714129640921906, 'colsample_bytree': 0.8681368218618227, 'reg_alpha': 2.8912261137424697, 'reg_lambda': 0.9261081159742863, 'gamma': 1.1323955872208091, 'weight_ratio_0': 1.299948170768567, 'weight_ratio_1': 0.8430205633797304, 'max_delta_step': 5, 'scale_pos_weight': 1.856681710734047}. Best is trial 241 with value: -0.7125628453878942.
[I 2025-12-07 13:03:18,201] Trial 258 finished with value: -0.6140609837277088 and parameters: {'learning_rate': 0.03181038712749973, 'n_estimators': 571, 'max_depth': 8, 'min_child_weight': 6, 'subsample': 0.7773448149880622, 'colsample_bytree': 0.8717162201793289, 'reg_alpha': 2.144552917949606, 'reg_lambda': 3.630414340097496, 'gamma': 1.2040478560238848, 'weight_ratio_0': 1.2974699080878402, 'weight_ratio_1': 0.8989434889316917, 'max_delta_step': 5, 'scale_pos_weight': 1.004080904006781}. Best is trial 241 with value: -0.7125628453878942.
[I 2025-12-07 13:03:18,798] Trial 242 finished with value: -0.7119597982491768 and parameters: {'learning_rate': 0.03252624788539714, 'n_estimators': 336, 'max_depth': 8, 'min_child_weight': 9, 'subsample': 0.7712208170551318, 'colsample_bytree': 0.8663294471147478, 'reg_alpha': 3.7313222523844125, 'reg_lambda': 1.8525379025020674, 'gamma': 1.0097875371655292, 'weight_ratio_0': 1.2994425287399052, 'weight_ratio_1': 0.8381022261452914, 'max_delta_step': 5, 'scale_pos_weight': 1.8515582587672574}. Best is trial 241 with value: -0.7125628453878942.
[I 2025-12-07 13:03:19,114] Trial 243 finished with value: -0.7111100441150064 and parameters: {'learning_rate': 0.034524715436344784, 'n_estimators': 335, 'max_depth': 8, 'min_child_weight': 9, 'subsample': 0.7707864641370685, 'colsample_bytree': 0.864368260216593, 'reg_alpha': 2.8729209533394404, 'reg_lambda': 0.9499540095977376, 'gamma': 1.0004688848410637, 'weight_ratio_0': 1.2876131893509073, 'weight_ratio_1': 0.9049066733437153, 'max_delta_step': 5, 'scale_pos_weight': 1.847982579263307}. Best is trial 241 with value: -0.7125628453878942.
[I 2025-12-07 13:03:19,289] Trial 245 finished with value: -0.7127893589549283 and parameters: {'learning_rate': 0.03453761491029389, 'n_estimators': 336, 'max_depth': 8, 'min_child_weight': 9, 'subsample': 0.8048659055942184, 'colsample_bytree': 0.8651380309889747, 'reg_alpha': 3.577742345875852, 'reg_lambda': 3.57217608099329, 'gamma': 1.4086158311091217, 'weight_ratio_0': 1.2990993577195937, 'weight_ratio_1': 0.8418212401754336, 'max_delta_step': 5, 'scale_pos_weight': 1.855721281516158}. Best is trial 245 with value: -0.7127893589549283.
[I 2025-12-07 13:03:20,353] Trial 261 finished with value: -0.6189674153758679 and parameters: {'learning_rate': 0.03508862191442538, 'n_estimators': 340, 'max_depth': 8, 'min_child_weight': 6, 'subsample': 0.7359768230131611, 'colsample_bytree': 0.8698980130641255, 'reg_alpha': 3.6613622379548416, 'reg_lambda': 3.5913629897586783, 'gamma': 1.0041312677488343, 'weight_ratio_0': 1.2996779182750515, 'weight_ratio_1': 0.826165558088336, 'max_delta_step': 8, 'scale_pos_weight': 1.5185576663295368}. Best is trial 245 with value: -0.7127893589549283.
[I 2025-12-07 13:03:21,409] Trial 246 finished with value: -0.7098449278477976 and parameters: {'learning_rate': 0.03201356178098405, 'n_estimators': 336, 'max_depth': 8, 'min_child_weight': 9, 'subsample': 0.7714509545863505, 'colsample_bytree': 0.7947335138767104, 'reg_alpha': 3.767034308896222, 'reg_lambda': 0.9647339237602855, 'gamma': 1.1136047489307197, 'weight_ratio_0': 1.2884535670547097, 'weight_ratio_1': 0.8446392283287093, 'max_delta_step': 5, 'scale_pos_weight': 1.8957596299997883}. Best is trial 245 with value: -0.7127893589549283.
[I 2025-12-07 13:03:21,571] Trial 262 finished with value: -0.6545126019050097 and parameters: {'learning_rate': 0.03947469598122707, 'n_estimators': 337, 'max_depth': 8, 'min_child_weight': 9, 'subsample': 0.7352802620167952, 'colsample_bytree': 0.8700420415087118, 'reg_alpha': 2.2125152211761523, 'reg_lambda': 3.4020780987543278, 'gamma': 1.2066924739076237, 'weight_ratio_0': 1.2992208584112428, 'weight_ratio_1': 0.8453292923331762, 'max_delta_step': 8, 'scale_pos_weight': 1.5197860571485515}. Best is trial 245 with value: -0.7127893589549283.
[I 2025-12-07 13:03:24,388] Trial 264 finished with value: -0.6846463798627384 and parameters: {'learning_rate': 0.02871924174375487, 'n_estimators': 567, 'max_depth': 8, 'min_child_weight': 9, 'subsample': 0.8206412022540552, 'colsample_bytree': 0.8719281564423116, 'reg_alpha': 2.2599481314504883, 'reg_lambda': 3.588557756805896, 'gamma': 1.0154490920397046, 'weight_ratio_0': 1.296555852613237, 'weight_ratio_1': 0.8427228229865097, 'max_delta_step': 5, 'scale_pos_weight': 1.5450004999174005}. Best is trial 245 with value: -0.7127893589549283.
[I 2025-12-07 13:03:26,120] Trial 250 finished with value: -0.710515833923801 and parameters: {'learning_rate': 0.03899373704783239, 'n_estimators': 335, 'max_depth': 8, 'min_child_weight': 9, 'subsample': 0.771859383823597, 'colsample_bytree': 0.8640773279781879, 'reg_alpha': 3.6291584508890598, 'reg_lambda': 3.617803708448869, 'gamma': 1.2005333412243877, 'weight_ratio_0': 1.2947889143900169, 'weight_ratio_1': 0.8975575960864749, 'max_delta_step': 5, 'scale_pos_weight': 1.8624418895400194}. Best is trial 245 with value: -0.7127893589549283.
[I 2025-12-07 13:03:26,629] Trial 247 finished with value: -0.7091461607368297 and parameters: {'learning_rate': 0.03185261221161616, 'n_estimators': 371, 'max_depth': 8, 'min_child_weight': 9, 'subsample': 0.7713244270548985, 'colsample_bytree': 0.7897634527132008, 'reg_alpha': 3.597575961770137, 'reg_lambda': 3.6117567297958004, 'gamma': 1.3890060099461377, 'weight_ratio_0': 1.2902359309967257, 'weight_ratio_1': 0.9041653108208946, 'max_delta_step': 5, 'scale_pos_weight': 1.8595876238070796}. Best is trial 245 with value: -0.7127893589549283.
[I 2025-12-07 13:03:26,680] Trial 270 finished with value: -0.612210739481119 and parameters: {'learning_rate': 0.03941151879052457, 'n_estimators': 592, 'max_depth': 8, 'min_child_weight': 9, 'subsample': 0.7432788235765206, 'colsample_bytree': 0.8727996646204841, 'reg_alpha': 3.560982999425133, 'reg_lambda': 3.3469449293066558, 'gamma': 1.200550044155908, 'weight_ratio_0': 0.7554928660936764, 'weight_ratio_1': 0.846014748222791, 'max_delta_step': 5, 'scale_pos_weight': 0.7263356454814884}. Best is trial 245 with value: -0.7127893589549283.
[I 2025-12-07 13:03:26,740] Trial 269 finished with value: -0.6107301440635337 and parameters: {'learning_rate': 0.03808804997008171, 'n_estimators': 368, 'max_depth': 8, 'min_child_weight': 9, 'subsample': 0.7970475600602714, 'colsample_bytree': 0.8719043562263626, 'reg_alpha': 3.5586656931924585, 'reg_lambda': 3.359274436058601, 'gamma': 1.1978804007758155, 'weight_ratio_0': 1.2947740844975386, 'weight_ratio_1': 0.8468907234164313, 'max_delta_step': 5, 'scale_pos_weight': 0.8425539096906475}. Best is trial 245 with value: -0.7127893589549283.
[I 2025-12-07 13:03:30,946] Trial 252 finished with value: -0.7096104113970761 and parameters: {'learning_rate': 0.03174154154076408, 'n_estimators': 336, 'max_depth': 8, 'min_child_weight': 9, 'subsample': 0.7712568392124466, 'colsample_bytree': 0.8715094050790081, 'reg_alpha': 3.618945955185175, 'reg_lambda': 1.3065029012369582, 'gamma': 1.0959693111758715, 'weight_ratio_0': 1.295019871144801, 'weight_ratio_1': 0.9003797269855722, 'max_delta_step': 5, 'scale_pos_weight': 1.8941357928214688}. Best is trial 245 with value: -0.7127893589549283.
[I 2025-12-07 13:03:30,959] Trial 238 finished with value: -0.7109939919789685 and parameters: {'learning_rate': 0.0321485143110495, 'n_estimators': 597, 'max_depth': 8, 'min_child_weight': 9, 'subsample': 0.8031354837332468, 'colsample_bytree': 0.8648731132069232, 'reg_alpha': 2.855324598029259, 'reg_lambda': 1.8516013355549805, 'gamma': 1.1352423768716104, 'weight_ratio_0': 1.073412533027962, 'weight_ratio_1': 0.8408126982269043, 'max_delta_step': 7, 'scale_pos_weight': 1.7025987464008585}. Best is trial 245 with value: -0.7127893589549283.
[I 2025-12-07 13:03:32,943] Trial 249 finished with value: -0.7124517191832559 and parameters: {'learning_rate': 0.03181228162810526, 'n_estimators': 444, 'max_depth': 8, 'min_child_weight': 9, 'subsample': 0.7744164010954734, 'colsample_bytree': 0.863989552868795, 'reg_alpha': 3.6890815648178883, 'reg_lambda': 1.0197253321271282, 'gamma': 1.4037870315190106, 'weight_ratio_0': 1.2985816606472897, 'weight_ratio_1': 0.8284016493055487, 'max_delta_step': 5, 'scale_pos_weight': 1.8594732439594468}. Best is trial 245 with value: -0.7127893589549283.
[I 2025-12-07 13:03:33,087] Trial 275 finished with value: -0.6100346793498277 and parameters: {'learning_rate': 0.037318054404336984, 'n_estimators': 597, 'max_depth': 8, 'min_child_weight': 9, 'subsample': 0.7960452276306696, 'colsample_bytree': 0.8726440775007228, 'reg_alpha': 3.5798765507299652, 'reg_lambda': 3.29150709702275, 'gamma': 1.4155410121198062, 'weight_ratio_0': 1.2540645326306736, 'weight_ratio_1': 0.8660466052911486, 'max_delta_step': 5, 'scale_pos_weight': 0.8136915558272559}. Best is trial 245 with value: -0.7127893589549283.
[I 2025-12-07 13:03:33,628] Trial 274 finished with value: -0.6128965629124962 and parameters: {'learning_rate': 0.036128883624320304, 'n_estimators': 366, 'max_depth': 8, 'min_child_weight': 9, 'subsample': 0.7424055566165456, 'colsample_bytree': 0.8722309860808313, 'reg_alpha': 3.545757783112056, 'reg_lambda': 3.8641582047431893, 'gamma': 0.8529329804366035, 'weight_ratio_0': 1.2532264357726752, 'weight_ratio_1': 0.85298126669545, 'max_delta_step': 5, 'scale_pos_weight': 0.6896528997849217}. Best is trial 245 with value: -0.7127893589549283.
[I 2025-12-07 13:03:33,762] Trial 251 finished with value: -0.7122704647270841 and parameters: {'learning_rate': 0.03202948373423262, 'n_estimators': 446, 'max_depth': 8, 'min_child_weight': 9, 'subsample': 0.7715897149097379, 'colsample_bytree': 0.8724014475048787, 'reg_alpha': 3.636280464971874, 'reg_lambda': 3.602526938246614, 'gamma': 1.105419826971639, 'weight_ratio_0': 1.297032926753669, 'weight_ratio_1': 0.8446755206393252, 'max_delta_step': 5, 'scale_pos_weight': 1.8976458567007972}. Best is trial 245 with value: -0.7127893589549283.
[I 2025-12-07 13:03:34,825] Trial 255 finished with value: -0.7118801814893813 and parameters: {'learning_rate': 0.03140335792443068, 'n_estimators': 337, 'max_depth': 8, 'min_child_weight': 10, 'subsample': 0.7709233885379748, 'colsample_bytree': 0.8648303091693813, 'reg_alpha': 3.5673274287440244, 'reg_lambda': 0.9580781829183994, 'gamma': 1.2028398082994023, 'weight_ratio_0': 1.2982363165652269, 'weight_ratio_1': 0.8287258684398583, 'max_delta_step': 5, 'scale_pos_weight': 1.9018219056649692}. Best is trial 245 with value: -0.7127893589549283.
[I 2025-12-07 13:03:35,870] Trial 256 finished with value: -0.7099729764642119 and parameters: {'learning_rate': 0.034871938686410184, 'n_estimators': 337, 'max_depth': 8, 'min_child_weight': 6, 'subsample': 0.7762313017472064, 'colsample_bytree': 0.8650490689017458, 'reg_alpha': 3.5527565568964037, 'reg_lambda': 3.2706336668108675, 'gamma': 1.005561413814937, 'weight_ratio_0': 1.2986469927528461, 'weight_ratio_1': 0.9096329479506865, 'max_delta_step': 5, 'scale_pos_weight': 1.8901259136935593}. Best is trial 245 with value: -0.7127893589549283.
[I 2025-12-07 13:03:37,722] Trial 259 finished with value: -0.7116790358497016 and parameters: {'learning_rate': 0.03187968057521918, 'n_estimators': 338, 'max_depth': 8, 'min_child_weight': 6, 'subsample': 0.7771262975671449, 'colsample_bytree': 0.872730310273718, 'reg_alpha': 2.178315313241698, 'reg_lambda': 3.602344895034888, 'gamma': 0.9978454528151648, 'weight_ratio_0': 1.2989489352504302, 'weight_ratio_1': 0.8445758970011972, 'max_delta_step': 5, 'scale_pos_weight': 1.8951194413634185}. Best is trial 245 with value: -0.7127893589549283.
[I 2025-12-07 13:03:39,008] Trial 260 finished with value: -0.7118967810111023 and parameters: {'learning_rate': 0.0388783562693097, 'n_estimators': 368, 'max_depth': 8, 'min_child_weight': 9, 'subsample': 0.7955921003155869, 'colsample_bytree': 0.8732446421629101, 'reg_alpha': 3.5790024357776598, 'reg_lambda': 3.6040196397410384, 'gamma': 1.207635320255624, 'weight_ratio_0': 1.2991624336477958, 'weight_ratio_1': 0.8463126981053879, 'max_delta_step': 8, 'scale_pos_weight': 1.6915583885924976}. Best is trial 245 with value: -0.7127893589549283.
[I 2025-12-07 13:03:40,956] Trial 244 finished with value: -0.7118751399451743 and parameters: {'learning_rate': 0.03452716570338813, 'n_estimators': 680, 'max_depth': 8, 'min_child_weight': 9, 'subsample': 0.7292696729567121, 'colsample_bytree': 0.8677558361854169, 'reg_alpha': 3.7676829102261618, 'reg_lambda': 3.589127893407168, 'gamma': 1.4087519011435563, 'weight_ratio_0': 1.2995348906757904, 'weight_ratio_1': 0.9008634137282676, 'max_delta_step': 5, 'scale_pos_weight': 1.7018219979976812}. Best is trial 245 with value: -0.7127893589549283.
[I 2025-12-07 13:03:41,622] Trial 248 finished with value: -0.709837106641379 and parameters: {'learning_rate': 0.04664856214230415, 'n_estimators': 601, 'max_depth': 8, 'min_child_weight': 9, 'subsample': 0.8057431570802992, 'colsample_bytree': 0.865335004750182, 'reg_alpha': 3.583556763367562, 'reg_lambda': 3.263374764855044, 'gamma': 1.1017070159849662, 'weight_ratio_0': 1.2997287772729142, 'weight_ratio_1': 0.8440632436025921, 'max_delta_step': 5, 'scale_pos_weight': 1.857524857729103}. Best is trial 245 with value: -0.7127893589549283.
[I 2025-12-07 13:03:41,849] Trial 263 finished with value: -0.711705072679727 and parameters: {'learning_rate': 0.038537963083489245, 'n_estimators': 372, 'max_depth': 8, 'min_child_weight': 9, 'subsample': 0.8195034135608094, 'colsample_bytree': 0.8741608708695088, 'reg_alpha': 3.5878279769434718, 'reg_lambda': 3.3365274241518086, 'gamma': 1.0083528953032777, 'weight_ratio_0': 1.298408785975853, 'weight_ratio_1': 0.8436000615351734, 'max_delta_step': 8, 'scale_pos_weight': 1.6940741967001747}. Best is trial 245 with value: -0.7127893589549283.
[I 2025-12-07 13:03:43,599] Trial 265 finished with value: -0.7117010485282248 and parameters: {'learning_rate': 0.039104299713666586, 'n_estimators': 370, 'max_depth': 8, 'min_child_weight': 9, 'subsample': 0.7685522449483398, 'colsample_bytree': 0.8722863044526762, 'reg_alpha': 3.641494076866993, 'reg_lambda': 3.5925615124277086, 'gamma': 1.2030133105044438, 'weight_ratio_0': 1.2980376254353734, 'weight_ratio_1': 0.8493001549529582, 'max_delta_step': 8, 'scale_pos_weight': 1.9104686474299617}. Best is trial 245 with value: -0.7127893589549283.
[I 2025-12-07 13:03:48,828] Trial 253 finished with value: -0.6931983822689646 and parameters: {'learning_rate': 0.0321310919784294, 'n_estimators': 588, 'max_depth': 8, 'min_child_weight': 9, 'subsample': 0.7704231758121577, 'colsample_bytree': 0.8663653214553515, 'reg_alpha': 2.273739784805332, 'reg_lambda': 1.0060181251067515, 'gamma': 1.0960062466003566, 'weight_ratio_0': 0.752019718990112, 'weight_ratio_1': 0.8443240797984276, 'max_delta_step': 5, 'scale_pos_weight': 1.894362619865344}. Best is trial 245 with value: -0.7127893589549283.
[I 2025-12-07 13:03:49,140] Trial 254 finished with value: -0.7120055933079819 and parameters: {'learning_rate': 0.03475188642929081, 'n_estimators': 581, 'max_depth': 8, 'min_child_weight': 9, 'subsample': 0.7710685807372734, 'colsample_bytree': 0.8648700854865207, 'reg_alpha': 3.545074149489814, 'reg_lambda': 3.6187146681914095, 'gamma': 1.0071976753249934, 'weight_ratio_0': 1.298224461602633, 'weight_ratio_1': 0.8987857963274644, 'max_delta_step': 5, 'scale_pos_weight': 1.8602848193891286}. Best is trial 245 with value: -0.7127893589549283.
[I 2025-12-07 13:03:50,499] Trial 287 finished with value: -0.6819370729993733 and parameters: {'learning_rate': 0.028888757025149606, 'n_estimators': 407, 'max_depth': 4, 'min_child_weight': 9, 'subsample': 0.7781688187408005, 'colsample_bytree': 0.8653502536019028, 'reg_alpha': 3.830562100826092, 'reg_lambda': 0.8710697758281336, 'gamma': 1.3989987170168876, 'weight_ratio_0': 1.255142646088196, 'weight_ratio_1': 0.857554438258726, 'max_delta_step': 5, 'scale_pos_weight': 1.6895717112701165}. Best is trial 245 with value: -0.7127893589549283.
[I 2025-12-07 13:03:51,129] Trial 257 finished with value: -0.7099024047549817 and parameters: {'learning_rate': 0.039262202889968095, 'n_estimators': 577, 'max_depth': 8, 'min_child_weight': 6, 'subsample': 0.7746144556166528, 'colsample_bytree': 0.8652002408950065, 'reg_alpha': 2.1760005157652444, 'reg_lambda': 3.318722592368332, 'gamma': 1.1985344335663082, 'weight_ratio_0': 1.2959000063425836, 'weight_ratio_1': 0.8458899269227653, 'max_delta_step': 8, 'scale_pos_weight': 1.8634342995651771}. Best is trial 245 with value: -0.7127893589549283.
[I 2025-12-07 13:03:56,265] Trial 277 finished with value: -0.7111959485599114 and parameters: {'learning_rate': 0.03646283040945661, 'n_estimators': 367, 'max_depth': 8, 'min_child_weight': 9, 'subsample': 0.728980016908214, 'colsample_bytree': 0.862302487666754, 'reg_alpha': 3.527680437827364, 'reg_lambda': 1.9136746045910056, 'gamma': 1.0795586661514545, 'weight_ratio_0': 1.2568378159550215, 'weight_ratio_1': 0.8515497557582066, 'max_delta_step': 5, 'scale_pos_weight': 1.8981275732067941}. Best is trial 245 with value: -0.7127893589549283.
[I 2025-12-07 13:03:56,435] Trial 278 finished with value: -0.7105968471211482 and parameters: {'learning_rate': 0.03579100080890787, 'n_estimators': 368, 'max_depth': 8, 'min_child_weight': 9, 'subsample': 0.7289526945515051, 'colsample_bytree': 0.8633614041134977, 'reg_alpha': 3.800451276968238, 'reg_lambda': 3.235509631710188, 'gamma': 1.0694518957409342, 'weight_ratio_0': 1.2528781599376653, 'weight_ratio_1': 0.8568445280083398, 'max_delta_step': 5, 'scale_pos_weight': 1.9017187107383355}. Best is trial 245 with value: -0.7127893589549283.
