[I 2025-12-07 13:02:39,183] Trial 196 finished with value: -0.7081020003638434 and parameters: {'learning_rate': 0.027453694162317008, 'n_estimators': 216, 'max_depth': 8, 'min_child_weight': 10, 'subsample': 0.781694001086414, 'colsample_bytree': 0.8510707572094628, 'reg_alpha': 2.702722161024285, 'reg_lambda': 0.45859726305124315, 'gamma': 1.2445511888264824, 'weight_ratio_0': 1.2742530651120973, 'weight_ratio_1': 0.8141632009419648, 'max_delta_step': 6, 'scale_pos_weight': 1.7808114677034221}. Best is trial 170 with value: -0.712551671410062.
[I 2025-12-07 13:02:40,211] Trial 198 finished with value: -0.7072069986800914 and parameters: {'learning_rate': 0.02659112246450914, 'n_estimators': 197, 'max_depth': 8, 'min_child_weight': 10, 'subsample': 0.7835626034229605, 'colsample_bytree': 0.8498145966537249, 'reg_alpha': 2.704541814868686, 'reg_lambda': 2.7253780637847527, 'gamma': 1.2481451544993314, 'weight_ratio_0': 1.2382481554932718, 'weight_ratio_1': 0.8107254419356357, 'max_delta_step': 6, 'scale_pos_weight': 1.7849605009816623}. Best is trial 170 with value: -0.712551671410062.
[I 2025-12-07 13:02:41,383] Trial 194 finished with value: -0.7103225284840723 and parameters: {'learning_rate': 0.028884690180020194, 'n_estimators': 300, 'max_depth': 8, 'min_child_weight': 10, 'subsample': 0.7881534932290821, 'colsample_bytree': 0.8509652917163295, 'reg_alpha': 2.685156519525614, 'reg_lambda': 2.738471305643976, 'gamma': 1.2656618819556618, 'weight_ratio_0': 1.2387608511688541, 'weight_ratio_1': 0.8214732301996431, 'max_delta_step': 6, 'scale_pos_weight': 1.8161556851408494}. Best is trial 170 with value: -0.712551671410062.
[I 2025-12-07 13:02:41,576] Trial 195 finished with value: -0.7109438102399294 and parameters: {'learning_rate': 0.02731872109886556, 'n_estimators': 291, 'max_depth': 8, 'min_child_weight': 10, 'subsample': 0.7871744863989552, 'colsample_bytree': 0.8510852103529094, 'reg_alpha': 2.7325118642616864, 'reg_lambda': 2.6754827792979583, 'gamma': 1.2574443137579117, 'weight_ratio_0': 1.274790643990977, 'weight_ratio_1': 0.8129942441180772, 'max_delta_step': 6, 'scale_pos_weight': 1.778824231970242}. Best is trial 170 with value: -0.712551671410062.
[I 2025-12-07 13:02:42,038] Trial 203 finished with value: -0.7006120370254574 and parameters: {'learning_rate': 0.03325399443712155, 'n_estimators': 223, 'max_depth': 6, 'min_child_weight': 10, 'subsample': 0.7860447049894576, 'colsample_bytree': 0.8511881379664967, 'reg_alpha': 2.757895334617543, 'reg_lambda': 2.6547501173562438, 'gamma': 1.2440140636427148, 'weight_ratio_0': 1.241231703627523, 'weight_ratio_1': 0.8153862742779223, 'max_delta_step': 6, 'scale_pos_weight': 1.8192108492038312}. Best is trial 170 with value: -0.712551671410062.
[I 2025-12-07 13:02:43,244] Trial 206 finished with value: -0.6990523607960194 and parameters: {'learning_rate': 0.027243226333479968, 'n_estimators': 241, 'max_depth': 6, 'min_child_weight': 10, 'subsample': 0.7858602257361017, 'colsample_bytree': 0.8496473815169145, 'reg_alpha': 3.2848598432314637, 'reg_lambda': 2.9410357740821116, 'gamma': 0.9764101788086221, 'weight_ratio_0': 1.271338474802519, 'weight_ratio_1': 0.8099181155261348, 'max_delta_step': 6, 'scale_pos_weight': 1.8254069764686323}. Best is trial 170 with value: -0.712551671410062.
[I 2025-12-07 13:02:45,456] Trial 200 finished with value: -0.7102853416245818 and parameters: {'learning_rate': 0.03346642694140001, 'n_estimators': 230, 'max_depth': 8, 'min_child_weight': 10, 'subsample': 0.7847922590634664, 'colsample_bytree': 0.8508622792734207, 'reg_alpha': 2.670163373820753, 'reg_lambda': 2.702449751061917, 'gamma': 1.2502144221608906, 'weight_ratio_0': 1.2424069628419399, 'weight_ratio_1': 0.8094463304917796, 'max_delta_step': 6, 'scale_pos_weight': 1.788286852447306}. Best is trial 170 with value: -0.712551671410062.
[I 2025-12-07 13:02:45,704] Trial 201 finished with value: -0.7080208393472639 and parameters: {'learning_rate': 0.0268199516657411, 'n_estimators': 227, 'max_depth': 8, 'min_child_weight': 10, 'subsample': 0.762350914568323, 'colsample_bytree': 0.8506878897891056, 'reg_alpha': 2.7587290029816978, 'reg_lambda': 0.6875263423771814, 'gamma': 1.2471980790921662, 'weight_ratio_0': 1.2413438325159285, 'weight_ratio_1': 0.8149119724082844, 'max_delta_step': 6, 'scale_pos_weight': 1.8099830921408508}. Best is trial 170 with value: -0.712551671410062.
[I 2025-12-07 13:02:45,784] Trial 209 finished with value: -0.6992363949144028 and parameters: {'learning_rate': 0.026494742372173554, 'n_estimators': 250, 'max_depth': 6, 'min_child_weight': 10, 'subsample': 0.7862982090597838, 'colsample_bytree': 0.8446815269456971, 'reg_alpha': 2.47698564433972, 'reg_lambda': 1.638837699245228, 'gamma': 0.9592861473904329, 'weight_ratio_0': 1.272825561643911, 'weight_ratio_1': 0.8086449815386767, 'max_delta_step': 7, 'scale_pos_weight': 1.8234364264491132}. Best is trial 170 with value: -0.712551671410062.
[I 2025-12-07 13:02:46,585] Trial 202 finished with value: -0.7082298615223487 and parameters: {'learning_rate': 0.027564056304359305, 'n_estimators': 228, 'max_depth': 8, 'min_child_weight': 10, 'subsample': 0.7837514252974702, 'colsample_bytree': 0.848986032535875, 'reg_alpha': 2.7167887673080546, 'reg_lambda': 1.7226749111491593, 'gamma': 1.255117033224912, 'weight_ratio_0': 1.2377316000263279, 'weight_ratio_1': 0.8134600861614538, 'max_delta_step': 6, 'scale_pos_weight': 1.8223849743542437}. Best is trial 170 with value: -0.712551671410062.
[I 2025-12-07 13:02:47,517] Trial 210 finished with value: -0.7026992900045732 and parameters: {'learning_rate': 0.03306933652475101, 'n_estimators': 258, 'max_depth': 6, 'min_child_weight': 10, 'subsample': 0.783356602102018, 'colsample_bytree': 0.8430884143776367, 'reg_alpha': 3.2464550461073105, 'reg_lambda': 1.6666692784390482, 'gamma': 1.2294720064714748, 'weight_ratio_0': 1.1035726624493392, 'weight_ratio_1': 0.8098971068443189, 'max_delta_step': 7, 'scale_pos_weight': 1.7352987888101254}. Best is trial 170 with value: -0.712551671410062.
[I 2025-12-07 13:02:47,528] Trial 199 finished with value: -0.7097607386014707 and parameters: {'learning_rate': 0.028040496222534503, 'n_estimators': 307, 'max_depth': 8, 'min_child_weight': 10, 'subsample': 0.7855705250226636, 'colsample_bytree': 0.8513219222916972, 'reg_alpha': 2.819576841369743, 'reg_lambda': 0.5649665055117138, 'gamma': 1.2315219728346825, 'weight_ratio_0': 1.2381431319152796, 'weight_ratio_1': 0.8157562856764139, 'max_delta_step': 6, 'scale_pos_weight': 1.776395690867807}. Best is trial 170 with value: -0.712551671410062.
[I 2025-12-07 13:02:48,474] Trial 208 finished with value: -0.7084990122669351 and parameters: {'learning_rate': 0.03328176009482594, 'n_estimators': 249, 'max_depth': 7, 'min_child_weight': 10, 'subsample': 0.7866776249631571, 'colsample_bytree': 0.832695648127998, 'reg_alpha': 2.4812148452908955, 'reg_lambda': 1.703525094025603, 'gamma': 0.9210471471905287, 'weight_ratio_0': 1.2725260799535427, 'weight_ratio_1': 0.8074726117495621, 'max_delta_step': 6, 'scale_pos_weight': 1.8248127554283986}. Best is trial 170 with value: -0.712551671410062.
[I 2025-12-07 13:02:48,901] Trial 212 finished with value: -0.7028855504953041 and parameters: {'learning_rate': 0.027465878440093964, 'n_estimators': 253, 'max_depth': 7, 'min_child_weight': 10, 'subsample': 0.785601383909771, 'colsample_bytree': 0.8430179832440516, 'reg_alpha': 2.536839304910119, 'reg_lambda': 1.6517850694101635, 'gamma': 0.9480015067027968, 'weight_ratio_0': 1.2715214195892295, 'weight_ratio_1': 0.8055325254855402, 'max_delta_step': 6, 'scale_pos_weight': 1.8120626483251006}. Best is trial 170 with value: -0.712551671410062.
[I 2025-12-07 13:02:49,320] Trial 207 finished with value: -0.7074187625303225 and parameters: {'learning_rate': 0.02647256863930182, 'n_estimators': 250, 'max_depth': 8, 'min_child_weight': 10, 'subsample': 0.7858828589804107, 'colsample_bytree': 0.8456954256710044, 'reg_alpha': 2.4897472222686536, 'reg_lambda': 2.6792194375846536, 'gamma': 0.9279459794878571, 'weight_ratio_0': 1.2774099417113218, 'weight_ratio_1': 0.8337483001279923, 'max_delta_step': 6, 'scale_pos_weight': 1.8220623241810119}. Best is trial 170 with value: -0.712551671410062.
[I 2025-12-07 13:02:49,761] Trial 204 finished with value: -0.7090706193284939 and parameters: {'learning_rate': 0.025593995173873906, 'n_estimators': 263, 'max_depth': 8, 'min_child_weight': 10, 'subsample': 0.7903991462053827, 'colsample_bytree': 0.8504004046299729, 'reg_alpha': 2.5216541024054897, 'reg_lambda': 2.718947016268889, 'gamma': 1.2616323065686799, 'weight_ratio_0': 1.2387117514281225, 'weight_ratio_1': 0.808385237658143, 'max_delta_step': 6, 'scale_pos_weight': 1.8235435346444657}. Best is trial 170 with value: -0.712551671410062.
[I 2025-12-07 13:02:49,940] Trial 205 finished with value: -0.7079844915064325 and parameters: {'learning_rate': 0.026420711681388997, 'n_estimators': 264, 'max_depth': 8, 'min_child_weight': 10, 'subsample': 0.7837807936019795, 'colsample_bytree': 0.8416651509348276, 'reg_alpha': 2.6013842173974426, 'reg_lambda': 2.743179832132939, 'gamma': 0.9684099564858808, 'weight_ratio_0': 1.2389971466131948, 'weight_ratio_1': 0.8337503127620547, 'max_delta_step': 6, 'scale_pos_weight': 1.8297860690024677}. Best is trial 170 with value: -0.712551671410062.
[I 2025-12-07 13:02:50,109] Trial 213 finished with value: -0.7071877210702683 and parameters: {'learning_rate': 0.03350956455580957, 'n_estimators': 251, 'max_depth': 7, 'min_child_weight': 10, 'subsample': 0.7882896058783877, 'colsample_bytree': 0.8338850090038252, 'reg_alpha': 2.5094149193234108, 'reg_lambda': 3.3144031695042386, 'gamma': 0.9555873286877994, 'weight_ratio_0': 1.2741726283434824, 'weight_ratio_1': 0.808239086587328, 'max_delta_step': 7, 'scale_pos_weight': 1.8307592982219052}. Best is trial 170 with value: -0.712551671410062.
[I 2025-12-07 13:02:51,292] Trial 214 finished with value: -0.7052286744364684 and parameters: {'learning_rate': 0.026917942155102924, 'n_estimators': 252, 'max_depth': 8, 'min_child_weight': 10, 'subsample': 0.7889173829754512, 'colsample_bytree': 0.843776970912176, 'reg_alpha': 3.2587324349411255, 'reg_lambda': 1.639068887904445, 'gamma': 1.1263082009606482, 'weight_ratio_0': 1.2731497515477659, 'weight_ratio_1': 0.8082180694020549, 'max_delta_step': 6, 'scale_pos_weight': 1.7402574102267174}. Best is trial 170 with value: -0.712551671410062.
[I 2025-12-07 13:02:51,710] Trial 221 finished with value: -0.6991726063737419 and parameters: {'learning_rate': 0.03370204916533753, 'n_estimators': 325, 'max_depth': 7, 'min_child_weight': 10, 'subsample': 0.708148481852667, 'colsample_bytree': 0.8428707603446134, 'reg_alpha': 2.4558275550582804, 'reg_lambda': 2.944383534098573, 'gamma': 1.1360494077028045, 'weight_ratio_0': 1.2726056073955558, 'weight_ratio_1': 0.8005670588586379, 'max_delta_step': 6, 'scale_pos_weight': 1.7366352335024098}. Best is trial 170 with value: -0.712551671410062.
[I 2025-12-07 13:02:52,516] Trial 211 finished with value: -0.7012236684151221 and parameters: {'learning_rate': 0.025690607823335564, 'n_estimators': 314, 'max_depth': 6, 'min_child_weight': 10, 'subsample': 0.7884346525613547, 'colsample_bytree': 0.8434808510781715, 'reg_alpha': 2.446086496781139, 'reg_lambda': 1.624338943703015, 'gamma': 0.9637424460937157, 'weight_ratio_0': 1.114966777186798, 'weight_ratio_1': 0.8101641665354996, 'max_delta_step': 7, 'scale_pos_weight': 1.8297704741189726}. Best is trial 170 with value: -0.712551671410062.
[I 2025-12-07 13:02:53,020] Trial 218 finished with value: -0.7071092703482158 and parameters: {'learning_rate': 0.03335172248634048, 'n_estimators': 255, 'max_depth': 7, 'min_child_weight': 6, 'subsample': 0.7610693315567872, 'colsample_bytree': 0.8408493920896041, 'reg_alpha': 2.5769256425057283, 'reg_lambda': 2.9730819333864775, 'gamma': 1.1435598618974476, 'weight_ratio_0': 1.2711646400251526, 'weight_ratio_1': 0.8037635494783735, 'max_delta_step': 7, 'scale_pos_weight': 1.8433531187844348}. Best is trial 170 with value: -0.712551671410062.
[I 2025-12-07 13:02:54,944] Trial 215 finished with value: -0.7104990774989842 and parameters: {'learning_rate': 0.03287192029146354, 'n_estimators': 312, 'max_depth': 7, 'min_child_weight': 10, 'subsample': 0.7595512219086067, 'colsample_bytree': 0.8433774498918299, 'reg_alpha': 2.528310210306319, 'reg_lambda': 1.6494031335353547, 'gamma': 1.1291186093779233, 'weight_ratio_0': 1.2722057584743829, 'weight_ratio_1': 0.8125804125183075, 'max_delta_step': 7, 'scale_pos_weight': 1.8186995949650901}. Best is trial 170 with value: -0.712551671410062.
[I 2025-12-07 13:02:55,372] Trial 236 finished with value: -0.6051577801675055 and parameters: {'learning_rate': 0.032820606465335446, 'n_estimators': 330, 'max_depth': 8, 'min_child_weight': 10, 'subsample': 0.7719452195433154, 'colsample_bytree': 0.8663520124385243, 'reg_alpha': 3.3686928571771726, 'reg_lambda': 2.9643165667094182, 'gamma': 1.1483974559949524, 'weight_ratio_0': 1.2605675877452627, 'weight_ratio_1': 0.8390331932630887, 'max_delta_step': 7, 'scale_pos_weight': 1.349564201032381}. Best is trial 170 with value: -0.712551671410062.
[I 2025-12-07 13:02:55,576] Trial 219 finished with value: -0.7087789901509317 and parameters: {'learning_rate': 0.03342270460121418, 'n_estimators': 256, 'max_depth': 7, 'min_child_weight': 6, 'subsample': 0.7624593035152875, 'colsample_bytree': 0.8436497796725609, 'reg_alpha': 2.5015232668078813, 'reg_lambda': 3.006323934676742, 'gamma': 0.9337658973697707, 'weight_ratio_0': 1.2716610528491885, 'weight_ratio_1': 0.835308235456297, 'max_delta_step': 6, 'scale_pos_weight': 1.744529090225057}. Best is trial 170 with value: -0.712551671410062.
[I 2025-12-07 13:02:55,806] Trial 216 finished with value: -0.7102556431717857 and parameters: {'learning_rate': 0.033565385597389495, 'n_estimators': 315, 'max_depth': 7, 'min_child_weight': 10, 'subsample': 0.7603032081578646, 'colsample_bytree': 0.8381272611298939, 'reg_alpha': 2.4728560366128, 'reg_lambda': 2.965971581330364, 'gamma': 0.9624231058558073, 'weight_ratio_0': 1.2712939968599797, 'weight_ratio_1': 0.8341454780116236, 'max_delta_step': 7, 'scale_pos_weight': 1.7519184853871939}. Best is trial 170 with value: -0.712551671410062.
[I 2025-12-07 13:02:56,059] Trial 217 finished with value: -0.7091750003516281 and parameters: {'learning_rate': 0.027173454220432425, 'n_estimators': 316, 'max_depth': 7, 'min_child_weight': 10, 'subsample': 0.708857430305932, 'colsample_bytree': 0.8437829817311792, 'reg_alpha': 2.5287283755723116, 'reg_lambda': 2.9663599920013266, 'gamma': 1.2275977147417603, 'weight_ratio_0': 1.2720665380222742, 'weight_ratio_1': 0.8361219925834162, 'max_delta_step': 7, 'scale_pos_weight': 1.7492073852413963}. Best is trial 170 with value: -0.712551671410062.
[I 2025-12-07 13:02:58,047] Trial 222 finished with value: -0.7068005230429107 and parameters: {'learning_rate': 0.03387822997335565, 'n_estimators': 323, 'max_depth': 7, 'min_child_weight': 10, 'subsample': 0.7312001688032468, 'colsample_bytree': 0.8429742945319756, 'reg_alpha': 3.268399305231504, 'reg_lambda': 1.7737361847447835, 'gamma': 1.1310108999000241, 'weight_ratio_0': 1.2718582627602215, 'weight_ratio_1': 0.836636995206755, 'max_delta_step': 0, 'scale_pos_weight': 1.7172359601526561}. Best is trial 170 with value: -0.712551671410062.
[I 2025-12-07 13:03:01,005] Trial 227 finished with value: -0.7052611608095335 and parameters: {'learning_rate': 0.03312932704474828, 'n_estimators': 326, 'max_depth': 7, 'min_child_weight': 10, 'subsample': 0.7608232970167701, 'colsample_bytree': 0.8429921906999721, 'reg_alpha': 3.7340841951737134, 'reg_lambda': 2.9934455569124667, 'gamma': 1.1429734515085186, 'weight_ratio_0': 1.2723806770520194, 'weight_ratio_1': 0.83733072780546, 'max_delta_step': 7, 'scale_pos_weight': 1.7237583978495439}. Best is trial 170 with value: -0.712551671410062.
[I 2025-12-07 13:03:02,196] Trial 225 finished with value: -0.708760961159428 and parameters: {'learning_rate': 0.03354198867704888, 'n_estimators': 264, 'max_depth': 7, 'min_child_weight': 10, 'subsample': 0.7601679689500058, 'colsample_bytree': 0.8401044376624001, 'reg_alpha': 2.8602666087109445, 'reg_lambda': 2.984747720524172, 'gamma': 0.9388985232723925, 'weight_ratio_0': 1.2757945774836004, 'weight_ratio_1': 0.836090253181413, 'max_delta_step': 7, 'scale_pos_weight': 1.8438946296040108}. Best is trial 170 with value: -0.712551671410062.
[I 2025-12-07 13:03:02,772] Trial 226 finished with value: -0.707534342305462 and parameters: {'learning_rate': 0.03360781504991406, 'n_estimators': 317, 'max_depth': 7, 'min_child_weight': 6, 'subsample': 0.8100243447788233, 'colsample_bytree': 0.7925434930815588, 'reg_alpha': 3.199201538132787, 'reg_lambda': 2.9851790656578627, 'gamma': 1.1355592454211985, 'weight_ratio_0': 1.2731091672429484, 'weight_ratio_1': 0.8385593277792636, 'max_delta_step': 7, 'scale_pos_weight': 1.7323214877226043}. Best is trial 170 with value: -0.712551671410062.
[I 2025-12-07 13:03:02,886] Trial 224 finished with value: -0.7097297246400879 and parameters: {'learning_rate': 0.03324854903921458, 'n_estimators': 320, 'max_depth': 7, 'min_child_weight': 10, 'subsample': 0.760818350176962, 'colsample_bytree': 0.8418810788843062, 'reg_alpha': 2.4168160564183863, 'reg_lambda': 1.802494667569251, 'gamma': 1.1484258117949533, 'weight_ratio_0': 1.2703159479662773, 'weight_ratio_1': 0.8375676319346224, 'max_delta_step': 5, 'scale_pos_weight': 1.8396833169144617}. Best is trial 170 with value: -0.712551671410062.
[I 2025-12-07 13:03:03,317] Trial 228 finished with value: -0.7084195614940988 and parameters: {'learning_rate': 0.033264305981872154, 'n_estimators': 262, 'max_depth': 7, 'min_child_weight': 6, 'subsample': 0.760602839001045, 'colsample_bytree': 0.8418386073670586, 'reg_alpha': 3.2454342919019847, 'reg_lambda': 3.2633297448071055, 'gamma': 1.4023755581490245, 'weight_ratio_0': 1.2748744501451723, 'weight_ratio_1': 0.8365050868020288, 'max_delta_step': 7, 'scale_pos_weight': 1.7415439591865947}. Best is trial 170 with value: -0.712551671410062.
[I 2025-12-07 13:03:07,341] Trial 229 finished with value: -0.7093826789407301 and parameters: {'learning_rate': 0.03301585167528393, 'n_estimators': 321, 'max_depth': 7, 'min_child_weight': 10, 'subsample': 0.7604772485816453, 'colsample_bytree': 0.8352636961926606, 'reg_alpha': 2.5773809187517247, 'reg_lambda': 2.980521316899645, 'gamma': 1.1439679721260783, 'weight_ratio_0': 1.270799680112964, 'weight_ratio_1': 0.8357673957246623, 'max_delta_step': 5, 'scale_pos_weight': 1.8383045402326177}. Best is trial 170 with value: -0.712551671410062.
[I 2025-12-07 13:03:10,304] Trial 231 finished with value: -0.7121833215735288 and parameters: {'learning_rate': 0.033985490175354245, 'n_estimators': 318, 'max_depth': 8, 'min_child_weight': 10, 'subsample': 0.7602832150407517, 'colsample_bytree': 0.7944708902392799, 'reg_alpha': 2.3538702357585235, 'reg_lambda': 3.279058913220072, 'gamma': 1.132893426556475, 'weight_ratio_0': 1.2747143536176417, 'weight_ratio_1': 0.8402956438466519, 'max_delta_step': 7, 'scale_pos_weight': 1.7455392734657873}. Best is trial 170 with value: -0.712551671410062.
[I 2025-12-07 13:03:10,341] Trial 230 finished with value: -0.7112094843422371 and parameters: {'learning_rate': 0.03368968493495429, 'n_estimators': 322, 'max_depth': 8, 'min_child_weight': 6, 'subsample': 0.8054453485575702, 'colsample_bytree': 0.8658983415412642, 'reg_alpha': 2.565772315110696, 'reg_lambda': 2.982603244085981, 'gamma': 1.1374232746353206, 'weight_ratio_0': 1.2708941821729185, 'weight_ratio_1': 0.8365594785010493, 'max_delta_step': 7, 'scale_pos_weight': 1.8490658107290847}. Best is trial 170 with value: -0.712551671410062.
[I 2025-12-07 13:03:11,107] Trial 232 finished with value: -0.7104332104052081 and parameters: {'learning_rate': 0.03391820366826198, 'n_estimators': 321, 'max_depth': 8, 'min_child_weight': 9, 'subsample': 0.8040725182053065, 'colsample_bytree': 0.7932652442503251, 'reg_alpha': 3.3593947426446427, 'reg_lambda': 3.5866447823991607, 'gamma': 1.1378508683518431, 'weight_ratio_0': 1.2757208834947005, 'weight_ratio_1': 0.8338401193071223, 'max_delta_step': 5, 'scale_pos_weight': 1.8510222510011975}. Best is trial 170 with value: -0.712551671410062.
[I 2025-12-07 13:03:11,840] Trial 233 finished with value: -0.7113643840331632 and parameters: {'learning_rate': 0.03351133341670365, 'n_estimators': 317, 'max_depth': 8, 'min_child_weight': 6, 'subsample': 0.760509022812867, 'colsample_bytree': 0.8710283799783614, 'reg_alpha': 3.743648195559412, 'reg_lambda': 3.295860477053126, 'gamma': 1.1286645279256404, 'weight_ratio_0': 1.2653556692576862, 'weight_ratio_1': 0.836563710899445, 'max_delta_step': 7, 'scale_pos_weight': 1.7398917640657745}. Best is trial 170 with value: -0.712551671410062.
[I 2025-12-07 13:03:11,942] Trial 235 finished with value: -0.7110953910174782 and parameters: {'learning_rate': 0.0338148321716288, 'n_estimators': 316, 'max_depth': 8, 'min_child_weight': 10, 'subsample': 0.771505021112445, 'colsample_bytree': 0.8661372141541533, 'reg_alpha': 3.3512385273693375, 'reg_lambda': 3.2913413719250135, 'gamma': 1.1199130150153487, 'weight_ratio_0': 1.273944948322833, 'weight_ratio_1': 0.8393121739287451, 'max_delta_step': 7, 'scale_pos_weight': 1.720391884799722}. Best is trial 170 with value: -0.712551671410062.
