[I 2025-12-07 13:51:33,998] Trial 156 finished with value: -0.6667565408615745 and parameters: {'learning_rate': 0.09388521409671445, 'n_estimators': 413, 'max_depth': 9, 'min_child_weight': 6, 'subsample': 0.7580931092737764, 'colsample_bytree': 0.6399419661132428, 'reg_alpha': 2.6496790194145325, 'reg_lambda': 3.8849926050646624, 'gamma': 0.8459011339414956, 'weight_ratio_0': 1.243493651376485, 'weight_ratio_1': 0.8924469467501632, 'max_delta_step': 6, 'scale_pos_weight': 1.690070046881119}. Best is trial 142 with value: -0.6758064699668461.
[I 2025-12-07 13:51:43,602] Trial 144 finished with value: -0.6691836201144267 and parameters: {'learning_rate': 0.06944550930463592, 'n_estimators': 644, 'max_depth': 10, 'min_child_weight': 6, 'subsample': 0.6301525431127413, 'colsample_bytree': 0.8713881032440808, 'reg_alpha': 4.77162831338434, 'reg_lambda': 3.7301330750581343, 'gamma': 0.8626617193991271, 'weight_ratio_0': 1.1577558987665535, 'weight_ratio_1': 0.9248113085122367, 'max_delta_step': 6, 'scale_pos_weight': 1.78372934577181}. Best is trial 142 with value: -0.6758064699668461.
[I 2025-12-07 13:51:44,564] Trial 161 finished with value: -0.6669649332429874 and parameters: {'learning_rate': 0.06888553142964249, 'n_estimators': 412, 'max_depth': 10, 'min_child_weight': 9, 'subsample': 0.6310094574240279, 'colsample_bytree': 0.6420748517351935, 'reg_alpha': 2.7150952717169288, 'reg_lambda': 3.697405641716203, 'gamma': 0.8564253946541087, 'weight_ratio_0': 1.2389380701221078, 'weight_ratio_1': 0.8820135034097077, 'max_delta_step': 6, 'scale_pos_weight': 1.6967328394695962}. Best is trial 142 with value: -0.6758064699668461.
[I 2025-12-07 13:51:53,108] Trial 157 finished with value: -0.6744817134222502 and parameters: {'learning_rate': 0.09353617496998812, 'n_estimators': 615, 'max_depth': 9, 'min_child_weight': 6, 'subsample': 0.740812300483347, 'colsample_bytree': 0.6377000052701246, 'reg_alpha': 2.2122401968106766, 'reg_lambda': 3.7485210707700434, 'gamma': 0.8012431521333256, 'weight_ratio_0': 1.3675411908471091, 'weight_ratio_1': 0.8854124853317236, 'max_delta_step': 6, 'scale_pos_weight': 1.8115562284979176}. Best is trial 142 with value: -0.6758064699668461.
[I 2025-12-07 13:51:56,048] Trial 158 finished with value: -0.67420465128605 and parameters: {'learning_rate': 0.09253221676421372, 'n_estimators': 624, 'max_depth': 9, 'min_child_weight': 6, 'subsample': 0.7561693171152265, 'colsample_bytree': 0.6389588914218552, 'reg_alpha': 2.7318915875316874, 'reg_lambda': 3.6365889435970824, 'gamma': 1.1990976092149446, 'weight_ratio_0': 1.3491787762820229, 'weight_ratio_1': 0.8990697843449911, 'max_delta_step': 6, 'scale_pos_weight': 1.6902019293259258}. Best is trial 142 with value: -0.6758064699668461.
[I 2025-12-07 13:51:56,862] Trial 169 finished with value: -0.6770156819475416 and parameters: {'learning_rate': 0.09174042178622062, 'n_estimators': 388, 'max_depth': 10, 'min_child_weight': 4, 'subsample': 0.7579843848278633, 'colsample_bytree': 0.6758970330307107, 'reg_alpha': 2.76705430182969, 'reg_lambda': 3.175843391665802, 'gamma': 1.190119268917032, 'weight_ratio_0': 1.3566124141458888, 'weight_ratio_1': 0.8109612588542631, 'max_delta_step': 8, 'scale_pos_weight': 1.8219223045091821}. Best is trial 169 with value: -0.6770156819475416.
[I 2025-12-07 13:52:04,181] Trial 159 finished with value: -0.6757197722817084 and parameters: {'learning_rate': 0.09443503492665534, 'n_estimators': 618, 'max_depth': 10, 'min_child_weight': 9, 'subsample': 0.7613870717728136, 'colsample_bytree': 0.6342129194215972, 'reg_alpha': 2.733036974186992, 'reg_lambda': 3.8846058922930666, 'gamma': 0.842334343648184, 'weight_ratio_0': 1.2404540234629036, 'weight_ratio_1': 0.8956624966621954, 'max_delta_step': 6, 'scale_pos_weight': 1.6939376218895439}. Best is trial 169 with value: -0.6770156819475416.
[I 2025-12-07 13:52:04,639] Trial 171 finished with value: -0.6700781606853313 and parameters: {'learning_rate': 0.09931901366154205, 'n_estimators': 621, 'max_depth': 10, 'min_child_weight': 9, 'subsample': 0.7544812567665629, 'colsample_bytree': 0.8817015700623362, 'reg_alpha': 2.5743898429986602, 'reg_lambda': 4.600964567579192, 'gamma': 1.1557911440969522, 'weight_ratio_0': 1.354379394053822, 'weight_ratio_1': 0.8044786869807279, 'max_delta_step': 6, 'scale_pos_weight': 1.6838529063518861}. Best is trial 169 with value: -0.6770156819475416.
[I 2025-12-07 13:52:07,341] Trial 164 finished with value: -0.6770808247675819 and parameters: {'learning_rate': 0.06836923863005098, 'n_estimators': 612, 'max_depth': 10, 'min_child_weight': 9, 'subsample': 0.7613152375887442, 'colsample_bytree': 0.6436485996810084, 'reg_alpha': 2.152993708109966, 'reg_lambda': 3.627162765925342, 'gamma': 1.1852438098448665, 'weight_ratio_0': 1.3651829434313791, 'weight_ratio_1': 0.9023597794446014, 'max_delta_step': 6, 'scale_pos_weight': 1.6924407662950234}. Best is trial 164 with value: -0.6770808247675819.
[I 2025-12-07 13:52:07,665] Trial 162 finished with value: -0.6718565593726384 and parameters: {'learning_rate': 0.0814331733446641, 'n_estimators': 630, 'max_depth': 10, 'min_child_weight': 9, 'subsample': 0.6284151148161552, 'colsample_bytree': 0.6784880146152131, 'reg_alpha': 2.115765385272363, 'reg_lambda': 3.6151814458369427, 'gamma': 1.1611486174153463, 'weight_ratio_0': 1.2390729900409616, 'weight_ratio_1': 0.8918609171927927, 'max_delta_step': 6, 'scale_pos_weight': 1.8114440712990378}. Best is trial 164 with value: -0.6770808247675819.
[I 2025-12-07 13:52:08,731] Trial 166 finished with value: -0.6768816773263581 and parameters: {'learning_rate': 0.09371714567266726, 'n_estimators': 617, 'max_depth': 10, 'min_child_weight': 9, 'subsample': 0.7584754874646068, 'colsample_bytree': 0.6413228683843218, 'reg_alpha': 2.7633611659171526, 'reg_lambda': 3.682721121424538, 'gamma': 1.181017057346061, 'weight_ratio_0': 1.2399080115920529, 'weight_ratio_1': 0.7839098961514819, 'max_delta_step': 6, 'scale_pos_weight': 1.6884020646609577}. Best is trial 164 with value: -0.6770808247675819.
[I 2025-12-07 13:52:10,813] Trial 167 finished with value: -0.6766934439818341 and parameters: {'learning_rate': 0.0928137821357291, 'n_estimators': 626, 'max_depth': 10, 'min_child_weight': 9, 'subsample': 0.7661135904424006, 'colsample_bytree': 0.6334140867493009, 'reg_alpha': 2.740701224244262, 'reg_lambda': 3.640824590592766, 'gamma': 1.1564272674865999, 'weight_ratio_0': 1.3482427088199065, 'weight_ratio_1': 0.905030290385559, 'max_delta_step': 6, 'scale_pos_weight': 1.694390274729635}. Best is trial 164 with value: -0.6770808247675819.
[I 2025-12-07 13:52:11,943] Trial 165 finished with value: -0.6783283485894868 and parameters: {'learning_rate': 0.09359167013121408, 'n_estimators': 626, 'max_depth': 10, 'min_child_weight': 6, 'subsample': 0.7579556352608632, 'colsample_bytree': 0.6362042207430124, 'reg_alpha': 2.1998943476925037, 'reg_lambda': 3.610997722009386, 'gamma': 0.8599644838042322, 'weight_ratio_0': 1.3621222809186397, 'weight_ratio_1': 0.894453203699472, 'max_delta_step': 6, 'scale_pos_weight': 1.6858190431819782}. Best is trial 165 with value: -0.6783283485894868.
[I 2025-12-07 13:52:13,424] Trial 163 finished with value: -0.6794854930160193 and parameters: {'learning_rate': 0.0683053756125223, 'n_estimators': 615, 'max_depth': 10, 'min_child_weight': 4, 'subsample': 0.7411663515390596, 'colsample_bytree': 0.6773510102778356, 'reg_alpha': 3.0535763474873527, 'reg_lambda': 3.663595564834051, 'gamma': 1.1640734142507887, 'weight_ratio_0': 1.3644688492730073, 'weight_ratio_1': 0.8778327708721877, 'max_delta_step': 6, 'scale_pos_weight': 1.689779357674798}. Best is trial 163 with value: -0.6794854930160193.
[I 2025-12-07 13:52:13,828] Trial 160 finished with value: -0.6780597218098693 and parameters: {'learning_rate': 0.06827940041457829, 'n_estimators': 633, 'max_depth': 10, 'min_child_weight': 3, 'subsample': 0.7445805299380738, 'colsample_bytree': 0.6348667165254446, 'reg_alpha': 3.8138027906362266, 'reg_lambda': 3.6600218581276778, 'gamma': 1.1878368946675344, 'weight_ratio_0': 1.3676905873857579, 'weight_ratio_1': 0.8938913719154462, 'max_delta_step': 6, 'scale_pos_weight': 1.8164615240433157}. Best is trial 163 with value: -0.6794854930160193.
[I 2025-12-07 13:52:17,223] Trial 191 finished with value: -0.6094725233264399 and parameters: {'learning_rate': 0.08120878150999628, 'n_estimators': 605, 'max_depth': 10, 'min_child_weight': 10, 'subsample': 0.7881133924527042, 'colsample_bytree': 0.6147151703722725, 'reg_alpha': 1.9885058384666536, 'reg_lambda': 3.073640971823843, 'gamma': 1.084562993959868, 'weight_ratio_0': 1.4947648770455881, 'weight_ratio_1': 0.8290454815506179, 'max_delta_step': 8, 'scale_pos_weight': 1.6613772838114578}. Best is trial 163 with value: -0.6794854930160193.
[I 2025-12-07 13:52:18,438] Trial 168 finished with value: -0.6762644449305868 and parameters: {'learning_rate': 0.09194425063015164, 'n_estimators': 617, 'max_depth': 10, 'min_child_weight': 3, 'subsample': 0.7621971042001457, 'colsample_bytree': 0.6388908546843755, 'reg_alpha': 2.7224458510634792, 'reg_lambda': 3.634490051522584, 'gamma': 1.1607493666765085, 'weight_ratio_0': 1.2089599591174998, 'weight_ratio_1': 0.8916823791274622, 'max_delta_step': 6, 'scale_pos_weight': 1.6947392505742072}. Best is trial 163 with value: -0.6794854930160193.
[I 2025-12-07 13:52:21,114] Trial 173 finished with value: -0.6774634155412586 and parameters: {'learning_rate': 0.09164888760565738, 'n_estimators': 618, 'max_depth': 10, 'min_child_weight': 9, 'subsample': 0.7600236590077933, 'colsample_bytree': 0.6201880727082981, 'reg_alpha': 2.1588927553512476, 'reg_lambda': 3.160407193500763, 'gamma': 1.154225066576214, 'weight_ratio_0': 1.3684666054431793, 'weight_ratio_1': 0.8956668548681711, 'max_delta_step': 6, 'scale_pos_weight': 1.6883844783028208}. Best is trial 163 with value: -0.6794854930160193.
[I 2025-12-07 13:52:24,916] Trial 182 finished with value: -0.6743478100239534 and parameters: {'learning_rate': 0.09947880167374833, 'n_estimators': 418, 'max_depth': 10, 'min_child_weight': 6, 'subsample': 0.7577912945754053, 'colsample_bytree': 0.6122618757450465, 'reg_alpha': 2.1900892823774902, 'reg_lambda': 4.556674239127265, 'gamma': 0.7724294183184288, 'weight_ratio_0': 1.2514434181822385, 'weight_ratio_1': 0.8253258129689379, 'max_delta_step': 8, 'scale_pos_weight': 1.681899143783317}. Best is trial 163 with value: -0.6794854930160193.
[I 2025-12-07 13:52:25,297] Trial 175 finished with value: -0.6758067029267173 and parameters: {'learning_rate': 0.09689528993362212, 'n_estimators': 607, 'max_depth': 10, 'min_child_weight': 6, 'subsample': 0.628527534526152, 'colsample_bytree': 0.6649930669002978, 'reg_alpha': 1.9615079614969615, 'reg_lambda': 4.573029462119899, 'gamma': 1.1644870743335571, 'weight_ratio_0': 1.3627597921913772, 'weight_ratio_1': 0.8801852774459376, 'max_delta_step': 6, 'scale_pos_weight': 1.6877971082410124}. Best is trial 163 with value: -0.6794854930160193.
[I 2025-12-07 13:52:25,579] Trial 172 finished with value: -0.6785093026698997 and parameters: {'learning_rate': 0.09641667906976882, 'n_estimators': 613, 'max_depth': 10, 'min_child_weight': 6, 'subsample': 0.7591511924560367, 'colsample_bytree': 0.8805095619240706, 'reg_alpha': 2.739568695376303, 'reg_lambda': 3.6321999403264096, 'gamma': 1.1252575569518972, 'weight_ratio_0': 1.3579102440649096, 'weight_ratio_1': 0.8988036751556037, 'max_delta_step': 6, 'scale_pos_weight': 1.6899314791672628}. Best is trial 163 with value: -0.6794854930160193.
[I 2025-12-07 13:52:26,641] Trial 176 finished with value: -0.6728210876731939 and parameters: {'learning_rate': 0.09816624328750287, 'n_estimators': 611, 'max_depth': 10, 'min_child_weight': 6, 'subsample': 0.6003523231867653, 'colsample_bytree': 0.6636463888306854, 'reg_alpha': 2.472999357052734, 'reg_lambda': 4.622757359487093, 'gamma': 1.158288879110061, 'weight_ratio_0': 1.255761871715805, 'weight_ratio_1': 0.8939905537191212, 'max_delta_step': 6, 'scale_pos_weight': 1.8176185766630972}. Best is trial 163 with value: -0.6794854930160193.
[I 2025-12-07 13:52:26,857] Trial 180 finished with value: -0.6716919739528087 and parameters: {'learning_rate': 0.08037888636440109, 'n_estimators': 524, 'max_depth': 10, 'min_child_weight': 6, 'subsample': 0.7676216161741112, 'colsample_bytree': 0.6588558512726901, 'reg_alpha': 2.704495346638595, 'reg_lambda': 3.1448877344451915, 'gamma': 1.0742486965449953, 'weight_ratio_0': 1.3521622188106204, 'weight_ratio_1': 1.0336650019647189, 'max_delta_step': 8, 'scale_pos_weight': 1.8444500225637703}. Best is trial 163 with value: -0.6794854930160193.
[I 2025-12-07 13:52:28,278] Trial 174 finished with value: -0.6712823068306691 and parameters: {'learning_rate': 0.09615039269272323, 'n_estimators': 620, 'max_depth': 10, 'min_child_weight': 4, 'subsample': 0.628110526605327, 'colsample_bytree': 0.6595176191836144, 'reg_alpha': 2.5416447241053244, 'reg_lambda': 3.1834539124211814, 'gamma': 1.1612493436455078, 'weight_ratio_0': 1.216400552109984, 'weight_ratio_1': 0.8804226360390022, 'max_delta_step': 6, 'scale_pos_weight': 1.83208826189214}. Best is trial 163 with value: -0.6794854930160193.
[I 2025-12-07 13:52:33,084] Trial 179 finished with value: -0.6733818111467116 and parameters: {'learning_rate': 0.08132844077626729, 'n_estimators': 609, 'max_depth': 10, 'min_child_weight': 4, 'subsample': 0.6182321038287159, 'colsample_bytree': 0.6697081716335287, 'reg_alpha': 2.2327870470228146, 'reg_lambda': 3.2510972716068327, 'gamma': 1.1758516223032263, 'weight_ratio_0': 1.1927668531264863, 'weight_ratio_1': 0.8798955013936888, 'max_delta_step': 8, 'scale_pos_weight': 1.8363841978673945}. Best is trial 163 with value: -0.6794854930160193.
[I 2025-12-07 13:52:35,052] Trial 202 finished with value: -0.6507786924924303 and parameters: {'learning_rate': 0.09989984940648422, 'n_estimators': 656, 'max_depth': 10, 'min_child_weight': 3, 'subsample': 0.7767723372075503, 'colsample_bytree': 0.6143841086335644, 'reg_alpha': 2.262565303699799, 'reg_lambda': 4.5001305940496605, 'gamma': 1.112007919273539, 'weight_ratio_0': 1.385732899190627, 'weight_ratio_1': 0.8313148799243631, 'max_delta_step': 8, 'scale_pos_weight': 1.661581953777517}. Best is trial 163 with value: -0.6794854930160193.
[I 2025-12-07 13:52:35,422] Trial 178 finished with value: -0.6793664104929599 and parameters: {'learning_rate': 0.09951412705700817, 'n_estimators': 624, 'max_depth': 10, 'min_child_weight': 3, 'subsample': 0.7605139726170619, 'colsample_bytree': 0.880398174482847, 'reg_alpha': 2.218224984817134, 'reg_lambda': 3.102816916255504, 'gamma': 1.127798636393018, 'weight_ratio_0': 1.3672817160724742, 'weight_ratio_1': 0.8907647533677885, 'max_delta_step': 8, 'scale_pos_weight': 1.6914190783716099}. Best is trial 163 with value: -0.6794854930160193.
[I 2025-12-07 13:52:40,382] Trial 177 finished with value: -0.6759252444168 and parameters: {'learning_rate': 0.09997032802184518, 'n_estimators': 625, 'max_depth': 10, 'min_child_weight': 3, 'subsample': 0.6012951037489773, 'colsample_bytree': 0.8813105533541274, 'reg_alpha': 1.8653180457270864, 'reg_lambda': 3.5983419966654684, 'gamma': 1.1821730167100613, 'weight_ratio_0': 1.3570410696848667, 'weight_ratio_1': 0.8985720437654591, 'max_delta_step': 8, 'scale_pos_weight': 1.8323772781219803}. Best is trial 163 with value: -0.6794854930160193.
[I 2025-12-07 13:52:42,325] Trial 206 finished with value: -0.6172928898835747 and parameters: {'learning_rate': 0.09925095303770529, 'n_estimators': 655, 'max_depth': 10, 'min_child_weight': 3, 'subsample': 0.7613403552880345, 'colsample_bytree': 0.6236964314112683, 'reg_alpha': 2.0045710892144357, 'reg_lambda': 4.751580433909006, 'gamma': 1.1162877142287264, 'weight_ratio_0': 1.4568956590093802, 'weight_ratio_1': 0.8488837984555173, 'max_delta_step': 6, 'scale_pos_weight': 1.653703368153844}. Best is trial 163 with value: -0.6794854930160193.
[I 2025-12-07 13:52:53,856] Trial 189 finished with value: -0.6679054352896973 and parameters: {'learning_rate': 0.09694774192056878, 'n_estimators': 659, 'max_depth': 10, 'min_child_weight': 3, 'subsample': 0.7572859936274488, 'colsample_bytree': 0.6150151832132276, 'reg_alpha': 2.0335957742973005, 'reg_lambda': 4.627640087509479, 'gamma': 1.1108085953959754, 'weight_ratio_0': 1.3481078954358272, 'weight_ratio_1': 0.8333542656811529, 'max_delta_step': 8, 'scale_pos_weight': 1.6656110992783293}. Best is trial 163 with value: -0.6794854930160193.
[I 2025-12-07 13:52:55,086] Trial 181 finished with value: -0.658306437752774 and parameters: {'learning_rate': 0.08169192923631918, 'n_estimators': 644, 'max_depth': 10, 'min_child_weight': 6, 'subsample': 0.6255505066233426, 'colsample_bytree': 0.8543728144007061, 'reg_alpha': 3.021311925904716, 'reg_lambda': 3.1440956202879087, 'gamma': 1.1106932930665767, 'weight_ratio_0': 1.3529317819500466, 'weight_ratio_1': 1.9963185261525167, 'max_delta_step': 8, 'scale_pos_weight': 1.6887581715723479}. Best is trial 163 with value: -0.6794854930160193.
[I 2025-12-07 13:52:59,019] Trial 184 finished with value: -0.6761158957462327 and parameters: {'learning_rate': 0.0999142936488463, 'n_estimators': 633, 'max_depth': 10, 'min_child_weight': 6, 'subsample': 0.6249709321602614, 'colsample_bytree': 0.6180263193214484, 'reg_alpha': 2.3000771768311674, 'reg_lambda': 4.643314100993395, 'gamma': 1.100735517744879, 'weight_ratio_0': 1.355860030255061, 'weight_ratio_1': 0.8245384389935638, 'max_delta_step': 8, 'scale_pos_weight': 1.6737901226239478}. Best is trial 163 with value: -0.6794854930160193.
[I 2025-12-07 13:52:59,727] Trial 204 finished with value: -0.6647080343406003 and parameters: {'learning_rate': 0.09924483378625056, 'n_estimators': 651, 'max_depth': 10, 'min_child_weight': 3, 'subsample': 0.7758626449843895, 'colsample_bytree': 0.6168003181153041, 'reg_alpha': 2.1338909979182774, 'reg_lambda': 4.133131824989408, 'gamma': 1.1180143752985028, 'weight_ratio_0': 1.384597770137745, 'weight_ratio_1': 0.8270539335963792, 'max_delta_step': 8, 'scale_pos_weight': 1.6647666161917944}. Best is trial 163 with value: -0.6794854930160193.
[I 2025-12-07 13:53:05,224] Trial 185 finished with value: -0.6777076504427084 and parameters: {'learning_rate': 0.09700049794585658, 'n_estimators': 637, 'max_depth': 10, 'min_child_weight': 4, 'subsample': 0.7629087463371536, 'colsample_bytree': 0.6173321471179284, 'reg_alpha': 2.2269214621350364, 'reg_lambda': 3.208509634549931, 'gamma': 0.7264816641787465, 'weight_ratio_0': 1.359628836616537, 'weight_ratio_1': 0.8152041877386265, 'max_delta_step': 8, 'scale_pos_weight': 1.8411831305343989}. Best is trial 163 with value: -0.6794854930160193.
[I 2025-12-07 13:53:09,021] Trial 183 finished with value: -0.6773808747939829 and parameters: {'learning_rate': 0.09937512120428, 'n_estimators': 665, 'max_depth': 10, 'min_child_weight': 4, 'subsample': 0.6251849490302477, 'colsample_bytree': 0.8887789937108788, 'reg_alpha': 2.0889021969988715, 'reg_lambda': 3.167073209579144, 'gamma': 0.7048486247520285, 'weight_ratio_0': 1.4870249066193244, 'weight_ratio_1': 0.8323932166266792, 'max_delta_step': 8, 'scale_pos_weight': 1.8447664843372071}. Best is trial 163 with value: -0.6794854930160193.
[I 2025-12-07 13:53:09,212] Trial 186 finished with value: -0.6772352320938461 and parameters: {'learning_rate': 0.0986365733118217, 'n_estimators': 640, 'max_depth': 10, 'min_child_weight': 4, 'subsample': 0.7586934681066874, 'colsample_bytree': 0.6146539632259684, 'reg_alpha': 2.127222455362671, 'reg_lambda': 3.2259939021765125, 'gamma': 0.7296849241174752, 'weight_ratio_0': 1.3692865841149435, 'weight_ratio_1': 0.8294615661030406, 'max_delta_step': 8, 'scale_pos_weight': 1.8426426133982243}. Best is trial 163 with value: -0.6794854930160193.
[I 2025-12-07 13:53:11,394] Trial 187 finished with value: -0.6784412093021194 and parameters: {'learning_rate': 0.07998429640652349, 'n_estimators': 645, 'max_depth': 10, 'min_child_weight': 4, 'subsample': 0.7891776108462184, 'colsample_bytree': 0.6178694780014468, 'reg_alpha': 2.4166044170360395, 'reg_lambda': 4.563454933423425, 'gamma': 1.1002011498011313, 'weight_ratio_0': 1.362008497463571, 'weight_ratio_1': 0.8275134152798603, 'max_delta_step': 8, 'scale_pos_weight': 1.837757892014236}. Best is trial 163 with value: -0.6794854930160193.
[I 2025-12-07 13:53:11,713] Trial 188 finished with value: -0.6765103189379298 and parameters: {'learning_rate': 0.08136844654398054, 'n_estimators': 653, 'max_depth': 10, 'min_child_weight': 5, 'subsample': 0.7592150040441853, 'colsample_bytree': 0.6127590972393209, 'reg_alpha': 2.1182295340951205, 'reg_lambda': 4.66898019903131, 'gamma': 1.10211399566404, 'weight_ratio_0': 1.3578540193663753, 'weight_ratio_1': 0.845681632849158, 'max_delta_step': 8, 'scale_pos_weight': 1.845440556225547}. Best is trial 163 with value: -0.6794854930160193.
[I 2025-12-07 13:53:12,311] Trial 190 finished with value: -0.6781062353339044 and parameters: {'learning_rate': 0.09763281331250089, 'n_estimators': 632, 'max_depth': 10, 'min_child_weight': 3, 'subsample': 0.7853253485796651, 'colsample_bytree': 0.6669485086178868, 'reg_alpha': 2.107204708408361, 'reg_lambda': 4.595614760699557, 'gamma': 1.1031705457902101, 'weight_ratio_0': 1.3558753102241663, 'weight_ratio_1': 0.8173669767037133, 'max_delta_step': 8, 'scale_pos_weight': 1.8596596885467465}. Best is trial 163 with value: -0.6794854930160193.
