[I 2025-12-07 13:26:45,494] Trial 72 finished with value: -0.7021899173172216 and parameters: {'learning_rate': 0.04631095744913976, 'n_estimators': 613, 'max_depth': 7, 'min_child_weight': 5, 'subsample': 0.7365358428089992, 'colsample_bytree': 0.7134088660777234, 'reg_alpha': 4.164906198082066, 'reg_lambda': 0.3774787894377954, 'gamma': 1.4487309887241127, 'weight_ratio_0': 0.809472271117568, 'weight_ratio_1': 0.9889796117061979, 'max_delta_step': 2, 'scale_pos_weight': 1.4242975702056366}. Best is trial 32 with value: -0.712169382797989.
[I 2025-12-07 13:26:45,661] Trial 82 finished with value: -0.7015320044691551 and parameters: {'learning_rate': 0.04556197946252657, 'n_estimators': 512, 'max_depth': 7, 'min_child_weight': 6, 'subsample': 0.8820240421398161, 'colsample_bytree': 0.6830933410120379, 'reg_alpha': 4.238140640519941, 'reg_lambda': 2.0254310186225393, 'gamma': 1.4342007316352614, 'weight_ratio_0': 0.8833081407764896, 'weight_ratio_1': 1.0683350832516982, 'max_delta_step': 2, 'scale_pos_weight': 1.338923334573265}. Best is trial 32 with value: -0.712169382797989.
[I 2025-12-07 13:26:45,859] Trial 73 finished with value: -0.7030508305647204 and parameters: {'learning_rate': 0.07411781834410135, 'n_estimators': 625, 'max_depth': 7, 'min_child_weight': 5, 'subsample': 0.7426625581007404, 'colsample_bytree': 0.7138302697075364, 'reg_alpha': 4.490437934928511, 'reg_lambda': 1.7198469937057266, 'gamma': 1.6734318647239605, 'weight_ratio_0': 0.8248614498732888, 'weight_ratio_1': 0.992201403965438, 'max_delta_step': 2, 'scale_pos_weight': 1.456544874370302}. Best is trial 32 with value: -0.712169382797989.
[I 2025-12-07 13:26:46,146] Trial 86 finished with value: -0.6936268243395455 and parameters: {'learning_rate': 0.04719774460259495, 'n_estimators': 489, 'max_depth': 6, 'min_child_weight': 5, 'subsample': 0.8841649308080399, 'colsample_bytree': 0.7124747459809555, 'reg_alpha': 4.2617067271527445, 'reg_lambda': 2.6105438852995264, 'gamma': 1.4300112450821363, 'weight_ratio_0': 0.828022925865659, 'weight_ratio_1': 1.0752676014147382, 'max_delta_step': 2, 'scale_pos_weight': 1.3351785400047835}. Best is trial 32 with value: -0.712169382797989.
[I 2025-12-07 13:26:46,224] Trial 74 finished with value: -0.7071396707359137 and parameters: {'learning_rate': 0.0770471190044685, 'n_estimators': 621, 'max_depth': 7, 'min_child_weight': 7, 'subsample': 0.7254597174599214, 'colsample_bytree': 0.7639797015600357, 'reg_alpha': 4.172966685613275, 'reg_lambda': 1.8862974658045761, 'gamma': 1.4447503898607794, 'weight_ratio_0': 1.0596233889481492, 'weight_ratio_1': 0.9900520035862569, 'max_delta_step': 2, 'scale_pos_weight': 1.449227824299659}. Best is trial 32 with value: -0.712169382797989.
[I 2025-12-07 13:26:48,522] Trial 78 finished with value: -0.7047962181240544 and parameters: {'learning_rate': 0.07930566618296916, 'n_estimators': 598, 'max_depth': 7, 'min_child_weight': 3, 'subsample': 0.7458695296890236, 'colsample_bytree': 0.7686690992086231, 'reg_alpha': 4.193362325238256, 'reg_lambda': 0.4207412178412377, 'gamma': 1.4558620063903165, 'weight_ratio_0': 0.8250060757018483, 'weight_ratio_1': 0.9924196225405398, 'max_delta_step': 2, 'scale_pos_weight': 1.4023870584028715}. Best is trial 32 with value: -0.712169382797989.
[I 2025-12-07 13:26:49,006] Trial 77 finished with value: -0.7048054200777152 and parameters: {'learning_rate': 0.0815855669728165, 'n_estimators': 613, 'max_depth': 7, 'min_child_weight': 3, 'subsample': 0.7367474897834821, 'colsample_bytree': 0.7091658187358849, 'reg_alpha': 4.293512311550327, 'reg_lambda': 1.711989556001122, 'gamma': 1.4514505089386955, 'weight_ratio_0': 0.8846601435980443, 'weight_ratio_1': 0.9946312980810222, 'max_delta_step': 2, 'scale_pos_weight': 1.4223222992948685}. Best is trial 32 with value: -0.712169382797989.
[I 2025-12-07 13:26:49,188] Trial 70 finished with value: -0.7049711105725976 and parameters: {'learning_rate': 0.07585168527349752, 'n_estimators': 741, 'max_depth': 7, 'min_child_weight': 7, 'subsample': 0.7382272496762741, 'colsample_bytree': 0.7697448566603685, 'reg_alpha': 1.0972319327965594, 'reg_lambda': 1.7118417411521112, 'gamma': 1.7121424813602073, 'weight_ratio_0': 0.901612650482628, 'weight_ratio_1': 1.002194479104655, 'max_delta_step': 2, 'scale_pos_weight': 1.4181801061500607}. Best is trial 32 with value: -0.712169382797989.
[I 2025-12-07 13:26:49,895] Trial 76 finished with value: -0.7040689136431985 and parameters: {'learning_rate': 0.0823983296778266, 'n_estimators': 630, 'max_depth': 7, 'min_child_weight': 3, 'subsample': 0.7321182096461988, 'colsample_bytree': 0.7741745717506333, 'reg_alpha': 4.2747860574978125, 'reg_lambda': 0.3641259723262248, 'gamma': 1.459063706492991, 'weight_ratio_0': 0.7810963013515545, 'weight_ratio_1': 0.9998768030574001, 'max_delta_step': 2, 'scale_pos_weight': 1.405684675961253}. Best is trial 32 with value: -0.712169382797989.
[I 2025-12-07 13:26:50,792] Trial 79 finished with value: -0.690245698058999 and parameters: {'learning_rate': 0.028603843247543757, 'n_estimators': 618, 'max_depth': 7, 'min_child_weight': 3, 'subsample': 0.7262523490091944, 'colsample_bytree': 0.7185509759813259, 'reg_alpha': 4.4317673775873345, 'reg_lambda': 0.37043420047863845, 'gamma': 1.4520899700070977, 'weight_ratio_0': 0.8213806248708792, 'weight_ratio_1': 1.0804277796371342, 'max_delta_step': 2, 'scale_pos_weight': 1.4596180170274367}. Best is trial 32 with value: -0.712169382797989.
[I 2025-12-07 13:26:53,072] Trial 53 finished with value: -0.704854072424474 and parameters: {'learning_rate': 0.032425277594957634, 'n_estimators': 740, 'max_depth': 9, 'min_child_weight': 1, 'subsample': 0.6633164277283713, 'colsample_bytree': 0.7293292429294602, 'reg_alpha': 3.6381723008657834, 'reg_lambda': 2.971258088888535, 'gamma': 1.6858925511038525, 'weight_ratio_0': 0.9254823481191935, 'weight_ratio_1': 1.0210523444697834, 'max_delta_step': 8, 'scale_pos_weight': 1.8143551857894007}. Best is trial 32 with value: -0.712169382797989.
[I 2025-12-07 13:26:56,583] Trial 87 finished with value: -0.6988349732085156 and parameters: {'learning_rate': 0.047897724999274506, 'n_estimators': 504, 'max_depth': 6, 'min_child_weight': 6, 'subsample': 0.7111781057642529, 'colsample_bytree': 0.7154672562554882, 'reg_alpha': 4.21632562656196, 'reg_lambda': 2.6887582871226665, 'gamma': 1.9828537302158347, 'weight_ratio_0': 0.8817031634479485, 'weight_ratio_1': 1.0847829727786948, 'max_delta_step': 2, 'scale_pos_weight': 1.3267972670713126}. Best is trial 32 with value: -0.712169382797989.
[I 2025-12-07 13:27:01,068] Trial 91 finished with value: -0.7038724197674039 and parameters: {'learning_rate': 0.08545896657248504, 'n_estimators': 507, 'max_depth': 6, 'min_child_weight': 5, 'subsample': 0.7087239708209547, 'colsample_bytree': 0.8369676842391908, 'reg_alpha': 4.113638086564504, 'reg_lambda': 2.1642440616441943, 'gamma': 1.425601811468419, 'weight_ratio_0': 0.8767231250467107, 'weight_ratio_1': 0.987903118544062, 'max_delta_step': 2, 'scale_pos_weight': 1.4890448523394164}. Best is trial 32 with value: -0.712169382797989.
[I 2025-12-07 13:27:01,827] Trial 92 finished with value: -0.7031914760223034 and parameters: {'learning_rate': 0.08386878673277953, 'n_estimators': 505, 'max_depth': 6, 'min_child_weight': 5, 'subsample': 0.7068693866312084, 'colsample_bytree': 0.7834968459727492, 'reg_alpha': 4.10038648636227, 'reg_lambda': 2.165246469704454, 'gamma': 1.8892999705831188, 'weight_ratio_0': 0.8859708460115989, 'weight_ratio_1': 0.9900177872266607, 'max_delta_step': 0, 'scale_pos_weight': 1.4894982080938928}. Best is trial 32 with value: -0.712169382797989.
[I 2025-12-07 13:27:03,491] Trial 89 finished with value: -0.7085091490327241 and parameters: {'learning_rate': 0.06763346274618981, 'n_estimators': 598, 'max_depth': 6, 'min_child_weight': 6, 'subsample': 0.7093597129808725, 'colsample_bytree': 0.8726215828323542, 'reg_alpha': 4.131903988804103, 'reg_lambda': 0.3452384084948501, 'gamma': 1.4779890144370063, 'weight_ratio_0': 0.8904619260981448, 'weight_ratio_1': 0.9886245837700305, 'max_delta_step': 2, 'scale_pos_weight': 1.3319753810004769}. Best is trial 32 with value: -0.712169382797989.
[I 2025-12-07 13:27:06,733] Trial 88 finished with value: -0.7088523852900792 and parameters: {'learning_rate': 0.08449234368194623, 'n_estimators': 740, 'max_depth': 6, 'min_child_weight': 6, 'subsample': 0.8807757345738352, 'colsample_bytree': 0.7808551902125208, 'reg_alpha': 4.203623045573501, 'reg_lambda': 2.086052267953269, 'gamma': 1.4173063817064526, 'weight_ratio_0': 0.8870392673915011, 'weight_ratio_1': 0.988937884262559, 'max_delta_step': 2, 'scale_pos_weight': 1.3327211756641084}. Best is trial 32 with value: -0.712169382797989.
[I 2025-12-07 13:27:09,714] Trial 94 finished with value: -0.7038319040848667 and parameters: {'learning_rate': 0.0677386788047941, 'n_estimators': 561, 'max_depth': 6, 'min_child_weight': 5, 'subsample': 0.7111350933722703, 'colsample_bytree': 0.7869631704371056, 'reg_alpha': 3.897630443485573, 'reg_lambda': 2.1030853978236066, 'gamma': 1.437430402036878, 'weight_ratio_0': 0.8928362294427848, 'weight_ratio_1': 0.9906347186341566, 'max_delta_step': 0, 'scale_pos_weight': 1.500594538667651}. Best is trial 32 with value: -0.712169382797989.
[I 2025-12-07 13:27:10,073] Trial 90 finished with value: -0.7084730968303573 and parameters: {'learning_rate': 0.08442036902422333, 'n_estimators': 747, 'max_depth': 6, 'min_child_weight': 6, 'subsample': 0.8772920673751811, 'colsample_bytree': 0.8795415664510764, 'reg_alpha': 4.113997939593314, 'reg_lambda': 2.103170427002273, 'gamma': 1.4508812281309316, 'weight_ratio_0': 0.8818640578835433, 'weight_ratio_1': 0.9893563856008902, 'max_delta_step': 2, 'scale_pos_weight': 1.3365976493560663}. Best is trial 32 with value: -0.712169382797989.
[I 2025-12-07 13:27:13,250] Trial 98 finished with value: -0.7033151809003838 and parameters: {'learning_rate': 0.06818578846630866, 'n_estimators': 555, 'max_depth': 6, 'min_child_weight': 6, 'subsample': 0.755892341533011, 'colsample_bytree': 0.790500227287262, 'reg_alpha': 4.0093266509434, 'reg_lambda': 2.2481926252578783, 'gamma': 1.9971352503642459, 'weight_ratio_0': 0.8862020274211557, 'weight_ratio_1': 0.9901123332920765, 'max_delta_step': 0, 'scale_pos_weight': 1.493240198599764}. Best is trial 32 with value: -0.712169382797989.
[I 2025-12-07 13:27:13,376] Trial 97 finished with value: -0.704278985417413 and parameters: {'learning_rate': 0.08631314991247514, 'n_estimators': 574, 'max_depth': 6, 'min_child_weight': 6, 'subsample': 0.7056286972456405, 'colsample_bytree': 0.7885971931683095, 'reg_alpha': 0.8431878083642582, 'reg_lambda': 2.351566638005432, 'gamma': 1.8636728964735898, 'weight_ratio_0': 0.8825541644000511, 'weight_ratio_1': 0.9894858069665803, 'max_delta_step': 0, 'scale_pos_weight': 1.524760332911469}. Best is trial 32 with value: -0.712169382797989.
[I 2025-12-07 13:27:14,241] Trial 100 finished with value: -0.7016505563192498 and parameters: {'learning_rate': 0.08441357611111346, 'n_estimators': 553, 'max_depth': 6, 'min_child_weight': 6, 'subsample': 0.7073482508838862, 'colsample_bytree': 0.7873615367027105, 'reg_alpha': 3.9962219607008946, 'reg_lambda': 2.3257231919734913, 'gamma': 1.9884791076442152, 'weight_ratio_0': 0.8416659368673899, 'weight_ratio_1': 0.9836635272345571, 'max_delta_step': 0, 'scale_pos_weight': 1.5392581596761334}. Best is trial 32 with value: -0.712169382797989.
[I 2025-12-07 13:27:14,362] Trial 101 finished with value: -0.7024836432156261 and parameters: {'learning_rate': 0.08386486875733179, 'n_estimators': 553, 'max_depth': 6, 'min_child_weight': 6, 'subsample': 0.706157120566197, 'colsample_bytree': 0.7946799273491025, 'reg_alpha': 3.9531661084567578, 'reg_lambda': 2.2696765328634054, 'gamma': 1.9036567558638278, 'weight_ratio_0': 0.8393577401495528, 'weight_ratio_1': 0.9866280905109258, 'max_delta_step': 0, 'scale_pos_weight': 1.4929570740354507}. Best is trial 32 with value: -0.712169382797989.
[I 2025-12-07 13:27:14,791] Trial 93 finished with value: -0.7043548075997094 and parameters: {'learning_rate': 0.08526343965352694, 'n_estimators': 750, 'max_depth': 6, 'min_child_weight': 5, 'subsample': 0.7050142529641505, 'colsample_bytree': 0.8449264528693695, 'reg_alpha': 4.056615256950131, 'reg_lambda': 2.179978250706836, 'gamma': 1.8705661394366806, 'weight_ratio_0': 0.8868531640344434, 'weight_ratio_1': 0.9855230466433655, 'max_delta_step': 0, 'scale_pos_weight': 1.488688791236166}. Best is trial 32 with value: -0.712169382797989.
[I 2025-12-07 13:27:14,957] Trial 102 finished with value: -0.7037711305610611 and parameters: {'learning_rate': 0.08472658995447598, 'n_estimators': 562, 'max_depth': 6, 'min_child_weight': 6, 'subsample': 0.7077618650524786, 'colsample_bytree': 0.7864923399158196, 'reg_alpha': 3.9844610738120405, 'reg_lambda': 2.3221633831751443, 'gamma': 1.970945371358762, 'weight_ratio_0': 0.8454785078267779, 'weight_ratio_1': 0.9794700079881729, 'max_delta_step': 0, 'scale_pos_weight': 1.4933803144692954}. Best is trial 32 with value: -0.712169382797989.
[I 2025-12-07 13:27:16,986] Trial 96 finished with value: -0.7062261305385 and parameters: {'learning_rate': 0.08473125566078256, 'n_estimators': 657, 'max_depth': 6, 'min_child_weight': 6, 'subsample': 0.7587422141076342, 'colsample_bytree': 0.7957303751821849, 'reg_alpha': 4.086941893453455, 'reg_lambda': 2.285641573521914, 'gamma': 1.845657069489857, 'weight_ratio_0': 0.8801584543041573, 'weight_ratio_1': 0.9828982118068792, 'max_delta_step': 0, 'scale_pos_weight': 1.4928955892271611}. Best is trial 32 with value: -0.712169382797989.
[I 2025-12-07 13:27:17,456] Trial 107 finished with value: -0.6964469832400342 and parameters: {'learning_rate': 0.06669416583687432, 'n_estimators': 547, 'max_depth': 6, 'min_child_weight': 6, 'subsample': 0.7095428347855383, 'colsample_bytree': 0.7856877219860078, 'reg_alpha': 3.90748776004676, 'reg_lambda': 2.1571041897202696, 'gamma': 1.9797637637938796, 'weight_ratio_0': 0.7575759276764521, 'weight_ratio_1': 0.969710016575796, 'max_delta_step': 0, 'scale_pos_weight': 1.5084891078546048}. Best is trial 32 with value: -0.712169382797989.
[I 2025-12-07 13:27:18,051] Trial 108 finished with value: -0.6988744376403114 and parameters: {'learning_rate': 0.08596711530483363, 'n_estimators': 557, 'max_depth': 6, 'min_child_weight': 6, 'subsample': 0.7089504625090386, 'colsample_bytree': 0.7890159342713164, 'reg_alpha': 0.8157157327896253, 'reg_lambda': 2.247769330386962, 'gamma': 1.8677678425073472, 'weight_ratio_0': 0.7529788603292966, 'weight_ratio_1': 0.9701130352217043, 'max_delta_step': 0, 'scale_pos_weight': 1.492351868573225}. Best is trial 32 with value: -0.712169382797989.
[I 2025-12-07 13:27:19,310] Trial 109 finished with value: -0.698932660250103 and parameters: {'learning_rate': 0.08649228782429026, 'n_estimators': 552, 'max_depth': 6, 'min_child_weight': 6, 'subsample': 0.7154217572072378, 'colsample_bytree': 0.7903460028168218, 'reg_alpha': 3.980017517708703, 'reg_lambda': 2.267509801669667, 'gamma': 1.8572165254288522, 'weight_ratio_0': 0.7586870654070142, 'weight_ratio_1': 0.9707205231464507, 'max_delta_step': 0, 'scale_pos_weight': 1.516177755394119}. Best is trial 32 with value: -0.712169382797989.
[I 2025-12-07 13:27:19,984] Trial 103 finished with value: -0.7040149067718472 and parameters: {'learning_rate': 0.08705997231414636, 'n_estimators': 655, 'max_depth': 6, 'min_child_weight': 6, 'subsample': 0.7088147520344129, 'colsample_bytree': 0.7855604329080794, 'reg_alpha': 3.9739767243703303, 'reg_lambda': 2.205353574643314, 'gamma': 1.5638868991808421, 'weight_ratio_0': 0.8438235642260552, 'weight_ratio_1': 0.9706129685247624, 'max_delta_step': 0, 'scale_pos_weight': 1.5232899372371311}. Best is trial 32 with value: -0.712169382797989.
[I 2025-12-07 13:27:20,489] Trial 120 finished with value: -0.6821752799760672 and parameters: {'learning_rate': 0.05890206325361365, 'n_estimators': 655, 'max_depth': 5, 'min_child_weight': 7, 'subsample': 0.870588242417395, 'colsample_bytree': 0.8066264572573933, 'reg_alpha': 4.683595565937413, 'reg_lambda': 1.970324336939497, 'gamma': 1.5507048563617933, 'weight_ratio_0': 1.075635552192851, 'weight_ratio_1': 0.9733153860852055, 'max_delta_step': 1, 'scale_pos_weight': 1.193074617587097}. Best is trial 32 with value: -0.712169382797989.
[I 2025-12-07 13:27:21,402] Trial 95 finished with value: -0.7041560287193577 and parameters: {'learning_rate': 0.08538926015259601, 'n_estimators': 749, 'max_depth': 6, 'min_child_weight': 5, 'subsample': 0.7075217161461701, 'colsample_bytree': 0.783200359891689, 'reg_alpha': 4.0381567878944695, 'reg_lambda': 2.099752565226934, 'gamma': 1.8563324622353172, 'weight_ratio_0': 0.8804019375489607, 'weight_ratio_1': 0.9876612368041966, 'max_delta_step': 0, 'scale_pos_weight': 1.4922564644802947}. Best is trial 32 with value: -0.712169382797989.
[I 2025-12-07 13:27:21,834] Trial 122 finished with value: -0.6894165155722888 and parameters: {'learning_rate': 0.060803949663109966, 'n_estimators': 654, 'max_depth': 5, 'min_child_weight': 7, 'subsample': 0.6942281747034028, 'colsample_bytree': 0.8054687312402118, 'reg_alpha': 3.8058804931136048, 'reg_lambda': 1.9553137403273217, 'gamma': 1.5557384142787247, 'weight_ratio_0': 0.9456551621862229, 'weight_ratio_1': 0.972228673367349, 'max_delta_step': 1, 'scale_pos_weight': 1.121054094591695}. Best is trial 32 with value: -0.712169382797989.
[I 2025-12-07 13:27:21,953] Trial 110 finished with value: -0.6964271383016492 and parameters: {'learning_rate': 0.060004681625810206, 'n_estimators': 556, 'max_depth': 6, 'min_child_weight': 6, 'subsample': 0.707763267512495, 'colsample_bytree': 0.7898160777087041, 'reg_alpha': 4.002614812674075, 'reg_lambda': 2.291313998670525, 'gamma': 1.5609176999117829, 'weight_ratio_0': 0.7637765876921632, 'weight_ratio_1': 0.9713280569155279, 'max_delta_step': 0, 'scale_pos_weight': 1.5062321657347462}. Best is trial 32 with value: -0.712169382797989.
[I 2025-12-07 13:27:22,314] Trial 105 finished with value: -0.7109493679127409 and parameters: {'learning_rate': 0.06702288644900471, 'n_estimators': 652, 'max_depth': 6, 'min_child_weight': 6, 'subsample': 0.7097844001597835, 'colsample_bytree': 0.7951028167030656, 'reg_alpha': 3.9912870175210653, 'reg_lambda': 2.2500281641243025, 'gamma': 1.5680343303921958, 'weight_ratio_0': 1.0740159987372093, 'weight_ratio_1': 0.9759670346366096, 'max_delta_step': 0, 'scale_pos_weight': 1.505082225302296}. Best is trial 32 with value: -0.712169382797989.
[I 2025-12-07 13:27:23,045] Trial 99 finished with value: -0.7043414774430197 and parameters: {'learning_rate': 0.08577954472386183, 'n_estimators': 737, 'max_depth': 6, 'min_child_weight': 6, 'subsample': 0.7240770208758062, 'colsample_bytree': 0.7841369911074907, 'reg_alpha': 3.980629199846627, 'reg_lambda': 2.294964983206447, 'gamma': 1.8663270774855136, 'weight_ratio_0': 0.8376397957652341, 'weight_ratio_1': 0.9852923800659691, 'max_delta_step': 0, 'scale_pos_weight': 1.4848082108025473}. Best is trial 32 with value: -0.712169382797989.
[I 2025-12-07 13:27:23,880] Trial 126 finished with value: -0.6796904989652554 and parameters: {'learning_rate': 0.06076284981961712, 'n_estimators': 661, 'max_depth': 5, 'min_child_weight': 7, 'subsample': 0.7201072621241246, 'colsample_bytree': 0.8095293641797625, 'reg_alpha': 4.671666785026172, 'reg_lambda': 1.5746388409185672, 'gamma': 1.5389047298867817, 'weight_ratio_0': 1.0667602025083136, 'weight_ratio_1': 0.9304618695690411, 'max_delta_step': 1, 'scale_pos_weight': 1.2219576057163137}. Best is trial 32 with value: -0.712169382797989.
[I 2025-12-07 13:27:24,455] Trial 104 finished with value: -0.7059583588895445 and parameters: {'learning_rate': 0.0871430135497428, 'n_estimators': 740, 'max_depth': 6, 'min_child_weight': 6, 'subsample': 0.7122933228993789, 'colsample_bytree': 0.7865211568896493, 'reg_alpha': 3.956408072421361, 'reg_lambda': 2.2860431960350835, 'gamma': 1.8771033414526892, 'weight_ratio_0': 1.0664466086268558, 'weight_ratio_1': 0.970453865405288, 'max_delta_step': 0, 'scale_pos_weight': 1.4992831252859113}. Best is trial 32 with value: -0.712169382797989.
[I 2025-12-07 13:27:25,420] Trial 111 finished with value: -0.6951846664543752 and parameters: {'learning_rate': 0.06158544553919713, 'n_estimators': 557, 'max_depth': 6, 'min_child_weight': 6, 'subsample': 0.7555743906083522, 'colsample_bytree': 0.7926973924436154, 'reg_alpha': 3.959314526241525, 'reg_lambda': 2.2780964714108918, 'gamma': 1.8634755663754485, 'weight_ratio_0': 0.7606036447315023, 'weight_ratio_1': 0.9689332628572788, 'max_delta_step': 0, 'scale_pos_weight': 1.5184357281495984}. Best is trial 32 with value: -0.712169382797989.
[I 2025-12-07 13:27:25,989] Trial 117 finished with value: -0.6987771882757805 and parameters: {'learning_rate': 0.06104528167950351, 'n_estimators': 671, 'max_depth': 6, 'min_child_weight': 6, 'subsample': 0.7572374340887995, 'colsample_bytree': 0.8808787702582579, 'reg_alpha': 0.6657993467364833, 'reg_lambda': 2.2528843249628805, 'gamma': 1.53694070490127, 'weight_ratio_0': 1.0590066251170047, 'weight_ratio_1': 0.9767318848855427, 'max_delta_step': 1, 'scale_pos_weight': 1.2056276589547186}. Best is trial 32 with value: -0.712169382797989.
[I 2025-12-07 13:27:26,764] Trial 127 finished with value: -0.6910955611995306 and parameters: {'learning_rate': 0.06151387697027815, 'n_estimators': 657, 'max_depth': 5, 'min_child_weight': 7, 'subsample': 0.6958893208533614, 'colsample_bytree': 0.8143061124348682, 'reg_alpha': 4.697867589251636, 'reg_lambda': 1.9084085393871337, 'gamma': 1.5711125618758266, 'weight_ratio_0': 0.9493810938393472, 'weight_ratio_1': 0.9225916752036954, 'max_delta_step': 1, 'scale_pos_weight': 1.2322369445774757}. Best is trial 32 with value: -0.712169382797989.
