[I 2025-12-07 13:54:51,450] Trial 231 finished with value: -0.6785771643988529 and parameters: {'learning_rate': 0.08828202992971738, 'n_estimators': 697, 'max_depth': 10, 'min_child_weight': 4, 'subsample': 0.7943523930616916, 'colsample_bytree': 0.6045183093151058, 'reg_alpha': 2.3761063125644823, 'reg_lambda': 2.9925420257331368, 'gamma': 1.0552451601376729, 'weight_ratio_0': 1.306591555067906, 'weight_ratio_1': 0.7801265817673699, 'max_delta_step': 8, 'scale_pos_weight': 1.9042868240243676}. Best is trial 214 with value: -0.6807074750025656.
[I 2025-12-07 13:55:04,549] Trial 232 finished with value: -0.6785365056414673 and parameters: {'learning_rate': 0.08757327123749926, 'n_estimators': 673, 'max_depth': 10, 'min_child_weight': 4, 'subsample': 0.794015849457825, 'colsample_bytree': 0.6053047723256367, 'reg_alpha': 2.415656720373961, 'reg_lambda': 4.881956215238392, 'gamma': 1.0509065496429257, 'weight_ratio_0': 1.305718441748105, 'weight_ratio_1': 0.7446731114813141, 'max_delta_step': 8, 'scale_pos_weight': 1.9378310736689894}. Best is trial 214 with value: -0.6807074750025656.
[I 2025-12-07 13:55:17,641] Trial 234 finished with value: -0.6789309173185748 and parameters: {'learning_rate': 0.08887884455486847, 'n_estimators': 699, 'max_depth': 10, 'min_child_weight': 2, 'subsample': 0.7805122516557694, 'colsample_bytree': 0.6027526599887653, 'reg_alpha': 2.412086224562433, 'reg_lambda': 4.958986570437932, 'gamma': 1.040997654910833, 'weight_ratio_0': 1.3105074036410256, 'weight_ratio_1': 0.7397968315291894, 'max_delta_step': 8, 'scale_pos_weight': 1.939652111093384}. Best is trial 214 with value: -0.6807074750025656.
[I 2025-12-07 13:55:26,476] Trial 237 finished with value: -0.678111786962591 and parameters: {'learning_rate': 0.0888051920558607, 'n_estimators': 695, 'max_depth': 10, 'min_child_weight': 2, 'subsample': 0.7894300885710809, 'colsample_bytree': 0.6053035429656575, 'reg_alpha': 1.6082217241741688, 'reg_lambda': 4.964155884083531, 'gamma': 1.0469567976216496, 'weight_ratio_0': 1.3033613198559377, 'weight_ratio_1': 0.7411543579716096, 'max_delta_step': 8, 'scale_pos_weight': 1.9079454606878838}. Best is trial 214 with value: -0.6807074750025656.
[I 2025-12-07 13:55:32,997] Trial 236 finished with value: -0.6796723128529484 and parameters: {'learning_rate': 0.0889628368381768, 'n_estimators': 705, 'max_depth': 10, 'min_child_weight': 2, 'subsample': 0.7961280762472537, 'colsample_bytree': 0.8878952942846356, 'reg_alpha': 1.5984171295302039, 'reg_lambda': 4.2301813586669175, 'gamma': 1.0263275523947348, 'weight_ratio_0': 1.3016590394537075, 'weight_ratio_1': 0.7767671549841665, 'max_delta_step': 8, 'scale_pos_weight': 1.947387489243344}. Best is trial 214 with value: -0.6807074750025656.
[I 2025-12-07 13:55:33,468] Trial 235 finished with value: -0.6791416825073738 and parameters: {'learning_rate': 0.08812964272106778, 'n_estimators': 703, 'max_depth': 10, 'min_child_weight': 2, 'subsample': 0.7914369770709345, 'colsample_bytree': 0.8992458439639649, 'reg_alpha': 2.3623048417907415, 'reg_lambda': 4.997982144158141, 'gamma': 1.0416702364056922, 'weight_ratio_0': 1.3080306262017145, 'weight_ratio_1': 0.7595810391058939, 'max_delta_step': 8, 'scale_pos_weight': 1.941167760975014}. Best is trial 214 with value: -0.6807074750025656.
[I 2025-12-07 13:55:33,506] Trial 240 finished with value: -0.6789204365366618 and parameters: {'learning_rate': 0.08840594445973791, 'n_estimators': 701, 'max_depth': 10, 'min_child_weight': 3, 'subsample': 0.7945874478820804, 'colsample_bytree': 0.609161323346545, 'reg_alpha': 1.6640932493547187, 'reg_lambda': 4.909915515102349, 'gamma': 1.0189333996818581, 'weight_ratio_0': 1.289050133243872, 'weight_ratio_1': 0.7423112970475902, 'max_delta_step': 8, 'scale_pos_weight': 1.9365052074745954}. Best is trial 214 with value: -0.6807074750025656.
[I 2025-12-07 13:55:33,766] Trial 241 finished with value: -0.6779460182748448 and parameters: {'learning_rate': 0.08940306377806854, 'n_estimators': 697, 'max_depth': 10, 'min_child_weight': 2, 'subsample': 0.7980251409917114, 'colsample_bytree': 0.6063263455389508, 'reg_alpha': 1.4477259880647142, 'reg_lambda': 4.2717117614680555, 'gamma': 1.028624334908804, 'weight_ratio_0': 1.3102210629718616, 'weight_ratio_1': 0.733296343223524, 'max_delta_step': 8, 'scale_pos_weight': 1.9509019922445865}. Best is trial 214 with value: -0.6807074750025656.
[I 2025-12-07 13:55:35,509] Trial 242 finished with value: -0.6773118409870782 and parameters: {'learning_rate': 0.08760767935722341, 'n_estimators': 696, 'max_depth': 10, 'min_child_weight': 2, 'subsample': 0.8086783292577154, 'colsample_bytree': 0.6058138147435125, 'reg_alpha': 1.7429705026506992, 'reg_lambda': 4.831344748855082, 'gamma': 0.9884248712551396, 'weight_ratio_0': 1.3079410090876056, 'weight_ratio_1': 0.7467916586618611, 'max_delta_step': 8, 'scale_pos_weight': 1.9443231420333815}. Best is trial 214 with value: -0.6807074750025656.
[I 2025-12-07 13:55:35,820] Trial 238 finished with value: -0.6807434282223085 and parameters: {'learning_rate': 0.08823311452414578, 'n_estimators': 699, 'max_depth': 10, 'min_child_weight': 2, 'subsample': 0.7935541044634138, 'colsample_bytree': 0.8891972741891158, 'reg_alpha': 1.5834007842823754, 'reg_lambda': 4.952749577354662, 'gamma': 1.044740540413806, 'weight_ratio_0': 1.3069126792018575, 'weight_ratio_1': 0.6789648968528226, 'max_delta_step': 8, 'scale_pos_weight': 1.955365085677033}. Best is trial 238 with value: -0.6807434282223085.
[I 2025-12-07 13:55:41,085] Trial 263 finished with value: -0.6506200985507404 and parameters: {'learning_rate': 0.08542849803720531, 'n_estimators': 728, 'max_depth': 10, 'min_child_weight': 2, 'subsample': 0.7807201595433958, 'colsample_bytree': 0.8958565877054064, 'reg_alpha': 1.7335044954062857, 'reg_lambda': 4.294430995843344, 'gamma': 0.6289673046430442, 'weight_ratio_0': 1.3231960075646176, 'weight_ratio_1': 0.6839379238029875, 'max_delta_step': 8, 'scale_pos_weight': 1.9008981010963943}. Best is trial 238 with value: -0.6807434282223085.
[I 2025-12-07 13:55:44,205] Trial 244 finished with value: -0.6810035806479572 and parameters: {'learning_rate': 0.0889728134684665, 'n_estimators': 703, 'max_depth': 10, 'min_child_weight': 2, 'subsample': 0.7958800038109546, 'colsample_bytree': 0.8987013731431708, 'reg_alpha': 1.6168842097292178, 'reg_lambda': 4.882993632398687, 'gamma': 1.0245332090512946, 'weight_ratio_0': 1.3120183586027296, 'weight_ratio_1': 0.7416141580854764, 'max_delta_step': 8, 'scale_pos_weight': 1.9457194011211343}. Best is trial 244 with value: -0.6810035806479572.
[I 2025-12-07 13:55:46,593] Trial 257 finished with value: -0.6714277351010397 and parameters: {'learning_rate': 0.08391249580473314, 'n_estimators': 680, 'max_depth': 10, 'min_child_weight': 3, 'subsample': 0.7812784699080045, 'colsample_bytree': 0.8963158622732948, 'reg_alpha': 1.764381271507264, 'reg_lambda': 4.4349030150084205, 'gamma': 0.6546280103572317, 'weight_ratio_0': 1.3186345469264653, 'weight_ratio_1': 0.6904227048830766, 'max_delta_step': 8, 'scale_pos_weight': 1.901311061612456}. Best is trial 244 with value: -0.6810035806479572.
[I 2025-12-07 13:55:51,108] Trial 258 finished with value: -0.6710695041279182 and parameters: {'learning_rate': 0.08432367347685878, 'n_estimators': 733, 'max_depth': 10, 'min_child_weight': 3, 'subsample': 0.781326683225196, 'colsample_bytree': 0.8990614654909928, 'reg_alpha': 1.7303762946000774, 'reg_lambda': 4.2662872557290585, 'gamma': 0.6458943697389009, 'weight_ratio_0': 1.3213907939517737, 'weight_ratio_1': 0.6906820869809781, 'max_delta_step': 8, 'scale_pos_weight': 1.903792737749481}. Best is trial 244 with value: -0.6810035806479572.
[I 2025-12-07 13:55:51,800] Trial 245 finished with value: -0.6794781570298806 and parameters: {'learning_rate': 0.08765953566429158, 'n_estimators': 691, 'max_depth': 10, 'min_child_weight': 2, 'subsample': 0.79046122043439, 'colsample_bytree': 0.89743277104515, 'reg_alpha': 1.5852925132633406, 'reg_lambda': 4.892260061245464, 'gamma': 0.6489757974670405, 'weight_ratio_0': 1.3141777125629832, 'weight_ratio_1': 0.6766493935547256, 'max_delta_step': 8, 'scale_pos_weight': 1.9359373583257895}. Best is trial 244 with value: -0.6810035806479572.
[I 2025-12-07 13:55:51,902] Trial 243 finished with value: -0.6803089491363733 and parameters: {'learning_rate': 0.0888262383011916, 'n_estimators': 701, 'max_depth': 10, 'min_child_weight': 2, 'subsample': 0.7964211463328884, 'colsample_bytree': 0.8974044541085274, 'reg_alpha': 1.658302924109551, 'reg_lambda': 4.8768990316783185, 'gamma': 0.6564675230716863, 'weight_ratio_0': 1.3100835601853538, 'weight_ratio_1': 0.7439618279374776, 'max_delta_step': 8, 'scale_pos_weight': 1.9649527961742934}. Best is trial 244 with value: -0.6810035806479572.
[I 2025-12-07 13:55:54,911] Trial 247 finished with value: -0.6803844008524599 and parameters: {'learning_rate': 0.08444144950152592, 'n_estimators': 699, 'max_depth': 10, 'min_child_weight': 2, 'subsample': 0.7923470242300061, 'colsample_bytree': 0.8924086928715401, 'reg_alpha': 1.756964853812348, 'reg_lambda': 4.301223249281744, 'gamma': 0.655621027654568, 'weight_ratio_0': 1.312945922786908, 'weight_ratio_1': 0.677843715679376, 'max_delta_step': 8, 'scale_pos_weight': 1.943299441595411}. Best is trial 244 with value: -0.6810035806479572.
[I 2025-12-07 13:55:59,248] Trial 248 finished with value: -0.6790994355446252 and parameters: {'learning_rate': 0.08459494894385367, 'n_estimators': 709, 'max_depth': 10, 'min_child_weight': 2, 'subsample': 0.7911922223129408, 'colsample_bytree': 0.8999313502290502, 'reg_alpha': 1.6183813496176684, 'reg_lambda': 4.896689538325468, 'gamma': 0.6435492560555376, 'weight_ratio_0': 1.3159322975605228, 'weight_ratio_1': 0.7321686765877088, 'max_delta_step': 8, 'scale_pos_weight': 1.9473968837907558}. Best is trial 244 with value: -0.6810035806479572.
[I 2025-12-07 13:56:01,216] Trial 249 finished with value: -0.680821614761275 and parameters: {'learning_rate': 0.08395060284435059, 'n_estimators': 699, 'max_depth': 10, 'min_child_weight': 2, 'subsample': 0.779989017804094, 'colsample_bytree': 0.8994707604268778, 'reg_alpha': 1.7474174061975396, 'reg_lambda': 4.433034625387235, 'gamma': 0.6470548318963202, 'weight_ratio_0': 1.3263582304291752, 'weight_ratio_1': 0.7133315030774309, 'max_delta_step': 8, 'scale_pos_weight': 1.9214624493860075}. Best is trial 244 with value: -0.6810035806479572.
[I 2025-12-07 13:56:03,293] Trial 252 finished with value: -0.6799504778029318 and parameters: {'learning_rate': 0.08402324744540564, 'n_estimators': 730, 'max_depth': 10, 'min_child_weight': 3, 'subsample': 0.7850795543887186, 'colsample_bytree': 0.8981032181517922, 'reg_alpha': 1.7381572066629525, 'reg_lambda': 4.309478805302067, 'gamma': 0.6398748580569776, 'weight_ratio_0': 1.3236605739307903, 'weight_ratio_1': 0.7450077050382982, 'max_delta_step': 8, 'scale_pos_weight': 1.973164054178708}. Best is trial 244 with value: -0.6810035806479572.
[I 2025-12-07 13:56:04,612] Trial 250 finished with value: -0.6801040829730356 and parameters: {'learning_rate': 0.08470792823772516, 'n_estimators': 716, 'max_depth': 10, 'min_child_weight': 2, 'subsample': 0.7822368950667692, 'colsample_bytree': 0.8926945773926932, 'reg_alpha': 1.7212377598851343, 'reg_lambda': 4.957220764924056, 'gamma': 0.6413808337577304, 'weight_ratio_0': 1.314718696275797, 'weight_ratio_1': 0.7352135070828031, 'max_delta_step': 8, 'scale_pos_weight': 1.9868576935275404}. Best is trial 244 with value: -0.6810035806479572.
[I 2025-12-07 13:56:05,339] Trial 251 finished with value: -0.6794029722630149 and parameters: {'learning_rate': 0.08361304314057441, 'n_estimators': 731, 'max_depth': 10, 'min_child_weight': 2, 'subsample': 0.780663789801911, 'colsample_bytree': 0.899681706136438, 'reg_alpha': 1.4227792500872989, 'reg_lambda': 4.299720046178351, 'gamma': 0.640765014884948, 'weight_ratio_0': 1.314858780252031, 'weight_ratio_1': 0.6875431689437982, 'max_delta_step': 8, 'scale_pos_weight': 1.986141862373722}. Best is trial 244 with value: -0.6810035806479572.
[I 2025-12-07 13:56:06,657] Trial 275 finished with value: -0.6482304218513582 and parameters: {'learning_rate': 0.08370258395076503, 'n_estimators': 732, 'max_depth': 10, 'min_child_weight': 1, 'subsample': 0.8227019194079318, 'colsample_bytree': 0.8891908418013702, 'reg_alpha': 1.4306209626380935, 'reg_lambda': 4.745204353486371, 'gamma': 0.7655869272922735, 'weight_ratio_0': 1.2536824828094961, 'weight_ratio_1': 0.6101743312305126, 'max_delta_step': 8, 'scale_pos_weight': 1.98041143055371}. Best is trial 244 with value: -0.6810035806479572.
[I 2025-12-07 13:56:07,474] Trial 253 finished with value: -0.6788877266526128 and parameters: {'learning_rate': 0.0845508816800718, 'n_estimators': 729, 'max_depth': 10, 'min_child_weight': 2, 'subsample': 0.8197622096816671, 'colsample_bytree': 0.8991627630577594, 'reg_alpha': 1.432656650986874, 'reg_lambda': 4.329192604867213, 'gamma': 0.6363847508079477, 'weight_ratio_0': 1.317548873743552, 'weight_ratio_1': 0.7407542067703936, 'max_delta_step': 8, 'scale_pos_weight': 1.8981661569878643}. Best is trial 244 with value: -0.6810035806479572.
[I 2025-12-07 13:56:08,671] Trial 254 finished with value: -0.679704757503266 and parameters: {'learning_rate': 0.0832665809588641, 'n_estimators': 723, 'max_depth': 10, 'min_child_weight': 2, 'subsample': 0.7810483050678122, 'colsample_bytree': 0.8971946532301945, 'reg_alpha': 1.7366849964967312, 'reg_lambda': 4.9391515259523615, 'gamma': 0.6430198490729004, 'weight_ratio_0': 1.3053399052011352, 'weight_ratio_1': 0.6873703297487613, 'max_delta_step': 8, 'scale_pos_weight': 1.9886771320944907}. Best is trial 244 with value: -0.6810035806479572.
[I 2025-12-07 13:56:12,841] Trial 256 finished with value: -0.6794661933300795 and parameters: {'learning_rate': 0.08402994699978532, 'n_estimators': 730, 'max_depth': 10, 'min_child_weight': 3, 'subsample': 0.8198841743254732, 'colsample_bytree': 0.8987427517053241, 'reg_alpha': 1.6788690428601312, 'reg_lambda': 4.938356912380238, 'gamma': 0.6465740764565959, 'weight_ratio_0': 1.3103798007513485, 'weight_ratio_1': 0.6828782318078163, 'max_delta_step': 8, 'scale_pos_weight': 1.9987458143479284}. Best is trial 244 with value: -0.6810035806479572.
[I 2025-12-07 13:56:13,118] Trial 255 finished with value: -0.6790309437234421 and parameters: {'learning_rate': 0.08497101795296952, 'n_estimators': 732, 'max_depth': 10, 'min_child_weight': 3, 'subsample': 0.7814216484817812, 'colsample_bytree': 0.8872530514457858, 'reg_alpha': 1.417235421551486, 'reg_lambda': 4.964710380297419, 'gamma': 0.6410450446127389, 'weight_ratio_0': 1.3208209948817085, 'weight_ratio_1': 0.7386733377451634, 'max_delta_step': 8, 'scale_pos_weight': 1.9998034951550512}. Best is trial 244 with value: -0.6810035806479572.
[I 2025-12-07 13:56:26,958] Trial 259 finished with value: -0.6788374024555671 and parameters: {'learning_rate': 0.08445462303977244, 'n_estimators': 737, 'max_depth': 10, 'min_child_weight': 3, 'subsample': 0.8219405135103565, 'colsample_bytree': 0.8981079406938491, 'reg_alpha': 1.7197496448350638, 'reg_lambda': 4.346007140008649, 'gamma': 0.7601500637308242, 'weight_ratio_0': 1.3224376357359726, 'weight_ratio_1': 0.7440040048890505, 'max_delta_step': 8, 'scale_pos_weight': 1.9998555442194923}. Best is trial 244 with value: -0.6810035806479572.
[I 2025-12-07 13:56:29,035] Trial 274 finished with value: -0.6624084582361841 and parameters: {'learning_rate': 0.08536607401973137, 'n_estimators': 712, 'max_depth': 10, 'min_child_weight': 2, 'subsample': 0.8047185097985792, 'colsample_bytree': 0.8869009506233815, 'reg_alpha': 1.4730532649880574, 'reg_lambda': 4.888669477423794, 'gamma': 0.5464795759396031, 'weight_ratio_0': 1.2632492950420475, 'weight_ratio_1': 0.632311330827054, 'max_delta_step': 8, 'scale_pos_weight': 1.9864174352955948}. Best is trial 244 with value: -0.6810035806479572.
[I 2025-12-07 13:56:41,143] Trial 260 finished with value: -0.6797303996887862 and parameters: {'learning_rate': 0.08480258167937105, 'n_estimators': 727, 'max_depth': 10, 'min_child_weight': 3, 'subsample': 0.8205280510137055, 'colsample_bytree': 0.8978535857070392, 'reg_alpha': 1.444117845423608, 'reg_lambda': 4.435343792495486, 'gamma': 0.6470842520104529, 'weight_ratio_0': 1.3233266012073028, 'weight_ratio_1': 0.6935366398519343, 'max_delta_step': 8, 'scale_pos_weight': 1.9754616361071984}. Best is trial 244 with value: -0.6810035806479572.
[I 2025-12-07 13:56:43,140] Trial 282 finished with value: -0.6634165979108514 and parameters: {'learning_rate': 0.08252574091020372, 'n_estimators': 741, 'max_depth': 10, 'min_child_weight': 2, 'subsample': 0.7838918742151384, 'colsample_bytree': 0.8880122332387356, 'reg_alpha': 1.5162861619452137, 'reg_lambda': 4.446974359634672, 'gamma': 0.6650247530160986, 'weight_ratio_0': 1.255929316429149, 'weight_ratio_1': 0.623414091133815, 'max_delta_step': 9, 'scale_pos_weight': 1.995079159464917}. Best is trial 244 with value: -0.6810035806479572.
[I 2025-12-07 13:56:51,970] Trial 261 finished with value: -0.6797776022130849 and parameters: {'learning_rate': 0.08361651003195938, 'n_estimators': 733, 'max_depth': 10, 'min_child_weight': 3, 'subsample': 0.7788773800699228, 'colsample_bytree': 0.8976648140063239, 'reg_alpha': 1.7487044836797947, 'reg_lambda': 4.286038210804193, 'gamma': 0.6212773065736231, 'weight_ratio_0': 1.32268778297545, 'weight_ratio_1': 0.6818919117181685, 'max_delta_step': 8, 'scale_pos_weight': 1.9984413057497687}. Best is trial 244 with value: -0.6810035806479572.
[I 2025-12-07 13:56:56,101] Trial 262 finished with value: -0.6796947134055585 and parameters: {'learning_rate': 0.08474039444826932, 'n_estimators': 730, 'max_depth': 10, 'min_child_weight': 3, 'subsample': 0.8201264907040829, 'colsample_bytree': 0.8997494019420502, 'reg_alpha': 1.67958098967037, 'reg_lambda': 4.3071346215021205, 'gamma': 0.6456546496020196, 'weight_ratio_0': 1.3287279952407096, 'weight_ratio_1': 0.6861954677816067, 'max_delta_step': 8, 'scale_pos_weight': 1.9957441061194388}. Best is trial 244 with value: -0.6810035806479572.
[I 2025-12-07 13:56:56,836] Trial 267 finished with value: -0.6804208896742966 and parameters: {'learning_rate': 0.0834947178898244, 'n_estimators': 716, 'max_depth': 10, 'min_child_weight': 3, 'subsample': 0.8229483987859519, 'colsample_bytree': 0.8999892885524159, 'reg_alpha': 1.4494547172831607, 'reg_lambda': 4.895538515090051, 'gamma': 0.6596056829782185, 'weight_ratio_0': 1.3248294133454181, 'weight_ratio_1': 0.6795968385884487, 'max_delta_step': 8, 'scale_pos_weight': 1.969591657338978}. Best is trial 244 with value: -0.6810035806479572.
[I 2025-12-07 13:56:58,970] Trial 265 finished with value: -0.6799775212818009 and parameters: {'learning_rate': 0.08348822852792291, 'n_estimators': 736, 'max_depth': 10, 'min_child_weight': 3, 'subsample': 0.7822095760359681, 'colsample_bytree': 0.8887662270781788, 'reg_alpha': 1.7801300353007057, 'reg_lambda': 4.459207809323571, 'gamma': 0.6391143726115993, 'weight_ratio_0': 1.327366980214681, 'weight_ratio_1': 0.7512084113739104, 'max_delta_step': 8, 'scale_pos_weight': 1.9838949041816123}. Best is trial 244 with value: -0.6810035806479572.
[I 2025-12-07 13:56:59,298] Trial 266 finished with value: -0.678679591324736 and parameters: {'learning_rate': 0.08480600271241619, 'n_estimators': 725, 'max_depth': 10, 'min_child_weight': 3, 'subsample': 0.7809836610611144, 'colsample_bytree': 0.8999848989243295, 'reg_alpha': 1.379289275008835, 'reg_lambda': 4.88120957548775, 'gamma': 0.6211479712786234, 'weight_ratio_0': 1.328077848431182, 'weight_ratio_1': 0.7525063726766729, 'max_delta_step': 8, 'scale_pos_weight': 1.9705622372577964}. Best is trial 244 with value: -0.6810035806479572.
[I 2025-12-07 13:57:02,155] Trial 269 finished with value: -0.6806354871359744 and parameters: {'learning_rate': 0.08433242063894045, 'n_estimators': 722, 'max_depth': 10, 'min_child_weight': 3, 'subsample': 0.8178936168451796, 'colsample_bytree': 0.8988630834511401, 'reg_alpha': 1.3895428473244253, 'reg_lambda': 4.887804019549412, 'gamma': 0.9291972210003461, 'weight_ratio_0': 1.326259825143063, 'weight_ratio_1': 0.7074658121108561, 'max_delta_step': 8, 'scale_pos_weight': 1.9766605979825889}. Best is trial 244 with value: -0.6810035806479572.
[I 2025-12-07 13:57:06,032] Trial 268 finished with value: -0.6796409923022346 and parameters: {'learning_rate': 0.08323972656358454, 'n_estimators': 725, 'max_depth': 10, 'min_child_weight': 1, 'subsample': 0.7806626436674378, 'colsample_bytree': 0.8875002158760231, 'reg_alpha': 1.3724013313593206, 'reg_lambda': 4.883136208097855, 'gamma': 0.9400824449603966, 'weight_ratio_0': 1.256899184080744, 'weight_ratio_1': 0.6375092830910996, 'max_delta_step': 8, 'scale_pos_weight': 1.9743994407196932}. Best is trial 244 with value: -0.6810035806479572.
[I 2025-12-07 13:57:06,822] Trial 264 finished with value: -0.6787437087331369 and parameters: {'learning_rate': 0.08382383389099732, 'n_estimators': 728, 'max_depth': 10, 'min_child_weight': 1, 'subsample': 0.7802195862979043, 'colsample_bytree': 0.8992609107539181, 'reg_alpha': 1.4433934164243143, 'reg_lambda': 4.891385080290078, 'gamma': 0.6349051153787526, 'weight_ratio_0': 1.3204582698987404, 'weight_ratio_1': 0.7350018836998559, 'max_delta_step': 8, 'scale_pos_weight': 1.980098472281416}. Best is trial 244 with value: -0.6810035806479572.
