[I 2025-12-07 13:50:25,349] Trial 113 finished with value: -0.6369788451301855 and parameters: {'learning_rate': 0.07790168622120651, 'n_estimators': 281, 'max_depth': 10, 'min_child_weight': 8, 'subsample': 0.6065870697796788, 'colsample_bytree': 0.7567601637150387, 'reg_alpha': 4.979212112063077, 'reg_lambda': 0.6241158476185802, 'gamma': 1.7476559243001035, 'weight_ratio_0': 1.303197210860329, 'weight_ratio_1': 1.2293331679646704, 'max_delta_step': 7, 'scale_pos_weight': 1.7355486096440407}. Best is trial 95 with value: -0.6667111343092404.
[I 2025-12-07 13:50:25,367] Trial 135 finished with value: -0.6502330848616088 and parameters: {'learning_rate': 0.0698525896639812, 'n_estimators': 587, 'max_depth': 10, 'min_child_weight': 9, 'subsample': 0.6123060233002772, 'colsample_bytree': 0.757529511588584, 'reg_alpha': 3.2493532077331992, 'reg_lambda': 3.462256527021349, 'gamma': 1.3341442567036992, 'weight_ratio_0': 1.3421893074225195, 'weight_ratio_1': 1.0164803877984079, 'max_delta_step': 7, 'scale_pos_weight': 0.558545565008115}. Best is trial 95 with value: -0.6667111343092404.
[I 2025-12-07 13:50:26,403] Trial 136 finished with value: -0.6486993315340657 and parameters: {'learning_rate': 0.071473586956166, 'n_estimators': 588, 'max_depth': 10, 'min_child_weight': 9, 'subsample': 0.6101224924401123, 'colsample_bytree': 0.7591510294635961, 'reg_alpha': 4.472682760909265, 'reg_lambda': 3.5184178023845654, 'gamma': 1.2486743250305048, 'weight_ratio_0': 1.329263591620523, 'weight_ratio_1': 1.1102705956936234, 'max_delta_step': 7, 'scale_pos_weight': 0.5624597204313364}. Best is trial 95 with value: -0.6667111343092404.
[I 2025-12-07 13:50:30,286] Trial 97 finished with value: -0.6651436001424709 and parameters: {'learning_rate': 0.08745898491699015, 'n_estimators': 560, 'max_depth': 9, 'min_child_weight': 8, 'subsample': 0.6996362224243584, 'colsample_bytree': 0.6802269380715378, 'reg_alpha': 3.6728479671969207, 'reg_lambda': 2.366302057084672, 'gamma': 0.45182197068228014, 'weight_ratio_0': 1.3029105043470555, 'weight_ratio_1': 1.0667898813169407, 'max_delta_step': 10, 'scale_pos_weight': 1.6135022078503127}. Best is trial 95 with value: -0.6667111343092404.
[I 2025-12-07 13:50:33,244] Trial 140 finished with value: -0.6415910528357945 and parameters: {'learning_rate': 0.09410769312034568, 'n_estimators': 579, 'max_depth': 10, 'min_child_weight': 9, 'subsample': 0.6374955223837754, 'colsample_bytree': 0.6537407745559085, 'reg_alpha': 4.780539347049057, 'reg_lambda': 0.3360490805580626, 'gamma': 1.0148045879051348, 'weight_ratio_0': 1.1325175498927622, 'weight_ratio_1': 1.0251750333740892, 'max_delta_step': 6, 'scale_pos_weight': 0.509008447272366}. Best is trial 95 with value: -0.6667111343092404.
[I 2025-12-07 13:50:38,248] Trial 124 finished with value: -0.6523676215906765 and parameters: {'learning_rate': 0.07739413127875856, 'n_estimators': 320, 'max_depth': 10, 'min_child_weight': 9, 'subsample': 0.6113058685726052, 'colsample_bytree': 0.6531319658247884, 'reg_alpha': 3.172349654457667, 'reg_lambda': 3.4157772155450976, 'gamma': 1.3973834621960908, 'weight_ratio_0': 1.1699141708483678, 'weight_ratio_1': 0.9306030479141709, 'max_delta_step': 4, 'scale_pos_weight': 1.7704153189995555}. Best is trial 95 with value: -0.6667111343092404.
[I 2025-12-07 13:50:38,818] Trial 125 finished with value: -0.6468271156292261 and parameters: {'learning_rate': 0.058872147449055896, 'n_estimators': 307, 'max_depth': 10, 'min_child_weight': 9, 'subsample': 0.682150868395178, 'colsample_bytree': 0.6710658845428213, 'reg_alpha': 3.3596329098925013, 'reg_lambda': 4.380243199393621, 'gamma': 1.2723750893832464, 'weight_ratio_0': 1.1702142931994375, 'weight_ratio_1': 0.9328231204786248, 'max_delta_step': 4, 'scale_pos_weight': 1.7227884042082144}. Best is trial 95 with value: -0.6667111343092404.
[I 2025-12-07 13:50:39,912] Trial 112 finished with value: -0.6229033976824856 and parameters: {'learning_rate': 0.07818333267277168, 'n_estimators': 460, 'max_depth': 10, 'min_child_weight': 8, 'subsample': 0.6667655382015328, 'colsample_bytree': 0.7434141885953329, 'reg_alpha': 4.941915981283021, 'reg_lambda': 0.5977108413203296, 'gamma': 1.9202266561144543, 'weight_ratio_0': 0.7588457037741216, 'weight_ratio_1': 1.2254610508766526, 'max_delta_step': 9, 'scale_pos_weight': 1.424799897922745}. Best is trial 95 with value: -0.6667111343092404.
[I 2025-12-07 13:50:44,063] Trial 123 finished with value: -0.6644719146377502 and parameters: {'learning_rate': 0.058836742133432166, 'n_estimators': 367, 'max_depth': 10, 'min_child_weight': 9, 'subsample': 0.6385206413351439, 'colsample_bytree': 0.7928505630375621, 'reg_alpha': 3.181398592605694, 'reg_lambda': 3.3337127219736877, 'gamma': 0.8999929920460032, 'weight_ratio_0': 1.5514080647368689, 'weight_ratio_1': 1.109230610044958, 'max_delta_step': 4, 'scale_pos_weight': 1.7218859379248173}. Best is trial 95 with value: -0.6667111343092404.
[I 2025-12-07 13:50:44,646] Trial 146 finished with value: -0.6063973151731726 and parameters: {'learning_rate': 0.040271913966723735, 'n_estimators': 364, 'max_depth': 9, 'min_child_weight': 9, 'subsample': 0.7503009886430642, 'colsample_bytree': 0.6634341388883882, 'reg_alpha': 2.4817443533523615, 'reg_lambda': 4.013848692083313, 'gamma': 0.9387568837001189, 'weight_ratio_0': 1.4323595810039536, 'weight_ratio_1': 0.8550531281582606, 'max_delta_step': 8, 'scale_pos_weight': 1.5381618261310677}. Best is trial 95 with value: -0.6667111343092404.
[I 2025-12-07 13:50:49,220] Trial 117 finished with value: -0.6629131137509158 and parameters: {'learning_rate': 0.07400581286906009, 'n_estimators': 462, 'max_depth': 10, 'min_child_weight': 9, 'subsample': 0.6116493763308426, 'colsample_bytree': 0.7439668073442552, 'reg_alpha': 4.794695646083864, 'reg_lambda': 3.509806801101721, 'gamma': 1.9177238790136495, 'weight_ratio_0': 1.5602876352290627, 'weight_ratio_1': 1.2212905204474096, 'max_delta_step': 7, 'scale_pos_weight': 1.752616869382869}. Best is trial 95 with value: -0.6667111343092404.
[I 2025-12-07 13:50:49,351] Trial 119 finished with value: -0.662443559082869 and parameters: {'learning_rate': 0.07108878908274555, 'n_estimators': 456, 'max_depth': 10, 'min_child_weight': 9, 'subsample': 0.6378340721310815, 'colsample_bytree': 0.7444491024271113, 'reg_alpha': 3.1890568874735346, 'reg_lambda': 0.32667983551612684, 'gamma': 1.9087996999958008, 'weight_ratio_0': 1.5429726142317335, 'weight_ratio_1': 1.3049906443594759, 'max_delta_step': 7, 'scale_pos_weight': 1.7604800369311586}. Best is trial 95 with value: -0.6667111343092404.
[I 2025-12-07 13:50:51,415] Trial 115 finished with value: -0.6089052318794419 and parameters: {'learning_rate': 0.07771278399290361, 'n_estimators': 541, 'max_depth': 10, 'min_child_weight': 9, 'subsample': 0.6063759348982538, 'colsample_bytree': 0.7471167593735064, 'reg_alpha': 4.997317729808677, 'reg_lambda': 3.5134299463221024, 'gamma': 1.9417447345815533, 'weight_ratio_0': 0.7401592511679271, 'weight_ratio_1': 1.220972014191286, 'max_delta_step': 7, 'scale_pos_weight': 1.7312413611980504}. Best is trial 95 with value: -0.6667111343092404.
[I 2025-12-07 13:50:58,175] Trial 143 finished with value: -0.664057094502382 and parameters: {'learning_rate': 0.0934823622174576, 'n_estimators': 353, 'max_depth': 9, 'min_child_weight': 9, 'subsample': 0.7410748846364128, 'colsample_bytree': 0.6519844559227818, 'reg_alpha': 4.776517632546313, 'reg_lambda': 3.9109133627562107, 'gamma': 1.0088362721285222, 'weight_ratio_0': 1.430489377187796, 'weight_ratio_1': 0.9258992088259674, 'max_delta_step': 6, 'scale_pos_weight': 1.78497354942475}. Best is trial 95 with value: -0.6667111343092404.
[I 2025-12-07 13:50:59,495] Trial 121 finished with value: -0.6482330368682279 and parameters: {'learning_rate': 0.07872932520367042, 'n_estimators': 548, 'max_depth': 10, 'min_child_weight': 9, 'subsample': 0.6112742592442704, 'colsample_bytree': 0.74524932605724, 'reg_alpha': 4.78871129741256, 'reg_lambda': 4.354155893837043, 'gamma': 1.3215618613409434, 'weight_ratio_0': 1.1538044117874606, 'weight_ratio_1': 1.3155503854348498, 'max_delta_step': 7, 'scale_pos_weight': 1.7421352341207261}. Best is trial 95 with value: -0.6667111343092404.
[I 2025-12-07 13:51:00,782] Trial 142 finished with value: -0.6758064699668461 and parameters: {'learning_rate': 0.09380207572022409, 'n_estimators': 341, 'max_depth': 10, 'min_child_weight': 6, 'subsample': 0.7489712236245428, 'colsample_bytree': 0.8773178824330068, 'reg_alpha': 2.6014427117824583, 'reg_lambda': 3.979678940263943, 'gamma': 0.8392605567024393, 'weight_ratio_0': 1.421962027804041, 'weight_ratio_1': 0.8583134005089263, 'max_delta_step': 6, 'scale_pos_weight': 1.7814865762414014}. Best is trial 142 with value: -0.6758064699668461.
[I 2025-12-07 13:51:00,863] Trial 126 finished with value: -0.6689483679284379 and parameters: {'learning_rate': 0.07598826685870962, 'n_estimators': 537, 'max_depth': 10, 'min_child_weight': 9, 'subsample': 0.6078458422824474, 'colsample_bytree': 0.6743046248152478, 'reg_alpha': 4.474593726345818, 'reg_lambda': 3.4151717058417566, 'gamma': 1.2154208076685493, 'weight_ratio_0': 1.318265142344964, 'weight_ratio_1': 0.93118429321986, 'max_delta_step': 4, 'scale_pos_weight': 1.7137558494279528}. Best is trial 142 with value: -0.6758064699668461.
[I 2025-12-07 13:51:00,958] Trial 120 finished with value: -0.6710325327633541 and parameters: {'learning_rate': 0.059637827469211674, 'n_estimators': 568, 'max_depth': 10, 'min_child_weight': 9, 'subsample': 0.6088289073336431, 'colsample_bytree': 0.7578206531758356, 'reg_alpha': 4.80035565081659, 'reg_lambda': 3.341784361901578, 'gamma': 1.918379640824176, 'weight_ratio_0': 1.5554682207208688, 'weight_ratio_1': 1.1107507343882177, 'max_delta_step': 7, 'scale_pos_weight': 1.7006874213203196}. Best is trial 142 with value: -0.6758064699668461.
[I 2025-12-07 13:51:02,884] Trial 127 finished with value: -0.6640690477068255 and parameters: {'learning_rate': 0.06997793061735798, 'n_estimators': 562, 'max_depth': 10, 'min_child_weight': 9, 'subsample': 0.6126235299898133, 'colsample_bytree': 0.6762157664723911, 'reg_alpha': 3.2046844330729725, 'reg_lambda': 3.418346263668955, 'gamma': 1.2257422603947215, 'weight_ratio_0': 1.1544658821670164, 'weight_ratio_1': 0.9448415943247992, 'max_delta_step': 4, 'scale_pos_weight': 1.724558521509871}. Best is trial 142 with value: -0.6758064699668461.
[I 2025-12-07 13:51:06,047] Trial 130 finished with value: -0.6709938299840452 and parameters: {'learning_rate': 0.06917395800067787, 'n_estimators': 552, 'max_depth': 10, 'min_child_weight': 9, 'subsample': 0.6121865198348022, 'colsample_bytree': 0.6722385232187509, 'reg_alpha': 3.1513016245625765, 'reg_lambda': 3.365439597075402, 'gamma': 1.246414245186197, 'weight_ratio_0': 1.5469488230553738, 'weight_ratio_1': 1.1152085479425664, 'max_delta_step': 6, 'scale_pos_weight': 1.7055718072071326}. Best is trial 142 with value: -0.6758064699668461.
[I 2025-12-07 13:51:06,047] Trial 129 finished with value: -0.6702919769816047 and parameters: {'learning_rate': 0.07571534279254297, 'n_estimators': 560, 'max_depth': 10, 'min_child_weight': 9, 'subsample': 0.6130911746190213, 'colsample_bytree': 0.6792072867558382, 'reg_alpha': 4.78467885492982, 'reg_lambda': 3.439318126583549, 'gamma': 1.187793949279112, 'weight_ratio_0': 1.3336400134365467, 'weight_ratio_1': 0.9307837368737953, 'max_delta_step': 7, 'scale_pos_weight': 1.7807180007462307}. Best is trial 142 with value: -0.6758064699668461.
[I 2025-12-07 13:51:06,403] Trial 132 finished with value: -0.6715229966858055 and parameters: {'learning_rate': 0.07310332084251929, 'n_estimators': 552, 'max_depth': 10, 'min_child_weight': 9, 'subsample': 0.6144039559497921, 'colsample_bytree': 0.6702445861767339, 'reg_alpha': 3.133006249600695, 'reg_lambda': 3.451907881643718, 'gamma': 1.9039249147583932, 'weight_ratio_0': 1.3412106188527644, 'weight_ratio_1': 0.9307096936482925, 'max_delta_step': 7, 'scale_pos_weight': 1.715025212262149}. Best is trial 142 with value: -0.6758064699668461.
[I 2025-12-07 13:51:07,782] Trial 131 finished with value: -0.671790412215926 and parameters: {'learning_rate': 0.07636825225859448, 'n_estimators': 572, 'max_depth': 10, 'min_child_weight': 9, 'subsample': 0.6128691266722915, 'colsample_bytree': 0.6738093128443541, 'reg_alpha': 4.791723758827688, 'reg_lambda': 3.4415913884511506, 'gamma': 1.3102379673795832, 'weight_ratio_0': 1.357167681855451, 'weight_ratio_1': 0.9375251718594783, 'max_delta_step': 7, 'scale_pos_weight': 1.7005139427225333}. Best is trial 142 with value: -0.6758064699668461.
[I 2025-12-07 13:51:09,874] Trial 133 finished with value: -0.6743600964353766 and parameters: {'learning_rate': 0.07419193012491129, 'n_estimators': 572, 'max_depth': 10, 'min_child_weight': 9, 'subsample': 0.7246339332732237, 'colsample_bytree': 0.6733400179395952, 'reg_alpha': 3.131330376623911, 'reg_lambda': 4.341455574658395, 'gamma': 1.1999416302893924, 'weight_ratio_0': 1.3417902791260978, 'weight_ratio_1': 0.933767200549737, 'max_delta_step': 8, 'scale_pos_weight': 1.7238334040055698}. Best is trial 142 with value: -0.6758064699668461.
[I 2025-12-07 13:51:09,961] Trial 147 finished with value: -0.6587043280311892 and parameters: {'learning_rate': 0.03707677739424319, 'n_estimators': 349, 'max_depth': 9, 'min_child_weight': 6, 'subsample': 0.74035355196828, 'colsample_bytree': 0.8698236705834665, 'reg_alpha': 3.8307177748849353, 'reg_lambda': 3.8092751730508887, 'gamma': 1.5747614030924435, 'weight_ratio_0': 1.4233800700386001, 'weight_ratio_1': 0.8592754423417519, 'max_delta_step': 6, 'scale_pos_weight': 1.8131807033849192}. Best is trial 142 with value: -0.6758064699668461.
[I 2025-12-07 13:51:10,489] Trial 145 finished with value: -0.6690472971221474 and parameters: {'learning_rate': 0.09257297405176937, 'n_estimators': 331, 'max_depth': 10, 'min_child_weight': 6, 'subsample': 0.6907594301512779, 'colsample_bytree': 0.644171979604635, 'reg_alpha': 4.861410898015441, 'reg_lambda': 3.9025192792488577, 'gamma': 0.9002688658761338, 'weight_ratio_0': 1.4219335413022032, 'weight_ratio_1': 0.9249010677078032, 'max_delta_step': 4, 'scale_pos_weight': 1.806286837327014}. Best is trial 142 with value: -0.6758064699668461.
[I 2025-12-07 13:51:12,657] Trial 134 finished with value: -0.6736741514630368 and parameters: {'learning_rate': 0.07539849575141933, 'n_estimators': 575, 'max_depth': 10, 'min_child_weight': 9, 'subsample': 0.6349768362106102, 'colsample_bytree': 0.7427937814681934, 'reg_alpha': 3.1926957696836693, 'reg_lambda': 3.671349421874736, 'gamma': 1.2483783138801785, 'weight_ratio_0': 1.553521669943664, 'weight_ratio_1': 1.1105817866149097, 'max_delta_step': 7, 'scale_pos_weight': 1.706164404323897}. Best is trial 142 with value: -0.6758064699668461.
[I 2025-12-07 13:51:13,136] Trial 149 finished with value: -0.6620328594381462 and parameters: {'learning_rate': 0.05561623450029845, 'n_estimators': 344, 'max_depth': 9, 'min_child_weight': 6, 'subsample': 0.6335373016896081, 'colsample_bytree': 0.6434130109051471, 'reg_alpha': 3.8091487682096252, 'reg_lambda': 3.7237876430983805, 'gamma': 0.8067185380315379, 'weight_ratio_0': 1.2433273124451258, 'weight_ratio_1': 0.7630108532997686, 'max_delta_step': 4, 'scale_pos_weight': 1.7763035133765843}. Best is trial 142 with value: -0.6758064699668461.
[I 2025-12-07 13:51:14,891] Trial 148 finished with value: -0.6619293131443634 and parameters: {'learning_rate': 0.037010345904252645, 'n_estimators': 361, 'max_depth': 9, 'min_child_weight': 9, 'subsample': 0.6324215356850977, 'colsample_bytree': 0.8712379802707964, 'reg_alpha': 2.5112059510509033, 'reg_lambda': 3.730973240276054, 'gamma': 1.596666160915706, 'weight_ratio_0': 1.4315627843291157, 'weight_ratio_1': 0.8539885894800495, 'max_delta_step': 4, 'scale_pos_weight': 1.7797134724275945}. Best is trial 142 with value: -0.6758064699668461.
[I 2025-12-07 13:51:16,229] Trial 150 finished with value: -0.6671652065659233 and parameters: {'learning_rate': 0.09346164282758286, 'n_estimators': 329, 'max_depth': 9, 'min_child_weight': 9, 'subsample': 0.7436804973753103, 'colsample_bytree': 0.8683850046423153, 'reg_alpha': 3.789435423090658, 'reg_lambda': 2.5051774900504515, 'gamma': 0.8031797710483071, 'weight_ratio_0': 1.2026626316427171, 'weight_ratio_1': 0.7664407546965062, 'max_delta_step': 6, 'scale_pos_weight': 1.7859730927227746}. Best is trial 142 with value: -0.6758064699668461.
[I 2025-12-07 13:51:16,926] Trial 137 finished with value: -0.6675018494311921 and parameters: {'learning_rate': 0.09259653448493468, 'n_estimators': 546, 'max_depth': 10, 'min_child_weight': 9, 'subsample': 0.6110238456715519, 'colsample_bytree': 0.7436086509611838, 'reg_alpha': 4.8162758267950405, 'reg_lambda': 3.574227507456713, 'gamma': 1.2891037558917373, 'weight_ratio_0': 1.320130688149412, 'weight_ratio_1': 1.1132559381295624, 'max_delta_step': 7, 'scale_pos_weight': 1.714214024694112}. Best is trial 142 with value: -0.6758064699668461.
[I 2025-12-07 13:51:20,827] Trial 138 finished with value: -0.6574320132474352 and parameters: {'learning_rate': 0.06834882804998504, 'n_estimators': 591, 'max_depth': 10, 'min_child_weight': 9, 'subsample': 0.6383742746003547, 'colsample_bytree': 0.6425794769982445, 'reg_alpha': 4.440460208460825, 'reg_lambda': 4.006043241932647, 'gamma': 1.21646742274621, 'weight_ratio_0': 1.3230338501298735, 'weight_ratio_1': 1.2766348542677253, 'max_delta_step': 6, 'scale_pos_weight': 1.7358300629234231}. Best is trial 142 with value: -0.6758064699668461.
[I 2025-12-07 13:51:21,563] Trial 139 finished with value: -0.6712009838493178 and parameters: {'learning_rate': 0.09232494957371962, 'n_estimators': 582, 'max_depth': 10, 'min_child_weight': 9, 'subsample': 0.6370953886681446, 'colsample_bytree': 0.7565457574384761, 'reg_alpha': 4.7606570412600435, 'reg_lambda': 0.3405903652719014, 'gamma': 1.1817943120768004, 'weight_ratio_0': 1.356919665402471, 'weight_ratio_1': 1.1014710431315184, 'max_delta_step': 6, 'scale_pos_weight': 1.715448894220941}. Best is trial 142 with value: -0.6758064699668461.
[I 2025-12-07 13:51:22,424] Trial 141 finished with value: -0.6656320395076104 and parameters: {'learning_rate': 0.0694782178541393, 'n_estimators': 609, 'max_depth': 10, 'min_child_weight': 9, 'subsample': 0.6030737613791103, 'colsample_bytree': 0.6534515152960315, 'reg_alpha': 2.5539702007329, 'reg_lambda': 3.7291236216070427, 'gamma': 1.187446981022527, 'weight_ratio_0': 1.1542443490027174, 'weight_ratio_1': 0.8866878120569699, 'max_delta_step': 6, 'scale_pos_weight': 1.8073983783159555}. Best is trial 142 with value: -0.6758064699668461.
[I 2025-12-07 13:51:25,027] Trial 170 finished with value: -0.6535761478782636 and parameters: {'learning_rate': 0.09214782662077885, 'n_estimators': 633, 'max_depth': 10, 'min_child_weight': 9, 'subsample': 0.7632666082379068, 'colsample_bytree': 0.6284495363684894, 'reg_alpha': 2.7780170807334557, 'reg_lambda': 3.6247772799120597, 'gamma': 1.1575842235936715, 'weight_ratio_0': 1.3687622710774257, 'weight_ratio_1': 0.8020066777789208, 'max_delta_step': 6, 'scale_pos_weight': 1.6920029626735802}. Best is trial 142 with value: -0.6758064699668461.
[I 2025-12-07 13:51:25,386] Trial 151 finished with value: -0.6662603839358652 and parameters: {'learning_rate': 0.09228988284592826, 'n_estimators': 347, 'max_depth': 10, 'min_child_weight': 6, 'subsample': 0.6408728064341791, 'colsample_bytree': 0.8772195344455789, 'reg_alpha': 2.6567252705913917, 'reg_lambda': 3.703377806013505, 'gamma': 0.8656656250696275, 'weight_ratio_0': 1.1851215449165564, 'weight_ratio_1': 0.9017104594605831, 'max_delta_step': 4, 'scale_pos_weight': 1.7611057626731004}. Best is trial 142 with value: -0.6758064699668461.
[I 2025-12-07 13:51:26,599] Trial 152 finished with value: -0.6237799485301612 and parameters: {'learning_rate': 0.05476713756594409, 'n_estimators': 342, 'max_depth': 10, 'min_child_weight': 6, 'subsample': 0.6317905646772154, 'colsample_bytree': 0.6384044084132428, 'reg_alpha': 3.11149102693916, 'reg_lambda': 3.877572630067767, 'gamma': 1.8005819538784638, 'weight_ratio_0': 1.2233210878227143, 'weight_ratio_1': 1.2764789629868356, 'max_delta_step': 4, 'scale_pos_weight': 1.7652907918631264}. Best is trial 142 with value: -0.6758064699668461.
[I 2025-12-07 13:51:27,501] Trial 154 finished with value: -0.664564519582385 and parameters: {'learning_rate': 0.09202505770664045, 'n_estimators': 343, 'max_depth': 9, 'min_child_weight': 6, 'subsample': 0.630536029009766, 'colsample_bytree': 0.6433025916075514, 'reg_alpha': 2.651847133535188, 'reg_lambda': 3.6842961106565464, 'gamma': 0.8548292681548207, 'weight_ratio_0': 1.2341397942251444, 'weight_ratio_1': 0.7792848308963218, 'max_delta_step': 6, 'scale_pos_weight': 1.779260113035837}. Best is trial 142 with value: -0.6758064699668461.
[I 2025-12-07 13:51:27,556] Trial 153 finished with value: -0.5357498874632878 and parameters: {'learning_rate': 0.021092910526955524, 'n_estimators': 345, 'max_depth': 9, 'min_child_weight': 6, 'subsample': 0.6314711987201549, 'colsample_bytree': 0.632484952040383, 'reg_alpha': 2.666182466979502, 'reg_lambda': 3.8625971825226135, 'gamma': 0.8562849299192097, 'weight_ratio_0': 0.8046750638646034, 'weight_ratio_1': 0.9082870422717397, 'max_delta_step': 6, 'scale_pos_weight': 1.769250685596712}. Best is trial 142 with value: -0.6758064699668461.
[I 2025-12-07 13:51:30,196] Trial 155 finished with value: -0.6651404793551372 and parameters: {'learning_rate': 0.09503301967021825, 'n_estimators': 345, 'max_depth': 9, 'min_child_weight': 6, 'subsample': 0.745621603648243, 'colsample_bytree': 0.8787292700944634, 'reg_alpha': 3.782343372697812, 'reg_lambda': 3.6766906728800475, 'gamma': 0.8649135848811232, 'weight_ratio_0': 1.3573345703652409, 'weight_ratio_1': 0.9072455135392707, 'max_delta_step': 6, 'scale_pos_weight': 1.7995197399507015}. Best is trial 142 with value: -0.6758064699668461.
