[I 2025-12-07 13:53:16,585] Trial 215 finished with value: -0.6483755854629532 and parameters: {'learning_rate': 0.09006918744852542, 'n_estimators': 673, 'max_depth': 10, 'min_child_weight': 3, 'subsample': 0.7845903139367849, 'colsample_bytree': 0.8953384124240362, 'reg_alpha': 1.7606972643134353, 'reg_lambda': 3.5278055092739047, 'gamma': 0.7083068232819918, 'weight_ratio_0': 1.4028876776578783, 'weight_ratio_1': 0.7228877653401716, 'max_delta_step': 8, 'scale_pos_weight': 1.883590944818988}. Best is trial 163 with value: -0.6794854930160193.
[I 2025-12-07 13:53:18,021] Trial 194 finished with value: -0.6767418593129056 and parameters: {'learning_rate': 0.09938333533002854, 'n_estimators': 656, 'max_depth': 10, 'min_child_weight': 4, 'subsample': 0.7859644575352105, 'colsample_bytree': 0.6217360878649075, 'reg_alpha': 2.0918515902743433, 'reg_lambda': 3.1879304222210196, 'gamma': 1.0534968084116805, 'weight_ratio_0': 1.2680337714697894, 'weight_ratio_1': 0.8308472658457375, 'max_delta_step': 8, 'scale_pos_weight': 1.8401997763359668}. Best is trial 163 with value: -0.6794854930160193.
[I 2025-12-07 13:53:18,633] Trial 193 finished with value: -0.6786376227098175 and parameters: {'learning_rate': 0.09893909146285453, 'n_estimators': 655, 'max_depth': 10, 'min_child_weight': 3, 'subsample': 0.770914193602655, 'colsample_bytree': 0.6179953857962268, 'reg_alpha': 2.1776399869115908, 'reg_lambda': 3.2076062029083707, 'gamma': 1.096108968080325, 'weight_ratio_0': 1.3680469447627766, 'weight_ratio_1': 0.8348695404475733, 'max_delta_step': 8, 'scale_pos_weight': 1.649535063305574}. Best is trial 163 with value: -0.6794854930160193.
[I 2025-12-07 13:53:21,941] Trial 195 finished with value: -0.6774257273236376 and parameters: {'learning_rate': 0.0988729888789481, 'n_estimators': 635, 'max_depth': 10, 'min_child_weight': 4, 'subsample': 0.7641655164020086, 'colsample_bytree': 0.62063977773398, 'reg_alpha': 2.1505534811683247, 'reg_lambda': 4.100814520284897, 'gamma': 1.128135758375888, 'weight_ratio_0': 1.3656407308361858, 'weight_ratio_1': 0.8730276396994192, 'max_delta_step': 8, 'scale_pos_weight': 1.854278019741342}. Best is trial 163 with value: -0.6794854930160193.
[I 2025-12-07 13:53:22,646] Trial 192 finished with value: -0.6793402940915688 and parameters: {'learning_rate': 0.08169891245167865, 'n_estimators': 665, 'max_depth': 10, 'min_child_weight': 3, 'subsample': 0.7717795930248879, 'colsample_bytree': 0.6224445237517469, 'reg_alpha': 2.0118547469115686, 'reg_lambda': 3.1895416112380897, 'gamma': 1.0960601614563181, 'weight_ratio_0': 1.4790311418404485, 'weight_ratio_1': 0.8348279847523261, 'max_delta_step': 8, 'scale_pos_weight': 1.8452659856667697}. Best is trial 163 with value: -0.6794854930160193.
[I 2025-12-07 13:53:24,659] Trial 196 finished with value: -0.6772779846760647 and parameters: {'learning_rate': 0.0990813288517363, 'n_estimators': 656, 'max_depth': 10, 'min_child_weight': 3, 'subsample': 0.7696718612917955, 'colsample_bytree': 0.621302584853017, 'reg_alpha': 2.2308937669118447, 'reg_lambda': 4.139211524132793, 'gamma': 1.119288792418885, 'weight_ratio_0': 1.2669403485160726, 'weight_ratio_1': 0.835892494223773, 'max_delta_step': 6, 'scale_pos_weight': 1.8438706875702604}. Best is trial 163 with value: -0.6794854930160193.
[I 2025-12-07 13:53:30,924] Trial 200 finished with value: -0.6762977372420195 and parameters: {'learning_rate': 0.0998429580493352, 'n_estimators': 658, 'max_depth': 10, 'min_child_weight': 3, 'subsample': 0.7702387918793719, 'colsample_bytree': 0.6171546824843422, 'reg_alpha': 2.250006426274433, 'reg_lambda': 4.115239328229611, 'gamma': 1.1248999099408585, 'weight_ratio_0': 1.2701168899876856, 'weight_ratio_1': 0.8425560050444677, 'max_delta_step': 8, 'scale_pos_weight': 1.8482684905836004}. Best is trial 163 with value: -0.6794854930160193.
[I 2025-12-07 13:53:31,684] Trial 198 finished with value: -0.6788368010722797 and parameters: {'learning_rate': 0.09952873263834802, 'n_estimators': 673, 'max_depth': 10, 'min_child_weight': 3, 'subsample': 0.7670912651323925, 'colsample_bytree': 0.6170204799541289, 'reg_alpha': 2.1470752062400815, 'reg_lambda': 3.2427379072957483, 'gamma': 1.1156803720357205, 'weight_ratio_0': 1.3773889412337093, 'weight_ratio_1': 0.8310708849404099, 'max_delta_step': 8, 'scale_pos_weight': 1.8428926250494366}. Best is trial 163 with value: -0.6794854930160193.
[I 2025-12-07 13:53:32,372] Trial 197 finished with value: -0.6765523570426283 and parameters: {'learning_rate': 0.09892408114119704, 'n_estimators': 666, 'max_depth': 10, 'min_child_weight': 3, 'subsample': 0.7680283359808554, 'colsample_bytree': 0.6190983194025019, 'reg_alpha': 2.0253688049490903, 'reg_lambda': 3.1981022726458805, 'gamma': 0.7131564418905629, 'weight_ratio_0': 1.2741729673669568, 'weight_ratio_1': 0.8111128711246138, 'max_delta_step': 6, 'scale_pos_weight': 1.854924305526093}. Best is trial 163 with value: -0.6794854930160193.
[I 2025-12-07 13:53:32,847] Trial 199 finished with value: -0.6762844685162749 and parameters: {'learning_rate': 0.09962826526774061, 'n_estimators': 656, 'max_depth': 10, 'min_child_weight': 3, 'subsample': 0.7678863162276768, 'colsample_bytree': 0.6148082104436251, 'reg_alpha': 2.126083845648871, 'reg_lambda': 4.657333144331603, 'gamma': 0.728169849944135, 'weight_ratio_0': 1.2705078382576545, 'weight_ratio_1': 0.8367292448516687, 'max_delta_step': 8, 'scale_pos_weight': 1.8480810837866009}. Best is trial 163 with value: -0.6794854930160193.
[I 2025-12-07 13:53:36,057] Trial 203 finished with value: -0.67761090320258 and parameters: {'learning_rate': 0.09654857110459647, 'n_estimators': 647, 'max_depth': 10, 'min_child_weight': 3, 'subsample': 0.7756240947518577, 'colsample_bytree': 0.6099937597123901, 'reg_alpha': 2.213172459822643, 'reg_lambda': 4.146209742827134, 'gamma': 0.6917214488530663, 'weight_ratio_0': 1.2895971982675567, 'weight_ratio_1': 0.8308183011908468, 'max_delta_step': 8, 'scale_pos_weight': 1.6559877602783903}. Best is trial 163 with value: -0.6794854930160193.
[I 2025-12-07 13:53:37,734] Trial 201 finished with value: -0.6782053555830873 and parameters: {'learning_rate': 0.09837104590948324, 'n_estimators': 657, 'max_depth': 10, 'min_child_weight': 3, 'subsample': 0.7711610754014718, 'colsample_bytree': 0.6160113216258479, 'reg_alpha': 2.276232616254854, 'reg_lambda': 4.086222510502598, 'gamma': 0.7089093283457136, 'weight_ratio_0': 1.2813355650942861, 'weight_ratio_1': 0.8400733362294239, 'max_delta_step': 8, 'scale_pos_weight': 1.860517658500025}. Best is trial 163 with value: -0.6794854930160193.
[I 2025-12-07 13:53:44,849] Trial 205 finished with value: -0.6763961761689034 and parameters: {'learning_rate': 0.09964417181711133, 'n_estimators': 647, 'max_depth': 10, 'min_child_weight': 3, 'subsample': 0.7606869647265464, 'colsample_bytree': 0.6201901731684095, 'reg_alpha': 1.8581534135288285, 'reg_lambda': 4.227446017366911, 'gamma': 0.6886012857899673, 'weight_ratio_0': 1.2766655423571476, 'weight_ratio_1': 0.8495665557903657, 'max_delta_step': 8, 'scale_pos_weight': 1.8742139920174372}. Best is trial 163 with value: -0.6794854930160193.
[I 2025-12-07 13:53:58,001] Trial 207 finished with value: -0.6775683150298244 and parameters: {'learning_rate': 0.09816931706414324, 'n_estimators': 660, 'max_depth': 10, 'min_child_weight': 3, 'subsample': 0.7618146835707894, 'colsample_bytree': 0.8894595394008885, 'reg_alpha': 1.8739039509216318, 'reg_lambda': 4.9916951816472, 'gamma': 0.7018138050200913, 'weight_ratio_0': 1.2906139293820387, 'weight_ratio_1': 0.8484049983239044, 'max_delta_step': 8, 'scale_pos_weight': 1.886169958450637}. Best is trial 163 with value: -0.6794854930160193.
[I 2025-12-07 13:53:58,048] Trial 208 finished with value: -0.679370276611678 and parameters: {'learning_rate': 0.0894616843813566, 'n_estimators': 662, 'max_depth': 10, 'min_child_weight': 3, 'subsample': 0.7690034077347228, 'colsample_bytree': 0.8916336681004504, 'reg_alpha': 1.8333521248459674, 'reg_lambda': 4.046671967073604, 'gamma': 0.7724571384182829, 'weight_ratio_0': 1.2970140615047743, 'weight_ratio_1': 0.8222043094012698, 'max_delta_step': 8, 'scale_pos_weight': 1.8684438733013935}. Best is trial 163 with value: -0.6794854930160193.
[I 2025-12-07 13:54:05,628] Trial 209 finished with value: -0.6796982202269746 and parameters: {'learning_rate': 0.09012576322390807, 'n_estimators': 697, 'max_depth': 10, 'min_child_weight': 3, 'subsample': 0.7701420902254679, 'colsample_bytree': 0.6304987436611119, 'reg_alpha': 1.855591293009745, 'reg_lambda': 4.894805214264435, 'gamma': 1.042733825871834, 'weight_ratio_0': 1.2807878704471647, 'weight_ratio_1': 0.7294474350329652, 'max_delta_step': 6, 'scale_pos_weight': 1.8907101595787106}. Best is trial 209 with value: -0.6796982202269746.
[I 2025-12-07 13:54:14,833] Trial 210 finished with value: -0.6796483788962818 and parameters: {'learning_rate': 0.08949089429104702, 'n_estimators': 675, 'max_depth': 10, 'min_child_weight': 3, 'subsample': 0.7855261608966309, 'colsample_bytree': 0.8898449233896373, 'reg_alpha': 1.7736302011662846, 'reg_lambda': 4.261706850557743, 'gamma': 0.7027968085656678, 'weight_ratio_0': 1.286997381948253, 'weight_ratio_1': 0.8061673401017884, 'max_delta_step': 6, 'scale_pos_weight': 1.8656495754496496}. Best is trial 209 with value: -0.6796982202269746.
[I 2025-12-07 13:54:16,140] Trial 212 finished with value: -0.6805197902151489 and parameters: {'learning_rate': 0.08960399492296788, 'n_estimators': 671, 'max_depth': 10, 'min_child_weight': 3, 'subsample': 0.7881796368042402, 'colsample_bytree': 0.8905588782380872, 'reg_alpha': 1.8099764924836128, 'reg_lambda': 4.2357050545398, 'gamma': 0.7188872550001683, 'weight_ratio_0': 1.278883875373318, 'weight_ratio_1': 0.7930163696132075, 'max_delta_step': 8, 'scale_pos_weight': 1.8667382617693684}. Best is trial 212 with value: -0.6805197902151489.
[I 2025-12-07 13:54:17,087] Trial 213 finished with value: -0.6799200467668767 and parameters: {'learning_rate': 0.08918245000492055, 'n_estimators': 667, 'max_depth': 10, 'min_child_weight': 3, 'subsample': 0.7687651732913164, 'colsample_bytree': 0.6334916677678368, 'reg_alpha': 1.7781987522305742, 'reg_lambda': 4.925951475032511, 'gamma': 0.7029628326829408, 'weight_ratio_0': 1.29229055313362, 'weight_ratio_1': 0.7771346111949127, 'max_delta_step': 6, 'scale_pos_weight': 1.8688658262327416}. Best is trial 212 with value: -0.6805197902151489.
[I 2025-12-07 13:54:19,838] Trial 211 finished with value: -0.6795450411562337 and parameters: {'learning_rate': 0.08972142260152326, 'n_estimators': 700, 'max_depth': 10, 'min_child_weight': 3, 'subsample': 0.7891040209951342, 'colsample_bytree': 0.8925339659535921, 'reg_alpha': 1.8562051686864725, 'reg_lambda': 4.214373342540852, 'gamma': 0.7496632922375323, 'weight_ratio_0': 1.2891388762835208, 'weight_ratio_1': 0.7883592299275033, 'max_delta_step': 8, 'scale_pos_weight': 1.9223058859329438}. Best is trial 212 with value: -0.6805197902151489.
[I 2025-12-07 13:54:22,193] Trial 219 finished with value: -0.6776279455754946 and parameters: {'learning_rate': 0.08911871752684565, 'n_estimators': 675, 'max_depth': 10, 'min_child_weight': 4, 'subsample': 0.8042287640293229, 'colsample_bytree': 0.6046636786029632, 'reg_alpha': 1.902637994902241, 'reg_lambda': 4.99567083160403, 'gamma': 1.0523524287693184, 'weight_ratio_0': 1.2965024778673662, 'weight_ratio_1': 0.7969291612640561, 'max_delta_step': 8, 'scale_pos_weight': 1.9136003197113765}. Best is trial 212 with value: -0.6805197902151489.
[I 2025-12-07 13:54:25,019] Trial 220 finished with value: -0.6781833812116916 and parameters: {'learning_rate': 0.08902054485139423, 'n_estimators': 694, 'max_depth': 10, 'min_child_weight': 4, 'subsample': 0.7950081996229115, 'colsample_bytree': 0.6059767198641277, 'reg_alpha': 2.3720443493005625, 'reg_lambda': 4.97822248859047, 'gamma': 1.050558010504615, 'weight_ratio_0': 1.293446573897722, 'weight_ratio_1': 0.7855458846968718, 'max_delta_step': 8, 'scale_pos_weight': 1.9371517977014954}. Best is trial 212 with value: -0.6805197902151489.
[I 2025-12-07 13:54:25,259] Trial 217 finished with value: -0.6793668151057938 and parameters: {'learning_rate': 0.08980849240807007, 'n_estimators': 669, 'max_depth': 10, 'min_child_weight': 4, 'subsample': 0.7899740697367548, 'colsample_bytree': 0.8865571066586138, 'reg_alpha': 1.8315322714486764, 'reg_lambda': 3.5397114507823937, 'gamma': 0.6987883026623194, 'weight_ratio_0': 1.2922057509620364, 'weight_ratio_1': 0.7948409439630115, 'max_delta_step': 8, 'scale_pos_weight': 1.8801991413534407}. Best is trial 212 with value: -0.6805197902151489.
[I 2025-12-07 13:54:25,689] Trial 214 finished with value: -0.6807074750025656 and parameters: {'learning_rate': 0.08944881181839953, 'n_estimators': 672, 'max_depth': 10, 'min_child_weight': 3, 'subsample': 0.7698651311933322, 'colsample_bytree': 0.8959292339768092, 'reg_alpha': 2.3563096353789796, 'reg_lambda': 4.290479749946662, 'gamma': 0.71975014771587, 'weight_ratio_0': 1.2929570794814502, 'weight_ratio_1': 0.72265523463152, 'max_delta_step': 8, 'scale_pos_weight': 1.8468639891801986}. Best is trial 214 with value: -0.6807074750025656.
[I 2025-12-07 13:54:25,775] Trial 216 finished with value: -0.6797311470410571 and parameters: {'learning_rate': 0.0884105359910328, 'n_estimators': 677, 'max_depth': 10, 'min_child_weight': 4, 'subsample': 0.7866315387511891, 'colsample_bytree': 0.8943181190060305, 'reg_alpha': 1.695502848830122, 'reg_lambda': 4.945129825371357, 'gamma': 0.7023349098427947, 'weight_ratio_0': 1.295135115992269, 'weight_ratio_1': 0.7121336556739901, 'max_delta_step': 8, 'scale_pos_weight': 1.8849535517118507}. Best is trial 214 with value: -0.6807074750025656.
[I 2025-12-07 13:54:25,954] Trial 218 finished with value: -0.680635954853531 and parameters: {'learning_rate': 0.08857123838425103, 'n_estimators': 666, 'max_depth': 10, 'min_child_weight': 4, 'subsample': 0.7869567086060039, 'colsample_bytree': 0.8903728050720214, 'reg_alpha': 1.8465028601524696, 'reg_lambda': 4.967938030517178, 'gamma': 0.692334015852903, 'weight_ratio_0': 1.288120751421912, 'weight_ratio_1': 0.711683010080423, 'max_delta_step': 8, 'scale_pos_weight': 1.8833016908357296}. Best is trial 214 with value: -0.6807074750025656.
[I 2025-12-07 13:54:27,333] Trial 221 finished with value: -0.676774489748921 and parameters: {'learning_rate': 0.0891509615485402, 'n_estimators': 716, 'max_depth': 10, 'min_child_weight': 4, 'subsample': 0.7969404791929383, 'colsample_bytree': 0.6028166458661733, 'reg_alpha': 2.4036340516313204, 'reg_lambda': 4.783038849810535, 'gamma': 1.0239033377711653, 'weight_ratio_0': 1.2881453520330632, 'weight_ratio_1': 0.7939184365090012, 'max_delta_step': 8, 'scale_pos_weight': 1.945531188107384}. Best is trial 214 with value: -0.6807074750025656.
[I 2025-12-07 13:54:28,816] Trial 222 finished with value: -0.6779614887333635 and parameters: {'learning_rate': 0.08981441504221907, 'n_estimators': 685, 'max_depth': 10, 'min_child_weight': 4, 'subsample': 0.8047940653629377, 'colsample_bytree': 0.6063881366224311, 'reg_alpha': 2.381632747752535, 'reg_lambda': 4.8365025072909, 'gamma': 0.9774260837880142, 'weight_ratio_0': 1.294010726433861, 'weight_ratio_1': 0.7846162853349052, 'max_delta_step': 8, 'scale_pos_weight': 1.885884788496352}. Best is trial 214 with value: -0.6807074750025656.
[I 2025-12-07 13:54:29,350] Trial 223 finished with value: -0.6780336139965217 and parameters: {'learning_rate': 0.0894401894344017, 'n_estimators': 700, 'max_depth': 10, 'min_child_weight': 4, 'subsample': 0.798644077252381, 'colsample_bytree': 0.6071225831011068, 'reg_alpha': 2.3169578441934906, 'reg_lambda': 3.260232074765107, 'gamma': 1.0409178340057172, 'weight_ratio_0': 1.304848662351834, 'weight_ratio_1': 0.7923403067627296, 'max_delta_step': 8, 'scale_pos_weight': 1.9453711388225985}. Best is trial 214 with value: -0.6807074750025656.
[I 2025-12-07 13:54:32,437] Trial 224 finished with value: -0.6768737326502965 and parameters: {'learning_rate': 0.08865586801953666, 'n_estimators': 673, 'max_depth': 10, 'min_child_weight': 4, 'subsample': 0.7954528619685906, 'colsample_bytree': 0.6242887348200928, 'reg_alpha': 2.3353753087816154, 'reg_lambda': 3.2566122957842585, 'gamma': 1.0621486105193019, 'weight_ratio_0': 1.2875963904224261, 'weight_ratio_1': 0.7906318406343267, 'max_delta_step': 8, 'scale_pos_weight': 1.879500596062068}. Best is trial 214 with value: -0.6807074750025656.
[I 2025-12-07 13:54:36,486] Trial 246 finished with value: -0.6531875388679432 and parameters: {'learning_rate': 0.08785979080518085, 'n_estimators': 697, 'max_depth': 10, 'min_child_weight': 2, 'subsample': 0.7945815639150818, 'colsample_bytree': 0.8940144479052801, 'reg_alpha': 1.6195337519398043, 'reg_lambda': 4.870810406164937, 'gamma': 0.9785126969880218, 'weight_ratio_0': 1.3190345433124546, 'weight_ratio_1': 0.6437197268277591, 'max_delta_step': 8, 'scale_pos_weight': 1.9386723609477365}. Best is trial 214 with value: -0.6807074750025656.
[I 2025-12-07 13:54:39,001] Trial 226 finished with value: -0.6786606165654846 and parameters: {'learning_rate': 0.0900048185432516, 'n_estimators': 705, 'max_depth': 10, 'min_child_weight': 4, 'subsample': 0.7972176008221488, 'colsample_bytree': 0.6053162075373301, 'reg_alpha': 2.3595678804371563, 'reg_lambda': 3.253436670927137, 'gamma': 1.0476027596686226, 'weight_ratio_0': 1.2984929146741615, 'weight_ratio_1': 0.7929549390494295, 'max_delta_step': 8, 'scale_pos_weight': 1.925295613571006}. Best is trial 214 with value: -0.6807074750025656.
[I 2025-12-07 13:54:39,092] Trial 225 finished with value: -0.677473985596959 and parameters: {'learning_rate': 0.08865889879645147, 'n_estimators': 710, 'max_depth': 10, 'min_child_weight': 4, 'subsample': 0.791988517433238, 'colsample_bytree': 0.6065749042315968, 'reg_alpha': 2.34134404996897, 'reg_lambda': 3.0476386438393748, 'gamma': 1.0392968880350082, 'weight_ratio_0': 1.2924936024565141, 'weight_ratio_1': 0.788452815328239, 'max_delta_step': 8, 'scale_pos_weight': 1.9452249871380451}. Best is trial 214 with value: -0.6807074750025656.
[I 2025-12-07 13:54:39,966] Trial 227 finished with value: -0.6787649346884334 and parameters: {'learning_rate': 0.08915630177610853, 'n_estimators': 698, 'max_depth': 10, 'min_child_weight': 4, 'subsample': 0.7974887570078255, 'colsample_bytree': 0.6052623641560562, 'reg_alpha': 2.4252478223566234, 'reg_lambda': 3.022036799293672, 'gamma': 1.0046081842981027, 'weight_ratio_0': 1.3027976017272052, 'weight_ratio_1': 0.78546242856316, 'max_delta_step': 8, 'scale_pos_weight': 1.8913863062192564}. Best is trial 214 with value: -0.6807074750025656.
[I 2025-12-07 13:54:41,616] Trial 229 finished with value: -0.6775421781316487 and parameters: {'learning_rate': 0.08895699095119948, 'n_estimators': 688, 'max_depth': 10, 'min_child_weight': 4, 'subsample': 0.793354095055555, 'colsample_bytree': 0.6056871593987766, 'reg_alpha': 2.3808945366842673, 'reg_lambda': 3.058420172952168, 'gamma': 1.0415094678355195, 'weight_ratio_0': 1.310721062383671, 'weight_ratio_1': 0.7790819979894456, 'max_delta_step': 8, 'scale_pos_weight': 1.926867889621669}. Best is trial 214 with value: -0.6807074750025656.
[I 2025-12-07 13:54:41,754] Trial 228 finished with value: -0.677301443544373 and parameters: {'learning_rate': 0.08797592676697691, 'n_estimators': 698, 'max_depth': 10, 'min_child_weight': 4, 'subsample': 0.7910944953292982, 'colsample_bytree': 0.6270735633376878, 'reg_alpha': 2.399628101471661, 'reg_lambda': 3.032482441060468, 'gamma': 1.0240342792230435, 'weight_ratio_0': 1.3016180706559386, 'weight_ratio_1': 0.7732483385330586, 'max_delta_step': 8, 'scale_pos_weight': 1.9456216713509729}. Best is trial 214 with value: -0.6807074750025656.
[I 2025-12-07 13:54:48,043] Trial 233 finished with value: -0.6713276908016725 and parameters: {'learning_rate': 0.0889111369691895, 'n_estimators': 687, 'max_depth': 10, 'min_child_weight': 2, 'subsample': 0.7935157997846702, 'colsample_bytree': 0.6058014268039587, 'reg_alpha': 2.3721664280173598, 'reg_lambda': 4.825675673804216, 'gamma': 0.9702600016217079, 'weight_ratio_0': 1.3990964692322398, 'weight_ratio_1': 0.7383721288327796, 'max_delta_step': 8, 'scale_pos_weight': 1.9420262482537696}. Best is trial 214 with value: -0.6807074750025656.
[I 2025-12-07 13:54:49,781] Trial 230 finished with value: -0.6778948290248575 and parameters: {'learning_rate': 0.0886799569202016, 'n_estimators': 718, 'max_depth': 10, 'min_child_weight': 2, 'subsample': 0.7924458350715612, 'colsample_bytree': 0.6248661840246764, 'reg_alpha': 2.3456447040884782, 'reg_lambda': 4.213133413999713, 'gamma': 1.0503328257882873, 'weight_ratio_0': 1.3010324489848948, 'weight_ratio_1': 0.7842405904107916, 'max_delta_step': 8, 'scale_pos_weight': 1.9262096607571895}. Best is trial 214 with value: -0.6807074750025656.
[I 2025-12-07 13:54:50,766] Trial 239 finished with value: -0.6607058177784806 and parameters: {'learning_rate': 0.08832439311362843, 'n_estimators': 698, 'max_depth': 10, 'min_child_weight': 2, 'subsample': 0.7973682632826732, 'colsample_bytree': 0.6058824332211288, 'reg_alpha': 1.5820109895425736, 'reg_lambda': 4.950066068270908, 'gamma': 1.0456122407843196, 'weight_ratio_0': 1.3042387461085996, 'weight_ratio_1': 0.6801775994886066, 'max_delta_step': 8, 'scale_pos_weight': 1.9432142644883026}. Best is trial 214 with value: -0.6807074750025656.
