[I 2025-12-07 13:02:08,708] Trial 153 finished with value: -0.7107363422312979 and parameters: {'learning_rate': 0.0357338358986251, 'n_estimators': 357, 'max_depth': 10, 'min_child_weight': 10, 'subsample': 0.7528247298829965, 'colsample_bytree': 0.876670545683976, 'reg_alpha': 4.8753359842111985, 'reg_lambda': 3.3812743249063586, 'gamma': 1.1099211670856177, 'weight_ratio_0': 1.2981925223212887, 'weight_ratio_1': 0.878535307894686, 'max_delta_step': 5, 'scale_pos_weight': 1.9129738802160892}. Best is trial 99 with value: -0.7122172844873055.
[I 2025-12-07 13:02:09,176] Trial 161 finished with value: -0.7119186888122933 and parameters: {'learning_rate': 0.03350950596447615, 'n_estimators': 355, 'max_depth': 8, 'min_child_weight': 10, 'subsample': 0.7715654935313172, 'colsample_bytree': 0.8585128189380392, 'reg_alpha': 2.624467527783535, 'reg_lambda': 1.8128504803320755, 'gamma': 1.1463975220518332, 'weight_ratio_0': 1.299291453639744, 'weight_ratio_1': 0.8246257068950882, 'max_delta_step': 5, 'scale_pos_weight': 1.8807679704309737}. Best is trial 99 with value: -0.7122172844873055.
[I 2025-12-07 13:02:09,449] Trial 162 finished with value: -0.7118288568351611 and parameters: {'learning_rate': 0.03055223008039115, 'n_estimators': 347, 'max_depth': 8, 'min_child_weight': 10, 'subsample': 0.7714153285740994, 'colsample_bytree': 0.858482992635919, 'reg_alpha': 4.860215480981333, 'reg_lambda': 1.7050768228842386, 'gamma': 1.150064334088165, 'weight_ratio_0': 1.2935141419799159, 'weight_ratio_1': 0.8270438790615654, 'max_delta_step': 5, 'scale_pos_weight': 1.8769712230749265}. Best is trial 99 with value: -0.7122172844873055.
[I 2025-12-07 13:02:10,044] Trial 156 finished with value: -0.7124208910281707 and parameters: {'learning_rate': 0.03441936357913227, 'n_estimators': 350, 'max_depth': 10, 'min_child_weight': 10, 'subsample': 0.7654242292112633, 'colsample_bytree': 0.8580279469448837, 'reg_alpha': 3.5112403864664907, 'reg_lambda': 3.3757852366251293, 'gamma': 1.1291376675213929, 'weight_ratio_0': 1.1926249996429454, 'weight_ratio_1': 0.877991431554127, 'max_delta_step': 5, 'scale_pos_weight': 1.902648605487523}. Best is trial 156 with value: -0.7124208910281707.
[I 2025-12-07 13:02:10,144] Trial 163 finished with value: -0.7122572939509073 and parameters: {'learning_rate': 0.031411553335721154, 'n_estimators': 347, 'max_depth': 8, 'min_child_weight': 10, 'subsample': 0.7796362909306382, 'colsample_bytree': 0.8594170389233052, 'reg_alpha': 3.066992226728409, 'reg_lambda': 2.755482871562685, 'gamma': 1.1756025916715214, 'weight_ratio_0': 1.2945867216062368, 'weight_ratio_1': 0.8240140418127007, 'max_delta_step': 6, 'scale_pos_weight': 1.8820992685841829}. Best is trial 156 with value: -0.7124208910281707.
[I 2025-12-07 13:02:10,241] Trial 154 finished with value: -0.7101981588323497 and parameters: {'learning_rate': 0.036012928898548416, 'n_estimators': 357, 'max_depth': 10, 'min_child_weight': 10, 'subsample': 0.7493478282888302, 'colsample_bytree': 0.8771861494576547, 'reg_alpha': 3.4441736782357295, 'reg_lambda': 2.797540411594439, 'gamma': 1.1861017542300025, 'weight_ratio_0': 1.2986630455570258, 'weight_ratio_1': 0.8715337939234818, 'max_delta_step': 5, 'scale_pos_weight': 1.913587552094162}. Best is trial 156 with value: -0.7124208910281707.
[I 2025-12-07 13:02:10,412] Trial 164 finished with value: -0.7124073255168373 and parameters: {'learning_rate': 0.03442534582683614, 'n_estimators': 350, 'max_depth': 8, 'min_child_weight': 10, 'subsample': 0.772258109788107, 'colsample_bytree': 0.8586420999278813, 'reg_alpha': 4.852642476914676, 'reg_lambda': 2.8588154096304073, 'gamma': 1.1383039713485377, 'weight_ratio_0': 1.29701355050944, 'weight_ratio_1': 0.8289414529604872, 'max_delta_step': 6, 'scale_pos_weight': 1.8936926466359614}. Best is trial 156 with value: -0.7124208910281707.
[I 2025-12-07 13:02:10,518] Trial 155 finished with value: -0.709956918671074 and parameters: {'learning_rate': 0.03661025125309471, 'n_estimators': 355, 'max_depth': 10, 'min_child_weight': 10, 'subsample': 0.7554382827362361, 'colsample_bytree': 0.8784588146384396, 'reg_alpha': 4.874390262498399, 'reg_lambda': 3.383712630899101, 'gamma': 1.1748924794221725, 'weight_ratio_0': 1.298478272151484, 'weight_ratio_1': 0.8771054028096689, 'max_delta_step': 5, 'scale_pos_weight': 1.91630198625382}. Best is trial 156 with value: -0.7124208910281707.
[I 2025-12-07 13:02:14,066] Trial 157 finished with value: -0.7101889321045158 and parameters: {'learning_rate': 0.03520215447406385, 'n_estimators': 357, 'max_depth': 10, 'min_child_weight': 10, 'subsample': 0.7767997757038086, 'colsample_bytree': 0.8792658693906339, 'reg_alpha': 4.853303040593285, 'reg_lambda': 2.8618993257114553, 'gamma': 1.1773478629634766, 'weight_ratio_0': 1.2865439265492338, 'weight_ratio_1': 0.8812475131213776, 'max_delta_step': 5, 'scale_pos_weight': 1.8770185864340472}. Best is trial 156 with value: -0.7124208910281707.
[I 2025-12-07 13:02:14,468] Trial 165 finished with value: -0.711326861896531 and parameters: {'learning_rate': 0.03068292644881029, 'n_estimators': 347, 'max_depth': 8, 'min_child_weight': 10, 'subsample': 0.7666355031359996, 'colsample_bytree': 0.8585918242869448, 'reg_alpha': 3.0607904225603013, 'reg_lambda': 2.8592894701141494, 'gamma': 1.1706857725790332, 'weight_ratio_0': 1.299251672199337, 'weight_ratio_1': 0.819088494673334, 'max_delta_step': 6, 'scale_pos_weight': 1.8908621100863916}. Best is trial 156 with value: -0.7124208910281707.
[I 2025-12-07 13:02:14,686] Trial 166 finished with value: -0.7111542189428969 and parameters: {'learning_rate': 0.034200813818211814, 'n_estimators': 349, 'max_depth': 8, 'min_child_weight': 10, 'subsample': 0.7753288906926485, 'colsample_bytree': 0.8771081597613916, 'reg_alpha': 2.8970818900221107, 'reg_lambda': 2.7307597440332247, 'gamma': 1.1760350567979918, 'weight_ratio_0': 1.2917987721262032, 'weight_ratio_1': 0.8273280726391866, 'max_delta_step': 6, 'scale_pos_weight': 1.8774039428557003}. Best is trial 156 with value: -0.7124208910281707.
[I 2025-12-07 13:02:15,440] Trial 167 finished with value: -0.7110677190920341 and parameters: {'learning_rate': 0.0317828937152119, 'n_estimators': 352, 'max_depth': 8, 'min_child_weight': 10, 'subsample': 0.7771591669817594, 'colsample_bytree': 0.8570548302585683, 'reg_alpha': 4.87410653422193, 'reg_lambda': 2.872418777063485, 'gamma': 1.1819540569174818, 'weight_ratio_0': 1.2992087732995186, 'weight_ratio_1': 0.8254514881703462, 'max_delta_step': 6, 'scale_pos_weight': 1.8951995134207846}. Best is trial 156 with value: -0.7124208910281707.
[I 2025-12-07 13:02:17,303] Trial 168 finished with value: -0.7105850579180196 and parameters: {'learning_rate': 0.03215053026918302, 'n_estimators': 353, 'max_depth': 8, 'min_child_weight': 10, 'subsample': 0.7669421562250435, 'colsample_bytree': 0.8572026910546683, 'reg_alpha': 2.930831603298778, 'reg_lambda': 1.0377665007296655, 'gamma': 1.0414991205316801, 'weight_ratio_0': 1.2956346208415128, 'weight_ratio_1': 0.8882223372786713, 'max_delta_step': 6, 'scale_pos_weight': 1.8827284626165215}. Best is trial 156 with value: -0.7124208910281707.
[I 2025-12-07 13:02:17,514] Trial 169 finished with value: -0.7090026522106526 and parameters: {'learning_rate': 0.03176370110169237, 'n_estimators': 277, 'max_depth': 8, 'min_child_weight': 10, 'subsample': 0.7658962282705043, 'colsample_bytree': 0.858725581965663, 'reg_alpha': 4.860636091413931, 'reg_lambda': 1.1185854672924367, 'gamma': 1.0717150856879678, 'weight_ratio_0': 1.2853096856359556, 'weight_ratio_1': 0.8862118656172032, 'max_delta_step': 6, 'scale_pos_weight': 1.8718778630027582}. Best is trial 156 with value: -0.7124208910281707.
[I 2025-12-07 13:02:20,377] Trial 172 finished with value: -0.7111107840369737 and parameters: {'learning_rate': 0.03075340019504042, 'n_estimators': 290, 'max_depth': 8, 'min_child_weight': 10, 'subsample': 0.7704463960751682, 'colsample_bytree': 0.8598290465073233, 'reg_alpha': 2.6913178447187525, 'reg_lambda': 1.1244163505097218, 'gamma': 1.0790591330377797, 'weight_ratio_0': 1.295597151833404, 'weight_ratio_1': 0.8260192469966033, 'max_delta_step': 6, 'scale_pos_weight': 1.8713756421541097}. Best is trial 156 with value: -0.7124208910281707.
[I 2025-12-07 13:02:21,043] Trial 173 finished with value: -0.7111452077503682 and parameters: {'learning_rate': 0.031573198794262625, 'n_estimators': 279, 'max_depth': 8, 'min_child_weight': 10, 'subsample': 0.7734559026701392, 'colsample_bytree': 0.856538316120426, 'reg_alpha': 3.168838683454405, 'reg_lambda': 2.717234423810107, 'gamma': 1.0802245817210214, 'weight_ratio_0': 1.2927049961270058, 'weight_ratio_1': 0.8293249700103182, 'max_delta_step': 6, 'scale_pos_weight': 1.878415069233694}. Best is trial 156 with value: -0.7124208910281707.
[I 2025-12-07 13:02:23,207] Trial 175 finished with value: -0.709162114478441 and parameters: {'learning_rate': 0.03054387840108266, 'n_estimators': 288, 'max_depth': 8, 'min_child_weight': 10, 'subsample': 0.7415559396618043, 'colsample_bytree': 0.8586156398717719, 'reg_alpha': 3.0989040877676497, 'reg_lambda': 3.5268455426934726, 'gamma': 1.0839309005614384, 'weight_ratio_0': 1.2982779003054044, 'weight_ratio_1': 0.8862437385512114, 'max_delta_step': 6, 'scale_pos_weight': 1.8950921239825491}. Best is trial 156 with value: -0.7124208910281707.
[I 2025-12-07 13:02:23,526] Trial 171 finished with value: -0.7105402364842138 and parameters: {'learning_rate': 0.030295875583141615, 'n_estimators': 345, 'max_depth': 8, 'min_child_weight': 10, 'subsample': 0.7705419003261973, 'colsample_bytree': 0.8578178249432198, 'reg_alpha': 4.851828771565821, 'reg_lambda': 1.121496021095916, 'gamma': 1.100078768285694, 'weight_ratio_0': 1.2993666933439203, 'weight_ratio_1': 0.8926907661289121, 'max_delta_step': 6, 'scale_pos_weight': 1.8663386146975451}. Best is trial 156 with value: -0.7124208910281707.
[I 2025-12-07 13:02:25,552] Trial 174 finished with value: -0.7093701531188573 and parameters: {'learning_rate': 0.02966860114861857, 'n_estimators': 346, 'max_depth': 8, 'min_child_weight': 10, 'subsample': 0.7740344997138847, 'colsample_bytree': 0.8599967728132888, 'reg_alpha': 4.879863862839859, 'reg_lambda': 2.760356091322628, 'gamma': 1.0954983800479334, 'weight_ratio_0': 1.1842024501931174, 'weight_ratio_1': 0.8310994842138171, 'max_delta_step': 6, 'scale_pos_weight': 1.8794017407979493}. Best is trial 156 with value: -0.7124208910281707.
[I 2025-12-07 13:02:25,931] Trial 176 finished with value: -0.7112515707073429 and parameters: {'learning_rate': 0.03232612826755193, 'n_estimators': 293, 'max_depth': 8, 'min_child_weight': 10, 'subsample': 0.7724985195633499, 'colsample_bytree': 0.8596301734855338, 'reg_alpha': 3.307440176528896, 'reg_lambda': 3.533025315804933, 'gamma': 1.0857938608102469, 'weight_ratio_0': 1.2998226021935266, 'weight_ratio_1': 0.8248655110569634, 'max_delta_step': 6, 'scale_pos_weight': 1.8806823743059196}. Best is trial 156 with value: -0.7124208910281707.
[I 2025-12-07 13:02:28,858] Trial 177 finished with value: -0.7099301204481314 and parameters: {'learning_rate': 0.030538391498453204, 'n_estimators': 289, 'max_depth': 8, 'min_child_weight': 10, 'subsample': 0.7401385773184186, 'colsample_bytree': 0.8606357697383297, 'reg_alpha': 3.150808935348321, 'reg_lambda': 3.452796181115563, 'gamma': 1.0961870677011016, 'weight_ratio_0': 1.2973703982063285, 'weight_ratio_1': 0.8871087825839781, 'max_delta_step': 6, 'scale_pos_weight': 1.8734222782322083}. Best is trial 156 with value: -0.7124208910281707.
[I 2025-12-07 13:02:29,005] Trial 179 finished with value: -0.7108422353047913 and parameters: {'learning_rate': 0.03112136944354302, 'n_estimators': 289, 'max_depth': 8, 'min_child_weight': 10, 'subsample': 0.764333650244337, 'colsample_bytree': 0.8604027931596523, 'reg_alpha': 3.092160684969332, 'reg_lambda': 3.485402373790467, 'gamma': 1.0679078691159916, 'weight_ratio_0': 1.1870168158160785, 'weight_ratio_1': 0.8253975782785247, 'max_delta_step': 6, 'scale_pos_weight': 1.7789758009550911}. Best is trial 156 with value: -0.7124208910281707.
[I 2025-12-07 13:02:29,920] Trial 187 finished with value: -0.7084640327862596 and parameters: {'learning_rate': 0.029084546556497764, 'n_estimators': 278, 'max_depth': 8, 'min_child_weight': 10, 'subsample': 0.7824174758274512, 'colsample_bytree': 0.7496438347833592, 'reg_alpha': 3.068088238685319, 'reg_lambda': 2.691203743924779, 'gamma': 1.0421036839325444, 'weight_ratio_0': 1.2725714660105167, 'weight_ratio_1': 0.825436146986271, 'max_delta_step': 6, 'scale_pos_weight': 1.876951315957359}. Best is trial 156 with value: -0.7124208910281707.
[I 2025-12-07 13:02:30,016] Trial 182 finished with value: -0.7065126488041709 and parameters: {'learning_rate': 0.030106654147046906, 'n_estimators': 296, 'max_depth': 8, 'min_child_weight': 10, 'subsample': 0.7389082768164975, 'colsample_bytree': 0.6837454053064566, 'reg_alpha': 2.946301594278171, 'reg_lambda': 3.5166277199187697, 'gamma': 1.039399739828678, 'weight_ratio_0': 1.2778185143145784, 'weight_ratio_1': 0.8170867318060072, 'max_delta_step': 6, 'scale_pos_weight': 1.797610770925839}. Best is trial 156 with value: -0.7124208910281707.
[I 2025-12-07 13:02:30,819] Trial 183 finished with value: -0.7107145814235336 and parameters: {'learning_rate': 0.029829636621348684, 'n_estimators': 294, 'max_depth': 8, 'min_child_weight': 10, 'subsample': 0.7661510503051202, 'colsample_bytree': 0.8524610148955022, 'reg_alpha': 2.776627203361519, 'reg_lambda': 3.4981202093147354, 'gamma': 1.034526412890899, 'weight_ratio_0': 1.2399573319617918, 'weight_ratio_1': 0.8217774907860271, 'max_delta_step': 6, 'scale_pos_weight': 1.7831673035586886}. Best is trial 156 with value: -0.7124208910281707.
[I 2025-12-07 13:02:31,058] Trial 186 finished with value: -0.7107741509225312 and parameters: {'learning_rate': 0.030802241493368937, 'n_estimators': 294, 'max_depth': 8, 'min_child_weight': 10, 'subsample': 0.7656045088891199, 'colsample_bytree': 0.8505433565090238, 'reg_alpha': 3.0296997532438623, 'reg_lambda': 3.4801989666685187, 'gamma': 1.2593778582756892, 'weight_ratio_0': 1.2398966143430101, 'weight_ratio_1': 0.8133410896299449, 'max_delta_step': 6, 'scale_pos_weight': 1.7857391568362364}. Best is trial 156 with value: -0.7124208910281707.
[I 2025-12-07 13:02:31,172] Trial 184 finished with value: -0.7115187477761463 and parameters: {'learning_rate': 0.03039514745195986, 'n_estimators': 302, 'max_depth': 8, 'min_child_weight': 10, 'subsample': 0.7639147009929629, 'colsample_bytree': 0.8513527249447547, 'reg_alpha': 2.808710109214628, 'reg_lambda': 3.5195718809481047, 'gamma': 1.0357465044035101, 'weight_ratio_0': 1.2764603748017334, 'weight_ratio_1': 0.8207781069287056, 'max_delta_step': 6, 'scale_pos_weight': 1.787423713833697}. Best is trial 156 with value: -0.7124208910281707.
[I 2025-12-07 13:02:31,316] Trial 185 finished with value: -0.7114918091662235 and parameters: {'learning_rate': 0.030296641367426578, 'n_estimators': 299, 'max_depth': 8, 'min_child_weight': 10, 'subsample': 0.7828101965362013, 'colsample_bytree': 0.853063671347467, 'reg_alpha': 3.1091864062167085, 'reg_lambda': 3.5150896367264317, 'gamma': 1.0639946622904455, 'weight_ratio_0': 1.2753939035517015, 'weight_ratio_1': 0.8223052421423319, 'max_delta_step': 6, 'scale_pos_weight': 1.7804278521645238}. Best is trial 156 with value: -0.7124208910281707.
[I 2025-12-07 13:02:32,705] Trial 180 finished with value: -0.7093701382543536 and parameters: {'learning_rate': 0.03036489407998737, 'n_estimators': 344, 'max_depth': 8, 'min_child_weight': 10, 'subsample': 0.7654392050997582, 'colsample_bytree': 0.8608104185015364, 'reg_alpha': 3.319076754489293, 'reg_lambda': 3.533076555199316, 'gamma': 1.0448507697573808, 'weight_ratio_0': 1.1845157357530367, 'weight_ratio_1': 0.8314764035819132, 'max_delta_step': 6, 'scale_pos_weight': 1.8661067997325802}. Best is trial 156 with value: -0.7124208910281707.
[I 2025-12-07 13:02:32,864] Trial 178 finished with value: -0.7103412486750029 and parameters: {'learning_rate': 0.030944842231569784, 'n_estimators': 350, 'max_depth': 8, 'min_child_weight': 10, 'subsample': 0.7401468080564432, 'colsample_bytree': 0.8611395903889048, 'reg_alpha': 3.097778413609558, 'reg_lambda': 3.4572637745425894, 'gamma': 1.0775294403082882, 'weight_ratio_0': 1.2989817372591366, 'weight_ratio_1': 0.8866516060207795, 'max_delta_step': 6, 'scale_pos_weight': 1.889419527763038}. Best is trial 156 with value: -0.7124208910281707.
[I 2025-12-07 13:02:32,892] Trial 181 finished with value: -0.7089674340721105 and parameters: {'learning_rate': 0.03063969255695338, 'n_estimators': 346, 'max_depth': 8, 'min_child_weight': 10, 'subsample': 0.7646180525785232, 'colsample_bytree': 0.764524347715523, 'reg_alpha': 3.1451834637467466, 'reg_lambda': 3.5196961814516983, 'gamma': 1.0394694806023508, 'weight_ratio_0': 1.1878357085192666, 'weight_ratio_1': 0.8261906868685752, 'max_delta_step': 6, 'scale_pos_weight': 1.873047260341197}. Best is trial 156 with value: -0.7124208910281707.
[I 2025-12-07 13:02:34,828] Trial 188 finished with value: -0.7111727021275723 and parameters: {'learning_rate': 0.030220497947952802, 'n_estimators': 295, 'max_depth': 8, 'min_child_weight': 10, 'subsample': 0.7846029689716503, 'colsample_bytree': 0.852420139291095, 'reg_alpha': 2.8189619521695266, 'reg_lambda': 3.5044641843021687, 'gamma': 1.2514128581558484, 'weight_ratio_0': 1.2768575999700515, 'weight_ratio_1': 0.8320466410702361, 'max_delta_step': 6, 'scale_pos_weight': 1.7833728318868705}. Best is trial 156 with value: -0.7124208910281707.
[I 2025-12-07 13:02:34,914] Trial 193 finished with value: -0.7062630523143395 and parameters: {'learning_rate': 0.029164330500832388, 'n_estimators': 313, 'max_depth': 6, 'min_child_weight': 10, 'subsample': 0.7831987392595322, 'colsample_bytree': 0.8513987018886272, 'reg_alpha': 2.740113927792403, 'reg_lambda': 2.7027451314396718, 'gamma': 1.2407931553987925, 'weight_ratio_0': 1.2365453709571468, 'weight_ratio_1': 0.8268164839264688, 'max_delta_step': 6, 'scale_pos_weight': 1.7993982282784171}. Best is trial 156 with value: -0.7124208910281707.
[I 2025-12-07 13:02:35,480] Trial 189 finished with value: -0.7110264370617453 and parameters: {'learning_rate': 0.029712684154335256, 'n_estimators': 299, 'max_depth': 8, 'min_child_weight': 10, 'subsample': 0.7855046871587527, 'colsample_bytree': 0.8524744549083244, 'reg_alpha': 2.9287482881867604, 'reg_lambda': 3.4790788847616856, 'gamma': 1.2331996906988607, 'weight_ratio_0': 1.240015953863543, 'weight_ratio_1': 0.8249910117536078, 'max_delta_step': 6, 'scale_pos_weight': 1.7946590378371075}. Best is trial 156 with value: -0.7124208910281707.
[I 2025-12-07 13:02:35,737] Trial 190 finished with value: -0.7104064658596404 and parameters: {'learning_rate': 0.030759443236734144, 'n_estimators': 300, 'max_depth': 8, 'min_child_weight': 10, 'subsample': 0.785609689546376, 'colsample_bytree': 0.8515649062751645, 'reg_alpha': 3.0526928894838217, 'reg_lambda': 2.709526500250218, 'gamma': 1.0346402505365415, 'weight_ratio_0': 1.2381928018938975, 'weight_ratio_1': 0.818933301247736, 'max_delta_step': 6, 'scale_pos_weight': 1.7900343579032827}. Best is trial 156 with value: -0.7124208910281707.
[I 2025-12-07 13:02:35,820] Trial 191 finished with value: -0.7108408157446778 and parameters: {'learning_rate': 0.03076465736637454, 'n_estimators': 289, 'max_depth': 8, 'min_child_weight': 10, 'subsample': 0.785902950481227, 'colsample_bytree': 0.8504026193304256, 'reg_alpha': 2.7246088039725924, 'reg_lambda': 2.7217515428159023, 'gamma': 1.0616652318977637, 'weight_ratio_0': 1.2413004429277683, 'weight_ratio_1': 0.8179856549588339, 'max_delta_step': 6, 'scale_pos_weight': 1.8035746367365293}. Best is trial 156 with value: -0.7124208910281707.
[I 2025-12-07 13:02:36,413] Trial 197 finished with value: -0.7013358103608538 and parameters: {'learning_rate': 0.027306507545011263, 'n_estimators': 227, 'max_depth': 6, 'min_child_weight': 10, 'subsample': 0.7875070081285274, 'colsample_bytree': 0.8483912815426222, 'reg_alpha': 2.7383417714709366, 'reg_lambda': 2.687697894063247, 'gamma': 1.2457408421846412, 'weight_ratio_0': 1.2397065240593306, 'weight_ratio_1': 0.8101544876674119, 'max_delta_step': 6, 'scale_pos_weight': 1.8200735667083598}. Best is trial 156 with value: -0.7124208910281707.
[I 2025-12-07 13:02:36,457] Trial 170 finished with value: -0.712551671410062 and parameters: {'learning_rate': 0.02976207823744427, 'n_estimators': 577, 'max_depth': 8, 'min_child_weight': 10, 'subsample': 0.7380140257782535, 'colsample_bytree': 0.8559510750791139, 'reg_alpha': 4.884325669743787, 'reg_lambda': 1.0829503985570357, 'gamma': 1.1043290873102887, 'weight_ratio_0': 1.185073524405512, 'weight_ratio_1': 0.8302216340322712, 'max_delta_step': 6, 'scale_pos_weight': 1.8787037171730852}. Best is trial 170 with value: -0.712551671410062.
[I 2025-12-07 13:02:38,205] Trial 192 finished with value: -0.7061890353434497 and parameters: {'learning_rate': 0.027476481947534888, 'n_estimators': 300, 'max_depth': 8, 'min_child_weight': 10, 'subsample': 0.7862936529352184, 'colsample_bytree': 0.6880026223564278, 'reg_alpha': 3.060069833002714, 'reg_lambda': 2.7220484975035344, 'gamma': 1.2481527986686778, 'weight_ratio_0': 1.2392806599008297, 'weight_ratio_1': 0.8188166373079983, 'max_delta_step': 6, 'scale_pos_weight': 1.7881784534511813}. Best is trial 170 with value: -0.712551671410062.
