[I 2025-12-07 13:01:15,131] Trial 121 finished with value: -0.7073268627355498 and parameters: {'learning_rate': 0.07613580638928792, 'n_estimators': 380, 'max_depth': 8, 'min_child_weight': 7, 'subsample': 0.6749083236503316, 'colsample_bytree': 0.8179685787451257, 'reg_alpha': 4.645907468544752, 'reg_lambda': 3.1875042298246776, 'gamma': 1.530847374778174, 'weight_ratio_0': 1.2625891980400432, 'weight_ratio_1': 0.8598838977924838, 'max_delta_step': 4, 'scale_pos_weight': 1.9627520359159703}. Best is trial 99 with value: -0.7122172844873055.
[I 2025-12-07 13:01:17,698] Trial 127 finished with value: -0.7100443896695188 and parameters: {'learning_rate': 0.04009774147417542, 'n_estimators': 380, 'max_depth': 8, 'min_child_weight': 10, 'subsample': 0.7521720779522327, 'colsample_bytree': 0.8758997281924931, 'reg_alpha': 4.7745278067229755, 'reg_lambda': 3.213919399971017, 'gamma': 1.3254132059074601, 'weight_ratio_0': 1.2059420859094971, 'weight_ratio_1': 0.8663019607292847, 'max_delta_step': 5, 'scale_pos_weight': 1.9789709413577987}. Best is trial 99 with value: -0.7122172844873055.
[I 2025-12-07 13:01:17,834] Trial 114 finished with value: -0.7062422758670494 and parameters: {'learning_rate': 0.07104372691411408, 'n_estimators': 513, 'max_depth': 8, 'min_child_weight': 7, 'subsample': 0.718652006818899, 'colsample_bytree': 0.8709651306350561, 'reg_alpha': 4.72674483554398, 'reg_lambda': 3.0830269371050623, 'gamma': 1.3439929321576018, 'weight_ratio_0': 1.252591525598438, 'weight_ratio_1': 0.9242536056549621, 'max_delta_step': 4, 'scale_pos_weight': 1.9975911851551371}. Best is trial 99 with value: -0.7122172844873055.
[I 2025-12-07 13:01:18,032] Trial 124 finished with value: -0.7099426759990117 and parameters: {'learning_rate': 0.04237608209949534, 'n_estimators': 387, 'max_depth': 8, 'min_child_weight': 7, 'subsample': 0.6758602969484333, 'colsample_bytree': 0.885144423905446, 'reg_alpha': 4.623787025494556, 'reg_lambda': 3.197023932325319, 'gamma': 1.3329737052426158, 'weight_ratio_0': 1.2250788849610277, 'weight_ratio_1': 0.8397782727952053, 'max_delta_step': 4, 'scale_pos_weight': 1.9751183642136305}. Best is trial 99 with value: -0.7122172844873055.
[I 2025-12-07 13:01:24,218] Trial 118 finished with value: -0.7094262088143165 and parameters: {'learning_rate': 0.04013434605207694, 'n_estimators': 381, 'max_depth': 10, 'min_child_weight': 7, 'subsample': 0.6801433176304392, 'colsample_bytree': 0.8846582134627415, 'reg_alpha': 4.675294995391648, 'reg_lambda': 3.16315297333953, 'gamma': 1.3570091458683744, 'weight_ratio_0': 1.2555953505361397, 'weight_ratio_1': 0.8521432144712491, 'max_delta_step': 1, 'scale_pos_weight': 1.9617502570751408}. Best is trial 99 with value: -0.7122172844873055.
[I 2025-12-07 13:01:24,305] Trial 122 finished with value: -0.6994756605740897 and parameters: {'learning_rate': 0.07500597825753891, 'n_estimators': 376, 'max_depth': 10, 'min_child_weight': 7, 'subsample': 0.6765870722247181, 'colsample_bytree': 0.821478178123333, 'reg_alpha': 4.6444488226809, 'reg_lambda': 3.1417557364929345, 'gamma': 1.3157479743302274, 'weight_ratio_0': 1.2597838164928077, 'weight_ratio_1': 0.8543942297925644, 'max_delta_step': 4, 'scale_pos_weight': 1.9960895565976602}. Best is trial 99 with value: -0.7122172844873055.
[I 2025-12-07 13:01:25,499] Trial 125 finished with value: -0.7099012882655847 and parameters: {'learning_rate': 0.040037817284061944, 'n_estimators': 383, 'max_depth': 10, 'min_child_weight': 10, 'subsample': 0.7548204355936481, 'colsample_bytree': 0.8161623010204329, 'reg_alpha': 4.720398414081105, 'reg_lambda': 3.200408885695981, 'gamma': 1.3500111259248346, 'weight_ratio_0': 1.2275845414094273, 'weight_ratio_1': 0.8652245662665001, 'max_delta_step': 4, 'scale_pos_weight': 1.9664294390313932}. Best is trial 99 with value: -0.7122172844873055.
[I 2025-12-07 13:01:25,673] Trial 123 finished with value: -0.7004475918456713 and parameters: {'learning_rate': 0.0756286762040634, 'n_estimators': 393, 'max_depth': 10, 'min_child_weight': 7, 'subsample': 0.7503788356412847, 'colsample_bytree': 0.823751492735468, 'reg_alpha': 4.711876617133991, 'reg_lambda': 3.190233434618677, 'gamma': 1.3095074118218357, 'weight_ratio_0': 1.21891081507972, 'weight_ratio_1': 0.8672330563607529, 'max_delta_step': 4, 'scale_pos_weight': 1.9903589388344924}. Best is trial 99 with value: -0.7122172844873055.
[I 2025-12-07 13:01:25,766] Trial 119 finished with value: -0.7079597478882379 and parameters: {'learning_rate': 0.041276719359202636, 'n_estimators': 392, 'max_depth': 10, 'min_child_weight': 7, 'subsample': 0.6717157958716649, 'colsample_bytree': 0.8854485702931215, 'reg_alpha': 4.742901378868481, 'reg_lambda': 1.919830087228108, 'gamma': 1.5450513060655864, 'weight_ratio_0': 1.265774703737685, 'weight_ratio_1': 0.8506854805161822, 'max_delta_step': 4, 'scale_pos_weight': 1.9533924459440077}. Best is trial 99 with value: -0.7122172844873055.
[I 2025-12-07 13:01:26,483] Trial 126 finished with value: -0.7106523718234993 and parameters: {'learning_rate': 0.04406282765053825, 'n_estimators': 389, 'max_depth': 10, 'min_child_weight': 10, 'subsample': 0.7517782835500746, 'colsample_bytree': 0.8760757689360378, 'reg_alpha': 4.714436445789947, 'reg_lambda': 3.234426200378584, 'gamma': 1.5535146859249418, 'weight_ratio_0': 1.220388983466575, 'weight_ratio_1': 0.8599428169047412, 'max_delta_step': 5, 'scale_pos_weight': 1.956232675460834}. Best is trial 99 with value: -0.7122172844873055.
[I 2025-12-07 13:01:27,416] Trial 128 finished with value: -0.7096893551251716 and parameters: {'learning_rate': 0.041199207774259686, 'n_estimators': 385, 'max_depth': 10, 'min_child_weight': 10, 'subsample': 0.752030087131505, 'colsample_bytree': 0.8830151436530376, 'reg_alpha': 3.502135914622051, 'reg_lambda': 3.3428622738119893, 'gamma': 1.3277727971877988, 'weight_ratio_0': 1.207393836199074, 'weight_ratio_1': 0.9205088702658661, 'max_delta_step': 5, 'scale_pos_weight': 1.9430632884306416}. Best is trial 99 with value: -0.7122172844873055.
[I 2025-12-07 13:01:29,844] Trial 129 finished with value: -0.7095827948006185 and parameters: {'learning_rate': 0.04134824607080453, 'n_estimators': 389, 'max_depth': 10, 'min_child_weight': 10, 'subsample': 0.7325393523251953, 'colsample_bytree': 0.8210567743477858, 'reg_alpha': 4.75504090725071, 'reg_lambda': 3.2423564278008703, 'gamma': 1.3190603177392963, 'weight_ratio_0': 1.2077421543963065, 'weight_ratio_1': 0.9253686130935135, 'max_delta_step': 4, 'scale_pos_weight': 1.9444164711762404}. Best is trial 99 with value: -0.7122172844873055.
[I 2025-12-07 13:01:31,686] Trial 130 finished with value: -0.7096966527707339 and parameters: {'learning_rate': 0.04088288591999996, 'n_estimators': 394, 'max_depth': 10, 'min_child_weight': 10, 'subsample': 0.753771147961412, 'colsample_bytree': 0.8205367071253681, 'reg_alpha': 4.9859602697282694, 'reg_lambda': 2.8439767386618424, 'gamma': 1.3499856037660114, 'weight_ratio_0': 1.2111957909714988, 'weight_ratio_1': 0.9232277791647796, 'max_delta_step': 4, 'scale_pos_weight': 1.9988344601973331}. Best is trial 99 with value: -0.7122172844873055.
[I 2025-12-07 13:01:35,005] Trial 117 finished with value: -0.7026428354449287 and parameters: {'learning_rate': 0.04171768128394442, 'n_estimators': 506, 'max_depth': 10, 'min_child_weight': 7, 'subsample': 0.677463250452678, 'colsample_bytree': 0.8850890329563236, 'reg_alpha': 4.667627350455801, 'reg_lambda': 3.1521314873046844, 'gamma': 1.306273758700521, 'weight_ratio_0': 1.257838257469636, 'weight_ratio_1': 0.9249024372893693, 'max_delta_step': 4, 'scale_pos_weight': 1.439835764338007}. Best is trial 99 with value: -0.7122172844873055.
[I 2025-12-07 13:01:36,709] Trial 139 finished with value: -0.7103343622807126 and parameters: {'learning_rate': 0.03691536696216857, 'n_estimators': 358, 'max_depth': 8, 'min_child_weight': 10, 'subsample': 0.7558342119564775, 'colsample_bytree': 0.8782480129165585, 'reg_alpha': 3.4534477659461067, 'reg_lambda': 2.0993415245436355, 'gamma': 1.177786328786539, 'weight_ratio_0': 1.287738883536787, 'weight_ratio_1': 0.8800331521407182, 'max_delta_step': 5, 'scale_pos_weight': 1.93954135359195}. Best is trial 99 with value: -0.7122172844873055.
[I 2025-12-07 13:01:37,122] Trial 116 finished with value: -0.7063485777143974 and parameters: {'learning_rate': 0.04459812675524387, 'n_estimators': 514, 'max_depth': 10, 'min_child_weight': 7, 'subsample': 0.6750614307859134, 'colsample_bytree': 0.8861833495107514, 'reg_alpha': 4.7059377863171115, 'reg_lambda': 3.1383175146217974, 'gamma': 1.344385258525119, 'weight_ratio_0': 1.2659761881236176, 'weight_ratio_1': 0.9250840384830222, 'max_delta_step': 4, 'scale_pos_weight': 1.9833446740214418}. Best is trial 99 with value: -0.7122172844873055.
[I 2025-12-07 13:01:37,242] Trial 135 finished with value: -0.7094105102466871 and parameters: {'learning_rate': 0.03885147883157708, 'n_estimators': 358, 'max_depth': 10, 'min_child_weight': 10, 'subsample': 0.7491536301116012, 'colsample_bytree': 0.8184368762419938, 'reg_alpha': 4.954925296897921, 'reg_lambda': 1.4589252200712672, 'gamma': 1.3274395379809198, 'weight_ratio_0': 1.2206978124010046, 'weight_ratio_1': 0.8491361801732428, 'max_delta_step': 5, 'scale_pos_weight': 1.944491438247006}. Best is trial 99 with value: -0.7122172844873055.
[I 2025-12-07 13:01:40,501] Trial 140 finished with value: -0.7110553840312934 and parameters: {'learning_rate': 0.0377183852547876, 'n_estimators': 354, 'max_depth': 8, 'min_child_weight': 10, 'subsample': 0.748450120663768, 'colsample_bytree': 0.8780836751887562, 'reg_alpha': 4.839348776748466, 'reg_lambda': 3.378633650569922, 'gamma': 1.3141669727894474, 'weight_ratio_0': 1.2834978753715796, 'weight_ratio_1': 0.8711511279311754, 'max_delta_step': 5, 'scale_pos_weight': 1.9234844017109411}. Best is trial 99 with value: -0.7122172844873055.
[I 2025-12-07 13:01:42,927] Trial 141 finished with value: -0.7110669857765131 and parameters: {'learning_rate': 0.03718289619454105, 'n_estimators': 357, 'max_depth': 8, 'min_child_weight': 10, 'subsample': 0.750982484811803, 'colsample_bytree': 0.8598261018475994, 'reg_alpha': 4.842281572029229, 'reg_lambda': 2.847513894345291, 'gamma': 1.3444497166724345, 'weight_ratio_0': 1.2852793252247048, 'weight_ratio_1': 0.8726482266082983, 'max_delta_step': 5, 'scale_pos_weight': 1.9250832458886793}. Best is trial 99 with value: -0.7122172844873055.
[I 2025-12-07 13:01:43,001] Trial 142 finished with value: -0.7117052229763767 and parameters: {'learning_rate': 0.038009229015259306, 'n_estimators': 355, 'max_depth': 8, 'min_child_weight': 10, 'subsample': 0.7497293279827427, 'colsample_bytree': 0.8579737018168148, 'reg_alpha': 3.385701523772287, 'reg_lambda': 2.8590166174657172, 'gamma': 1.2916645834321296, 'weight_ratio_0': 1.2886006759766382, 'weight_ratio_1': 0.8744725630613296, 'max_delta_step': 5, 'scale_pos_weight': 1.9285837564282589}. Best is trial 99 with value: -0.7122172844873055.
[I 2025-12-07 13:01:43,330] Trial 143 finished with value: -0.7107811198973982 and parameters: {'learning_rate': 0.03854014322047097, 'n_estimators': 357, 'max_depth': 8, 'min_child_weight': 10, 'subsample': 0.7543656308329694, 'colsample_bytree': 0.8580169207990744, 'reg_alpha': 4.843707669511043, 'reg_lambda': 2.834771736557658, 'gamma': 1.1731712583152962, 'weight_ratio_0': 1.2026071286359745, 'weight_ratio_1': 0.8479003300106429, 'max_delta_step': 5, 'scale_pos_weight': 1.9246423004111388}. Best is trial 99 with value: -0.7122172844873055.
[I 2025-12-07 13:01:44,204] Trial 131 finished with value: -0.7087494114399718 and parameters: {'learning_rate': 0.03773982338624172, 'n_estimators': 507, 'max_depth': 10, 'min_child_weight': 10, 'subsample': 0.7494393032017923, 'colsample_bytree': 0.8842933094915928, 'reg_alpha': 3.4771770433366194, 'reg_lambda': 3.3954231303487523, 'gamma': 1.5434470205985658, 'weight_ratio_0': 1.2120645822796678, 'weight_ratio_1': 0.880091064456035, 'max_delta_step': 5, 'scale_pos_weight': 1.943209363795082}. Best is trial 99 with value: -0.7122172844873055.
[I 2025-12-07 13:01:44,902] Trial 138 finished with value: -0.7096789260241411 and parameters: {'learning_rate': 0.03521565683629448, 'n_estimators': 360, 'max_depth': 10, 'min_child_weight': 10, 'subsample': 0.7514566583735048, 'colsample_bytree': 0.8226166872464591, 'reg_alpha': 3.4486642417843187, 'reg_lambda': 3.3972169638395204, 'gamma': 1.5521067377624913, 'weight_ratio_0': 1.2062171176129999, 'weight_ratio_1': 0.8495390031693303, 'max_delta_step': 5, 'scale_pos_weight': 1.9382385511089324}. Best is trial 99 with value: -0.7122172844873055.
[I 2025-12-07 13:01:45,743] Trial 132 finished with value: -0.707246765356798 and parameters: {'learning_rate': 0.04439583500816789, 'n_estimators': 514, 'max_depth': 10, 'min_child_weight': 10, 'subsample': 0.7484558755835656, 'colsample_bytree': 0.8573877486784854, 'reg_alpha': 4.985820281600996, 'reg_lambda': 1.6707220347747025, 'gamma': 1.5415828114859473, 'weight_ratio_0': 1.2100909644775626, 'weight_ratio_1': 0.8747780713471498, 'max_delta_step': 5, 'scale_pos_weight': 1.939470406730353}. Best is trial 99 with value: -0.7122172844873055.
[I 2025-12-07 13:01:45,906] Trial 133 finished with value: -0.7061271791882836 and parameters: {'learning_rate': 0.04476652154266902, 'n_estimators': 510, 'max_depth': 10, 'min_child_weight': 10, 'subsample': 0.7549353398526312, 'colsample_bytree': 0.8189230003524087, 'reg_alpha': 3.4364118208158225, 'reg_lambda': 1.3977937356851935, 'gamma': 1.3473229971460319, 'weight_ratio_0': 1.2070169628355139, 'weight_ratio_1': 0.8740530926914826, 'max_delta_step': 5, 'scale_pos_weight': 1.9988257969755798}. Best is trial 99 with value: -0.7122172844873055.
[I 2025-12-07 13:01:50,132] Trial 147 finished with value: -0.7110463381549225 and parameters: {'learning_rate': 0.038196994039927816, 'n_estimators': 344, 'max_depth': 8, 'min_child_weight': 10, 'subsample': 0.7485161936656165, 'colsample_bytree': 0.8773985699842346, 'reg_alpha': 4.866192568116454, 'reg_lambda': 3.3558211047237942, 'gamma': 1.116116811639066, 'weight_ratio_0': 1.2850222352403746, 'weight_ratio_1': 0.8775123499106883, 'max_delta_step': 5, 'scale_pos_weight': 1.9071136023042194}. Best is trial 99 with value: -0.7122172844873055.
[I 2025-12-07 13:01:50,258] Trial 146 finished with value: -0.7113387287254018 and parameters: {'learning_rate': 0.03547165980179821, 'n_estimators': 349, 'max_depth': 8, 'min_child_weight': 10, 'subsample': 0.7510073333761345, 'colsample_bytree': 0.8781216226516452, 'reg_alpha': 4.846956231258526, 'reg_lambda': 3.3818063948070964, 'gamma': 1.1687349047535147, 'weight_ratio_0': 1.2883652152411493, 'weight_ratio_1': 0.871913460733244, 'max_delta_step': 5, 'scale_pos_weight': 1.9224076016020524}. Best is trial 99 with value: -0.7122172844873055.
[I 2025-12-07 13:01:50,807] Trial 148 finished with value: -0.7110471457929627 and parameters: {'learning_rate': 0.03521548884554615, 'n_estimators': 350, 'max_depth': 8, 'min_child_weight': 10, 'subsample': 0.7543386651086381, 'colsample_bytree': 0.8586079473010295, 'reg_alpha': 4.835709652995081, 'reg_lambda': 3.3544293167159918, 'gamma': 1.1571426910468157, 'weight_ratio_0': 1.2861333672762267, 'weight_ratio_1': 0.8837289666480248, 'max_delta_step': 5, 'scale_pos_weight': 1.918901074227018}. Best is trial 99 with value: -0.7122172844873055.
[I 2025-12-07 13:01:52,629] Trial 134 finished with value: -0.710453155266091 and parameters: {'learning_rate': 0.03589567812665927, 'n_estimators': 511, 'max_depth': 10, 'min_child_weight': 10, 'subsample': 0.7322069897239076, 'colsample_bytree': 0.8780508274158203, 'reg_alpha': 4.84370996008053, 'reg_lambda': 1.3383781235533208, 'gamma': 1.3413438295445248, 'weight_ratio_0': 1.2199913238973408, 'weight_ratio_1': 0.8485782467139356, 'max_delta_step': 5, 'scale_pos_weight': 1.934668442861151}. Best is trial 99 with value: -0.7122172844873055.
[I 2025-12-07 13:01:57,501] Trial 136 finished with value: -0.7095455088444359 and parameters: {'learning_rate': 0.037258528113616775, 'n_estimators': 505, 'max_depth': 10, 'min_child_weight': 10, 'subsample': 0.7489488697610256, 'colsample_bytree': 0.8768458120072063, 'reg_alpha': 4.9714007248409064, 'reg_lambda': 1.5084620298447733, 'gamma': 1.306119846892759, 'weight_ratio_0': 1.283981191015316, 'weight_ratio_1': 0.8722336544898347, 'max_delta_step': 5, 'scale_pos_weight': 1.9281713690639877}. Best is trial 99 with value: -0.7122172844873055.
[I 2025-12-07 13:01:58,067] Trial 144 finished with value: -0.7099712389688783 and parameters: {'learning_rate': 0.03645829223343551, 'n_estimators': 364, 'max_depth': 10, 'min_child_weight': 10, 'subsample': 0.7501128353432908, 'colsample_bytree': 0.8588567672943762, 'reg_alpha': 3.4940432386426754, 'reg_lambda': 2.8632360037659774, 'gamma': 1.3242207420705796, 'weight_ratio_0': 1.2866507390303241, 'weight_ratio_1': 0.8440324475344558, 'max_delta_step': 5, 'scale_pos_weight': 1.922874399357195}. Best is trial 99 with value: -0.7122172844873055.
[I 2025-12-07 13:01:59,148] Trial 137 finished with value: -0.7084308304395943 and parameters: {'learning_rate': 0.03692204619697933, 'n_estimators': 524, 'max_depth': 10, 'min_child_weight': 10, 'subsample': 0.755557038820667, 'colsample_bytree': 0.8224179614231665, 'reg_alpha': 4.9882580131536, 'reg_lambda': 1.4300291520633914, 'gamma': 1.553144145604747, 'weight_ratio_0': 1.282651282991358, 'weight_ratio_1': 0.8709913966006347, 'max_delta_step': 5, 'scale_pos_weight': 1.9315091023800268}. Best is trial 99 with value: -0.7122172844873055.
[I 2025-12-07 13:01:59,642] Trial 149 finished with value: -0.7110047926925941 and parameters: {'learning_rate': 0.03556111391291123, 'n_estimators': 354, 'max_depth': 10, 'min_child_weight': 10, 'subsample': 0.7462911280841458, 'colsample_bytree': 0.8595680431012888, 'reg_alpha': 3.4572148174256503, 'reg_lambda': 2.884837961423416, 'gamma': 1.1579099969061117, 'weight_ratio_0': 1.1919885376041228, 'weight_ratio_1': 0.8785045871141153, 'max_delta_step': 5, 'scale_pos_weight': 1.921195952780573}. Best is trial 99 with value: -0.7122172844873055.
[I 2025-12-07 13:02:01,082] Trial 150 finished with value: -0.7115437440909056 and parameters: {'learning_rate': 0.03690703351013679, 'n_estimators': 358, 'max_depth': 10, 'min_child_weight': 10, 'subsample': 0.7497836350374067, 'colsample_bytree': 0.8599129056698585, 'reg_alpha': 4.899898663772424, 'reg_lambda': 3.352846044701619, 'gamma': 1.173324639862754, 'weight_ratio_0': 1.1961954479871542, 'weight_ratio_1': 0.8754010803568568, 'max_delta_step': 5, 'scale_pos_weight': 1.9282328285491936}. Best is trial 99 with value: -0.7122172844873055.
[I 2025-12-07 13:02:01,486] Trial 145 finished with value: -0.7104960872563021 and parameters: {'learning_rate': 0.03832892692041385, 'n_estimators': 398, 'max_depth': 10, 'min_child_weight': 10, 'subsample': 0.7543753990164804, 'colsample_bytree': 0.8781494638951313, 'reg_alpha': 4.851018512411992, 'reg_lambda': 2.8572605309870536, 'gamma': 1.176056516557396, 'weight_ratio_0': 1.2061152845676961, 'weight_ratio_1': 0.8742859666474778, 'max_delta_step': 5, 'scale_pos_weight': 1.925233955960478}. Best is trial 99 with value: -0.7122172844873055.
[I 2025-12-07 13:02:02,501] Trial 151 finished with value: -0.710790818160325 and parameters: {'learning_rate': 0.03612131895352555, 'n_estimators': 347, 'max_depth': 10, 'min_child_weight': 10, 'subsample': 0.7483857894231488, 'colsample_bytree': 0.8592310826270819, 'reg_alpha': 4.866704995448647, 'reg_lambda': 2.844450454630419, 'gamma': 1.1869765776854397, 'weight_ratio_0': 1.2894908091239499, 'weight_ratio_1': 0.8763024074261797, 'max_delta_step': 5, 'scale_pos_weight': 1.9200910193412934}. Best is trial 99 with value: -0.7122172844873055.
[I 2025-12-07 13:02:05,305] Trial 152 finished with value: -0.7116262652095832 and parameters: {'learning_rate': 0.03381335781613236, 'n_estimators': 355, 'max_depth': 10, 'min_child_weight': 10, 'subsample': 0.749613236940937, 'colsample_bytree': 0.859189265368212, 'reg_alpha': 3.4353099761638584, 'reg_lambda': 3.377049904441934, 'gamma': 1.1736393779104421, 'weight_ratio_0': 1.2992250169433934, 'weight_ratio_1': 0.8750451604619363, 'max_delta_step': 5, 'scale_pos_weight': 1.9133945237143994}. Best is trial 99 with value: -0.7122172844873055.
[I 2025-12-07 13:02:08,209] Trial 159 finished with value: -0.7101746894324537 and parameters: {'learning_rate': 0.035385732619993296, 'n_estimators': 358, 'max_depth': 8, 'min_child_weight': 10, 'subsample': 0.7760725918721227, 'colsample_bytree': 0.8582935974604297, 'reg_alpha': 3.425385043542437, 'reg_lambda': 2.8831983642203824, 'gamma': 1.180540408356741, 'weight_ratio_0': 1.2851295209549625, 'weight_ratio_1': 0.8761256833812919, 'max_delta_step': 5, 'scale_pos_weight': 1.89283375729291}. Best is trial 99 with value: -0.7122172844873055.
[I 2025-12-07 13:02:08,431] Trial 160 finished with value: -0.7113485376463015 and parameters: {'learning_rate': 0.03488620480725481, 'n_estimators': 358, 'max_depth': 8, 'min_child_weight': 10, 'subsample': 0.768533401472645, 'colsample_bytree': 0.8775228993049597, 'reg_alpha': 4.869138394341176, 'reg_lambda': 3.397966337412519, 'gamma': 1.1947416057381588, 'weight_ratio_0': 1.2975453882288437, 'weight_ratio_1': 0.8764266328434045, 'max_delta_step': 5, 'scale_pos_weight': 1.8792095907624475}. Best is trial 99 with value: -0.7122172844873055.
[I 2025-12-07 13:02:08,609] Trial 158 finished with value: -0.7104863196256909 and parameters: {'learning_rate': 0.03567986246823525, 'n_estimators': 368, 'max_depth': 8, 'min_child_weight': 10, 'subsample': 0.7728930204404711, 'colsample_bytree': 0.8583813805440915, 'reg_alpha': 4.829743179100088, 'reg_lambda': 2.823234404730188, 'gamma': 1.180659133515342, 'weight_ratio_0': 1.2995428085630407, 'weight_ratio_1': 0.8747251137076412, 'max_delta_step': 5, 'scale_pos_weight': 1.867588400311464}. Best is trial 99 with value: -0.7122172844873055.
