[I 2025-12-07 13:29:28,311] Trial 246 finished with value: -0.6998649759674337 and parameters: {'learning_rate': 0.04079762935667998, 'n_estimators': 434, 'max_depth': 6, 'min_child_weight': 6, 'subsample': 0.830757019655011, 'colsample_bytree': 0.8131270600715501, 'reg_alpha': 4.571836637545415, 'reg_lambda': 0.9153430225374293, 'gamma': 0.2391170147221141, 'weight_ratio_0': 1.1771149355782364, 'weight_ratio_1': 0.8700122655493671, 'max_delta_step': 6, 'scale_pos_weight': 1.5422988608705728}. Best is trial 156 with value: -0.7123072469417489.
[I 2025-12-07 13:29:30,499] Trial 236 finished with value: -0.7090244460506477 and parameters: {'learning_rate': 0.0434918455064419, 'n_estimators': 438, 'max_depth': 6, 'min_child_weight': 8, 'subsample': 0.8110147356013611, 'colsample_bytree': 0.7349370535100467, 'reg_alpha': 4.633834413899409, 'reg_lambda': 0.965590034620801, 'gamma': 0.39495041752211413, 'weight_ratio_0': 1.205254361469082, 'weight_ratio_1': 0.8693347197090648, 'max_delta_step': 6, 'scale_pos_weight': 1.7112565557146908}. Best is trial 156 with value: -0.7123072469417489.
[I 2025-12-07 13:29:31,099] Trial 247 finished with value: -0.7023572420817169 and parameters: {'learning_rate': 0.04121311968671086, 'n_estimators': 483, 'max_depth': 6, 'min_child_weight': 10, 'subsample': 0.8342815282912167, 'colsample_bytree': 0.8163280538764179, 'reg_alpha': 4.8632895645149, 'reg_lambda': 1.1270186289862252, 'gamma': 0.6866204020400255, 'weight_ratio_0': 1.184990483412805, 'weight_ratio_1': 0.89433789455662, 'max_delta_step': 3, 'scale_pos_weight': 1.5568587396755134}. Best is trial 156 with value: -0.7123072469417489.
[I 2025-12-07 13:29:33,028] Trial 235 finished with value: -0.7098088054519406 and parameters: {'learning_rate': 0.0478184935340095, 'n_estimators': 439, 'max_depth': 7, 'min_child_weight': 8, 'subsample': 0.7686286555921443, 'colsample_bytree': 0.8497408242221892, 'reg_alpha': 4.442561028970141, 'reg_lambda': 1.219915121277266, 'gamma': 0.41267647078877023, 'weight_ratio_0': 1.005271080539348, 'weight_ratio_1': 0.9356542736898794, 'max_delta_step': 6, 'scale_pos_weight': 1.4526909396868044}. Best is trial 156 with value: -0.7123072469417489.
[I 2025-12-07 13:29:33,471] Trial 239 finished with value: -0.7089592222595641 and parameters: {'learning_rate': 0.049415837764205536, 'n_estimators': 429, 'max_depth': 6, 'min_child_weight': 10, 'subsample': 0.8125295383891309, 'colsample_bytree': 0.7988790810239743, 'reg_alpha': 4.647149687072411, 'reg_lambda': 1.299830301777639, 'gamma': 0.39035347292350775, 'weight_ratio_0': 1.1789876513039628, 'weight_ratio_1': 0.9012478655899507, 'max_delta_step': 6, 'scale_pos_weight': 1.7291536550821776}. Best is trial 156 with value: -0.7123072469417489.
[I 2025-12-07 13:29:34,239] Trial 224 finished with value: -0.7067867510801357 and parameters: {'learning_rate': 0.04863465698685219, 'n_estimators': 709, 'max_depth': 6, 'min_child_weight': 6, 'subsample': 0.7660608824170773, 'colsample_bytree': 0.8709681462995985, 'reg_alpha': 4.1985553792872805, 'reg_lambda': 0.14656800668918102, 'gamma': 1.0096607940869071, 'weight_ratio_0': 0.8733962175807466, 'weight_ratio_1': 0.9815517696473234, 'max_delta_step': 3, 'scale_pos_weight': 1.3374504210854794}. Best is trial 156 with value: -0.7123072469417489.
[I 2025-12-07 13:29:34,661] Trial 243 finished with value: -0.7080359111283161 and parameters: {'learning_rate': 0.042708374563280006, 'n_estimators': 480, 'max_depth': 7, 'min_child_weight': 10, 'subsample': 0.7386880156632436, 'colsample_bytree': 0.7949808842632957, 'reg_alpha': 4.611980588900772, 'reg_lambda': 1.1878733552216516, 'gamma': 0.7023110215045992, 'weight_ratio_0': 1.1983699833867527, 'weight_ratio_1': 0.8922296052488587, 'max_delta_step': 3, 'scale_pos_weight': 1.540207975746881}. Best is trial 156 with value: -0.7123072469417489.
[I 2025-12-07 13:29:35,148] Trial 241 finished with value: -0.7072777000408271 and parameters: {'learning_rate': 0.05892251178354294, 'n_estimators': 430, 'max_depth': 6, 'min_child_weight': 10, 'subsample': 0.7657503398807625, 'colsample_bytree': 0.8015483937087987, 'reg_alpha': 4.610429652652178, 'reg_lambda': 1.2147961353744636, 'gamma': 0.4136099518616919, 'weight_ratio_0': 1.1454514085462102, 'weight_ratio_1': 0.8870873455727039, 'max_delta_step': 3, 'scale_pos_weight': 1.7792427812942098}. Best is trial 156 with value: -0.7123072469417489.
[I 2025-12-07 13:29:35,282] Trial 242 finished with value: -0.7087429404259823 and parameters: {'learning_rate': 0.04796610641936856, 'n_estimators': 426, 'max_depth': 6, 'min_child_weight': 10, 'subsample': 0.8305965050784611, 'colsample_bytree': 0.8011893885413931, 'reg_alpha': 4.602941580657442, 'reg_lambda': 1.2651671278149506, 'gamma': 0.2168844746490661, 'weight_ratio_0': 1.1888102991654494, 'weight_ratio_1': 0.8927699388203995, 'max_delta_step': 3, 'scale_pos_weight': 1.7640166033143503}. Best is trial 156 with value: -0.7123072469417489.
[I 2025-12-07 13:29:36,811] Trial 244 finished with value: -0.7076857034186766 and parameters: {'learning_rate': 0.042405971874995785, 'n_estimators': 434, 'max_depth': 6, 'min_child_weight': 10, 'subsample': 0.8653067312353797, 'colsample_bytree': 0.8124530389878628, 'reg_alpha': 4.630511439736205, 'reg_lambda': 1.1994928301500334, 'gamma': 1.7326299016054802, 'weight_ratio_0': 1.1417642104340253, 'weight_ratio_1': 0.8526535513079546, 'max_delta_step': 6, 'scale_pos_weight': 1.786107533133846}. Best is trial 156 with value: -0.7123072469417489.
[I 2025-12-07 13:29:36,993] Trial 245 finished with value: -0.7072920385063584 and parameters: {'learning_rate': 0.036662293413430684, 'n_estimators': 422, 'max_depth': 6, 'min_child_weight': 10, 'subsample': 0.833840725636898, 'colsample_bytree': 0.8145992782786293, 'reg_alpha': 4.596875505814892, 'reg_lambda': 1.1598704818629935, 'gamma': 0.2159311450840622, 'weight_ratio_0': 1.188967264279461, 'weight_ratio_1': 0.8904264344113952, 'max_delta_step': 6, 'scale_pos_weight': 1.7185311831321786}. Best is trial 156 with value: -0.7123072469417489.
[I 2025-12-07 13:29:37,155] Trial 240 finished with value: -0.7084080819681328 and parameters: {'learning_rate': 0.04127039840375155, 'n_estimators': 486, 'max_depth': 6, 'min_child_weight': 10, 'subsample': 0.8318399986184232, 'colsample_bytree': 0.7959977490945943, 'reg_alpha': 4.6209288657354195, 'reg_lambda': 1.1857413475637595, 'gamma': 0.3781294409946382, 'weight_ratio_0': 1.186552423123361, 'weight_ratio_1': 0.8787711513521748, 'max_delta_step': 3, 'scale_pos_weight': 1.7710759606327298}. Best is trial 156 with value: -0.7123072469417489.
[I 2025-12-07 13:29:37,277] Trial 252 finished with value: -0.7036234806189631 and parameters: {'learning_rate': 0.04518556412626428, 'n_estimators': 279, 'max_depth': 7, 'min_child_weight': 9, 'subsample': 0.8485190406779126, 'colsample_bytree': 0.8118389698102475, 'reg_alpha': 4.90771842163339, 'reg_lambda': 0.9697128434170724, 'gamma': 0.2211281923224947, 'weight_ratio_0': 1.1970207819331584, 'weight_ratio_1': 0.9710268236089831, 'max_delta_step': 6, 'scale_pos_weight': 1.75245022586192}. Best is trial 156 with value: -0.7123072469417489.
[I 2025-12-07 13:29:40,004] Trial 253 finished with value: -0.7070824845123598 and parameters: {'learning_rate': 0.08021924460418665, 'n_estimators': 428, 'max_depth': 6, 'min_child_weight': 9, 'subsample': 0.7960029145643701, 'colsample_bytree': 0.8176659006469194, 'reg_alpha': 4.747734339010716, 'reg_lambda': 0.6854129166124582, 'gamma': 0.23095739952174887, 'weight_ratio_0': 1.1927840427482599, 'weight_ratio_1': 0.8889693372757753, 'max_delta_step': 3, 'scale_pos_weight': 1.5483994345138627}. Best is trial 156 with value: -0.7123072469417489.
[I 2025-12-07 13:29:40,168] Trial 255 finished with value: -0.7055578752990086 and parameters: {'learning_rate': 0.07958774330268674, 'n_estimators': 423, 'max_depth': 6, 'min_child_weight': 9, 'subsample': 0.8332945249279671, 'colsample_bytree': 0.8005878085454644, 'reg_alpha': 4.860690207084679, 'reg_lambda': 1.0130786855021194, 'gamma': 0.4127308282106163, 'weight_ratio_0': 1.171555915047728, 'weight_ratio_1': 0.8922914238901727, 'max_delta_step': 6, 'scale_pos_weight': 1.5469276818055286}. Best is trial 156 with value: -0.7123072469417489.
[I 2025-12-07 13:29:43,639] Trial 237 finished with value: -0.7118837886089713 and parameters: {'learning_rate': 0.04082504744462996, 'n_estimators': 709, 'max_depth': 6, 'min_child_weight': 10, 'subsample': 0.7663022275393138, 'colsample_bytree': 0.8000295555599894, 'reg_alpha': 4.614320031778999, 'reg_lambda': 1.1631202353201242, 'gamma': 0.40031961806436833, 'weight_ratio_0': 1.1768594882209458, 'weight_ratio_1': 0.8999306903497787, 'max_delta_step': 6, 'scale_pos_weight': 1.724459244178894}. Best is trial 156 with value: -0.7123072469417489.
[I 2025-12-07 13:29:44,256] Trial 248 finished with value: -0.7106497110773183 and parameters: {'learning_rate': 0.0444002767737903, 'n_estimators': 429, 'max_depth': 8, 'min_child_weight': 10, 'subsample': 0.8654452711436676, 'colsample_bytree': 0.7813166015166414, 'reg_alpha': 4.621289823070931, 'reg_lambda': 1.1361312993034267, 'gamma': 0.612173917775696, 'weight_ratio_0': 1.1834002139178121, 'weight_ratio_1': 0.8884824501869244, 'max_delta_step': 3, 'scale_pos_weight': 1.782227128682509}. Best is trial 156 with value: -0.7123072469417489.
[I 2025-12-07 13:29:44,941] Trial 249 finished with value: -0.7103441546854968 and parameters: {'learning_rate': 0.044968273962059206, 'n_estimators': 426, 'max_depth': 8, 'min_child_weight': 10, 'subsample': 0.8477684963700663, 'colsample_bytree': 0.7826630796152939, 'reg_alpha': 4.7160716702802645, 'reg_lambda': 0.9768297137144784, 'gamma': 0.7108558320168532, 'weight_ratio_0': 1.1851562250121064, 'weight_ratio_1': 0.8896945226392512, 'max_delta_step': 8, 'scale_pos_weight': 1.780990030652453}. Best is trial 156 with value: -0.7123072469417489.
[I 2025-12-07 13:29:45,042] Trial 254 finished with value: -0.7089048809368771 and parameters: {'learning_rate': 0.0806621448177763, 'n_estimators': 427, 'max_depth': 6, 'min_child_weight': 9, 'subsample': 0.7982343086275493, 'colsample_bytree': 0.800502701121299, 'reg_alpha': 4.84868285821048, 'reg_lambda': 0.9598825533253811, 'gamma': 0.4318406411982498, 'weight_ratio_0': 1.1921459691441312, 'weight_ratio_1': 0.8913307109462147, 'max_delta_step': 6, 'scale_pos_weight': 1.7352172073077727}. Best is trial 156 with value: -0.7123072469417489.
[I 2025-12-07 13:29:46,570] Trial 256 finished with value: -0.7087332016985727 and parameters: {'learning_rate': 0.0810907110877896, 'n_estimators': 430, 'max_depth': 6, 'min_child_weight': 9, 'subsample': 0.8649008206638794, 'colsample_bytree': 0.7943489108674656, 'reg_alpha': 1.3807129317416862, 'reg_lambda': 0.6631741965781267, 'gamma': 0.6159252076485422, 'weight_ratio_0': 1.2081541694722875, 'weight_ratio_1': 1.007843283993427, 'max_delta_step': 6, 'scale_pos_weight': 1.5425961045308583}. Best is trial 156 with value: -0.7123072469417489.
[I 2025-12-07 13:29:46,660] Trial 251 finished with value: -0.7111623977232125 and parameters: {'learning_rate': 0.04551975134143641, 'n_estimators': 425, 'max_depth': 8, 'min_child_weight': 9, 'subsample': 0.8491315614880085, 'colsample_bytree': 0.8134504612648316, 'reg_alpha': 4.466883045599423, 'reg_lambda': 0.9822925159736295, 'gamma': 0.22497925749499575, 'weight_ratio_0': 1.181763041781442, 'weight_ratio_1': 0.8882884006049984, 'max_delta_step': 7, 'scale_pos_weight': 1.5464163104829673}. Best is trial 156 with value: -0.7123072469417489.
[I 2025-12-07 13:29:47,209] Trial 257 finished with value: -0.7024099524380141 and parameters: {'learning_rate': 0.04558545301780894, 'n_estimators': 406, 'max_depth': 6, 'min_child_weight': 9, 'subsample': 0.8330652761032774, 'colsample_bytree': 0.7988390203561522, 'reg_alpha': 4.866881377318316, 'reg_lambda': 0.9355806719065443, 'gamma': 0.4150475519185983, 'weight_ratio_0': 1.2034137060753642, 'weight_ratio_1': 1.010335779110457, 'max_delta_step': 6, 'scale_pos_weight': 1.7626975531842908}. Best is trial 156 with value: -0.7123072469417489.
[I 2025-12-07 13:29:47,698] Trial 258 finished with value: -0.7100146730489957 and parameters: {'learning_rate': 0.07169131973161358, 'n_estimators': 408, 'max_depth': 6, 'min_child_weight': 9, 'subsample': 0.7969233061727825, 'colsample_bytree': 0.8115554369296339, 'reg_alpha': 4.8846705380895115, 'reg_lambda': 3.229815214778847, 'gamma': 0.6820732048281996, 'weight_ratio_0': 1.196008564400859, 'weight_ratio_1': 0.8880522008635958, 'max_delta_step': 6, 'scale_pos_weight': 1.7773160585765144}. Best is trial 156 with value: -0.7123072469417489.
[I 2025-12-07 13:29:50,061] Trial 232 finished with value: -0.706383127776074 and parameters: {'learning_rate': 0.043660988600925765, 'n_estimators': 707, 'max_depth': 8, 'min_child_weight': 8, 'subsample': 0.7632180164385423, 'colsample_bytree': 0.7820949769679564, 'reg_alpha': 4.643578697520206, 'reg_lambda': 1.1537317333389516, 'gamma': 0.38051647526163673, 'weight_ratio_0': 1.1417873749814103, 'weight_ratio_1': 0.8735616660990732, 'max_delta_step': 7, 'scale_pos_weight': 1.4571514198721334}. Best is trial 156 with value: -0.7123072469417489.
[I 2025-12-07 13:29:51,255] Trial 264 finished with value: -0.7097618616973137 and parameters: {'learning_rate': 0.08021975246184196, 'n_estimators': 288, 'max_depth': 7, 'min_child_weight': 9, 'subsample': 0.8477258531273373, 'colsample_bytree': 0.8015070692059559, 'reg_alpha': 4.740509210233194, 'reg_lambda': 0.7266333824846806, 'gamma': 0.452671542334815, 'weight_ratio_0': 1.2404745503094556, 'weight_ratio_1': 1.0160626401275121, 'max_delta_step': 6, 'scale_pos_weight': 1.3993359811097335}. Best is trial 156 with value: -0.7123072469417489.
[I 2025-12-07 13:29:51,889] Trial 259 finished with value: -0.7096582800541619 and parameters: {'learning_rate': 0.08109517306456278, 'n_estimators': 415, 'max_depth': 7, 'min_child_weight': 9, 'subsample': 0.8646388181117615, 'colsample_bytree': 0.7822919022653552, 'reg_alpha': 2.4119564330387906, 'reg_lambda': 3.077306199624658, 'gamma': 0.3707484113214613, 'weight_ratio_0': 1.1836320155250735, 'weight_ratio_1': 0.8907828325793506, 'max_delta_step': 6, 'scale_pos_weight': 1.7506593786201599}. Best is trial 156 with value: -0.7123072469417489.
[I 2025-12-07 13:29:52,534] Trial 278 finished with value: -0.679516028503459 and parameters: {'learning_rate': 0.046012552594885944, 'n_estimators': 406, 'max_depth': 6, 'min_child_weight': 10, 'subsample': 0.7727431402489602, 'colsample_bytree': 0.7799604771078018, 'reg_alpha': 4.459183573550302, 'reg_lambda': 0.8642330243772379, 'gamma': 0.46330381717564917, 'weight_ratio_0': 1.2461491262017241, 'weight_ratio_1': 0.9030057724698682, 'max_delta_step': 4, 'scale_pos_weight': 1.4004200969805856}. Best is trial 156 with value: -0.7123072469417489.
[I 2025-12-07 13:29:52,577] Trial 263 finished with value: -0.7072844163191295 and parameters: {'learning_rate': 0.045519911317838876, 'n_estimators': 414, 'max_depth': 7, 'min_child_weight': 9, 'subsample': 0.8473717555098427, 'colsample_bytree': 0.8521768657930804, 'reg_alpha': 4.828842625668538, 'reg_lambda': 0.4276097501126366, 'gamma': 0.474201213050855, 'weight_ratio_0': 1.2312041012070436, 'weight_ratio_1': 1.003656621763806, 'max_delta_step': 8, 'scale_pos_weight': 1.4046354381500334}. Best is trial 156 with value: -0.7123072469417489.
[I 2025-12-07 13:29:53,480] Trial 265 finished with value: -0.707392159197541 and parameters: {'learning_rate': 0.04672512119417502, 'n_estimators': 409, 'max_depth': 7, 'min_child_weight': 9, 'subsample': 0.7974891501963817, 'colsample_bytree': 0.7833001628184417, 'reg_alpha': 4.4770112916430245, 'reg_lambda': 3.180217643475304, 'gamma': 0.3564931484013898, 'weight_ratio_0': 1.2411301088800426, 'weight_ratio_1': 1.0082924181786475, 'max_delta_step': 6, 'scale_pos_weight': 1.4019860091078518}. Best is trial 156 with value: -0.7123072469417489.
[I 2025-12-07 13:29:54,275] Trial 261 finished with value: -0.7084762712277254 and parameters: {'learning_rate': 0.0800694701889756, 'n_estimators': 402, 'max_depth': 7, 'min_child_weight': 9, 'subsample': 0.8668463393665761, 'colsample_bytree': 0.8017908905299229, 'reg_alpha': 4.845014184732333, 'reg_lambda': 0.7947771576745228, 'gamma': 0.8384968913932896, 'weight_ratio_0': 1.1968345333449308, 'weight_ratio_1': 1.0099861957583756, 'max_delta_step': 6, 'scale_pos_weight': 1.7614362985609893}. Best is trial 156 with value: -0.7123072469417489.
[I 2025-12-07 13:29:55,287] Trial 279 finished with value: -0.6990109532432541 and parameters: {'learning_rate': 0.04480607258806679, 'n_estimators': 406, 'max_depth': 8, 'min_child_weight': 10, 'subsample': 0.844192062486219, 'colsample_bytree': 0.7813037619530113, 'reg_alpha': 4.737643204429845, 'reg_lambda': 0.8183088144444077, 'gamma': 0.47314827333375964, 'weight_ratio_0': 1.1741342820906406, 'weight_ratio_1': 0.9020629619310043, 'max_delta_step': 8, 'scale_pos_weight': 1.3939532610951064}. Best is trial 156 with value: -0.7123072469417489.
[I 2025-12-07 13:29:55,748] Trial 280 finished with value: -0.6970833929317356 and parameters: {'learning_rate': 0.047859927202393404, 'n_estimators': 455, 'max_depth': 8, 'min_child_weight': 10, 'subsample': 0.8572496813052942, 'colsample_bytree': 0.7834340756967979, 'reg_alpha': 4.480140229076661, 'reg_lambda': 1.0792812584579414, 'gamma': 0.48084723706748883, 'weight_ratio_0': 1.2241862682566196, 'weight_ratio_1': 0.9071351780254211, 'max_delta_step': 4, 'scale_pos_weight': 1.399764265959928}. Best is trial 156 with value: -0.7123072469417489.
[I 2025-12-07 13:29:56,879] Trial 262 finished with value: -0.7048810903117504 and parameters: {'learning_rate': 0.04665252595984845, 'n_estimators': 408, 'max_depth': 7, 'min_child_weight': 9, 'subsample': 0.8651104952169888, 'colsample_bytree': 0.8521358990379886, 'reg_alpha': 4.732739381270648, 'reg_lambda': 0.788998942946378, 'gamma': 0.4773143331703308, 'weight_ratio_0': 1.167691839808127, 'weight_ratio_1': 1.0081553650329058, 'max_delta_step': 6, 'scale_pos_weight': 1.7449433281797535}. Best is trial 156 with value: -0.7123072469417489.
[I 2025-12-07 13:29:57,762] Trial 272 finished with value: -0.7106461419447937 and parameters: {'learning_rate': 0.07908557445686813, 'n_estimators': 294, 'max_depth': 7, 'min_child_weight': 9, 'subsample': 0.7511910285158392, 'colsample_bytree': 0.8486949257771105, 'reg_alpha': 2.403755146345324, 'reg_lambda': 0.7653744256756161, 'gamma': 0.47015170521448996, 'weight_ratio_0': 1.1228487491187824, 'weight_ratio_1': 1.0057697183616527, 'max_delta_step': 6, 'scale_pos_weight': 1.3927259679515114}. Best is trial 156 with value: -0.7123072469417489.
[I 2025-12-07 13:29:58,329] Trial 267 finished with value: -0.7102372599096082 and parameters: {'learning_rate': 0.07923270470923738, 'n_estimators': 399, 'max_depth': 7, 'min_child_weight': 9, 'subsample': 0.8645633918121285, 'colsample_bytree': 0.8516249025994662, 'reg_alpha': 4.751443411086104, 'reg_lambda': 3.25530239915253, 'gamma': 0.47464339570027525, 'weight_ratio_0': 1.2262133598086609, 'weight_ratio_1': 1.0080191227036444, 'max_delta_step': 6, 'scale_pos_weight': 1.3883874012573763}. Best is trial 156 with value: -0.7123072469417489.
[I 2025-12-07 13:29:58,511] Trial 286 finished with value: -0.6862652391140749 and parameters: {'learning_rate': 0.07210671563640232, 'n_estimators': 530, 'max_depth': 8, 'min_child_weight': 9, 'subsample': 0.8605636648478205, 'colsample_bytree': 0.7841500141724057, 'reg_alpha': 4.7402223020649945, 'reg_lambda': 3.2210101699225553, 'gamma': 0.7574753452239178, 'weight_ratio_0': 1.2373007453567786, 'weight_ratio_1': 0.9052908568080439, 'max_delta_step': 6, 'scale_pos_weight': 1.404059784298948}. Best is trial 156 with value: -0.7123072469417489.
[I 2025-12-07 13:29:59,181] Trial 266 finished with value: -0.7123813506222443 and parameters: {'learning_rate': 0.04636637796843546, 'n_estimators': 406, 'max_depth': 7, 'min_child_weight': 9, 'subsample': 0.8656415385300109, 'colsample_bytree': 0.8507276481514952, 'reg_alpha': 4.87016973451697, 'reg_lambda': 0.4284904421149377, 'gamma': 0.6146201281375887, 'weight_ratio_0': 1.196870929627317, 'weight_ratio_1': 1.0130082794528328, 'max_delta_step': 6, 'scale_pos_weight': 1.4037927406177804}. Best is trial 266 with value: -0.7123813506222443.
[I 2025-12-07 13:30:00,507] Trial 270 finished with value: -0.7095968714857216 and parameters: {'learning_rate': 0.07043139649221607, 'n_estimators': 400, 'max_depth': 7, 'min_child_weight': 9, 'subsample': 0.8468700823778139, 'colsample_bytree': 0.8611693924734389, 'reg_alpha': 4.46046455666786, 'reg_lambda': 3.378281939010585, 'gamma': 0.6123867297011901, 'weight_ratio_0': 1.2325064601834412, 'weight_ratio_1': 1.011457808230739, 'max_delta_step': 6, 'scale_pos_weight': 1.3984444134619942}. Best is trial 266 with value: -0.7123813506222443.
[I 2025-12-07 13:30:00,593] Trial 260 finished with value: -0.7093305970226215 and parameters: {'learning_rate': 0.07370311783919328, 'n_estimators': 534, 'max_depth': 7, 'min_child_weight': 9, 'subsample': 0.8336292756119685, 'colsample_bytree': 0.7836786646129146, 'reg_alpha': 4.8124573796711605, 'reg_lambda': 0.8012959253481186, 'gamma': 0.3684082252025952, 'weight_ratio_0': 1.1995579064301962, 'weight_ratio_1': 0.8901301878268125, 'max_delta_step': 6, 'scale_pos_weight': 1.5561963070142848}. Best is trial 266 with value: -0.7123813506222443.
