[I 2025-12-07 13:49:49,421] Trial 93 finished with value: -0.6304164360735689 and parameters: {'learning_rate': 0.058462487719407645, 'n_estimators': 102, 'max_depth': 9, 'min_child_weight': 8, 'subsample': 0.6948575108584907, 'colsample_bytree': 0.6847972774481411, 'reg_alpha': 3.7077119832216505, 'reg_lambda': 2.681925222670658, 'gamma': 0.4473347348488098, 'weight_ratio_0': 1.4167229650516768, 'weight_ratio_1': 0.5907219005240584, 'max_delta_step': 10, 'scale_pos_weight': 1.6005565420066608}. Best is trial 33 with value: -0.6535138684398821.
[I 2025-12-07 13:49:50,613] Trial 90 finished with value: -0.6177077757134698 and parameters: {'learning_rate': 0.05137108169267177, 'n_estimators': 98, 'max_depth': 9, 'min_child_weight': 7, 'subsample': 0.699944119646912, 'colsample_bytree': 0.6913471152264035, 'reg_alpha': 4.6584284203876845, 'reg_lambda': 2.714565015180534, 'gamma': 0.1752908590847652, 'weight_ratio_0': 1.7164086462178978, 'weight_ratio_1': 1.3939115627441976, 'max_delta_step': 10, 'scale_pos_weight': 1.5809485475928409}. Best is trial 33 with value: -0.6535138684398821.
[I 2025-12-07 13:49:51,083] Trial 82 finished with value: -0.6286576042907326 and parameters: {'learning_rate': 0.04871382217891924, 'n_estimators': 172, 'max_depth': 9, 'min_child_weight': 7, 'subsample': 0.6543690933303274, 'colsample_bytree': 0.8353010419810508, 'reg_alpha': 4.645405082600164, 'reg_lambda': 1.2862288028449331, 'gamma': 1.8563210856120678, 'weight_ratio_0': 0.888907403754092, 'weight_ratio_1': 1.4008005033330544, 'max_delta_step': 5, 'scale_pos_weight': 0.7923834611180918}. Best is trial 33 with value: -0.6535138684398821.
[I 2025-12-07 13:49:51,327] Trial 89 finished with value: -0.47607170106915175 and parameters: {'learning_rate': 0.04750607789110204, 'n_estimators': 109, 'max_depth': 9, 'min_child_weight': 7, 'subsample': 0.6999137505573532, 'colsample_bytree': 0.6895875495351537, 'reg_alpha': 3.688383871400248, 'reg_lambda': 2.277250462350684, 'gamma': 1.8523222055439532, 'weight_ratio_0': 0.9154972403784145, 'weight_ratio_1': 1.36216174078682, 'max_delta_step': 10, 'scale_pos_weight': 1.6251088790923696}. Best is trial 33 with value: -0.6535138684398821.
[I 2025-12-07 13:49:52,602] Trial 85 finished with value: -0.5395269532633575 and parameters: {'learning_rate': 0.08478705506489224, 'n_estimators': 159, 'max_depth': 9, 'min_child_weight': 7, 'subsample': 0.7024755603469072, 'colsample_bytree': 0.837263595003185, 'reg_alpha': 4.639623207365702, 'reg_lambda': 1.347293178900544, 'gamma': 1.8550570920091038, 'weight_ratio_0': 0.8934312640091946, 'weight_ratio_1': 1.3577297433379738, 'max_delta_step': 5, 'scale_pos_weight': 1.6348174065241985}. Best is trial 33 with value: -0.6535138684398821.
[I 2025-12-07 13:49:52,801] Trial 91 finished with value: -0.5774384602203274 and parameters: {'learning_rate': 0.049723761067130695, 'n_estimators': 124, 'max_depth': 9, 'min_child_weight': 7, 'subsample': 0.7076421582078442, 'colsample_bytree': 0.689293521624882, 'reg_alpha': 3.6932042527457853, 'reg_lambda': 2.3515888385500205, 'gamma': 0.4763550348707366, 'weight_ratio_0': 1.3890575317212623, 'weight_ratio_1': 1.355915775141408, 'max_delta_step': 10, 'scale_pos_weight': 1.63581391475097}. Best is trial 33 with value: -0.6535138684398821.
[I 2025-12-07 13:49:53,206] Trial 87 finished with value: -0.5461374828575204 and parameters: {'learning_rate': 0.049429072131132006, 'n_estimators': 160, 'max_depth': 9, 'min_child_weight': 7, 'subsample': 0.6984833775997769, 'colsample_bytree': 0.8351575830083787, 'reg_alpha': 4.640180282375628, 'reg_lambda': 2.283825699999595, 'gamma': 0.44753654040301777, 'weight_ratio_0': 0.6038048066299068, 'weight_ratio_1': 0.7110234668399892, 'max_delta_step': 10, 'scale_pos_weight': 1.6246458442530094}. Best is trial 33 with value: -0.6535138684398821.
[I 2025-12-07 13:49:53,339] Trial 86 finished with value: -0.5353582669738354 and parameters: {'learning_rate': 0.0854154991764299, 'n_estimators': 164, 'max_depth': 9, 'min_child_weight': 7, 'subsample': 0.6489183914742684, 'colsample_bytree': 0.8391334647049572, 'reg_alpha': 4.63242617769634, 'reg_lambda': 0.4967815368091321, 'gamma': 1.8359765544049935, 'weight_ratio_0': 0.8657158210434921, 'weight_ratio_1': 1.3773399762686076, 'max_delta_step': 5, 'scale_pos_weight': 1.619772552532002}. Best is trial 33 with value: -0.6535138684398821.
[I 2025-12-07 13:49:53,437] Trial 92 finished with value: -0.6286656494443761 and parameters: {'learning_rate': 0.05142444917804692, 'n_estimators': 114, 'max_depth': 9, 'min_child_weight': 8, 'subsample': 0.7060790048914865, 'colsample_bytree': 0.6859234924016903, 'reg_alpha': 3.6618412363263717, 'reg_lambda': 2.3502130545941524, 'gamma': 0.433945249507811, 'weight_ratio_0': 1.388324677114443, 'weight_ratio_1': 1.0668169015990623, 'max_delta_step': 10, 'scale_pos_weight': 1.5898394996366407}. Best is trial 33 with value: -0.6535138684398821.
[I 2025-12-07 13:49:54,885] Trial 88 finished with value: -0.53522525158815 and parameters: {'learning_rate': 0.08608146722454701, 'n_estimators': 166, 'max_depth': 9, 'min_child_weight': 7, 'subsample': 0.6945531008232896, 'colsample_bytree': 0.8118475383801059, 'reg_alpha': 4.654315661458848, 'reg_lambda': 2.7509895139304756, 'gamma': 1.851464157358163, 'weight_ratio_0': 0.8712755700907299, 'weight_ratio_1': 1.3666801188596915, 'max_delta_step': 10, 'scale_pos_weight': 1.656281768337385}. Best is trial 33 with value: -0.6535138684398821.
[I 2025-12-07 13:49:56,044] Trial 94 finished with value: -0.6399973957851571 and parameters: {'learning_rate': 0.08660129321690183, 'n_estimators': 131, 'max_depth': 9, 'min_child_weight': 8, 'subsample': 0.700239831963414, 'colsample_bytree': 0.6891877468681786, 'reg_alpha': 4.71741170570878, 'reg_lambda': 2.391042467704312, 'gamma': 0.4644800974876156, 'weight_ratio_0': 1.3873375519080926, 'weight_ratio_1': 1.0531239189101995, 'max_delta_step': 10, 'scale_pos_weight': 1.590265704814488}. Best is trial 33 with value: -0.6535138684398821.
[I 2025-12-07 13:49:57,638] Trial 102 finished with value: -0.5527288230008282 and parameters: {'learning_rate': 0.0834385609683788, 'n_estimators': 138, 'max_depth': 3, 'min_child_weight': 8, 'subsample': 0.7139200404572915, 'colsample_bytree': 0.7727305182223992, 'reg_alpha': 3.531819512885452, 'reg_lambda': 3.805178903693157, 'gamma': 0.11786969733184441, 'weight_ratio_0': 1.271987189425539, 'weight_ratio_1': 0.9739250151972305, 'max_delta_step': 9, 'scale_pos_weight': 1.907125172830704}. Best is trial 33 with value: -0.6535138684398821.
[I 2025-12-07 13:49:58,517] Trial 98 finished with value: -0.6393203823238162 and parameters: {'learning_rate': 0.08522633004037515, 'n_estimators': 135, 'max_depth': 9, 'min_child_weight': 8, 'subsample': 0.7002423168921488, 'colsample_bytree': 0.6970236480486999, 'reg_alpha': 3.6794127024009278, 'reg_lambda': 2.2699156388861192, 'gamma': 0.09497272132997403, 'weight_ratio_0': 1.398547790274162, 'weight_ratio_1': 1.0780363696430963, 'max_delta_step': 10, 'scale_pos_weight': 1.5976847139147003}. Best is trial 33 with value: -0.6535138684398821.
[I 2025-12-07 13:49:58,837] Trial 104 finished with value: -0.32375896126905496 and parameters: {'learning_rate': 0.08632189546560806, 'n_estimators': 132, 'max_depth': 3, 'min_child_weight': 8, 'subsample': 0.662904153510257, 'colsample_bytree': 0.7685831268937908, 'reg_alpha': 3.473812634645536, 'reg_lambda': 0.5195018013481064, 'gamma': 0.10192701591042196, 'weight_ratio_0': 0.5599481517674838, 'weight_ratio_1': 1.2207581986023834, 'max_delta_step': 9, 'scale_pos_weight': 1.4245970304947893}. Best is trial 33 with value: -0.6535138684398821.
[I 2025-12-07 13:50:00,234] Trial 103 finished with value: -0.6120110285095194 and parameters: {'learning_rate': 0.08801576083681954, 'n_estimators': 283, 'max_depth': 4, 'min_child_weight': 8, 'subsample': 0.664915829010445, 'colsample_bytree': 0.7009692569900353, 'reg_alpha': 3.489033775208304, 'reg_lambda': 2.9231901533046836, 'gamma': 0.12310988373917157, 'weight_ratio_0': 1.275092241908173, 'weight_ratio_1': 1.0672868801046986, 'max_delta_step': 9, 'scale_pos_weight': 1.4395030477077935}. Best is trial 33 with value: -0.6535138684398821.
[I 2025-12-07 13:50:01,690] Trial 67 finished with value: -0.590831639253211 and parameters: {'learning_rate': 0.0648273859496111, 'n_estimators': 481, 'max_depth': 8, 'min_child_weight': 10, 'subsample': 0.8851753327192461, 'colsample_bytree': 0.72485447677915, 'reg_alpha': 3.9472173307687304, 'reg_lambda': 0.10840255380648921, 'gamma': 0.36841552792584065, 'weight_ratio_0': 0.6421112683596417, 'weight_ratio_1': 1.5017176566878563, 'max_delta_step': 5, 'scale_pos_weight': 0.8512305400823084}. Best is trial 33 with value: -0.6535138684398821.
[I 2025-12-07 13:50:02,371] Trial 101 finished with value: -0.5493156899901303 and parameters: {'learning_rate': 0.08451206499444662, 'n_estimators': 289, 'max_depth': 3, 'min_child_weight': 8, 'subsample': 0.7094267439871899, 'colsample_bytree': 0.7720307388707658, 'reg_alpha': 3.492035795159937, 'reg_lambda': 2.3607515705286657, 'gamma': 0.10703989980819073, 'weight_ratio_0': 1.2807783213273671, 'weight_ratio_1': 1.0788764769970471, 'max_delta_step': 9, 'scale_pos_weight': 1.8598830401522508}. Best is trial 33 with value: -0.6535138684398821.
[I 2025-12-07 13:50:04,071] Trial 106 finished with value: -0.4356869961060678 and parameters: {'learning_rate': 0.08634792444622494, 'n_estimators': 269, 'max_depth': 3, 'min_child_weight': 8, 'subsample': 0.6630835206548286, 'colsample_bytree': 0.7727425265552065, 'reg_alpha': 4.992373483081097, 'reg_lambda': 0.5717480824167288, 'gamma': 1.7544783505676942, 'weight_ratio_0': 0.7425445905842136, 'weight_ratio_1': 1.2182570704427391, 'max_delta_step': 9, 'scale_pos_weight': 1.4641698981685816}. Best is trial 33 with value: -0.6535138684398821.
[I 2025-12-07 13:50:04,146] Trial 105 finished with value: -0.4360510878327477 and parameters: {'learning_rate': 0.08795354187078307, 'n_estimators': 281, 'max_depth': 3, 'min_child_weight': 8, 'subsample': 0.665072116692011, 'colsample_bytree': 0.7667911961582355, 'reg_alpha': 4.981096363213381, 'reg_lambda': 0.45523205305504943, 'gamma': 1.9557331079489493, 'weight_ratio_0': 0.7374070635348484, 'weight_ratio_1': 1.2104026388275488, 'max_delta_step': 9, 'scale_pos_weight': 1.4685761648653408}. Best is trial 33 with value: -0.6535138684398821.
[I 2025-12-07 13:50:05,002] Trial 108 finished with value: -0.48702574181352826 and parameters: {'learning_rate': 0.07675535801713512, 'n_estimators': 282, 'max_depth': 3, 'min_child_weight': 8, 'subsample': 0.6617857509400812, 'colsample_bytree': 0.7006922636917602, 'reg_alpha': 4.984014613363091, 'reg_lambda': 2.9917173960389944, 'gamma': 0.10084378890007425, 'weight_ratio_0': 0.7364593308653669, 'weight_ratio_1': 0.9866004071316635, 'max_delta_step': 9, 'scale_pos_weight': 1.4439025379094197}. Best is trial 33 with value: -0.6535138684398821.
[I 2025-12-07 13:50:05,129] Trial 71 finished with value: -0.5968152906704786 and parameters: {'learning_rate': 0.06364807498830209, 'n_estimators': 499, 'max_depth': 8, 'min_child_weight': 10, 'subsample': 0.6531580638874426, 'colsample_bytree': 0.7178215082072, 'reg_alpha': 3.914166391964642, 'reg_lambda': 0.0045131992607599924, 'gamma': 0.34222196278628236, 'weight_ratio_0': 0.6348368220679677, 'weight_ratio_1': 1.4973661654908752, 'max_delta_step': 5, 'scale_pos_weight': 0.7969886389529988}. Best is trial 33 with value: -0.6535138684398821.
[I 2025-12-07 13:50:06,237] Trial 95 finished with value: -0.6667111343092404 and parameters: {'learning_rate': 0.08559538458510334, 'n_estimators': 271, 'max_depth': 9, 'min_child_weight': 8, 'subsample': 0.7033061089590548, 'colsample_bytree': 0.6948187015471321, 'reg_alpha': 3.725106584426663, 'reg_lambda': 2.3462470146442524, 'gamma': 0.4388872703014726, 'weight_ratio_0': 1.4115356037975897, 'weight_ratio_1': 1.0620059386355998, 'max_delta_step': 10, 'scale_pos_weight': 1.4215816175823701}. Best is trial 95 with value: -0.6667111343092404.
[I 2025-12-07 13:50:06,367] Trial 74 finished with value: -0.6073241058382214 and parameters: {'learning_rate': 0.06474522849152478, 'n_estimators': 512, 'max_depth': 8, 'min_child_weight': 6, 'subsample': 0.895077512368756, 'colsample_bytree': 0.836674195046677, 'reg_alpha': 3.986841113101067, 'reg_lambda': 0.12403147145184529, 'gamma': 0.39280438761124636, 'weight_ratio_0': 0.6625968615421352, 'weight_ratio_1': 1.4968736222619146, 'max_delta_step': 5, 'scale_pos_weight': 0.8164596763761405}. Best is trial 95 with value: -0.6667111343092404.
[I 2025-12-07 13:50:08,266] Trial 96 finished with value: -0.6637032927929151 and parameters: {'learning_rate': 0.08564434634053335, 'n_estimators': 295, 'max_depth': 9, 'min_child_weight': 8, 'subsample': 0.6634500689947495, 'colsample_bytree': 0.6839308815594742, 'reg_alpha': 3.5655450141989697, 'reg_lambda': 2.2901582830155847, 'gamma': 0.11607627068136854, 'weight_ratio_0': 1.3927975253711415, 'weight_ratio_1': 0.9677473906090897, 'max_delta_step': 10, 'scale_pos_weight': 1.572261889054276}. Best is trial 95 with value: -0.6667111343092404.
[I 2025-12-07 13:50:09,033] Trial 99 finished with value: -0.65636218687589 and parameters: {'learning_rate': 0.08561469663734367, 'n_estimators': 286, 'max_depth': 9, 'min_child_weight': 8, 'subsample': 0.7106111548587052, 'colsample_bytree': 0.6911417789739494, 'reg_alpha': 3.637370703344528, 'reg_lambda': 3.8203637009243185, 'gamma': 1.2315934246640055, 'weight_ratio_0': 1.299392131514492, 'weight_ratio_1': 0.9795803889628217, 'max_delta_step': 9, 'scale_pos_weight': 1.5916203994957356}. Best is trial 95 with value: -0.6667111343092404.
[I 2025-12-07 13:50:09,953] Trial 66 finished with value: -0.6372751696720477 and parameters: {'learning_rate': 0.06503987861670896, 'n_estimators': 480, 'max_depth': 10, 'min_child_weight': 10, 'subsample': 0.6236069693852412, 'colsample_bytree': 0.7206184278426019, 'reg_alpha': 3.995244520590939, 'reg_lambda': 0.015293419477861336, 'gamma': 0.38746808347170253, 'weight_ratio_0': 0.5889053281391504, 'weight_ratio_1': 1.5339805119609078, 'max_delta_step': 5, 'scale_pos_weight': 0.609586259933417}. Best is trial 95 with value: -0.6667111343092404.
[I 2025-12-07 13:50:10,444] Trial 116 finished with value: -0.650845310852446 and parameters: {'learning_rate': 0.07656186143632066, 'n_estimators': 534, 'max_depth': 10, 'min_child_weight': 9, 'subsample': 0.6093227364820244, 'colsample_bytree': 0.7323173082569313, 'reg_alpha': 4.791822733088169, 'reg_lambda': 3.367846513421899, 'gamma': 1.9492906377831611, 'weight_ratio_0': 1.5402221193632297, 'weight_ratio_1': 1.222312645665869, 'max_delta_step': 7, 'scale_pos_weight': 0.5053649019491161}. Best is trial 95 with value: -0.6667111343092404.
[I 2025-12-07 13:50:10,647] Trial 107 finished with value: -0.4034920403517204 and parameters: {'learning_rate': 0.08869323010943865, 'n_estimators': 456, 'max_depth': 3, 'min_child_weight': 8, 'subsample': 0.6655603222318418, 'colsample_bytree': 0.7700181867978118, 'reg_alpha': 4.95866168194034, 'reg_lambda': 0.6112241769717008, 'gamma': 0.09852214020999894, 'weight_ratio_0': 0.570091799054745, 'weight_ratio_1': 1.2196704208814169, 'max_delta_step': 9, 'scale_pos_weight': 1.5023636376116536}. Best is trial 95 with value: -0.6667111343092404.
[I 2025-12-07 13:50:11,929] Trial 100 finished with value: -0.6328099842698253 and parameters: {'learning_rate': 0.08580333736404497, 'n_estimators': 282, 'max_depth': 9, 'min_child_weight': 8, 'subsample': 0.6626305627763761, 'colsample_bytree': 0.69597925735466, 'reg_alpha': 3.5437065920877933, 'reg_lambda': 2.3321660751232725, 'gamma': 0.07457287554778984, 'weight_ratio_0': 1.2851218083446343, 'weight_ratio_1': 1.063160603123463, 'max_delta_step': 9, 'scale_pos_weight': 1.9076299146985614}. Best is trial 95 with value: -0.6667111343092404.
[I 2025-12-07 13:50:11,964] Trial 118 finished with value: -0.648579237276839 and parameters: {'learning_rate': 0.07645266258275281, 'n_estimators': 532, 'max_depth': 10, 'min_child_weight': 9, 'subsample': 0.6102866691960589, 'colsample_bytree': 0.7445815327133455, 'reg_alpha': 4.810417271290679, 'reg_lambda': 3.410681310064399, 'gamma': 1.3247054455703093, 'weight_ratio_0': 1.5470798385243132, 'weight_ratio_1': 1.3112476319253006, 'max_delta_step': 7, 'scale_pos_weight': 0.5495755229243865}. Best is trial 95 with value: -0.6667111343092404.
[I 2025-12-07 13:50:12,378] Trial 109 finished with value: -0.4364302138165115 and parameters: {'learning_rate': 0.05923637770934453, 'n_estimators': 457, 'max_depth': 3, 'min_child_weight': 8, 'subsample': 0.6642737091910674, 'colsample_bytree': 0.7697152946907775, 'reg_alpha': 4.99180530570724, 'reg_lambda': 0.5843531723209694, 'gamma': 0.08813983724399554, 'weight_ratio_0': 0.582228337938317, 'weight_ratio_1': 0.9743877222944324, 'max_delta_step': 9, 'scale_pos_weight': 1.4793535068421875}. Best is trial 95 with value: -0.6667111343092404.
[I 2025-12-07 13:50:13,156] Trial 69 finished with value: -0.6274763835908505 and parameters: {'learning_rate': 0.0656925074908844, 'n_estimators': 490, 'max_depth': 10, 'min_child_weight': 10, 'subsample': 0.7005254554775134, 'colsample_bytree': 0.7263740728174155, 'reg_alpha': 4.100521601784685, 'reg_lambda': 0.23424609044090353, 'gamma': 0.4006206039779595, 'weight_ratio_0': 0.6547871498720669, 'weight_ratio_1': 1.5244499306592973, 'max_delta_step': 5, 'scale_pos_weight': 0.8412897440478044}. Best is trial 95 with value: -0.6667111343092404.
[I 2025-12-07 13:50:15,189] Trial 122 finished with value: -0.650229987818084 and parameters: {'learning_rate': 0.07690355021101382, 'n_estimators': 573, 'max_depth': 10, 'min_child_weight': 9, 'subsample': 0.612200680557989, 'colsample_bytree': 0.7445219249721793, 'reg_alpha': 4.47754558216701, 'reg_lambda': 0.3335120236521656, 'gamma': 1.3384087872431927, 'weight_ratio_0': 1.5549332665770168, 'weight_ratio_1': 1.1139746120023244, 'max_delta_step': 7, 'scale_pos_weight': 0.5060004610154797}. Best is trial 95 with value: -0.6667111343092404.
[I 2025-12-07 13:50:15,392] Trial 68 finished with value: -0.6288285347457067 and parameters: {'learning_rate': 0.06497577517674497, 'n_estimators': 510, 'max_depth': 10, 'min_child_weight': 10, 'subsample': 0.6976286173053488, 'colsample_bytree': 0.7311678332244642, 'reg_alpha': 4.008815111594766, 'reg_lambda': 0.15477804890423363, 'gamma': 0.3505671663021199, 'weight_ratio_0': 0.6310368126667157, 'weight_ratio_1': 1.463390795104468, 'max_delta_step': 5, 'scale_pos_weight': 0.8329282110942979}. Best is trial 95 with value: -0.6667111343092404.
[I 2025-12-07 13:50:15,820] Trial 70 finished with value: -0.6304456252720886 and parameters: {'learning_rate': 0.06501219869378955, 'n_estimators': 509, 'max_depth': 10, 'min_child_weight': 10, 'subsample': 0.6547496498264626, 'colsample_bytree': 0.7280594301907815, 'reg_alpha': 4.0053284748264195, 'reg_lambda': 0.06899965146094472, 'gamma': 0.40642158612203233, 'weight_ratio_0': 0.6696382301399113, 'weight_ratio_1': 1.5172135609652326, 'max_delta_step': 5, 'scale_pos_weight': 0.8449806480603714}. Best is trial 95 with value: -0.6667111343092404.
[I 2025-12-07 13:50:17,131] Trial 110 finished with value: -0.5100858425294795 and parameters: {'learning_rate': 0.07706896059532828, 'n_estimators': 548, 'max_depth': 3, 'min_child_weight': 8, 'subsample': 0.6644444068945238, 'colsample_bytree': 0.7423669883467405, 'reg_alpha': 3.448993510994907, 'reg_lambda': 2.9967832901607716, 'gamma': 1.9138851061212705, 'weight_ratio_0': 0.7283093024462783, 'weight_ratio_1': 0.9848409759745159, 'max_delta_step': 9, 'scale_pos_weight': 1.440957517789332}. Best is trial 95 with value: -0.6667111343092404.
[I 2025-12-07 13:50:18,512] Trial 128 finished with value: -0.61508978260477 and parameters: {'learning_rate': 0.07520223427717594, 'n_estimators': 317, 'max_depth': 10, 'min_child_weight': 9, 'subsample': 0.7251413067919815, 'colsample_bytree': 0.67669359535141, 'reg_alpha': 3.1403121832007157, 'reg_lambda': 3.3238647323432033, 'gamma': 0.26942370942994015, 'weight_ratio_0': 1.5443836309490697, 'weight_ratio_1': 0.934033722894946, 'max_delta_step': 4, 'scale_pos_weight': 1.5443329681480618}. Best is trial 95 with value: -0.6667111343092404.
[I 2025-12-07 13:50:23,456] Trial 111 finished with value: -0.6307065554468239 and parameters: {'learning_rate': 0.07667724719199231, 'n_estimators': 284, 'max_depth': 10, 'min_child_weight': 8, 'subsample': 0.6641259771100576, 'colsample_bytree': 0.6991303609240408, 'reg_alpha': 3.1835609406492, 'reg_lambda': 0.5894873291341824, 'gamma': 1.9424699405731176, 'weight_ratio_0': 0.986616555115584, 'weight_ratio_1': 1.2209276581676252, 'max_delta_step': 9, 'scale_pos_weight': 1.4185998314243893}. Best is trial 95 with value: -0.6667111343092404.
[I 2025-12-07 13:50:23,491] Trial 84 finished with value: -0.6551563051978099 and parameters: {'learning_rate': 0.05017260205262408, 'n_estimators': 560, 'max_depth': 9, 'min_child_weight': 7, 'subsample': 0.6487771841680211, 'colsample_bytree': 0.8413676257049737, 'reg_alpha': 4.64496538963441, 'reg_lambda': 0.5025344453826593, 'gamma': 1.8659804886335924, 'weight_ratio_0': 0.879030318655228, 'weight_ratio_1': 1.3703428937433446, 'max_delta_step': 5, 'scale_pos_weight': 0.8117091468328443}. Best is trial 95 with value: -0.6667111343092404.
[I 2025-12-07 13:50:25,313] Trial 114 finished with value: -0.6562448513888641 and parameters: {'learning_rate': 0.07733681074608584, 'n_estimators': 262, 'max_depth': 10, 'min_child_weight': 9, 'subsample': 0.6076901994936064, 'colsample_bytree': 0.7417762434209111, 'reg_alpha': 4.98899932382414, 'reg_lambda': 0.282248495453362, 'gamma': 1.7730126407846802, 'weight_ratio_0': 1.545295920129755, 'weight_ratio_1': 1.1125033495629606, 'max_delta_step': 7, 'scale_pos_weight': 1.7736013139848805}. Best is trial 95 with value: -0.6667111343092404.
