[I 2025-12-07 13:28:53,825] Trial 210 finished with value: -0.6891293217975006 and parameters: {'learning_rate': 0.06415834590773854, 'n_estimators': 531, 'max_depth': 6, 'min_child_weight': 6, 'subsample': 0.8416264797610241, 'colsample_bytree': 0.8195520815301091, 'reg_alpha': 4.663226618191907, 'reg_lambda': 2.0718302355370843, 'gamma': 0.8581528584246791, 'weight_ratio_0': 1.1542095912072774, 'weight_ratio_1': 0.9801114049195226, 'max_delta_step': 2, 'scale_pos_weight': 1.24729389441835}. Best is trial 156 with value: -0.7123072469417489.
[I 2025-12-07 13:28:55,732] Trial 214 finished with value: -0.6843438500490525 and parameters: {'learning_rate': 0.05824745151699447, 'n_estimators': 473, 'max_depth': 6, 'min_child_weight': 6, 'subsample': 0.7923728729292432, 'colsample_bytree': 0.7668823584537511, 'reg_alpha': 1.2599679061808877, 'reg_lambda': 2.3749283403462202, 'gamma': 0.795923835868314, 'weight_ratio_0': 1.1651902942595416, 'weight_ratio_1': 0.9964565812953737, 'max_delta_step': 6, 'scale_pos_weight': 1.243567325578537}. Best is trial 156 with value: -0.7123072469417489.
[I 2025-12-07 13:28:56,215] Trial 189 finished with value: -0.7081433236844207 and parameters: {'learning_rate': 0.06450896937583932, 'n_estimators': 673, 'max_depth': 7, 'min_child_weight': 8, 'subsample': 0.8824315865962354, 'colsample_bytree': 0.7698980683705428, 'reg_alpha': 2.9705470791305495, 'reg_lambda': 2.024001634345779, 'gamma': 1.158184862465434, 'weight_ratio_0': 1.0474001664301942, 'weight_ratio_1': 0.9586681745794247, 'max_delta_step': 5, 'scale_pos_weight': 1.6360816543784042}. Best is trial 156 with value: -0.7123072469417489.
[I 2025-12-07 13:28:58,016] Trial 191 finished with value: -0.7069135708975689 and parameters: {'learning_rate': 0.03828970782963666, 'n_estimators': 673, 'max_depth': 7, 'min_child_weight': 8, 'subsample': 0.7863295079844826, 'colsample_bytree': 0.7729483673851496, 'reg_alpha': 3.0252048738122155, 'reg_lambda': 2.0465600806642854, 'gamma': 1.1797603717191676, 'weight_ratio_0': 1.0751819992669878, 'weight_ratio_1': 0.9965085749143323, 'max_delta_step': 6, 'scale_pos_weight': 1.6946383815638375}. Best is trial 156 with value: -0.7123072469417489.
[I 2025-12-07 13:28:58,100] Trial 199 finished with value: -0.7077116601455428 and parameters: {'learning_rate': 0.065531458808325, 'n_estimators': 471, 'max_depth': 6, 'min_child_weight': 10, 'subsample': 0.8389564723009381, 'colsample_bytree': 0.8419094703411276, 'reg_alpha': 4.93821671924788, 'reg_lambda': 2.0173088960592884, 'gamma': 0.2987622007279276, 'weight_ratio_0': 1.0787958653450256, 'weight_ratio_1': 0.8956731083232023, 'max_delta_step': 6, 'scale_pos_weight': 1.715732650445365}. Best is trial 156 with value: -0.7123072469417489.
[I 2025-12-07 13:28:58,672] Trial 192 finished with value: -0.7090590844735415 and parameters: {'learning_rate': 0.06531058000782228, 'n_estimators': 676, 'max_depth': 7, 'min_child_weight': 8, 'subsample': 0.8814280962239625, 'colsample_bytree': 0.7483224890992666, 'reg_alpha': 4.3560543805284855, 'reg_lambda': 2.0234369811541595, 'gamma': 0.31144037777045097, 'weight_ratio_0': 1.1149794613799016, 'weight_ratio_1': 0.9573970112495267, 'max_delta_step': 6, 'scale_pos_weight': 1.4425953620282814}. Best is trial 156 with value: -0.7123072469417489.
[I 2025-12-07 13:29:00,335] Trial 201 finished with value: -0.708682090928046 and parameters: {'learning_rate': 0.06508922384684715, 'n_estimators': 453, 'max_depth': 7, 'min_child_weight': 9, 'subsample': 0.8578263632407196, 'colsample_bytree': 0.7469503475867537, 'reg_alpha': 4.341391504809339, 'reg_lambda': 2.6745166775183145, 'gamma': 0.2710574144954821, 'weight_ratio_0': 1.1876006134978323, 'weight_ratio_1': 0.9617112704155993, 'max_delta_step': 6, 'scale_pos_weight': 1.671341817868935}. Best is trial 156 with value: -0.7123072469417489.
[I 2025-12-07 13:29:00,702] Trial 193 finished with value: -0.7087299744496356 and parameters: {'learning_rate': 0.06521534158548357, 'n_estimators': 674, 'max_depth': 7, 'min_child_weight': 8, 'subsample': 0.8768785507763635, 'colsample_bytree': 0.8280558936892235, 'reg_alpha': 4.375448482417919, 'reg_lambda': 0.5050234163289908, 'gamma': 1.4879428171675095, 'weight_ratio_0': 1.051772625458632, 'weight_ratio_1': 0.9554517224677376, 'max_delta_step': 5, 'scale_pos_weight': 1.4485351221199472}. Best is trial 156 with value: -0.7123072469417489.
[I 2025-12-07 13:29:01,551] Trial 217 finished with value: -0.683776553693597 and parameters: {'learning_rate': 0.022848992879047753, 'n_estimators': 382, 'max_depth': 6, 'min_child_weight': 6, 'subsample': 0.7882525257191411, 'colsample_bytree': 0.7650120216698185, 'reg_alpha': 4.13748662768944, 'reg_lambda': 0.588904876017094, 'gamma': 0.33573648295236913, 'weight_ratio_0': 1.1667007742120101, 'weight_ratio_1': 0.9830813158004197, 'max_delta_step': 6, 'scale_pos_weight': 1.2467076521010263}. Best is trial 156 with value: -0.7123072469417489.
[I 2025-12-07 13:29:02,415] Trial 194 finished with value: -0.7098100400315621 and parameters: {'learning_rate': 0.06472573382252444, 'n_estimators': 671, 'max_depth': 7, 'min_child_weight': 8, 'subsample': 0.8828737644284003, 'colsample_bytree': 0.7672263108701187, 'reg_alpha': 2.998582250492562, 'reg_lambda': 2.742069960159144, 'gamma': 0.3570247381887225, 'weight_ratio_0': 1.048402127414848, 'weight_ratio_1': 0.9623319017653522, 'max_delta_step': 5, 'scale_pos_weight': 1.4466465977239784}. Best is trial 156 with value: -0.7123072469417489.
[I 2025-12-07 13:29:03,097] Trial 202 finished with value: -0.7092890771602717 and parameters: {'learning_rate': 0.04350249083143143, 'n_estimators': 469, 'max_depth': 7, 'min_child_weight': 9, 'subsample': 0.791280763569141, 'colsample_bytree': 0.7676209394170469, 'reg_alpha': 1.5321351583230103, 'reg_lambda': 1.200154578133843, 'gamma': 0.27013624080882226, 'weight_ratio_0': 1.168710985200996, 'weight_ratio_1': 0.8874939766890341, 'max_delta_step': 2, 'scale_pos_weight': 1.7111174926142156}. Best is trial 156 with value: -0.7123072469417489.
[I 2025-12-07 13:29:03,131] Trial 204 finished with value: -0.7056583362221671 and parameters: {'learning_rate': 0.0387104369545836, 'n_estimators': 462, 'max_depth': 6, 'min_child_weight': 10, 'subsample': 0.8560173346567277, 'colsample_bytree': 0.7663964116217371, 'reg_alpha': 4.312289695284238, 'reg_lambda': 2.068858753023524, 'gamma': 0.9211567318267196, 'weight_ratio_0': 1.0740021612213497, 'weight_ratio_1': 0.879610957976431, 'max_delta_step': 2, 'scale_pos_weight': 1.6785609798905519}. Best is trial 156 with value: -0.7123072469417489.
[I 2025-12-07 13:29:05,070] Trial 206 finished with value: -0.7078636240969672 and parameters: {'learning_rate': 0.06556086497006007, 'n_estimators': 461, 'max_depth': 6, 'min_child_weight': 9, 'subsample': 0.8400634872925694, 'colsample_bytree': 0.7655164629084308, 'reg_alpha': 4.309471538426072, 'reg_lambda': 2.075176400837605, 'gamma': 0.33638595419457185, 'weight_ratio_0': 1.074681152889613, 'weight_ratio_1': 0.8825655375990719, 'max_delta_step': 2, 'scale_pos_weight': 1.673900227264266}. Best is trial 156 with value: -0.7123072469417489.
[I 2025-12-07 13:29:05,186] Trial 197 finished with value: -0.7088208122581922 and parameters: {'learning_rate': 0.038808290226503284, 'n_estimators': 678, 'max_depth': 6, 'min_child_weight': 6, 'subsample': 0.7880058251677142, 'colsample_bytree': 0.8254117271194976, 'reg_alpha': 4.366449256520784, 'reg_lambda': 2.77028682764406, 'gamma': 1.73196138241063, 'weight_ratio_0': 1.048938540034428, 'weight_ratio_1': 0.997852389058236, 'max_delta_step': 6, 'scale_pos_weight': 1.451847844966444}. Best is trial 156 with value: -0.7123072469417489.
[I 2025-12-07 13:29:07,415] Trial 208 finished with value: -0.7095264624602274 and parameters: {'learning_rate': 0.04244220927003043, 'n_estimators': 445, 'max_depth': 6, 'min_child_weight': 10, 'subsample': 0.8376624891135659, 'colsample_bytree': 0.7993265603220922, 'reg_alpha': 4.6364127166488025, 'reg_lambda': 2.049516500398721, 'gamma': 0.35671409807253635, 'weight_ratio_0': 1.1800893033529865, 'weight_ratio_1': 0.8840903620354402, 'max_delta_step': 2, 'scale_pos_weight': 1.6961824213546508}. Best is trial 156 with value: -0.7123072469417489.
[I 2025-12-07 13:29:07,428] Trial 225 finished with value: -0.700498593609837 and parameters: {'learning_rate': 0.05323489897161223, 'n_estimators': 148, 'max_depth': 6, 'min_child_weight': 9, 'subsample': 0.8534581884834479, 'colsample_bytree': 0.7639107460572824, 'reg_alpha': 2.280978476283252, 'reg_lambda': 0.6353124604084273, 'gamma': 0.3351964262184697, 'weight_ratio_0': 1.1560377575304757, 'weight_ratio_1': 0.9815979636722072, 'max_delta_step': 3, 'scale_pos_weight': 1.426994506018461}. Best is trial 156 with value: -0.7123072469417489.
[I 2025-12-07 13:29:07,687] Trial 200 finished with value: -0.7095830615358812 and parameters: {'learning_rate': 0.06514847265619018, 'n_estimators': 676, 'max_depth': 6, 'min_child_weight': 10, 'subsample': 0.8564973523215371, 'colsample_bytree': 0.8283296833299787, 'reg_alpha': 4.640915419774885, 'reg_lambda': 1.1820197971979907, 'gamma': 0.2575591760260584, 'weight_ratio_0': 1.1706844579135138, 'weight_ratio_1': 0.9620121652694373, 'max_delta_step': 6, 'scale_pos_weight': 1.6985316306839795}. Best is trial 156 with value: -0.7123072469417489.
[I 2025-12-07 13:29:07,829] Trial 229 finished with value: -0.6830512327981934 and parameters: {'learning_rate': 0.07605641689050534, 'n_estimators': 168, 'max_depth': 7, 'min_child_weight': 8, 'subsample': 0.8532545482188894, 'colsample_bytree': 0.7359377628144333, 'reg_alpha': 4.625946112103971, 'reg_lambda': 2.6663564666952504, 'gamma': 0.36555826333704117, 'weight_ratio_0': 1.2596850255566658, 'weight_ratio_1': 0.9342740943748215, 'max_delta_step': 7, 'scale_pos_weight': 1.4305649854328928}. Best is trial 156 with value: -0.7123072469417489.
[I 2025-12-07 13:29:09,153] Trial 228 finished with value: -0.6945801964523213 and parameters: {'learning_rate': 0.05268560706435929, 'n_estimators': 456, 'max_depth': 7, 'min_child_weight': 9, 'subsample': 0.8539667535413645, 'colsample_bytree': 0.7376694985908234, 'reg_alpha': 4.610335123203573, 'reg_lambda': 0.4600536809794109, 'gamma': 0.14915790326020545, 'weight_ratio_0': 1.2550601133967398, 'weight_ratio_1': 0.9358773694915565, 'max_delta_step': 7, 'scale_pos_weight': 1.4384376380774209}. Best is trial 156 with value: -0.7123072469417489.
[I 2025-12-07 13:29:11,150] Trial 205 finished with value: -0.7064839429699066 and parameters: {'learning_rate': 0.03927886933126078, 'n_estimators': 592, 'max_depth': 6, 'min_child_weight': 10, 'subsample': 0.8611147968594004, 'colsample_bytree': 0.7653513599358573, 'reg_alpha': 1.6041976071706705, 'reg_lambda': 2.1100306061470517, 'gamma': 0.9986215633439247, 'weight_ratio_0': 1.1644889604814466, 'weight_ratio_1': 0.9810451780618789, 'max_delta_step': 9, 'scale_pos_weight': 1.6605818664497598}. Best is trial 156 with value: -0.7123072469417489.
[I 2025-12-07 13:29:12,013] Trial 211 finished with value: -0.7088536025277796 and parameters: {'learning_rate': 0.04044448194619049, 'n_estimators': 471, 'max_depth': 6, 'min_child_weight': 6, 'subsample': 0.8620536308923524, 'colsample_bytree': 0.7659415710121631, 'reg_alpha': 4.623351649915981, 'reg_lambda': 2.0764816699090947, 'gamma': 1.0411415455154378, 'weight_ratio_0': 1.1685927609518625, 'weight_ratio_1': 0.8740156726963293, 'max_delta_step': 3, 'scale_pos_weight': 1.6985045083530763}. Best is trial 156 with value: -0.7123072469417489.
[I 2025-12-07 13:29:12,686] Trial 230 finished with value: -0.7047101295244635 and parameters: {'learning_rate': 0.04889639442585897, 'n_estimators': 121, 'max_depth': 8, 'min_child_weight': 8, 'subsample': 0.808286795568148, 'colsample_bytree': 0.8302030100655717, 'reg_alpha': 2.3212496134055502, 'reg_lambda': 0.501542320862253, 'gamma': 0.3887023401090464, 'weight_ratio_0': 1.006561431559226, 'weight_ratio_1': 0.876989867029977, 'max_delta_step': 9, 'scale_pos_weight': 1.4406955939716495}. Best is trial 156 with value: -0.7123072469417489.
[I 2025-12-07 13:29:13,127] Trial 207 finished with value: -0.7077941829158321 and parameters: {'learning_rate': 0.06444418094706639, 'n_estimators': 596, 'max_depth': 6, 'min_child_weight': 10, 'subsample': 0.8432294697078191, 'colsample_bytree': 0.7663457923327675, 'reg_alpha': 2.283112512617151, 'reg_lambda': 2.0568244911920477, 'gamma': 0.32251021400141044, 'weight_ratio_0': 1.0811640195137149, 'weight_ratio_1': 0.8711845653025928, 'max_delta_step': 2, 'scale_pos_weight': 1.7280472957396362}. Best is trial 156 with value: -0.7123072469417489.
[I 2025-12-07 13:29:13,312] Trial 222 finished with value: -0.7004853955820699 and parameters: {'learning_rate': 0.07442236277640843, 'n_estimators': 321, 'max_depth': 6, 'min_child_weight': 9, 'subsample': 0.7664983690785838, 'colsample_bytree': 0.7990283908536446, 'reg_alpha': 1.5459170568828398, 'reg_lambda': 0.15854453822022396, 'gamma': 1.0535384988363865, 'weight_ratio_0': 0.8323050673493299, 'weight_ratio_1': 0.9799715419076267, 'max_delta_step': 3, 'scale_pos_weight': 1.333315126143517}. Best is trial 156 with value: -0.7123072469417489.
[I 2025-12-07 13:29:14,250] Trial 215 finished with value: -0.7047525057473933 and parameters: {'learning_rate': 0.0430645159950668, 'n_estimators': 446, 'max_depth': 6, 'min_child_weight': 6, 'subsample': 0.7910751125280271, 'colsample_bytree': 0.7991040995780722, 'reg_alpha': 2.263282822180884, 'reg_lambda': 0.2634284634841432, 'gamma': 0.776262797474816, 'weight_ratio_0': 1.1616013533254408, 'weight_ratio_1': 0.9810538704113263, 'max_delta_step': 6, 'scale_pos_weight': 1.7092186244099616}. Best is trial 156 with value: -0.7123072469417489.
[I 2025-12-07 13:29:14,693] Trial 234 finished with value: -0.6919062530693135 and parameters: {'learning_rate': 0.04801257976578298, 'n_estimators': 320, 'max_depth': 7, 'min_child_weight': 8, 'subsample': 0.8065229581855466, 'colsample_bytree': 0.8273835255378535, 'reg_alpha': 4.679887359318881, 'reg_lambda': 2.163922651456021, 'gamma': 0.3804384192471707, 'weight_ratio_0': 1.1518747632386506, 'weight_ratio_1': 0.8393832673266021, 'max_delta_step': 7, 'scale_pos_weight': 1.440331346634319}. Best is trial 156 with value: -0.7123072469417489.
[I 2025-12-07 13:29:15,176] Trial 238 finished with value: -0.6838035930518235 and parameters: {'learning_rate': 0.04326091933586542, 'n_estimators': 86, 'max_depth': 6, 'min_child_weight': 10, 'subsample': 0.8454893484352828, 'colsample_bytree': 0.795808137284205, 'reg_alpha': 4.62638973436328, 'reg_lambda': 1.225647368547877, 'gamma': 0.4057959650276304, 'weight_ratio_0': 1.1471886509372804, 'weight_ratio_1': 0.9010869996415003, 'max_delta_step': 6, 'scale_pos_weight': 1.778562184538819}. Best is trial 156 with value: -0.7123072469417489.
[I 2025-12-07 13:29:16,323] Trial 213 finished with value: -0.7103642465398061 and parameters: {'learning_rate': 0.05808856022103196, 'n_estimators': 528, 'max_depth': 6, 'min_child_weight': 9, 'subsample': 0.8560153176617807, 'colsample_bytree': 0.8180711980439053, 'reg_alpha': 2.317159938764818, 'reg_lambda': 0.4912506759696156, 'gamma': 0.7340159516292115, 'weight_ratio_0': 1.1660227473836047, 'weight_ratio_1': 0.8969764785425169, 'max_delta_step': 3, 'scale_pos_weight': 1.7022485809892363}. Best is trial 156 with value: -0.7123072469417489.
[I 2025-12-07 13:29:16,579] Trial 231 finished with value: -0.7089066407289665 and parameters: {'learning_rate': 0.07410542152134561, 'n_estimators': 193, 'max_depth': 8, 'min_child_weight': 8, 'subsample': 0.8483194110688234, 'colsample_bytree': 0.7352868914463598, 'reg_alpha': 4.61216325032976, 'reg_lambda': 1.1896165170741588, 'gamma': 0.7219719923354221, 'weight_ratio_0': 1.056631361087805, 'weight_ratio_1': 0.9351804211201253, 'max_delta_step': 7, 'scale_pos_weight': 1.4453011941095932}. Best is trial 156 with value: -0.7123072469417489.
[I 2025-12-07 13:29:17,395] Trial 216 finished with value: -0.6957640773804314 and parameters: {'learning_rate': 0.01961769483296471, 'n_estimators': 477, 'max_depth': 6, 'min_child_weight': 6, 'subsample': 0.791642832208058, 'colsample_bytree': 0.7639760640546347, 'reg_alpha': 4.6175412540037515, 'reg_lambda': 0.5603266933822193, 'gamma': 0.7454038724689123, 'weight_ratio_0': 1.1482031353443773, 'weight_ratio_1': 0.9812212909726121, 'max_delta_step': 6, 'scale_pos_weight': 1.7089374394803927}. Best is trial 156 with value: -0.7123072469417489.
[I 2025-12-07 13:29:18,534] Trial 220 finished with value: -0.7117370495306341 and parameters: {'learning_rate': 0.049037075364198345, 'n_estimators': 474, 'max_depth': 6, 'min_child_weight': 6, 'subsample': 0.7968121639005997, 'colsample_bytree': 0.7692689198973677, 'reg_alpha': 2.3356833406709203, 'reg_lambda': 0.5357574163936132, 'gamma': 0.3943259863668577, 'weight_ratio_0': 1.1667358052119334, 'weight_ratio_1': 0.9976316379531104, 'max_delta_step': 6, 'scale_pos_weight': 1.4281817370251766}. Best is trial 156 with value: -0.7123072469417489.
[I 2025-12-07 13:29:19,139] Trial 227 finished with value: -0.7101352208716291 and parameters: {'learning_rate': 0.07477195087317613, 'n_estimators': 316, 'max_depth': 7, 'min_child_weight': 9, 'subsample': 0.8530827245293015, 'colsample_bytree': 0.7959419447633191, 'reg_alpha': 4.629393742756633, 'reg_lambda': 0.5266455196742312, 'gamma': 0.35925716696189985, 'weight_ratio_0': 1.2515516288422872, 'weight_ratio_1': 0.9799299435928913, 'max_delta_step': 6, 'scale_pos_weight': 1.4176677575150947}. Best is trial 156 with value: -0.7123072469417489.
[I 2025-12-07 13:29:20,266] Trial 223 finished with value: -0.7098707268457624 and parameters: {'learning_rate': 0.07408114684672816, 'n_estimators': 426, 'max_depth': 6, 'min_child_weight': 9, 'subsample': 0.764753753129071, 'colsample_bytree': 0.762147355723283, 'reg_alpha': 4.643734889877102, 'reg_lambda': 2.6397852812324376, 'gamma': 1.5877006136422045, 'weight_ratio_0': 1.1919013992262046, 'weight_ratio_1': 1.0060508610483372, 'max_delta_step': 3, 'scale_pos_weight': 1.5510704460521287}. Best is trial 156 with value: -0.7123072469417489.
[I 2025-12-07 13:29:22,991] Trial 219 finished with value: -0.7104129608219972 and parameters: {'learning_rate': 0.07446377365507374, 'n_estimators': 584, 'max_depth': 6, 'min_child_weight': 6, 'subsample': 0.7920394052357476, 'colsample_bytree': 0.7634046721086267, 'reg_alpha': 4.621035836930902, 'reg_lambda': 0.5794062176110257, 'gamma': 0.7903091970884226, 'weight_ratio_0': 1.1760499294451603, 'weight_ratio_1': 0.9833199366282108, 'max_delta_step': 7, 'scale_pos_weight': 1.5556344116950591}. Best is trial 156 with value: -0.7123072469417489.
[I 2025-12-07 13:29:23,150] Trial 218 finished with value: -0.7079501792768165 and parameters: {'learning_rate': 0.07596170056295995, 'n_estimators': 598, 'max_depth': 6, 'min_child_weight': 6, 'subsample': 0.7663900554693625, 'colsample_bytree': 0.768502204572814, 'reg_alpha': 4.648831184316081, 'reg_lambda': 0.6181343747193518, 'gamma': 0.8107291993357675, 'weight_ratio_0': 1.159859781211375, 'weight_ratio_1': 0.9823090511504129, 'max_delta_step': 7, 'scale_pos_weight': 1.445269213203894}. Best is trial 156 with value: -0.7123072469417489.
[I 2025-12-07 13:29:23,410] Trial 226 finished with value: -0.7090772175165717 and parameters: {'learning_rate': 0.07442009270199801, 'n_estimators': 404, 'max_depth': 7, 'min_child_weight': 9, 'subsample': 0.850308039296598, 'colsample_bytree': 0.7370557231743143, 'reg_alpha': 4.654332965405143, 'reg_lambda': 3.0214183116069555, 'gamma': 1.0308610802850768, 'weight_ratio_0': 1.1844304605868194, 'weight_ratio_1': 0.9807191705882863, 'max_delta_step': 6, 'scale_pos_weight': 1.4441506816476126}. Best is trial 156 with value: -0.7123072469417489.
[I 2025-12-07 13:29:24,626] Trial 250 finished with value: -0.6119633792733045 and parameters: {'learning_rate': 0.042038201455234715, 'n_estimators': 427, 'max_depth': 8, 'min_child_weight': 10, 'subsample': 0.8489739544959776, 'colsample_bytree': 0.8161301387120441, 'reg_alpha': 2.810954370363107, 'reg_lambda': 1.15466047796346, 'gamma': 0.21873271053185142, 'weight_ratio_0': 1.1859966212541098, 'weight_ratio_1': 0.8923945699723794, 'max_delta_step': 8, 'scale_pos_weight': 0.744101604798717}. Best is trial 156 with value: -0.7123072469417489.
[I 2025-12-07 13:29:25,787] Trial 221 finished with value: -0.6878154458287833 and parameters: {'learning_rate': 0.04299647923419308, 'n_estimators': 592, 'max_depth': 6, 'min_child_weight': 9, 'subsample': 0.7661890673377526, 'colsample_bytree': 0.795447496945206, 'reg_alpha': 2.2362354318942006, 'reg_lambda': 0.5713946742648924, 'gamma': 1.5889382543355643, 'weight_ratio_0': 0.8356590965211195, 'weight_ratio_1': 0.9806335034315351, 'max_delta_step': 3, 'scale_pos_weight': 1.6952841206539861}. Best is trial 156 with value: -0.7123072469417489.
[I 2025-12-07 13:29:26,508] Trial 233 finished with value: -0.7061615946436204 and parameters: {'learning_rate': 0.05363188394605199, 'n_estimators': 427, 'max_depth': 8, 'min_child_weight': 8, 'subsample': 0.7159841440139575, 'colsample_bytree': 0.8349454936797199, 'reg_alpha': 4.587894454690076, 'reg_lambda': 0.9880868518631925, 'gamma': 0.4083917877104502, 'weight_ratio_0': 1.146719256717986, 'weight_ratio_1': 0.8688893322757751, 'max_delta_step': 7, 'scale_pos_weight': 1.445938694327187}. Best is trial 156 with value: -0.7123072469417489.
