number,value,datetime_start,datetime_complete,duration,params_colsample_bytree,params_gamma,params_learning_rate,params_max_depth,params_min_child_weight,params_n_estimators,params_reg_alpha,params_reg_lambda,params_subsample,params_weight_class_0,params_weight_class_1,params_weight_class_2,state
224,-0.511514238433659,2025-12-03 23:10:16.172569,2025-12-03 23:10:30.691412,0 days 00:00:14.518843,0.5156705585617163,0.6941819561820568,0.1467381810266094,8,1,175,6.8309048384482525,9.59205960779785,0.9351055390197789,1.8992488879658076,0.5957082783411262,1.2751539796356763,COMPLETE
225,-0.46367599993044545,2025-12-03 23:10:17.594064,2025-12-03 23:10:33.015454,0 days 00:00:15.421390,0.514089614298406,0.7083349693830892,0.13085678056963373,8,1,175,4.664310856130141,3.879078583064566,0.9343795567517135,3.1830026445387003,0.6157224235021864,1.273050346347672,COMPLETE
226,-0.516002817580079,2025-12-03 23:10:20.268299,2025-12-03 23:10:40.139599,0 days 00:00:19.871300,0.517574566420508,0.6911703949231756,0.13799830664160018,8,1,241,6.811023110325035,3.819155125939689,0.9361230760652566,1.896393752510727,0.6161395988033573,1.2773168406209787,COMPLETE
227,-0.4782405941102003,2025-12-03 23:10:25.051039,2025-12-03 23:10:45.760891,0 days 00:00:20.709852,0.6232617979284717,0.72300172180059,0.13617440392102745,8,1,243,4.688590731832976,2.71177731692606,0.857972608155459,3.1834993951621833,0.593946069404888,1.269494914288338,COMPLETE
228,-0.5190688850362637,2025-12-03 23:10:25.457705,2025-12-03 23:10:43.222086,0 days 00:00:17.764381,0.6655578321227292,0.7286173686465691,0.1356757693305175,8,1,236,6.796317462814083,3.846260223407026,0.9358853698892352,1.888428727794751,0.6162183923426,1.2744743778892806,COMPLETE
229,-0.5202906949362421,2025-12-03 23:10:25.745496,2025-12-03 23:10:45.174475,0 days 00:00:19.428979,0.5413233335400132,0.710409705451329,0.13667127509558366,8,1,242,7.206625965694286,3.8258833615520165,0.8547077711877431,1.8955546434582953,0.6154032434162569,1.2713150273041633,COMPLETE
230,-0.5167472167039341,2025-12-03 23:10:26.682090,2025-12-03 23:10:45.768693,0 days 00:00:19.086603,0.6675812084282425,0.7236922503299226,0.13925487884540297,8,1,244,6.808400416692117,3.869971234232574,0.8561717382165569,1.9121473026299332,0.5961971864196173,1.2723559625652463,COMPLETE
231,-0.5180963299652559,2025-12-03 23:10:28.222308,2025-12-03 23:10:47.181878,0 days 00:00:18.959570,0.5185455574596061,0.7030818313455176,0.16933303113948653,8,1,235,6.782915021267638,9.70088722742822,0.6814867051852636,1.8925122019766476,0.6137723615011318,1.26525781602825,COMPLETE
232,-0.518097204292034,2025-12-03 23:10:28.713480,2025-12-03 23:10:47.056909,0 days 00:00:18.343429,0.5182847352237125,0.6990813465977268,0.12973180953874436,8,1,241,6.940888142678363,3.798699427935913,0.9315870481571276,1.8960192321226945,0.6147312216540778,1.2757333086816562,COMPLETE
233,-0.5186419036266273,2025-12-03 23:10:28.790965,2025-12-03 23:10:47.519074,0 days 00:00:18.728109,0.6261645444061184,0.5447681955602351,0.13402535546028788,8,1,239,6.837751112005966,3.803205491244333,0.9313773163850627,1.8955199537969238,0.6147108767985172,1.2704319157627708,COMPLETE
234,-0.518447314682696,2025-12-03 23:10:28.926020,2025-12-03 23:10:45.727284,0 days 00:00:16.801264,0.5175781808040125,0.5381564323801035,0.35168701043497874,8,1,236,6.818260616884026,3.976017542326513,0.8580731866990137,1.892729530929453,0.6151693627566699,1.2776821061681618,COMPLETE
235,-0.5182609012742523,2025-12-03 23:10:28.964166,2025-12-03 23:10:46.841976,0 days 00:00:17.877810,0.6267650013362789,0.7063185246057611,0.12981138092047856,8,1,239,6.832491766991604,3.828426849022037,0.933129819254244,1.9011751743594785,0.6144232862072816,1.2702144242694593,COMPLETE
236,-0.5178254471415239,2025-12-03 23:10:29.029516,2025-12-03 23:10:42.928379,0 days 00:00:13.898863,0.5209820311591045,0.5096041982793158,0.4558523153633477,8,1,243,6.793723571871107,9.12227036536567,0.9293384186994184,1.8772810323157825,0.6132259197045442,1.2661162325207511,COMPLETE
237,-0.5193936214396198,2025-12-03 23:10:29.715569,2025-12-03 23:10:44.639773,0 days 00:00:14.924204,0.5409772443665561,0.5103944780014754,0.34989044403221947,8,1,239,6.863223598002582,7.192309812047115,0.9302201429959204,1.883169238401624,0.6156556173064555,1.2720116288118195,COMPLETE
238,-0.4874147112306864,2025-12-03 23:10:30.175184,2025-12-03 23:10:45.929650,0 days 00:00:15.754466,0.5426715984844382,0.5161516580574743,0.35407277774208684,8,1,179,7.143010214570588,8.811157844516105,0.6819575942692107,3.1952368080205797,0.6143723238207034,1.2710052534721177,COMPLETE
239,-0.5005046373570807,2025-12-03 23:10:30.480420,2025-12-03 23:10:45.919468,0 days 00:00:15.439048,0.5427928552711634,0.520428586536527,0.35171488525952965,8,1,238,6.7876168916714406,3.802735281200919,0.9285787028565181,1.8857767816898061,0.6098803845710494,1.822907714748503,COMPLETE
240,-0.5178004097883598,2025-12-03 23:10:30.694489,2025-12-03 23:10:45.116670,0 days 00:00:14.422181,0.5416730124165684,0.5889109868596981,0.34911475752151633,8,1,237,4.500457406033067,3.9071221701652856,0.9256877175902042,1.888426819182736,0.6096593764576493,1.2678382833074466,COMPLETE
241,-0.5215209234825072,2025-12-03 23:10:31.085880,2025-12-03 23:10:46.054604,0 days 00:00:14.968724,0.5407015224265199,0.522053660245234,0.3473274434124814,8,1,241,7.172594477101926,3.786550905490956,0.9241123008406701,1.8954143404786903,0.612785932057112,1.270017523801413,COMPLETE
242,-0.5075854805916611,2025-12-03 23:10:31.501524,2025-12-03 23:10:51.051324,0 days 00:00:19.549800,0.5423555607908586,0.02000769644626403,0.34879865494291734,8,1,239,7.1458865606805855,7.273060374260769,0.9252775531446039,1.8918030873237879,0.6145366078674172,1.8496154855954587,COMPLETE
243,-0.5175403571574192,2025-12-03 23:10:31.637069,2025-12-03 23:10:50.831769,0 days 00:00:19.194700,0.5444100471329656,0.03367088259763101,0.1728583248815116,8,1,234,7.198782412505496,8.859061985578444,0.9250066807457952,2.1197139475873383,0.6100417735906366,1.2285303820277853,COMPLETE
244,-0.4940817518565345,2025-12-03 23:10:32.619766,2025-12-03 23:10:48.332187,0 days 00:00:15.712421,0.5431233323063462,0.5299011447890826,0.34735662148750274,8,1,249,7.146593110850924,7.2807137428444895,0.9263305234415334,2.975431517534306,0.6099838560889463,1.2196172508717424,COMPLETE
245,-0.5190174352890543,2025-12-03 23:10:32.905249,2025-12-03 23:10:45.466365,0 days 00:00:12.561116,0.5408508914737101,0.5544554908959999,0.3494334921569929,8,1,179,4.38221877678324,3.893020324979399,0.9247300227712211,1.8899538313626085,0.6104002997997259,1.2248355132967208,COMPLETE
246,-0.5188891359439259,2025-12-03 23:10:33.018431,2025-12-03 23:10:45.503159,0 days 00:00:12.484728,0.5388311733127906,0.5219299675953036,0.3537858559546918,8,1,179,6.800626910354434,3.7560237023720395,0.9242891560697218,1.8850383226764993,0.610159359220904,1.2303215317755232,COMPLETE
247,-0.5198974511597821,2025-12-03 23:10:33.349054,2025-12-03 23:10:46.214285,0 days 00:00:12.865231,0.6257085179729296,0.53412229499294,0.3176212242151685,8,1,177,7.047218998808626,7.508433616516504,0.9255954772788394,1.875654729141892,0.6098598713126038,1.2327765289834025,COMPLETE
248,-0.4923314538850181,2025-12-03 23:10:34.267080,2025-12-03 23:10:45.481534,0 days 00:00:11.214454,0.5402276419732926,0.5255821404518551,0.4586614125307976,8,1,178,7.114570849190653,3.541089619944371,0.925225579978275,1.8846005156423062,0.47725771792544686,1.2279919823258898,COMPLETE
249,-0.4587124519341213,2025-12-03 23:10:36.148310,2025-12-03 23:10:50.776025,0 days 00:00:14.627715,0.5402897736659131,0.0007771983120469506,0.4602986867353494,8,1,179,7.145547832018346,3.647985453315364,0.9244206837668419,4.292014047041815,0.6101119770899729,2.5170988208709892,COMPLETE
