number,value,datetime_start,datetime_complete,duration,params_colsample_bytree,params_gamma,params_learning_rate,params_max_depth,params_min_child_weight,params_n_estimators,params_reg_alpha,params_reg_lambda,params_subsample,params_weight_class_0,params_weight_class_1,params_weight_class_2,state
149,-0.5237129017492601,2025-12-03 23:09:38.438882,2025-12-03 23:09:55.369776,0 days 00:00:16.930894,0.7820411094278266,0.6229312207914701,0.1186243712375522,8,1,198,6.82342642679057,3.659991491426665,0.9247842569631215,1.8304914903835743,0.6139397158079877,1.240661128923234,COMPLETE
150,-0.5141191331715197,2025-12-03 23:09:38.613620,2025-12-03 23:09:52.844427,0 days 00:00:14.230807,0.7674566509052776,0.5735567697572064,0.12080038420615033,8,1,154,7.294474749686541,3.7159512607067606,0.8260586898601008,1.8354157089800882,0.6112066833929405,1.423570697016532,COMPLETE
151,-0.5182359775452422,2025-12-03 23:09:39.049555,2025-12-03 23:09:51.199017,0 days 00:00:12.149462,0.6302546150694976,0.42240783401616205,0.4207877201166246,8,1,154,6.8064062655704,0.26271256020024536,0.9254035211824813,1.8309977306629681,0.6089818245469376,1.2351970836535178,COMPLETE
152,-0.519418323251533,2025-12-03 23:09:39.350040,2025-12-03 23:09:52.583343,0 days 00:00:13.233303,0.5385192081483009,0.6378834563072394,0.11985308243284251,8,5,152,6.854874953063401,3.6818919821546454,0.9249039150295127,1.8252263573651843,0.6085119985597639,1.2471010018636584,COMPLETE
153,-0.5150226194825223,2025-12-03 23:09:40.458896,2025-12-03 23:09:52.133258,0 days 00:00:11.674362,0.5321093866757687,0.6346967798227889,0.41693823997128876,8,1,146,6.786731552944111,4.559801502878477,0.803207757896991,1.829247932884358,0.6093102984475693,1.2445975923278279,COMPLETE
154,-0.521617301355677,2025-12-03 23:09:40.471527,2025-12-03 23:09:57.921799,0 days 00:00:17.450272,0.6346855668199015,0.6182836741858988,0.11965554880376132,8,1,201,6.900885337647347,4.3872351870073425,0.9255457341571642,1.825185065688151,0.6117375261272077,1.2335638581319766,COMPLETE
155,-0.5201875248803068,2025-12-03 23:09:41.009491,2025-12-03 23:09:54.544932,0 days 00:00:13.535441,0.5365918126294006,0.6088120148303096,0.12034129301387889,8,1,155,6.781983524661792,4.389683777895378,0.9253645261712456,1.832025085575646,0.6090422089517235,1.2276569314463908,COMPLETE
156,-0.5187652609035536,2025-12-03 23:09:41.089035,2025-12-03 23:09:51.572540,0 days 00:00:10.483505,0.7626119213670942,0.6197096011812012,0.4229493385253352,8,1,155,6.781035877337368,4.913348738567873,0.9237209006740964,1.8176924410378195,0.6068214624044015,1.366229645603543,COMPLETE
157,-0.5171651113284048,2025-12-03 23:09:41.734629,2025-12-03 23:09:59.603667,0 days 00:00:17.869038,0.7539436597187334,0.6150226907338927,0.1226930591433542,8,1,204,3.4328615285118227,4.890144281950121,0.9274835891485326,1.8242903492674947,0.6068565550795494,1.4185160006238222,COMPLETE
158,-0.5135755980372605,2025-12-03 23:09:42.062042,2025-12-03 23:09:59.377049,0 days 00:00:17.315007,0.5402316760938422,0.6430766750139114,0.11520488167583388,8,1,201,6.735837088760002,4.5081511402588745,0.9312023636378152,1.835795731964928,0.606396823630113,1.3559616710784477,COMPLETE
159,-0.5173020631562132,2025-12-03 23:09:43.505541,2025-12-03 23:09:58.377246,0 days 00:00:14.871705,0.7990862239281409,0.6274059714354806,0.1223922212361997,8,1,157,3.6416373266688975,5.0768736948566024,0.8144099926239996,1.8303378586428602,0.603338279638949,1.3604598241362635,COMPLETE
160,-0.5128372756740839,2025-12-03 23:09:44.123096,2025-12-03 23:09:58.097037,0 days 00:00:13.973941,0.7897458587747945,0.6125548308069465,0.12222309264303237,8,1,151,3.7879868620485713,5.0399753076290805,0.948096843279595,1.8237139839269343,0.6067676531627106,1.4239571647670044,COMPLETE
161,-0.5150865765819933,2025-12-03 23:09:44.564761,2025-12-03 23:09:54.729933,0 days 00:00:10.165172,0.771257209820083,0.6260932183376035,0.4209723017412229,8,1,158,3.598740467430204,5.008015893193035,0.9470008719145087,1.820835313194515,0.6050173859152285,1.4223293709422455,COMPLETE
162,-0.5150012693310674,2025-12-03 23:09:44.790131,2025-12-03 23:09:58.494990,0 days 00:00:13.704859,0.7612134453106976,0.6006766309102953,0.14177747414946312,8,1,156,3.534236332324902,4.979383800288005,0.9480726887337538,1.8241306605447065,0.6022876233843224,1.3663296149857775,COMPLETE
163,-0.5138977121799507,2025-12-03 23:09:46.363968,2025-12-03 23:10:00.373010,0 days 00:00:14.009042,0.7497813741463826,0.5682404860518806,0.11646812442778076,8,5,150,3.37463829529198,5.056113674623618,0.8906601450684393,1.8357416016979704,0.6044546852634728,1.4137313814507646,COMPLETE
164,-0.5148008098856497,2025-12-03 23:09:46.664690,2025-12-03 23:09:57.024258,0 days 00:00:10.359568,0.5310956695347043,0.5943165244295285,0.401262349635371,8,5,142,3.2147321909869127,4.508089495965646,0.9294089434065882,1.8330972800343694,0.6046544058734568,1.343322916815521,COMPLETE
165,-0.5127825137578855,2025-12-03 23:09:47.977004,2025-12-03 23:09:59.291420,0 days 00:00:11.314416,0.5303931375352233,0.45954233716436016,0.413681235384308,8,5,156,3.4893210901413094,4.921437626566158,0.9457324684222944,1.8270757972394562,0.6026572654192422,1.359589034391816,COMPLETE
166,-0.5120946408833139,2025-12-03 23:09:48.308152,2025-12-03 23:10:01.119757,0 days 00:00:12.811605,0.5303973610670689,0.45637031030280983,0.40997062229487624,8,1,149,3.0680245170432237,4.72776611217576,0.7981170687375312,1.8173860564526791,0.6031918973339103,1.361377893297965,COMPLETE
167,-0.5145407933595432,2025-12-03 23:09:48.534837,2025-12-03 23:10:00.187531,0 days 00:00:11.652694,0.7653370115235973,0.44747881805454515,0.4392233960191502,8,1,158,3.5090628300689235,0.23087115282187676,0.9467661044741109,1.8360063286854598,0.6044176793237146,1.3634500809465102,COMPLETE
168,-0.5146740072803733,2025-12-03 23:09:48.932618,2025-12-03 23:10:02.790804,0 days 00:00:13.858186,0.5300423547493573,0.4652348317064332,0.12156986590480073,8,1,156,3.478448807859823,0.2361505709275654,0.8903740358349551,1.8184122534348488,0.6042130152351156,1.3575343297605784,COMPLETE
169,-0.5144599288448645,2025-12-03 23:09:49.007844,2025-12-03 23:10:02.132274,0 days 00:00:13.124430,0.533811029951162,0.41596697568947094,0.41876418698064866,8,1,151,3.92339242114579,4.869227031072565,0.8231530049025467,1.8372214492274679,0.603723841694449,1.361984255437164,COMPLETE
170,-0.4626249341370934,2025-12-03 23:09:49.741518,2025-12-03 23:10:02.171123,0 days 00:00:12.429605,0.5289136532701185,0.4384405843951121,0.40871244675892315,8,5,152,3.4267355255778065,5.105211390574652,0.8394168963157723,1.8270787564621258,0.3733891999898123,1.3654915981662867,COMPLETE
171,-0.5141849411289269,2025-12-03 23:09:50.155345,2025-12-03 23:10:02.400869,0 days 00:00:12.245524,0.5264904030548168,0.37969351792602946,0.4171265318190627,8,5,160,3.90404625073377,4.920887202681873,0.9470212201755708,1.832829862335317,0.6036367287716751,1.3435355917115308,COMPLETE
172,-0.5174595013646054,2025-12-03 23:09:51.202470,2025-12-03 23:10:03.124349,0 days 00:00:11.921879,0.5343575230947365,0.36791670639567164,0.42356724845650023,8,1,155,3.259772006110909,5.105651605322814,0.9436093351174446,1.8172097371872244,0.6038395715624492,1.357293325224979,COMPLETE
173,-0.5117924437778746,2025-12-03 23:09:51.575955,2025-12-03 23:09:58.622225,0 days 00:00:07.046270,0.7776632727653507,0.38286410244001035,0.40218797134450573,7,1,84,3.5641513983928017,4.946725021297516,0.837076465754426,1.8484960555591943,0.6034138094929726,1.3711910947752046,COMPLETE
174,-0.5121414359777136,2025-12-03 23:09:52.136764,2025-12-03 23:09:59.453761,0 days 00:00:07.316997,0.5299236037266579,0.4309827492724647,0.4296468082364749,8,1,79,3.5992513041965863,4.903175497396064,0.8923620913583575,1.8186112521530966,0.6030615209478812,1.3383524488900296,COMPLETE
175,-0.5126931565427072,2025-12-03 23:09:52.348329,2025-12-03 23:10:00.500523,0 days 00:00:08.152194,0.5266289219841219,0.4034399320439933,0.3747030921911466,8,1,90,3.451486324229443,4.995172661549508,0.889160307163133,1.8615925573345258,0.6026465274757135,1.3614814678921563,COMPLETE
176,-0.5075265869524711,2025-12-03 23:09:52.586768,2025-12-03 23:09:59.002979,0 days 00:00:06.416211,0.5261147531662499,0.37214427962347574,0.3849235866528533,7,1,78,3.1996619963400095,4.908796899974874,0.8892296996475174,1.8244556832467422,0.6037037000198011,1.360793095911878,COMPLETE
177,-0.5125568040428834,2025-12-03 23:09:52.852676,2025-12-03 23:10:04.792583,0 days 00:00:11.939907,0.5306028601521039,0.3918093101483556,0.3762304252829118,7,5,169,3.0181313317777154,5.029126323186111,0.8921477964931825,1.8681552857586725,0.6014019526415882,1.3183278454761165,COMPLETE
178,-0.5133095423168254,2025-12-03 23:09:54.548718,2025-12-03 23:10:04.306963,0 days 00:00:09.758245,0.525475959551014,0.41228676718721585,0.37229262551004677,7,5,133,3.9196755207718947,5.063128514154557,0.8902716134898461,1.8705498921367685,0.6031951317641205,1.3319133172204676,COMPLETE
179,-0.5112670402483205,2025-12-03 23:09:54.733334,2025-12-03 23:10:03.981516,0 days 00:00:09.248182,0.525764517687201,0.42520307353413667,0.34974641702291737,7,5,129,3.7185562965267405,4.743845546323252,0.9384701988116607,1.8675356577376379,0.6028715087823294,1.330987094485509,COMPLETE
180,-0.5069383810639841,2025-12-03 23:09:55.373189,2025-12-03 23:10:02.607201,0 days 00:00:07.234012,0.7835569487273293,0.41047940766037555,0.11097204641240799,7,5,87,6.584661868833056,3.868335825511717,0.9138027312135569,1.8629876253652762,0.6037680320113914,1.3292999112363648,COMPLETE
181,-0.5118854602776717,2025-12-03 23:09:57.028003,2025-12-03 23:10:13.180696,0 days 00:00:16.152693,0.5540697606274859,0.35252784405163934,0.10776603338023694,7,5,215,6.621908712654482,4.3644680485962875,0.8901638746529484,1.8765230657235032,0.6002149681376466,1.3272580431209453,COMPLETE
182,-0.44843808721627765,2025-12-03 23:09:57.925266,2025-12-03 23:10:07.807831,0 days 00:00:09.882565,0.6493408831996188,0.4423897786525851,0.10286888965654965,7,1,126,6.601567269350908,4.7891237948121566,0.8955790373148761,1.9969774885381408,0.4543266810087209,1.3334146732369376,COMPLETE
183,-0.4443268714202612,2025-12-03 23:09:58.100338,2025-12-03 23:10:04.671093,0 days 00:00:06.570755,0.644922935795801,0.37864261375924996,0.1055893931769252,7,6,79,6.092247208739931,4.755198206098138,0.8963204380613992,1.9957665124158135,0.4657216694360643,1.3207921064370227,COMPLETE
184,-0.5185003986312191,2025-12-03 23:09:58.380621,2025-12-03 23:10:10.549725,0 days 00:00:12.169104,0.6468254818657262,0.4007164974449448,0.36729654479069873,7,1,168,6.549020070994986,4.748172435762664,0.8907227017083347,1.8663223602532963,0.6012397240840338,1.3232920358600002,COMPLETE
185,-0.5142514399244339,2025-12-03 23:09:58.498036,2025-12-03 23:10:13.486227,0 days 00:00:14.988191,0.6423980537339384,0.3773666195414961,0.36395002304436364,7,6,214,6.54184095154052,4.275821306173724,0.8932678116216393,1.9912649199513213,0.600533942164763,1.326658546231831,COMPLETE
186,-0.5193404452937482,2025-12-03 23:09:58.625647,2025-12-03 23:10:14.557005,0 days 00:00:15.931358,0.5565799125862357,0.4319779687400541,0.36250543347324055,8,5,213,6.576511252826553,8.82032754712015,0.8931272016010101,1.998940432271728,0.5976300277375082,1.185452930801524,COMPLETE
187,-0.3863434848363633,2025-12-03 23:09:59.006359,2025-12-03 23:10:15.271892,0 days 00:00:16.265533,0.647348953501958,0.21957214926136437,0.0668091649563122,7,5,212,6.463650992145885,4.23260634772821,0.9157447997732387,1.8749182909172626,0.3117553040520215,1.3219602429769477,COMPLETE
188,-0.5122144731516135,2025-12-03 23:09:59.294914,2025-12-03 23:10:16.168931,0 days 00:00:16.874017,0.6477507113975309,0.2043269427766925,0.10471866470483095,7,5,217,6.590091981019757,4.274988641758499,0.7484582207495967,1.9990586302568785,0.6223909446643971,1.323665107521133,COMPLETE
189,-0.5119179773906595,2025-12-03 23:09:59.380135,2025-12-03 23:10:15.901978,0 days 00:00:16.521843,0.6476747991523771,0.10049342620327922,0.1094419906512249,7,5,218,6.520178210719034,4.28614292928013,0.9148827774876982,1.9916850573888996,0.6227402197653826,1.3211069305876775,COMPLETE
190,-0.507869965524097,2025-12-03 23:09:59.456519,2025-12-03 23:10:09.759622,0 days 00:00:10.303103,0.6373794599258692,0.2786238365692389,0.10224222654745405,7,6,129,6.549883422889729,4.324507721260693,0.7409346279906939,2.0095356293618925,0.6218017265585158,1.3197731859757247,COMPLETE
191,-0.4940710860903361,2025-12-03 23:09:59.607011,2025-12-03 23:10:09.417900,0 days 00:00:09.810889,0.5488385041383886,0.2053606030573441,0.039428160161708845,7,5,125,6.626719499972683,4.266725756336867,0.9123168197803706,1.9963731744535176,0.6218646241958898,1.3161728415705338,COMPLETE
192,-0.3827855828540469,2025-12-03 23:10:00.190799,2025-12-03 23:10:10.016437,0 days 00:00:09.825638,0.6476330549251547,0.20035262241814994,0.10201144299493747,7,6,125,6.149091050253202,4.227214393410676,0.916141247647113,2.7859537188659163,0.4066737640462838,1.3235431507015427,COMPLETE
193,-0.4711222415513375,2025-12-03 23:10:00.376391,2025-12-03 23:10:17.590392,0 days 00:00:17.214001,0.824804444376708,0.18106089556897537,0.104377568672984,7,2,216,6.548030068251443,4.268432185315043,0.7402193027783175,1.9951963929743777,0.4516562646940299,1.1856614286461393,COMPLETE
194,-0.498069461553904,2025-12-03 23:10:00.503934,2025-12-03 23:10:10.629587,0 days 00:00:10.125653,0.5549036188670414,0.22078429283862983,0.043952250841356,7,6,131,6.5466692296901785,4.232288957855061,0.9126757793997623,1.9846373433158269,0.6226610629936365,1.3198404296994002,COMPLETE
195,-0.47880522197065156,2025-12-03 23:10:01.122977,2025-12-03 23:10:13.702210,0 days 00:00:12.579233,0.5551682986894734,0.1941146141986696,0.3650838634895603,7,6,172,6.071208370487044,0.736512580629452,0.9156774986346928,1.9845152764045348,0.45017736983097933,1.3185656013060267,COMPLETE
196,-0.4252449213358944,2025-12-03 23:10:02.135593,2025-12-03 23:10:12.023727,0 days 00:00:09.888134,0.5528128838488618,0.27799991906413796,0.09949263316474938,7,6,125,7.347063102862486,4.226757195790653,0.9149714709652669,1.989819799541217,0.393397384399206,1.1858502200947325,COMPLETE
197,-0.4589065515719997,2025-12-03 23:10:02.176470,2025-12-03 23:10:12.468599,0 days 00:00:10.292129,0.553336740620652,0.2029966301519519,0.10928555092152235,7,6,129,6.590762437299748,4.360834415805894,0.9140913391814303,1.9983206322206024,0.6226379887070348,2.0998136720112974,COMPLETE
198,-0.5102384224757777,2025-12-03 23:10:02.404331,2025-12-03 23:10:14.588996,0 days 00:00:12.184665,0.6471698061056558,0.2266739119733726,0.06533739767263265,8,6,130,6.600091785652153,4.329335247876882,0.9136905808373121,2.0060064761388614,0.6226892831850591,1.3105260319734913,COMPLETE
199,-0.5122151912932077,2025-12-03 23:10:02.610667,2025-12-03 23:10:12.618039,0 days 00:00:10.007372,0.5553624111188655,0.25635335507237667,0.10194512550772399,7,6,127,6.530412512621481,4.276987605421297,0.9126201404789125,2.0038674160012366,0.6223328606950004,1.1852535196580278,COMPLETE
200,-0.5119260586717819,2025-12-03 23:10:02.794113,2025-12-03 23:10:13.089990,0 days 00:00:10.295877,0.6491914070339476,0.22035595516067846,0.1024472792352227,7,2,128,7.4026552925494,0.7409028565828688,0.9146313157437828,1.9801078809407269,0.6220549451763597,1.1966187031447186,COMPLETE
201,-0.5119198548999048,2025-12-03 23:10:03.127528,2025-12-03 23:10:13.449276,0 days 00:00:10.321748,0.6524960451582998,0.2265735509511837,0.10167149122231284,7,6,128,7.372627116672785,4.325925804615501,0.9116891113322118,1.992162298706406,0.6219209129161072,1.193796204726589,COMPLETE
202,-0.5062384655646033,2025-12-03 23:10:03.984886,2025-12-03 23:10:20.264825,0 days 00:00:16.279939,0.646167203680909,0.19077229419609673,0.030519919297253888,8,6,174,6.075246953307312,0.6449449218991669,0.9111104959082469,2.0114653872987778,0.6216481584386278,1.1875349549767016,COMPLETE
203,-0.47417241212503153,2025-12-03 23:10:04.310118,2025-12-03 23:10:25.047033,0 days 00:00:20.736915,0.6470384931181654,0.3180926985609077,0.0995585833479404,8,6,216,6.063940310140035,4.346103392065856,0.7701063996658212,2.006218589965041,0.45825184292485116,1.201201524924457,COMPLETE
204,-0.46841260073118457,2025-12-03 23:10:04.674135,2025-12-03 23:10:25.742227,0 days 00:00:21.068092,0.5520731133036074,0.1806137017145456,0.0996817513299765,8,1,215,7.378490800742812,4.264765771905763,0.913526179678076,1.995396271526607,0.4429401069997189,1.1852846502099967,COMPLETE
205,-0.5138807365237567,2025-12-03 23:10:04.795827,2025-12-03 23:10:25.454333,0 days 00:00:20.658506,0.5563007054420832,0.22991162320102188,0.06696672485464071,8,1,213,7.405169882926717,4.255306108196683,0.9135999034769753,1.9898393765494076,0.6227359818833099,1.1988402051497122,COMPLETE
206,-0.4568606857224471,2025-12-03 23:10:07.811021,2025-12-03 23:10:28.922033,0 days 00:00:21.111012,0.5537207370214823,0.16055873239659466,0.04285434053529452,8,2,217,7.416532222265599,4.256928928464504,0.9100376575151548,1.9869645986401387,0.6224107395798986,2.0424253115562454,COMPLETE
207,-0.505745307263041,2025-12-03 23:10:09.421004,2025-12-03 23:10:28.787438,0 days 00:00:19.366434,0.5532131996447551,0.22582936012116228,0.359005516426847,8,2,211,7.384454455409522,0.6882006354028518,0.9112996735311367,2.900968683309472,0.6187689051915952,1.1863836213092478,COMPLETE
208,-0.519619996295749,2025-12-03 23:10:09.763180,2025-12-03 23:10:28.960138,0 days 00:00:19.196958,0.5565243042077538,0.12311520713661894,0.35776863890991595,8,2,216,7.288703921377577,0.6504111414125338,0.8549918847878083,1.9877867829715765,0.5966852591494473,1.189155476689989,COMPLETE
209,-0.5104551544717536,2025-12-03 23:10:10.019496,2025-12-03 23:10:26.678393,0 days 00:00:16.658897,0.5556728657092019,0.7879142699312021,0.13654081291025846,8,2,214,4.883266277237944,8.24093277889832,0.9369365773264452,1.9897282153523683,0.5809075418738079,1.1904656594022962,COMPLETE
210,-0.5206991202416116,2025-12-03 23:10:10.553096,2025-12-03 23:10:31.082721,0 days 00:00:20.529625,0.5610588600841376,0.10755001304219364,0.1349399292962799,8,2,220,7.352225510827525,4.007260310371503,0.9128601827802924,1.9814740726448172,0.6172134181927375,1.1927222383571394,COMPLETE
211,-0.5140746774867379,2025-12-03 23:10:10.632562,2025-12-03 23:10:29.712151,0 days 00:00:19.079589,0.515277808769301,0.11318020005390877,0.13381988923721028,8,2,214,7.409881693505007,5.396738858109969,0.9360320899596112,1.9561967443146744,0.5960803283142296,1.1979729811022115,COMPLETE
212,-0.5185492577886889,2025-12-03 23:10:12.027532,2025-12-03 23:10:31.634064,0 days 00:00:19.606532,0.5146795662426269,0.08231122593070062,0.13341403047083933,8,2,214,7.397874173010685,5.412952874321335,0.9344113260833448,1.8895904328678037,0.5954739559488298,1.2056597244205056,COMPLETE
213,-0.4018363620588679,2025-12-03 23:10:12.472017,2025-12-03 23:10:28.709877,0 days 00:00:16.237860,0.5628326251624249,0.7241322603116156,0.13835448733190875,8,2,217,7.349434829823991,0.7837126899487332,0.9361329745958906,1.9057330253039584,0.313228896737386,1.2727401851113262,COMPLETE
214,-0.46497230468776474,2025-12-03 23:10:12.621143,2025-12-03 23:10:30.477146,0 days 00:00:17.856003,0.5136843115660051,0.7688212692704616,0.13313599547112978,8,1,211,7.381515836881698,0.7626963843843806,0.8537408964090452,3.239262153706152,0.6167029633604298,1.2147255461769308,COMPLETE
215,-0.4628641671537923,2025-12-03 23:10:13.092903,2025-12-03 23:10:32.616512,0 days 00:00:19.523609,0.5155208940882487,0.7089967486508727,0.1343154266245858,8,1,216,7.395094681715977,5.4224984250893336,0.6624240781946702,3.184050664832758,0.5954706852764344,1.273511421961945,COMPLETE
216,-0.5150711070483988,2025-12-03 23:10:13.184103,2025-12-03 23:10:30.171774,0 days 00:00:16.987671,0.518233786230312,0.7347944572690843,0.13775045509710004,8,1,215,7.375908962738058,5.451434205068331,0.9329380027710655,1.9062809262829143,0.6168783901455276,1.2691229612429122,COMPLETE
217,-0.5141764720513339,2025-12-03 23:10:13.452726,2025-12-03 23:10:28.219068,0 days 00:00:14.766342,0.6756740388253671,0.7069043004475151,0.14349559259801975,8,1,175,7.8544691782937,5.394122638729054,0.9357369310249777,1.893914709384198,0.5964641223991228,1.2747920000453181,COMPLETE
218,-0.5216136154990694,2025-12-03 23:10:13.490220,2025-12-03 23:10:29.009265,0 days 00:00:15.519045,0.5160510870780624,0.10761487457602847,0.3657898999795242,8,1,175,7.359986640218034,5.367619317125362,0.9365786090540423,1.887806522132722,0.6167037231280645,1.271979017767954,COMPLETE
219,-0.5184170868022865,2025-12-03 23:10:13.705181,2025-12-03 23:10:31.497869,0 days 00:00:17.792688,0.6654500478792491,0.7452885484974021,0.13777521147566538,8,1,228,6.842252721773435,3.9055747712588227,0.9349827629051223,1.8905214699284725,0.6166400178503422,1.2724534620818277,COMPLETE
220,-0.5172516750932749,2025-12-03 23:10:14.560135,2025-12-03 23:10:34.263652,0 days 00:00:19.703517,0.5154287473431437,0.7553532726406882,0.13427452086169842,8,1,228,4.391927718125687,7.896501581216917,0.7628907693457792,1.8885791468439548,0.6151333254531773,1.2755133020702873,COMPLETE
221,-0.49821233428657097,2025-12-03 23:10:14.593352,2025-12-03 23:10:33.345772,0 days 00:00:18.752420,0.54317976689463,0.7096007788552646,0.34955566764340196,8,1,231,6.783197167230866,8.555387683657218,0.7664096024370857,1.8958764438064029,0.5812687322374835,1.8113007091139675,COMPLETE
222,-0.5119253620775762,2025-12-03 23:10:15.275213,2025-12-03 23:10:36.144760,0 days 00:00:20.869547,0.5176058307903244,0.7290601176137482,0.12878731340354424,8,1,233,4.870027161389762,3.843180948937435,0.7739502222293665,1.8989962135393534,0.581585431336428,1.2715052319245825,COMPLETE
223,-0.5112093808403553,2025-12-03 23:10:15.905524,2025-12-03 23:10:32.902110,0 days 00:00:16.996586,0.5163029076550226,0.7177581478364928,0.3508892396012444,8,1,242,7.882017860760778,8.709779326740968,0.7759627002340964,1.8927837653584643,0.581695042050067,1.2741814227468837,COMPLETE
