[I 2026-01-10 00:40:28,177] Trial 84 finished with value: 0.4082220000901501 and parameters: {'w0': 0.6385175803547383, 'w1': 0.8313070380590297, 'w2': 1.550306757931423}. Best is trial 39 with value: 0.5497237908482281.
[I 2026-01-10 00:40:28,210] Trial 95 finished with value: 0.5336696228906013 and parameters: {'w0': 1.4720158484956765, 'w1': 0.6283255295993083, 'w2': 1.3350852849599222}. Best is trial 39 with value: 0.5497237908482281.
[I 2026-01-10 00:40:28,258] Trial 67 finished with value: 0.488961589511211 and parameters: {'w0': 1.2409569687461595, 'w1': 0.9004980770541585, 'w2': 1.6714130289672857}. Best is trial 39 with value: 0.5497237908482281.
[I 2026-01-10 00:40:28,298] Trial 92 finished with value: 0.5124994798583684 and parameters: {'w0': 0.8895141319921127, 'w1': 0.5725097492646611, 'w2': 1.0417697640493255}. Best is trial 39 with value: 0.5497237908482281.
[I 2026-01-10 00:40:28,304] Trial 99 finished with value: 0.4066515459166692 and parameters: {'w0': 0.664997446048941, 'w1': 0.446582915461455, 'w2': 1.432750396391647}. Best is trial 39 with value: 0.5497237908482281.
[I 2026-01-10 00:40:28,319] Trial 98 finished with value: 0.3289906767330278 and parameters: {'w0': 0.24246295769879148, 'w1': 0.43360765887941555, 'w2': 1.284102099127185}. Best is trial 39 with value: 0.5497237908482281.
[I 2026-01-10 00:40:28,322] Trial 93 finished with value: 0.3151840721774767 and parameters: {'w0': 0.2639433176354451, 'w1': 0.9220177934132248, 'w2': 1.4463865528794566}. Best is trial 39 with value: 0.5497237908482281.
[I 2026-01-10 00:40:28,333] Trial 97 finished with value: 0.4019488491900038 and parameters: {'w0': 1.4052836721958941, 'w1': 0.43594639931354506, 'w2': 1.688514511219985}. Best is trial 39 with value: 0.5497237908482281.
[I 2026-01-10 00:40:28,362] Trial 44 finished with value: 0.5152344179156262 and parameters: {'w0': 1.0105775473259229, 'w1': 0.5163445422754676, 'w2': 1.2135336198345186}. Best is trial 39 with value: 0.5497237908482281.
Best weights: simple {'w0': 1.5041139976394817, 'w1': 0.6300063238501094, 'w2': 1.1529135599660316}
Best macro-F1: simple 0.5497237908482281
0
50
100
150
200
250
300
350
400
450
500
550
Python execution finished at 00:40:54 with exit code: 0
================================================
COPYING RESULTS BACK
================================================
Job started: 09-01-2026 16:28:40
Job ended: 10-01-2026 00:40:54
Job ID: 18212576
Exit code: 0
Found 'results' directory. Contents:
total 1
drwxr-x---. 2 okooijman okooijman  4096 Jan 10 00:40 .
drwxr-x---. 3 okooijman okooijman  4096 Jan 10 00:40 ..
-rw-r-----. 1 okooijman okooijman 25568 Jan 10 00:40 accuracy simple.png
-rw-r-----. 1 okooijman okooijman 27276 Jan 10 00:40 confusionmatrix simple.png
-rw-r-----. 1 okooijman okooijman 35281 Jan 10 00:40 loss simple.png
-rw-r-----. 1 okooijman okooijman 21987 Jan 10 00:40 normalizedconfusionmatrix simple.png
-rw-r-----. 1 okooijman okooijman 41955 Jan 10 00:40 recall simple.png
Copying 'results' directory to /gpfs/home3/okooijman/MLCourse/Neural_networks/nn_Nikki/architecture/simple/
Successfully copied results directory
Files copied to /gpfs/home3/okooijman/MLCourse/Neural_networks/nn_Nikki/architecture/simple/results/:
total 2
drwxr-x---+ 2 okooijman okooijman  4096 Jan 10 00:40 .
drwxr-x---+ 3 okooijman okooijman  4096 Jan 10 00:40 ..
-rw-r-----+ 1 okooijman okooijman 25568 Jan 10 00:40 accuracy simple.png
-rw-r-----+ 1 okooijman okooijman 27276 Jan 10 00:40 confusionmatrix simple.png
-rw-r-----+ 1 okooijman okooijman 35281 Jan 10 00:40 loss simple.png
-rw-r-----+ 1 okooijman okooijman 21987 Jan 10 00:40 normalizedconfusionmatrix simple.png
-rw-r-----+ 1 okooijman okooijman 41955 Jan 10 00:40 recall simple.png
Job completed at 00:40:54
