number,value,datetime_start,datetime_complete,duration,params_colsample_bytree,params_gamma,params_learning_rate,params_max_depth,params_min_child_weight,params_n_estimators,params_reg_alpha,params_reg_lambda,params_subsample,params_weight_class_0,params_weight_class_1,params_weight_class_2,state
223,-0.5175632073237711,2025-12-03 23:31:53.656505,2025-12-03 23:33:17.858057,0 days 00:01:24.201552,0.679308188083027,0.023047475611584094,0.09946457491055367,9,5,727,0.11759237276325596,1.0792218592100842,0.8556741103961875,2.781596219727065,0.599311886008283,1.7136867767862702,COMPLETE
224,-0.5251237555026154,2025-12-03 23:31:55.160604,2025-12-03 23:33:17.540684,0 days 00:01:22.380080,0.8794695360200849,0.428446749154429,0.09927255893922934,10,5,665,2.1381486602595094,0.0033427107260817213,0.8819004731681565,2.7764091687007073,0.6106066425273153,1.72183693169122,COMPLETE
225,-0.5264483158665899,2025-12-03 23:32:09.461590,2025-12-03 23:34:23.649896,0 days 00:02:14.188306,0.9646142624726715,0.028755633846822906,0.06852887775265558,10,1,730,2.075705085153359,1.0595736008226553,0.8649468213900299,2.6371408030263104,0.5635378511264625,1.703338560051388,COMPLETE
226,-0.5325852484857737,2025-12-03 23:32:12.957819,2025-12-03 23:34:18.371628,0 days 00:02:05.413809,0.9732667511388465,0.004055454497232557,0.10078050256309168,10,1,661,2.295138686396577,0.04009476776443488,0.8660912858884822,2.687772117636602,0.5693157750233546,1.7343194921440583,COMPLETE
227,-0.5202858312028,2025-12-03 23:32:17.244423,2025-12-03 23:33:49.680390,0 days 00:01:32.435967,0.9725123619965044,0.4253733568509084,0.10697297335620366,10,1,735,2.281200179556027,7.535535170930383,0.8757446985299352,2.651668341862961,0.5665897910756438,1.743412858328284,COMPLETE
228,-0.4550860602006412,2025-12-03 23:32:17.441238,2025-12-03 23:33:36.829343,0 days 00:01:19.388105,0.9745290843787863,0.41151591678961374,0.010591139434324763,10,5,451,0.20246042932916675,0.02890099255824896,0.8633087257922838,2.6557153383297765,0.5852810186857336,1.7033313528266183,COMPLETE
229,-0.5237718886229209,2025-12-03 23:32:19.291885,2025-12-03 23:33:22.506023,0 days 00:01:03.214138,0.9642260476435177,0.4302950545210819,0.10867019300208781,10,2,427,0.09885660116158945,0.057493258671428876,0.8651438059741263,2.6549897352108225,0.5645277985596611,1.7292802688185207,COMPLETE
230,-0.5111362013413894,2025-12-03 23:32:19.629444,2025-12-03 23:33:29.077649,0 days 00:01:09.448205,0.9792970133031673,0.4322983256591832,0.10393603787791583,10,2,430,1.7255986516943764,7.492321486258309,0.8463012662006361,2.778747724439311,0.5636509349221062,1.745618225265327,COMPLETE
231,-0.5161632990709605,2025-12-03 23:32:31.848647,2025-12-03 23:33:44.773511,0 days 00:01:12.924864,0.8723711921879679,0.2177591738923828,0.08778748794418986,10,2,429,0.4255204796173176,7.3276897647959585,0.7620809230935323,2.6806528053899576,0.5641425021992257,1.744812704188017,COMPLETE
232,-0.529437075312711,2025-12-03 23:32:34.133919,2025-12-03 23:34:18.190054,0 days 00:01:44.056135,0.8782847424247319,0.24708389925090046,0.10054422506600018,10,5,726,0.03896954359040439,7.399579392853584,0.8554675374556516,2.6653842377251267,0.5640882503473525,1.7174644071421983,COMPLETE
233,-0.5170671617149529,2025-12-03 23:32:38.716486,2025-12-03 23:33:59.632258,0 days 00:01:20.915772,0.9809555122430517,0.4449431748494083,0.09065317741431343,9,9,678,0.22400296788156593,7.112093367931862,0.7672794874789144,2.3878483707054023,0.587383944814668,1.7185088513167504,COMPLETE
234,-0.5213020697141592,2025-12-03 23:32:39.438499,2025-12-03 23:33:45.509175,0 days 00:01:06.070676,0.7996488322995596,0.42563055782348913,0.10641379529405837,10,2,462,1.981151973335317,7.209805340438913,0.8616661474574528,2.660102948339485,0.5674343108646375,1.4516585521623702,COMPLETE
235,-0.5239613726820583,2025-12-03 23:32:41.103648,2025-12-03 23:34:05.084632,0 days 00:01:23.980984,0.978449576489843,0.23421562622288683,0.10696643969692196,10,2,478,1.7483377267290534,7.58859516036484,0.7679839429533216,2.7931095962938715,0.5661839677048675,1.4573698900388012,COMPLETE
236,-0.5189873304366154,2025-12-03 23:32:47.661550,2025-12-03 23:34:12.700783,0 days 00:01:25.039233,0.7955784239068802,0.4380738008803106,0.1099468256954015,10,1,725,3.0791493850192415,8.207885425326525,0.8672080418893823,2.789280107766112,0.5685538874555235,1.4571260328693374,COMPLETE
237,-0.531498231659434,2025-12-03 23:32:49.378238,2025-12-03 23:34:00.267401,0 days 00:01:10.889163,0.9772353574659143,0.4026379812197729,0.10325398039108277,10,1,464,0.038944694598009644,0.9786628620418267,0.8738771477264512,2.6611094721083624,0.5851026953813134,1.45473293993331,COMPLETE
238,-0.5232483555360781,2025-12-03 23:32:50.231180,2025-12-03 23:34:18.276227,0 days 00:01:28.045047,0.7944576487180796,0.38667990139180336,0.11143612631324588,10,9,612,2.0015452663074216,7.4752699925300075,0.7351374692792467,2.655232282557046,0.5629556477605696,1.4102637938414349,COMPLETE
239,-0.5238343404794809,2025-12-03 23:32:50.458411,2025-12-03 23:34:22.969407,0 days 00:01:32.510996,0.9661444079595776,0.42179613182071046,0.11013542291723387,10,1,730,2.355380889644234,7.228694470671141,0.8574256428301561,2.7932527325533787,0.5627789098852596,1.4629705790851923,COMPLETE
240,-0.5296577479049855,2025-12-03 23:32:54.681726,2025-12-03 23:34:49.584748,0 days 00:01:54.903022,0.7944508693671257,0.23725208515417057,0.11351608541543423,10,1,730,1.9931158859601679,7.256521009794544,0.8680336005414078,2.6729046695574157,0.5855984456518789,1.4606165986146147,COMPLETE
241,-0.519984956598328,2025-12-03 23:32:56.170018,2025-12-03 23:33:58.624497,0 days 00:01:02.454479,0.7981861158819087,0.4172206021673805,0.1064163211107887,10,1,457,2.0098963826241723,7.586085901407272,0.9013225454473133,2.671127031234673,0.5955391016729915,1.4620921924251171,COMPLETE
242,-0.5313980203537563,2025-12-03 23:33:03.176869,2025-12-03 23:35:01.978456,0 days 00:01:58.801587,0.9723285756952456,0.25001536132662916,0.10935255696016888,10,1,729,0.13676630899303444,7.520042709491005,0.8644559885052897,2.8023668125681964,0.5867518846011586,1.4517586688347022,COMPLETE
243,-0.5249771561057315,2025-12-03 23:33:04.338813,2025-12-03 23:34:29.874640,0 days 00:01:25.535827,0.9623019656521176,0.4418025405595669,0.11384986420122896,10,1,725,1.9705556724874282,7.506043595412598,0.8734640593415235,2.7771669613757215,0.5855473582890429,1.4465752889750103,COMPLETE
244,-0.5293129148788899,2025-12-03 23:33:17.543946,2025-12-03 23:35:16.117650,0 days 00:01:58.573704,0.9699656478697105,0.2549319436243849,0.1057135747407196,10,1,719,1.9844441933104302,7.344862664215093,0.8542016972573598,2.6651360013616934,0.5851889198640164,1.453487313284176,COMPLETE
245,-0.5251711450698556,2025-12-03 23:33:17.859255,2025-12-03 23:34:39.991293,0 days 00:01:22.132038,0.9733067703993419,0.4187108028875631,0.10603562953041812,10,1,731,1.895377880349913,7.56338750310553,0.9080002565465023,2.672463410159032,0.5877924912510156,1.4304082485056036,COMPLETE
246,-0.5285248805644326,2025-12-03 23:33:19.354715,2025-12-03 23:35:13.163729,0 days 00:01:53.809014,0.7900376423422557,0.24231666110573566,0.11004615512279269,10,1,728,1.981894032332401,8.185432613203783,0.8648712569691342,2.651814766343139,0.5864923135468946,1.4229327894197887,COMPLETE
247,-0.5279891428580832,2025-12-03 23:33:22.507140,2025-12-03 23:35:16.648571,0 days 00:01:54.141431,0.7895640229250682,0.25710697198612553,0.1136200855737792,10,1,724,2.0658408926973246,7.336807066938951,0.8461878294745696,2.656759103997604,0.5947918374353222,1.4451225189293189,COMPLETE
248,-0.5318487229319581,2025-12-03 23:33:28.351615,2025-12-03 23:35:19.726789,0 days 00:01:51.375174,0.7470343102398569,0.23253175067148113,0.11560748302639538,10,1,729,1.8498364001336154,7.547056918975048,0.8460467724597077,2.66788951017262,0.5953347454373101,1.422088749991371,COMPLETE
249,-0.527130222282925,2025-12-03 23:33:29.079015,2025-12-03 23:35:32.015629,0 days 00:02:02.936614,0.8010710288999101,0.26484158434496197,0.11649151818670624,10,1,738,2.042779840738135,8.283955734022818,0.8130612786905879,2.6803991861722833,0.5852404059205639,2.0269695311709417,COMPLETE
250,-0.5279116932104247,2025-12-03 23:33:36.830816,2025-12-03 23:35:38.278130,0 days 00:02:01.447314,0.8013431210273136,0.2337504978525346,0.087818478464972,10,1,727,3.082189053197645,7.131420045996308,0.8432018217200726,2.6830003982483754,0.5852081519190346,1.4256400381794747,COMPLETE
251,-0.5252982065770223,2025-12-03 23:33:44.775002,2025-12-03 23:35:43.388717,0 days 00:01:58.613715,0.7472382699923246,0.2393757156556466,0.121359938109852,10,1,728,1.9174813237232242,8.253585613095966,0.732710842741617,2.5387174065222697,0.5846470330356358,1.4509864350882768,COMPLETE
252,-0.5252532100298041,2025-12-03 23:33:45.083829,2025-12-03 23:35:52.286420,0 days 00:02:07.202591,0.7967755516869067,0.24597791201125696,0.10474210606141815,10,1,728,1.946249837105145,8.224452448268414,0.7072384159810694,2.5270502903747567,0.586813979677987,2.003715985270533,COMPLETE
253,-0.5280902232191317,2025-12-03 23:33:45.510252,2025-12-03 23:35:42.164069,0 days 00:01:56.653817,0.7909524115871144,0.2544590852259539,0.11389451052151163,10,1,721,3.059917508876464,8.231072238439749,0.7338585124016592,2.3898894963830886,0.5856178764744755,1.4213324068175393,COMPLETE
254,-0.5287266530430349,2025-12-03 23:33:49.681597,2025-12-03 23:35:55.189815,0 days 00:02:05.508218,0.7917655857816036,0.22273529632745442,0.08741659833603284,10,1,723,2.006952744666855,8.254392729806774,0.7329502193272458,2.530313830074234,0.5849250411549105,1.4147001844958573,COMPLETE
255,-0.5294168384082122,2025-12-03 23:33:58.625752,2025-12-03 23:35:46.744194,0 days 00:01:48.118442,0.748730481870324,0.24090663978498333,0.11700749662676652,10,1,720,2.4500433343815295,8.249030138415918,0.8447068699731914,2.5244382923551263,0.5861635334087664,1.42279731189202,COMPLETE
256,-0.5244513675487538,2025-12-03 23:33:59.633568,2025-12-03 23:36:00.753495,0 days 00:02:01.119927,0.748007118037336,0.23646586458715046,0.11701574539634615,10,1,733,2.415452136945071,8.183681439745511,0.6425198984686147,2.529886747755922,0.5849770271174755,1.409256109402467,COMPLETE
257,-0.5251134872560191,2025-12-03 23:34:00.268706,2025-12-03 23:35:53.527797,0 days 00:01:53.259091,0.7527972032439525,0.243583890438817,0.13105902391036514,10,1,724,2.412887519170543,8.253140391439382,0.7355579031075975,2.5361827928148526,0.5842916382579706,1.414114189354848,COMPLETE
258,-0.5288319701108081,2025-12-03 23:34:05.087976,2025-12-03 23:36:00.613452,0 days 00:01:55.525476,0.7478259039291514,0.22966827811787796,0.11904338232693677,10,1,730,2.3833120124623823,8.379413169783422,0.7326663530220636,2.5260582958956057,0.5850516450783614,1.4098194147913097,COMPLETE
259,-0.528155087937403,2025-12-03 23:34:12.703994,2025-12-03 23:35:57.898674,0 days 00:01:45.194680,0.7523492308211118,0.2339771771916598,0.11658348653672199,10,1,729,2.395220732392817,8.257378194035745,0.8906551714368797,2.5346417039999083,0.5844873178508018,1.4070286864266535,COMPLETE
260,-0.5294179482753711,2025-12-03 23:34:18.191273,2025-12-03 23:36:18.039110,0 days 00:01:59.847837,0.8525227581646705,0.24198610837580137,0.11402418492192355,10,1,725,2.599147298080552,8.302478641699691,0.8435972362084677,2.536352954580967,0.5874039363955662,1.415249844805249,COMPLETE
261,-0.5291115817052292,2025-12-03 23:34:18.277289,2025-12-03 23:36:19.516841,0 days 00:02:01.239552,0.853108620421103,0.23777399136159524,0.12147409396535362,10,1,725,0.013534440326879643,8.276144750601249,0.8482694813065669,2.7107369203691714,0.6099160807341477,2.1136974685332977,COMPLETE
262,-0.5255547732657432,2025-12-03 23:34:18.373124,2025-12-03 23:36:21.533147,0 days 00:02:03.160023,0.8516486974231451,0.255665969115221,0.0868049092222668,10,1,724,2.5694044688970163,8.334320664644196,0.8499184191514402,2.7359670535161524,0.5835183077941487,1.6720999551290898,COMPLETE
263,-0.532654113637634,2025-12-03 23:34:22.970674,2025-12-03 23:36:14.737777,0 days 00:01:51.767103,0.8431705256357331,0.25894735775719424,0.12153518729004321,10,1,723,0.01759871604677979,8.139097510227453,0.8431771526965439,2.733375902367933,0.5841030569072305,1.518050902115115,COMPLETE
264,-0.5282180490851367,2025-12-03 23:34:23.651345,2025-12-03 23:36:23.063212,0 days 00:01:59.411867,0.989150781960639,0.24012902935289004,0.12235353950122532,10,1,731,2.5549884750424097,8.3080792012403,0.8428972775335607,2.7264976372782685,0.5836509525734498,1.8068378245100656,COMPLETE
265,-0.5234428185675589,2025-12-03 23:34:29.876218,2025-12-03 23:36:23.783580,0 days 00:01:53.907362,0.7485195321599285,0.22230964229377706,0.1261614263513201,10,1,725,2.4374292843687284,8.251228193813537,0.8460459140536191,2.7229485103030737,0.550724983924742,1.8170010170350783,COMPLETE
266,-0.531042504519449,2025-12-03 23:34:39.992561,2025-12-03 23:36:45.184899,0 days 00:02:05.192338,0.9924996402701294,0.2393562514751007,0.12370030813162122,10,1,721,2.4653366608434952,8.329048699420689,0.8412861851600039,2.531908154162754,0.5850974959739916,1.822868453610098,COMPLETE
267,-0.5278000697806193,2025-12-03 23:34:49.586281,2025-12-03 23:36:52.245144,0 days 00:02:02.658863,0.9929050284847764,0.2232005723083158,0.11807359250035172,10,1,719,0.3013914558313662,8.276708278515574,0.8452915210723998,3.566147111950034,0.5843869825852753,1.806328205569536,COMPLETE
268,-0.5282534181762416,2025-12-03 23:35:01.979941,2025-12-03 23:36:54.299875,0 days 00:01:52.319934,0.9947862511582465,0.2707218972162351,0.1289657726027878,10,1,715,2.460201102961452,8.12427459873343,0.8467436705629885,2.7308716231929835,0.5852932030009796,1.5220563220246546,COMPLETE
269,-0.5269827548330244,2025-12-03 23:35:13.165611,2025-12-03 23:37:15.029062,0 days 00:02:01.863451,0.9901073776673772,0.24113504590482138,0.12255991870979428,10,1,717,2.497310669171582,8.137844095994966,0.8460567527023922,2.7043919866117228,0.5816592218786933,2.0964969099515844,COMPLETE
270,-0.5313574978340291,2025-12-03 23:35:16.118712,2025-12-03 23:37:05.816531,0 days 00:01:49.697819,0.9920530806705069,0.23020446587282606,0.12579413540425502,10,1,719,2.4145331175949325,8.048904646035979,0.8835831720212958,2.689801804987972,0.5853254223413896,1.5149622404561127,COMPLETE
271,-0.5308185070373471,2025-12-03 23:35:16.649731,2025-12-03 23:37:09.301431,0 days 00:01:52.651700,0.9899318123140736,0.26099639537486335,0.12335261917881192,10,1,716,2.4463398245992716,7.07740612355644,0.8532332311837793,2.6950941551335577,0.5851736910373817,1.5148894893649802,COMPLETE
272,-0.5300976896036868,2025-12-03 23:35:19.728022,2025-12-03 23:37:08.350872,0 days 00:01:48.622850,0.8119908008235421,0.25848968399098726,0.12630942627350777,10,1,716,1.6311762626033035,6.911112223118097,0.8444467263140282,2.7282882935570774,0.5857050223170152,1.4953747673923488,COMPLETE
273,-0.5265163579767828,2025-12-03 23:35:32.016861,2025-12-03 23:37:24.695132,0 days 00:01:52.678271,0.8116408101027025,0.2697438675734227,0.12498924070463362,10,1,716,1.5958258105979752,8.315289503395634,0.8425667404471455,2.7039802650129823,0.5843191943727758,2.1062289879768943,COMPLETE
274,-0.5269458341063648,2025-12-03 23:35:38.279286,2025-12-03 23:37:29.884033,0 days 00:01:51.604747,0.8116326570848441,0.2667847843834773,0.12625325990332503,10,1,719,1.5848694819807156,6.871622117810717,0.8459895785012482,2.6987959362584064,0.584163640901007,2.1378986931087374,COMPLETE
275,-0.5299930099116995,2025-12-03 23:35:42.165358,2025-12-03 23:37:33.878646,0 days 00:01:51.713288,0.8122364581867966,0.23250519235932704,0.1259202702961278,10,1,717,1.6168958727935239,7.119678890371507,0.8484010497249074,2.7178729253773817,0.5842287218365292,1.8410978697728013,COMPLETE
276,-0.5270977161633333,2025-12-03 23:35:43.389910,2025-12-03 23:37:36.824143,0 days 00:01:53.434233,0.8129670338151137,0.2426947768058244,0.12496224545500605,10,1,715,1.655705662075238,6.870829730932715,0.8449405204520988,2.7079834682466903,0.584261037360989,2.120585956535868,COMPLETE
277,-0.5297913664061783,2025-12-03 23:35:46.745397,2025-12-03 23:37:36.808554,0 days 00:01:50.063157,0.8210367114573052,0.2354231205305055,0.12296868070976617,10,1,715,2.4292452719025404,6.877864325048846,0.8469656761890382,2.708352462940315,0.5846412651727894,1.5235582916712156,COMPLETE
278,-0.5305948184795607,2025-12-03 23:35:52.287747,2025-12-03 23:37:44.532491,0 days 00:01:52.244744,0.8145270755293269,0.23286697304495835,0.11270953603635243,10,1,710,2.4286405945987055,7.23668681561074,0.8445308841176176,2.730058285857625,0.5714044299306045,1.4023408839724028,COMPLETE
279,-0.5289356642084057,2025-12-03 23:35:53.528961,2025-12-03 23:37:45.243967,0 days 00:01:51.715006,0.8137633422118216,0.2482082115420394,0.12527070515327374,10,1,711,1.6541907350155372,7.050415255165229,0.8458483762854351,2.7063794947588558,0.5945027287927562,1.4917912907553021,COMPLETE
280,-0.5307140950877342,2025-12-03 23:35:55.191618,2025-12-03 23:37:36.083798,0 days 00:01:40.892180,0.8164879248592553,0.25907254645101196,0.12012661566580554,10,1,711,1.6337620405403035,7.03140025555517,0.8908728333700195,2.692638652923363,0.5726810870392004,1.5004704936044329,COMPLETE
281,-0.5317670886566408,2025-12-03 23:35:57.899936,2025-12-03 23:37:48.858593,0 days 00:01:50.958657,0.8113835553271094,0.20327940965604685,0.1251853296306766,10,1,709,1.6550457546887754,7.97746446578368,0.8897162686052098,2.7333517357260697,0.5834104528365435,1.5122509584710826,COMPLETE
282,-0.5311777594107184,2025-12-03 23:36:00.614907,2025-12-03 23:38:04.456018,0 days 00:02:03.841111,0.9910859578644303,0.13451370634589405,0.12421989587678978,10,1,712,1.567160235469594,8.047097509697016,0.8805240864264826,2.702308367752404,0.5730236906638873,1.4858289907702111,COMPLETE
283,-0.531742123485679,2025-12-03 23:36:00.754770,2025-12-03 23:38:07.161412,0 days 00:02:06.406642,0.9896435117975335,0.12627204239200465,0.126219712508469,10,1,711,1.5918826838842206,7.9894757177352576,0.8937840130063062,2.721136464578152,0.5713115710624315,1.505779969415496,COMPLETE
284,-0.5277084824413656,2025-12-03 23:36:14.739477,2025-12-03 23:38:10.500952,0 days 00:01:55.761475,0.8178609766576318,0.12964579209112442,0.12942746709749703,10,1,706,0.02325037789323135,6.8123168300763375,0.8869786060662507,3.5300026993141866,0.5754357060584766,1.5042772591822435,COMPLETE
285,-0.5286302590331978,2025-12-03 23:36:18.040299,2025-12-03 23:38:16.511487,0 days 00:01:58.471188,0.8333057638705537,0.13644914109392914,0.1310166332667271,10,1,709,0.050190717129357396,7.948887810234429,0.8541618261431572,2.719194741904888,0.5738207483854495,1.5077988018355348,COMPLETE
286,-0.5304866750737923,2025-12-03 23:36:19.518310,2025-12-03 23:38:15.999028,0 days 00:01:56.480718,0.8343517193343436,0.14242535102378262,0.1300034028516434,10,1,708,0.04024865577876682,6.898319826196834,0.8477093859129795,2.714825587114926,0.5711783580078181,1.5019857930789202,COMPLETE
287,-0.5289766705893109,2025-12-03 23:36:21.534687,2025-12-03 23:38:27.020031,0 days 00:02:05.485344,0.843588910563788,0.16026945879116405,0.12645533262642694,10,1,708,1.5731091332815925,8.06954497344174,0.8532415152163318,2.7200024488638697,0.5729906456858588,2.077503547008836,COMPLETE
288,-0.5285153916335447,2025-12-03 23:36:23.064589,2025-12-03 23:38:23.210944,0 days 00:02:00.146355,0.8189232354115501,0.13200129731958882,0.1293013021210911,10,1,705,0.49211643911792635,7.939309005243558,0.8525735135394882,2.7119904804634163,0.5720104867888981,2.0806215358317943,COMPLETE
289,-0.5299780972216,2025-12-03 23:36:23.784853,2025-12-03 23:38:21.303530,0 days 00:01:57.518677,0.8316767287651737,0.12052338200264852,0.12869031709959142,10,1,712,0.08040767061705331,7.894658265090205,0.8551361367445922,2.715320119407478,0.5716982447482024,1.508938490114582,COMPLETE
290,-0.5285962265053614,2025-12-03 23:36:45.186510,2025-12-03 23:38:46.284472,0 days 00:02:01.097962,0.8323217457869463,0.12265358177533282,0.1286733055477178,10,1,706,0.020319686178875085,7.963324249168185,0.8549501737701404,2.7231066692301367,0.5715041426507163,2.1149271776970346,COMPLETE
291,-0.4047738238559963,2025-12-03 23:36:52.246311,2025-12-03 23:37:22.752029,0 days 00:00:30.505718,0.824970324499488,3.5439724796964076,0.12149125199832414,10,1,704,0.33543732547462773,7.74036516354111,0.8531778250974033,3.9309683142265577,0.5752966075347227,2.1708524864329886,COMPLETE
292,-0.5313295102812065,2025-12-03 23:36:54.301323,2025-12-03 23:38:54.864504,0 days 00:02:00.563181,0.8608624661233041,0.11021252216273436,0.13051808597610687,10,1,706,0.10077174721196841,6.99656809596085,0.8557356500814539,2.7145328147552443,0.5709926705729832,1.5147862812275488,COMPLETE
293,-0.5314779487728843,2025-12-03 23:37:05.817776,2025-12-03 23:39:01.875474,0 days 00:01:56.057698,0.8212124283824587,0.1399501121893168,0.13294939848601908,10,1,706,0.4603202499841452,7.9829076013761195,0.8770009930378546,2.7151606408699465,0.5733796617537806,1.4962950884114492,COMPLETE
294,-0.5302620147949425,2025-12-03 23:37:08.352215,2025-12-03 23:39:02.903904,0 days 00:01:54.551689,0.8343603421793544,0.11326130239763514,0.1319685252151187,10,1,703,0.40592921193131526,6.594403636901261,0.8898665544922065,2.7237814533990483,0.5708382541907786,1.5172472582984924,COMPLETE
295,-0.5314008034888242,2025-12-03 23:37:09.302626,2025-12-03 23:39:04.523427,0 days 00:01:55.220801,0.8276838617002834,0.1191352858088317,0.1400654504781726,10,1,707,0.563634794534099,7.041399060699786,0.8767115487869108,2.722632424134375,0.5741881549890486,1.4983077112208643,COMPLETE
296,-0.5304637960889367,2025-12-03 23:37:15.030486,2025-12-03 23:39:11.139027,0 days 00:01:56.108541,0.8342359768105313,0.10430382041164118,0.1328190389209648,10,1,698,1.517083678136821,7.009785339631524,0.8851876645040719,2.615208533739394,0.5720793621974087,1.5237859441613493,COMPLETE
297,-0.5316317431022785,2025-12-03 23:37:22.753501,2025-12-03 23:39:18.402002,0 days 00:01:55.648501,0.9997807942151775,0.1208645823560105,0.13340324636644668,10,1,703,1.5275320929592968,6.598469592847285,0.8842119834843222,2.6244311383343515,0.5940987479756178,1.5077698242290587,COMPLETE
