number,value,datetime_start,datetime_complete,duration,params_colsample_bytree,params_gamma,params_learning_rate,params_max_depth,params_min_child_weight,params_n_estimators,params_reg_alpha,params_reg_lambda,params_subsample,params_weight_class_0,params_weight_class_1,params_weight_class_2,state
372,-0.5345586380643922,2025-12-03 23:42:18.072045,2025-12-03 23:44:27.093356,0 days 00:02:09.021311,0.9699381067006775,0.18579407840363765,0.10114198612889172,10,1,730,1.1397796310399793,7.278269119158402,0.8656718836773548,2.5638726422908493,0.5936602854762077,1.4793095157627683,COMPLETE
373,-0.5345862950380277,2025-12-03 23:42:25.621507,2025-12-03 23:44:44.587933,0 days 00:02:18.966426,0.9696184328917447,0.005239273910076607,0.09964407817963047,10,1,733,1.086876228823,8.52109305517976,0.8659539126995284,2.6712634377230833,0.5804462841221938,1.475680977898571,COMPLETE
374,-0.5164839171640453,2025-12-03 23:42:28.428995,2025-12-03 23:43:21.834902,0 days 00:00:53.405907,0.9577188855529373,0.19164138327613778,0.09973397879185852,10,1,309,1.0537525195222197,7.143024118056465,0.8313247742222217,2.6838036601645983,0.5801120829871291,1.468587832164217,COMPLETE
375,-0.40828144145088285,2025-12-03 23:42:29.214162,2025-12-03 23:42:46.799960,0 days 00:00:17.585798,0.9660885921246252,4.061369616238624,0.10165232423141411,10,1,308,1.1357741032084159,7.1393515257615245,0.8634407731191769,4.0647319022871,0.5791379048726006,1.6787892285969763,COMPLETE
376,-0.48958164409096794,2025-12-03 23:42:29.260021,2025-12-03 23:44:34.793063,0 days 00:02:05.533042,0.9623297469372305,0.6395466771812909,0.021022558456982327,10,1,731,0.9300174384082981,8.595548676311445,0.8317483706671179,2.563381417299089,0.5774719580330202,1.6873940606445623,COMPLETE
377,-0.46403108477588556,2025-12-03 23:42:31.082055,2025-12-03 23:43:03.323785,0 days 00:00:32.241730,0.9682207613349981,2.8375479340319174,0.09787487604864001,10,1,710,1.102523067213405,7.091947102104922,0.8616579705469607,2.676273566304801,0.5782097109420369,1.6822394366006124,COMPLETE
378,-0.5325267974280311,2025-12-03 23:42:31.417448,2025-12-03 23:44:45.539780,0 days 00:02:14.122332,0.9669109633962296,0.18115910573493751,0.10072619730452807,10,1,732,0.9715071657368437,8.48769960013114,0.8342319388791843,2.5695104567425266,0.5792675202453227,1.665185094383195,COMPLETE
379,-0.5299169089319659,2025-12-03 23:42:34.905110,2025-12-03 23:44:22.636493,0 days 00:01:47.731383,0.7748260526700002,0.17178444130720533,0.10104128492676741,10,8,734,1.0862213358999737,8.530609765363584,0.8867230200147472,2.5761312681134574,0.5801233079606216,1.446409234502932,COMPLETE
380,-0.5242365908856425,2025-12-03 23:42:36.234998,2025-12-03 23:44:14.456776,0 days 00:01:38.221778,0.7637435160147897,0.1763877999776876,0.10052263786312969,10,1,706,1.0583758815557425,7.719310471947872,0.9634356897182172,2.672094836706907,0.5802512514896064,1.5316277811688228,COMPLETE
381,-0.4549474692933863,2025-12-03 23:42:39.887307,2025-12-03 23:43:08.411450,0 days 00:00:28.524143,0.9680388468528491,3.8825539218244294,0.10069168634989005,10,8,704,1.1582159198052873,8.567175570638616,0.8309665972144865,2.6693822449637223,0.5800850537576456,1.68158118909093,COMPLETE
382,-0.5193207758746484,2025-12-03 23:42:42.440745,2025-12-03 23:44:33.141903,0 days 00:01:50.701158,0.8055556651077581,0.15518624523025626,0.10222745861623073,10,6,711,1.112175520523097,8.63705489990487,0.8864075319702426,3.18466280311968,0.5800225392241438,1.970379657584087,COMPLETE
383,-0.4676565340439125,2025-12-03 23:42:46.395283,2025-12-03 23:43:04.693654,0 days 00:00:18.298371,0.7678811149902438,2.7813911525471355,0.47118544672180535,10,1,730,1.764832976590616,7.725367214191374,0.9363374228917731,2.6712282121537836,0.5925098967522614,1.5338868338888203,COMPLETE
384,-0.5310755931925724,2025-12-03 23:42:46.801087,2025-12-03 23:44:54.849130,0 days 00:02:08.048043,0.9687524167266308,0.17555306593168235,0.10117624884807982,10,1,731,1.7780285093850228,8.463129713559852,0.8883063008619698,3.1089164323892278,0.5920519612595359,1.5224391473602883,COMPLETE
385,-0.498232017864251,2025-12-03 23:42:54.519417,2025-12-03 23:44:34.948094,0 days 00:01:40.428677,0.9342844750270619,0.19180888549017422,0.09283281702853062,10,1,704,9.986311067798486,8.508854333287527,0.9626344584268449,4.33344123902949,0.589922122919616,1.527101588936061,COMPLETE
386,-0.5210421934402932,2025-12-03 23:42:58.743749,2025-12-03 23:44:43.299921,0 days 00:01:44.556172,0.7743057094201927,0.17125832165656674,0.09319006775624201,10,8,701,1.7412854074702127,7.953706295917553,0.8898808138639648,2.667481918128833,0.5910941653688876,1.983779704099091,COMPLETE
387,-0.525128222693303,2025-12-03 23:43:03.325211,2025-12-03 23:45:02.074886,0 days 00:01:58.749675,0.7625529113482243,0.18003041571018444,0.0922540545028866,10,1,704,1.78713517554672,8.54572925621549,0.8331221334212559,2.6636010048828793,0.5904089779883904,1.533251190924275,COMPLETE
388,-0.5213676791356391,2025-12-03 23:43:04.694987,2025-12-03 23:44:36.353768,0 days 00:01:31.658781,0.7636178776742512,0.18387177236713875,0.10310081836985,10,1,719,0.007899362068269744,8.427913593844801,0.9694939347679579,2.879046062997157,0.5658985727598659,1.5292283047402782,COMPLETE
389,-0.5300271625134158,2025-12-03 23:43:06.104177,2025-12-03 23:45:01.240207,0 days 00:01:55.136030,0.8535146737462943,0.178139720056714,0.08964409509010278,10,1,696,0.014510281103802997,8.531362798021325,0.8879078298487032,2.6602000944308912,0.5655360295395534,1.5302291601132478,COMPLETE
390,-0.5228092949985345,2025-12-03 23:43:08.412632,2025-12-03 23:45:13.226459,0 days 00:02:04.813827,0.8530481343615804,0.16729346377019977,0.08695357251125016,10,1,731,0.056908511453938694,8.452697455748643,0.8881123764340759,2.672083441740504,0.5646262427660038,1.9835234555405536,COMPLETE
391,-0.5231551976268095,2025-12-03 23:43:09.454353,2025-12-03 23:45:03.901301,0 days 00:01:54.446948,0.7609180607452335,0.1728485195139878,0.09197792298652357,10,1,718,0.015474855597782273,7.953789594355807,0.888590729655267,2.6553429566304096,0.5663051893976863,1.9802621717407327,COMPLETE
392,-0.5235206833501416,2025-12-03 23:43:12.390067,2025-12-03 23:45:06.329808,0 days 00:01:53.939741,0.7638078555411799,0.19281808064021305,0.0922131370815571,10,1,718,0.0015949996578856415,7.975204839918825,0.8840861392791891,2.679567270381513,0.5660172444725451,1.9446451195985952,COMPLETE
393,-0.5307577576974234,2025-12-03 23:43:16.458541,2025-12-03 23:45:19.182584,0 days 00:02:02.724043,0.9332270719563737,0.1784099282443572,0.10176310823079791,10,1,700,1.7694841158755559,8.01824714646144,0.8880912665818674,2.8814133647086564,0.5662038690914044,1.5264971868301853,COMPLETE
394,-0.5135622691265095,2025-12-03 23:43:18.347325,2025-12-03 23:45:06.624222,0 days 00:01:48.276897,0.9293178675421192,0.1741619166168791,0.09372198428393318,10,6,732,0.00029188462386440985,8.028101415738627,0.8928782071782027,2.735237096236105,0.5657686564483966,2.497019418139407,COMPLETE
395,-0.5285561789135182,2025-12-03 23:43:21.836271,2025-12-03 23:45:15.502282,0 days 00:01:53.666011,0.8561639008631684,0.20376493734399304,0.0947282991288685,10,1,699,0.01542069160021211,8.043867567203836,0.8853949165752346,2.7333339235325607,0.590214107575933,1.9520275824346163,COMPLETE
396,-0.5281385907465376,2025-12-03 23:43:28.018226,2025-12-03 23:45:13.656731,0 days 00:01:45.638505,0.8503193754491607,0.17760073307703445,0.08987990278589648,10,6,724,0.10525975897993906,8.033656923657633,0.889543127256062,2.747582804071457,0.5896192528186119,1.5374369195587103,COMPLETE
397,-0.4706870983377729,2025-12-03 23:43:39.863324,2025-12-03 23:44:26.623159,0 days 00:00:46.759835,0.9706763190508737,1.659982338829145,0.08510675514662702,10,1,730,1.8107294652897898,8.00806231100222,0.8796153019553302,2.7340004643712885,0.5896923076509923,1.9830305778330675,COMPLETE
398,-0.4863718447174456,2025-12-03 23:43:56.287734,2025-12-03 23:45:54.049880,0 days 00:01:57.762146,0.7582747108065507,0.18114680983238354,0.022178023671165812,10,1,697,0.009703985321388579,8.040843763626635,0.883455418570061,2.7571282255244034,0.5650594083283895,1.5274144081129089,COMPLETE
399,-0.5236791971110327,2025-12-03 23:44:06.909202,2025-12-03 23:46:06.295698,0 days 00:01:59.386496,0.8505036654977901,0.16145137735114162,0.08897718924891655,10,1,699,0.015334406736780206,8.768002201375642,0.8868794108462588,2.900105500756179,0.5655937428608294,1.8808641442929697,COMPLETE
400,-0.5251832360480205,2025-12-03 23:44:09.419103,2025-12-03 23:45:54.527929,0 days 00:01:45.108826,0.8508490349755453,0.19221508613202506,0.09127195391025876,10,6,697,0.7819532692452169,8.01323729921581,0.8860187399691358,2.8824512296470792,0.5685428813144552,1.5304626078891774,COMPLETE
401,-0.5293976212731244,2025-12-03 23:44:14.457989,2025-12-03 23:46:07.581995,0 days 00:01:53.124006,0.8045962219351146,0.17149951282030923,0.08884999606713706,10,1,694,0.8173732786870984,7.959215719335776,0.8854492375635067,2.7323238426031455,0.5669526301804809,1.5348321562639808,COMPLETE
402,-0.5289400286517892,2025-12-03 23:44:22.637647,2025-12-03 23:46:23.089356,0 days 00:02:00.451709,0.9368690683696157,0.17269174057622638,0.09052054516163531,10,1,693,0.8110157231337538,8.852569610652546,0.8862325340661922,2.8891291804785344,0.5653447293119878,1.5250736337240038,COMPLETE
403,-0.5208921974251215,2025-12-03 23:44:26.624440,2025-12-03 23:45:54.236715,0 days 00:01:27.612275,0.9343498718537077,0.1595908937561386,0.09241993113393174,10,1,489,0.8022237114518311,8.767341359091706,0.8862619320470064,2.892745899606661,0.5656161763126042,1.5252604804719017,COMPLETE
404,-0.5298335551958361,2025-12-03 23:44:27.094782,2025-12-03 23:46:27.393009,0 days 00:02:00.298227,0.8083892640675759,0.19652256906675336,0.08801776583524382,10,1,722,0.8026398378050125,8.064542554321276,0.8861307908957824,2.5143364609717263,0.566768445289373,1.3965142943409972,COMPLETE
405,-0.5340799070678699,2025-12-03 23:44:33.143352,2025-12-03 23:46:40.733136,0 days 00:02:07.589784,0.9241711650301385,0.17825977200773974,0.08938742868923426,10,1,723,0.8100777324596938,8.019131370714398,0.8846866856973283,2.49447220017913,0.5970338434942312,1.5313735213587398,COMPLETE
406,-0.533748916899407,2025-12-03 23:44:34.794284,2025-12-03 23:46:37.390541,0 days 00:02:02.596257,0.9373891067343124,0.17805824069454662,0.09319636180168568,10,1,698,0.7845073937194865,0.49158754826644774,0.8850765636200876,2.503090167220251,0.5666192648598114,1.5323454816102453,COMPLETE
407,-0.5269148700341807,2025-12-03 23:44:34.949244,2025-12-03 23:46:01.124069,0 days 00:01:26.174825,0.9315441581716096,0.19444943220148847,0.0917179010236557,10,1,490,1.2797992688674897,7.80825720092515,0.8829210501484545,2.4900557151184395,0.5659773467374414,1.3931322222144005,COMPLETE
408,-0.5356462284133388,2025-12-03 23:44:36.355078,2025-12-03 23:46:42.792207,0 days 00:02:06.437129,0.9770782801097858,0.1661326098049274,0.08670416742722772,10,1,721,0.7080230957081491,0.4537606366679607,0.8836378738277334,2.7401336940938816,0.5952454610280986,1.393942655109038,COMPLETE
409,-0.535440265744726,2025-12-03 23:44:43.301819,2025-12-03 23:46:47.680421,0 days 00:02:04.378602,0.9724594218236974,0.18630803045038313,0.09028728454226574,10,1,724,0.7988791709015172,8.065330258650159,0.882919270335972,2.4876166026960065,0.5971204244146016,1.380649450902829,COMPLETE
410,-0.5370903794570615,2025-12-03 23:44:44.589119,2025-12-03 23:46:50.415905,0 days 00:02:05.826786,0.9711288367232744,0.18008064590482617,0.08664602028410442,10,1,721,0.7700777000872172,0.5146177032189354,0.8837685546302237,2.4912610529290387,0.5973558176782262,1.429651358935901,COMPLETE
411,-0.5360233642789116,2025-12-03 23:44:45.541153,2025-12-03 23:46:51.212332,0 days 00:02:05.671179,0.9736405849667891,0.17501195763932187,0.08993254352655909,10,1,725,0.8099218683118443,0.4249381908667772,0.8825033890943719,2.5021571283317106,0.5980853921298943,1.384010088932675,COMPLETE
412,-0.48165224895213327,2025-12-03 23:44:54.850683,2025-12-03 23:45:25.863371,0 days 00:00:31.012688,0.9251405352910741,3.3009779090976674,0.08962507125020884,10,1,725,0.8762966973429274,8.874412977906204,0.8825453652958835,2.4643429625966204,0.5959820239280189,1.384449262043621,COMPLETE
413,-0.5277382976487098,2025-12-03 23:45:01.241259,2025-12-03 23:46:30.615961,0 days 00:01:29.374702,0.9289459417598983,0.17072350005715625,0.08365526896507874,10,1,489,0.7874511839116528,8.042653411962458,0.821780162011743,2.478675557110749,0.5973491939863882,1.3856964121580577,COMPLETE
414,-0.5336541978982835,2025-12-03 23:45:02.076201,2025-12-03 23:47:15.909705,0 days 00:02:13.833504,0.9292844457388907,0.13699406303462763,0.08344394952913005,10,1,726,1.3126828949672622,8.931441259521714,0.8118153040496411,2.487194112514515,0.5976443434703737,1.393377927919818,COMPLETE
415,-0.5348217125480416,2025-12-03 23:45:03.902590,2025-12-03 23:47:13.078318,0 days 00:02:09.175728,0.971909547070745,0.17711687711215757,0.08635726282833173,10,1,734,0.8108004565316393,9.337169775142923,0.8812035308132724,2.4805729366312113,0.5973934159839867,1.3837863826650905,COMPLETE
416,-0.4852271178004855,2025-12-03 23:45:06.331397,2025-12-03 23:45:41.474190,0 days 00:00:35.142793,0.9251809953565394,3.198299597092266,0.08364011883343768,10,1,732,1.2613611810180938,8.854765125231038,0.8170703775499589,2.485866501779676,0.5978116205982952,1.3831256649692545,COMPLETE
417,-0.5311956068482077,2025-12-03 23:45:06.625549,2025-12-03 23:47:21.161033,0 days 00:02:14.535484,0.9706161670335374,0.11177901046921794,0.10526383188108178,10,1,735,0.8001571081720379,8.896725885664257,0.8156145850784077,2.4853137609981144,0.5968586058513491,1.3850777479341287,COMPLETE
418,-0.5209683658064806,2025-12-03 23:45:13.227678,2025-12-03 23:46:19.690148,0 days 00:01:06.462470,0.9722426124844405,0.11147706430192386,0.08038656746120829,10,1,346,0.7727057225779985,9.617778822012804,0.8184897095604361,2.480029225724985,0.5991330185849844,1.3906557338972678,COMPLETE
419,-0.5321270682997951,2025-12-03 23:45:13.657875,2025-12-03 23:47:28.888706,0 days 00:02:15.230831,0.9466585057036809,0.11035734809469999,0.10545436330822057,10,1,737,0.8627459209196402,9.017841594550628,0.8165274893418673,2.488401698432335,0.5979255095670656,1.3866305548353168,COMPLETE
420,-0.534128072728549,2025-12-03 23:45:15.503554,2025-12-03 23:47:25.352025,0 days 00:02:09.848471,0.9481590447246719,0.12861864486710065,0.08403215530225805,10,1,735,0.8496260617831427,8.924341736947522,0.8572733962838102,2.4983201569713462,0.5985901914082796,1.392141718334782,COMPLETE
421,-0.5259242854663617,2025-12-03 23:45:19.184102,2025-12-03 23:47:33.236565,0 days 00:02:14.052463,0.9748116394177924,0.10813304158207247,0.08455826265042497,10,1,737,0.7991910979743365,5.565399498564511,0.8594232520783536,3.789466279679811,0.599288152587615,1.3881183286438086,COMPLETE
422,-0.5346539535607133,2025-12-03 23:45:25.864872,2025-12-03 23:47:39.941067,0 days 00:02:14.076195,0.9456864607957921,0.12190949172039127,0.08277084055195523,10,1,730,1.2922896824815457,7.708104330044007,0.8229262883541497,2.501632528520281,0.6065356742554854,1.383741848546918,COMPLETE
423,-0.5262372409333966,2025-12-03 23:45:41.475501,2025-12-03 23:46:42.086674,0 days 00:01:00.611173,0.9707611853777561,0.10065409197822231,0.08447763389475836,10,1,342,0.72079067507809,0.4556113872082266,0.8784372076445833,2.5221157828971634,0.6079010197500532,1.4243817609972018,COMPLETE
424,-0.5332688031036366,2025-12-03 23:45:54.051032,2025-12-03 23:48:04.960539,0 days 00:02:10.909507,0.9742340428246911,0.09128295061924564,0.08279033467664193,10,1,738,0.7698344949107189,0.3874749470500303,0.8565065642570965,2.4901924289253126,0.6081758817608335,1.6249404137121544,COMPLETE
425,-0.5328084574373956,2025-12-03 23:45:54.237900,2025-12-03 23:47:57.245176,0 days 00:02:03.007276,0.948416423302448,0.09273179810937694,0.10616917729865814,10,1,735,0.7630188139544499,0.5072313208136213,0.8566302352493241,2.497438540999283,0.6075584552952344,1.4322314139629955,COMPLETE
426,-0.5115142988333969,2025-12-03 23:45:54.529706,2025-12-03 23:47:11.486475,0 days 00:01:16.956769,0.9450266642322585,0.4796607267455558,0.10531060359467109,10,1,737,0.8106864306219372,0.2947896546299998,0.8569318831571018,2.511087307811937,0.4231376387830237,1.4363676827917398,COMPLETE
427,-0.5353977212929143,2025-12-03 23:46:01.125387,2025-12-03 23:48:15.050532,0 days 00:02:13.925145,0.9761469676313457,0.10507396637231509,0.08249541862936786,10,1,737,0.7725926627619892,7.694075876905226,0.8600178364310689,2.501868370964197,0.6040080742386669,1.4329642188380962,COMPLETE
428,-0.5076609823303014,2025-12-03 23:46:06.296932,2025-12-03 23:47:08.025796,0 days 00:01:01.728864,0.9459325564652428,0.12307875238758044,0.10767702487359468,10,1,342,0.7749018914328709,7.74633165934563,0.8571580620123045,3.7891735517150176,0.604848801930561,1.4432210165157668,COMPLETE
429,-0.5331581834542393,2025-12-03 23:46:07.583922,2025-12-03 23:48:20.568414,0 days 00:02:12.984492,0.9705911978522438,0.0891989126905538,0.08181924542302285,10,1,737,1.2963319909781055,1.2911265552284799,0.8568362198889375,2.515670255407162,0.6084922092592943,1.4352539451728297,COMPLETE
430,-0.5239720263719544,2025-12-03 23:46:19.691814,2025-12-03 23:47:46.002677,0 days 00:01:26.310863,0.9703347627843157,0.498555139632367,0.10767894229203316,10,1,723,1.326264331357962,0.5237442277686478,0.8581226903690923,3.831137217618591,0.6049270229981195,1.4364770420632604,COMPLETE
431,-0.5329465219150183,2025-12-03 23:46:23.090770,2025-12-03 23:48:28.420697,0 days 00:02:05.329927,0.9733962597675453,0.11364344747014729,0.10430335714560447,10,1,734,1.2774023473708362,0.4095205754741913,0.8575161146977971,2.6138853064863072,0.6071939368037185,1.4312309084553307,COMPLETE
432,-0.5316375895245321,2025-12-03 23:46:27.394583,2025-12-03 23:47:50.876324,0 days 00:01:23.481741,0.9468861028790552,0.47721549506283045,0.1056365801155686,10,1,734,1.334576354995653,0.4262583953031921,0.8559667346583315,2.6145379298893237,0.6099340282128752,1.4369881954805572,COMPLETE
433,-0.39244636138004524,2025-12-03 23:46:30.617282,2025-12-03 23:47:00.041208,0 days 00:00:29.423926,0.9460497441256409,0.08926963191262229,0.1065288410843379,3,2,737,1.3452445492590461,0.3443254752993239,0.8574354075467059,2.607635792902482,0.4243711394962661,1.4370705689890508,COMPLETE
434,-0.5279747986735163,2025-12-03 23:46:37.391711,2025-12-03 23:48:07.246952,0 days 00:01:29.855241,0.9464617512174166,0.48701468287110816,0.10291379298314911,10,2,738,1.262888035402562,0.533172725505783,0.8368639451717416,2.598869662452482,0.5977763186060374,1.6050293252365107,COMPLETE
435,-0.45275419222550034,2025-12-03 23:46:40.734458,2025-12-03 23:47:06.791199,0 days 00:00:26.056741,0.9469157744117821,0.10657674065569493,0.10835699923268101,3,1,652,1.2044377139131925,0.4185572085243667,0.8576336994468656,2.6068491268317295,0.6062131356513508,1.6277848211358075,COMPLETE
436,-0.5302556229395402,2025-12-03 23:46:42.087702,2025-12-03 23:48:48.937474,0 days 00:02:06.849772,0.953752530663623,0.09825583300995265,0.10574363931652866,10,2,737,1.379047271200074,0.4368756393692188,0.8538513704304943,2.6144314718433193,0.6055219395080778,1.6374186726375524,COMPLETE
437,-0.5178063215731847,2025-12-03 23:46:42.793310,2025-12-03 23:48:17.909880,0 days 00:01:35.116570,0.9449478715757431,0.5060378358415298,0.07434723469356748,10,2,656,1.3483922863119289,0.4735470037851979,0.8572774803175063,3.819006424732694,0.6098951773485493,1.6491341411337221,COMPLETE
438,-0.5317310562423776,2025-12-03 23:46:47.681691,2025-12-03 23:48:23.638967,0 days 00:01:35.957276,0.9462950938172819,0.48296257647362295,0.08163154940594872,10,1,735,1.32389713976161,0.28887784684334167,0.8570975166023106,2.498169039485777,0.6023930629263958,1.6146258100236508,COMPLETE
439,-0.5334740581086727,2025-12-03 23:46:50.417122,2025-12-03 23:48:56.819993,0 days 00:02:06.402871,0.9486149410910899,0.083144847800851,0.08283815056922451,10,2,736,1.3154422165489086,0.21398732078083085,0.8587391786958475,2.434349456994477,0.6063894133323063,1.617768940247857,COMPLETE
440,-0.5355587579110449,2025-12-03 23:46:51.213531,2025-12-03 23:48:27.354956,0 days 00:01:36.141425,0.946108795247191,0.5034035384112789,0.08203906240659486,10,2,738,1.2869388459009978,0.26841889889223103,0.8319649683208119,2.4318093238101524,0.606945675643014,1.355626643331603,COMPLETE
441,-0.5330151739837502,2025-12-03 23:47:00.042426,2025-12-03 23:49:05.431812,0 days 00:02:05.389386,0.9432276123021314,0.27961565562697044,0.08096184461420979,10,1,736,1.1959403903053805,0.20221196755611692,0.8352640170553862,2.461688012012089,0.6020584058398833,1.624786726968399,COMPLETE
442,-0.5356255224768341,2025-12-03 23:47:06.792338,2025-12-03 23:48:52.121098,0 days 00:01:45.328760,0.9627124474501482,0.2894864446812839,0.07320934113053658,10,2,736,0.8971870708142833,0.3754001977540007,0.917769015003925,2.472622961040583,0.6031590823542671,1.3396775918999224,COMPLETE
443,-0.5346639436580009,2025-12-03 23:47:08.027138,2025-12-03 23:49:10.687032,0 days 00:02:02.659894,0.9486440724318423,0.28492425538597843,0.08161357747808265,10,2,737,1.2505611651668125,0.26058292230350066,0.8392450798403881,2.436258947239864,0.6076942761990266,1.6232229336341775,COMPLETE
444,-0.5355032456737883,2025-12-03 23:47:11.488192,2025-12-03 23:48:56.247595,0 days 00:01:44.759403,0.9649942257955535,0.2655462757409158,0.08088148279505775,10,2,736,1.2535925587120111,0.219334239567006,0.9170370154225201,2.4559971048016296,0.5999787417246724,1.357031417558295,COMPLETE
445,-0.5384826734254761,2025-12-03 23:47:13.079637,2025-12-03 23:49:15.494764,0 days 00:02:02.415127,0.9630970660162059,0.27190910285602227,0.0793401467566603,10,2,738,0.8968800906508109,0.43672394007094306,0.8366925356286524,2.4379028812864387,0.6079185533292346,1.3598969074044884,COMPLETE
