number,value,datetime_start,datetime_complete,duration,params_colsample_bytree,params_gamma,params_learning_rate,params_max_depth,params_min_child_weight,params_n_estimators,params_reg_alpha,params_reg_lambda,params_subsample,params_weight_class_0,params_weight_class_1,params_weight_class_2,state
0,-0.41897895166763366,2025-12-03 23:24:46.866843,2025-12-03 23:25:10.829371,0 days 00:00:23.962528,0.846693587206578,2.8060331605093336,0.4265029199298543,7,5,546,5.027719612298714,1.729280307498301,0.6408940274090179,4.220855969571466,0.5149891091116019,1.8175690167055312,COMPLETE
1,-0.21504605360169268,2025-12-03 23:24:46.873800,2025-12-03 23:24:55.252723,0 days 00:00:08.378923,0.7126071249097532,4.228950081083367,0.23339317214582442,10,5,323,8.767215151468376,5.761434277748495,0.7596780187110059,3.9153757173078025,0.43348634510004624,1.9736399028543548,COMPLETE
2,-0.15359296892361268,2025-12-03 23:24:46.906079,2025-12-03 23:24:59.123621,0 days 00:00:12.217542,0.8250894451094737,0.48794564292301723,0.015512910923825408,7,5,401,8.862306396224861,2.457554372088598,0.60565783072561,3.6389289126534594,0.40430786361054816,1.6293789194767068,COMPLETE
3,-0.36745113127889933,2025-12-03 23:24:46.936487,2025-12-03 23:24:54.502330,0 days 00:00:07.565843,0.7265066093738135,1.7778518057342518,0.40866414776082816,7,1,111,7.9491457361181,1.3312559105109456,0.7021824842679507,3.721594251739247,0.37289788403536794,1.3150836963110875,COMPLETE
4,-0.29893723384646537,2025-12-03 23:24:46.981337,2025-12-03 23:24:54.913337,0 days 00:00:07.932000,0.9341906205950405,2.3931068210391504,0.4028551998660379,8,7,283,1.4454145882690006,7.612311943177023,0.9159102207086107,3.8898499154092754,0.48235310160330014,2.8379058116675173,COMPLETE
5,-0.1466744137898793,2025-12-03 23:24:46.988109,2025-12-03 23:24:53.852351,0 days 00:00:06.864242,0.6845482989034221,0.5454018583109599,0.0522483840562135,3,9,270,6.5979345629677235,0.7293141097672273,0.8601143380941153,2.6720424947399497,0.36674659457556297,2.3510356508913928,COMPLETE
6,-0.10295395308427453,2025-12-03 23:24:46.994887,2025-12-03 23:25:04.149184,0 days 00:00:17.154297,0.6482715777624795,1.3391809231379692,0.027194020385347337,10,2,385,4.443509644368043,9.778828303960692,0.8766544188625311,3.370871006094042,0.31157293253611396,1.3634322532777319,COMPLETE
7,-0.39274647413391306,2025-12-03 23:24:47.036946,2025-12-03 23:25:05.356813,0 days 00:00:18.319867,0.5771957807254313,4.266975816744422,0.1577565923161648,8,6,439,5.4569786451810565,1.2388905712169906,0.8128140050889089,3.740119008083618,0.608467990925869,2.3169229728488006,COMPLETE
8,-0.10295395308427453,2025-12-03 23:24:47.063555,2025-12-03 23:25:02.279161,0 days 00:00:15.215606,0.7029236211509705,4.108834480261223,0.035463890630204505,10,1,537,2.426336328593667,0.7176494436626957,0.6486919612451034,3.9751347853475174,0.37053823413559994,1.8534932826663892,COMPLETE
9,-0.4568703315737765,2025-12-03 23:24:47.074999,2025-12-03 23:25:22.392646,0 days 00:00:35.317647,0.6793687386291312,3.3250625338803452,0.024799218956241275,10,10,436,6.725014355842035,6.6848534456406625,0.935828202903958,2.5633748625943875,0.5904239770301659,1.5221873329285305,COMPLETE
10,-0.10295395308427453,2025-12-03 23:24:47.124761,2025-12-03 23:24:52.818824,0 days 00:00:05.694063,0.8094992584928375,1.3512831409598776,0.07307860291643475,6,6,76,4.860633441338594,4.830597852604833,0.8528881763675309,4.057262412272705,0.4144966235446069,1.4677133248722622,COMPLETE
11,-0.24206516333655845,2025-12-03 23:24:47.145010,2025-12-03 23:24:58.035053,0 days 00:00:10.890043,0.9492850775241419,0.4274134481691244,0.018677327759840042,6,6,527,1.9357264127410334,4.610963934627803,0.829554622752487,2.296924610690566,0.46118650104043335,2.910559409284553,COMPLETE
12,-0.4216075794408784,2025-12-03 23:24:47.171230,2025-12-03 23:24:55.196196,0 days 00:00:08.024966,0.6698835325560464,4.073235613096696,0.24953658043871763,9,1,188,8.519984119117176,2.725603084458746,0.9469955637126963,2.1973127675137825,0.44719929444370976,1.3967481865212512,COMPLETE
13,-0.1466744137898793,2025-12-03 23:24:47.193230,2025-12-03 23:24:57.207118,0 days 00:00:10.013888,0.6096743349103262,2.741308987005375,0.010320648756455369,6,5,348,2.8625083803384097,1.8279247656781683,0.518881473210602,2.7479482275773903,0.3500396362681533,2.061500351455831,COMPLETE
14,-0.2761117216549646,2025-12-03 23:24:47.219272,2025-12-03 23:24:57.896050,0 days 00:00:10.676778,0.9125994233004464,1.4281298166231489,0.41009790247643974,8,1,150,9.332018231099472,6.107426652165644,0.7618447603664469,2.549320871209784,0.38797934763749825,2.8070013484946656,COMPLETE
15,-0.1269940222858524,2025-12-03 23:24:47.267675,2025-12-03 23:24:58.776566,0 days 00:00:11.508891,0.6217669667886485,0.60681530921328,0.03092498042840234,7,10,472,0.4681729897917686,1.3293301592117257,0.9841131450218927,4.196133480291567,0.5022142306175603,2.071571864985736,COMPLETE
16,-0.1466744137898793,2025-12-03 23:24:47.286174,2025-12-03 23:24:58.428202,0 days 00:00:11.142028,0.5728350662972035,3.294059658035837,0.01497452539078473,7,7,480,2.528009536256909,3.285508072377834,0.5560427677421107,2.502708338337296,0.4411123378718537,2.6770245502213954,COMPLETE
17,-0.3886688839209694,2025-12-03 23:24:47.372479,2025-12-03 23:25:03.705867,0 days 00:00:16.333388,0.5598674477293835,2.066284634407511,0.3113227919300389,7,9,402,8.787776552846536,5.0244280564679835,0.7274438381850201,2.1387201370753104,0.3703090052010611,1.7589077504127082,COMPLETE
18,-0.2989836587940828,2025-12-03 23:24:47.407203,2025-12-03 23:25:03.258350,0 days 00:00:15.851147,0.9312341015562211,2.387199786382086,0.016243165861398807,7,4,705,2.8144144407972718,6.555237848851584,0.7855273468284124,4.101713272559136,0.6090854596069851,2.3699054105267043,COMPLETE
19,-0.24874639342631197,2025-12-03 23:24:47.418826,2025-12-03 23:24:56.691362,0 days 00:00:09.272536,0.6515965654204467,4.2872389443384264,0.0914480235193614,6,5,489,9.56744963579131,1.2296707347104585,0.6025220048142466,3.0973336067478803,0.5329363052762072,2.9120232614428128,COMPLETE
20,-0.458458614415228,2025-12-03 23:24:47.469199,2025-12-03 23:25:49.139910,0 days 00:01:01.670711,0.7653164424830038,0.24333481294596393,0.03555623070247375,10,4,447,1.2291575754937212,0.1594771523034788,0.5478660352276407,2.4380465737033417,0.45421330369321755,1.762874500470129,COMPLETE
21,-0.38080664083570176,2025-12-03 23:24:47.484368,2025-12-03 23:25:07.745624,0 days 00:00:20.261256,0.6522196346253541,0.705275729046379,0.45296426610166396,4,1,736,7.659668340192368,7.219721530168619,0.9848764244275223,2.541957256962654,0.39499002948932205,1.8162255344729181,COMPLETE
22,-0.2664229038419773,2025-12-03 23:24:47.502663,2025-12-03 23:24:53.796315,0 days 00:00:06.293652,0.7626564925716219,3.763057491897289,0.37638106746563044,3,3,327,8.45554145554901,1.8722639500516391,0.6809596308397639,4.180922095929503,0.5050354823928787,2.450804041332464,COMPLETE
23,-0.41417533561242764,2025-12-03 23:24:47.513736,2025-12-03 23:25:08.152994,0 days 00:00:20.639258,0.7288026173719466,0.36157820709716737,0.1533368925462931,3,2,508,6.777854913125251,5.824320130461599,0.6712414133896418,2.754839124836345,0.6128275617362637,2.4322637234422864,COMPLETE
24,-0.2863024432726548,2025-12-03 23:24:52.822187,2025-12-03 23:24:59.699732,0 days 00:00:06.877545,0.8011592910052592,4.259816574412399,0.30689414377774504,10,5,526,8.316512773652468,9.464117486205382,0.5338070935824235,2.3927161631823473,0.32308037678661644,1.5957834558232027,COMPLETE
25,-0.26105027962057054,2025-12-03 23:24:53.801485,2025-12-03 23:25:00.483231,0 days 00:00:06.681746,0.7089355438116114,4.21783003168995,0.10105102654417834,3,9,301,9.677923759177887,6.268945919320796,0.527943853849766,2.563006625370821,0.37186792330846125,1.565541729310481,COMPLETE
26,-0.4080495713461451,2025-12-03 23:24:53.857338,2025-12-03 23:25:04.745782,0 days 00:00:10.888444,0.9323265135842955,0.9542212387588817,0.4195000324839072,6,6,164,5.932765644004253,3.2209163051780507,0.6796803255008066,3.16475929972019,0.484125714813179,2.4428789445042187,COMPLETE
27,-0.37528417369914485,2025-12-03 23:24:54.508890,2025-12-03 23:25:06.667592,0 days 00:00:12.158702,0.7833146629506895,3.1625200004166567,0.041828580411465886,8,10,143,0.13041603545882463,1.516599647724749,0.8026407712788163,2.4132537241652643,0.41766930159705706,1.832875073343279,COMPLETE
28,-0.21881169764615307,2025-12-03 23:24:54.916337,2025-12-03 23:25:03.079616,0 days 00:00:08.163279,0.523477425457275,3.6283333708485688,0.0751549824842283,5,4,367,4.513989281337247,3.7234164586248952,0.5337509667245923,2.796695032388295,0.359806998274687,2.419225653787134,COMPLETE
29,-0.21206499710173574,2025-12-03 23:24:55.199232,2025-12-03 23:25:06.736555,0 days 00:00:11.537323,0.8034279304858226,0.8071080827633614,0.017349708199918205,6,10,733,8.33794392486779,8.596345663069657,0.9338323743118071,4.208250085145271,0.5550586153603603,1.6119744466687667,COMPLETE
30,-0.1466744137898793,2025-12-03 23:24:55.255316,2025-12-03 23:25:02.652447,0 days 00:00:07.397131,0.8612015567658844,0.6955870285494231,0.015854926400892123,4,2,476,7.206776579259497,0.784912534367741,0.8463967787695426,2.0526326809988746,0.41164005832836253,2.461137173700452,COMPLETE
31,-0.3755878836863448,2025-12-03 23:24:56.694377,2025-12-03 23:25:37.052318,0 days 00:00:40.357941,0.5162373658675605,4.695487611985469,0.027694396941884497,9,6,743,8.432615427170816,5.802547616254029,0.9151872860081016,3.2953919896436394,0.5176571964985778,1.8005901898615186,COMPLETE
32,-0.4077322672506661,2025-12-03 23:24:57.210583,2025-12-03 23:25:25.299486,0 days 00:00:28.088903,0.9618017998334372,4.786170795502539,0.043523589437460056,8,5,451,3.1030464246152247,3.5064869839915724,0.5230135348480155,3.7155810536286626,0.6143337638834563,2.037188810380497,COMPLETE
33,-0.48477624410308146,2025-12-03 23:24:57.898867,2025-12-03 23:25:15.226825,0 days 00:00:17.327958,0.5305878037874578,4.842018773239213,0.16135429757009292,10,3,672,5.316639767185256,3.8144113489104714,0.9954776778031047,1.8760622854756588,0.6222571122177653,1.6149975892562076,COMPLETE
34,-0.3869174217852443,2025-12-03 23:24:58.037708,2025-12-03 23:25:05.736107,0 days 00:00:07.698399,0.5550401235571034,3.0796431537360043,0.20276512605924965,10,1,157,6.446596830216929,3.2485003369128607,0.9994122721660172,1.9887026081390344,0.3374154239207971,1.2665103570576073,COMPLETE
35,-0.10295395308427453,2025-12-03 23:24:58.430864,2025-12-03 23:25:07.977534,0 days 00:00:09.546670,0.5205259024890704,1.9113052076909587,0.1691189463970775,10,1,729,6.938874943377333,3.203347157531918,0.9998143131948982,3.432622422960465,0.32680898722684415,1.3415956631598416,COMPLETE
36,-0.5037151074571862,2025-12-03 23:24:58.779831,2025-12-03 23:25:07.118543,0 days 00:00:08.338712,0.5126558695503463,4.948907260572251,0.1658291178703252,10,1,169,6.970272437127493,9.90104291701614,0.6530447671295189,1.9344246123880304,0.618173792749988,1.2109095096335087,COMPLETE
37,-0.3663181907304917,2025-12-03 23:24:59.126604,2025-12-03 23:25:22.955271,0 days 00:00:23.828667,0.5005137847096017,4.738222601192771,0.1652780452388657,10,1,740,6.561072652325127,9.740340818420478,0.7045976884413273,1.9965913782721998,0.31377208743608753,1.204203839307914,COMPLETE
38,-0.506117985220136,2025-12-03 23:24:59.702779,2025-12-03 23:25:26.177020,0 days 00:00:26.474241,0.5207042348290101,2.14463341223905,0.16273658886338052,9,1,673,6.632201991104326,0.03115204370403557,0.6855781252960336,2.0493643295219606,0.605221623237888,1.2393877655755337,COMPLETE
39,-0.5129530666372069,2025-12-03 23:25:00.486337,2025-12-03 23:25:28.239141,0 days 00:00:27.752804,0.5048555286856329,2.025183686789021,0.18005964739438712,9,1,724,6.612927848315535,3.4513467666957665,0.678543634128386,1.9726190672230757,0.6183094344230831,1.1996954593584892,COMPLETE
40,-0.38146228489155104,2025-12-03 23:25:02.282049,2025-12-03 23:25:21.277716,0 days 00:00:18.995667,0.5062474966559687,1.9898897218782277,0.17826874067058807,9,3,694,6.58667533529011,3.3516468808631057,0.9978414962878412,1.9694721669620294,0.31786780106393475,1.221223347279946,COMPLETE
41,-0.4233496566767078,2025-12-03 23:25:02.655446,2025-12-03 23:25:25.908718,0 days 00:00:23.253272,0.5404153864119917,4.794914753483243,0.18109860660878768,9,3,694,5.480227291713914,3.707809908666375,0.696496884800379,3.41756978008125,0.5822759670603794,1.185617466240306,COMPLETE
42,-0.387343164857239,2025-12-03 23:25:03.082769,2025-12-03 23:25:12.600037,0 days 00:00:09.517268,0.569605579930103,4.943429755284068,0.1667856962064958,9,3,183,6.7564969706791285,3.15915923959407,0.7065876919784061,4.523410812084479,0.6101363090244045,1.193384532375088,COMPLETE
43,-0.10295395308427453,2025-12-03 23:25:03.261189,2025-12-03 23:25:15.034729,0 days 00:00:11.773540,0.752750557475884,1.703030958506698,0.13078653509021018,9,2,187,6.253512547872872,2.920401574494547,0.7085863065943099,4.526330648141533,0.3121502412401672,1.238352958743331,COMPLETE
44,-0.3930073124293267,2025-12-03 23:25:03.708763,2025-12-03 23:25:14.692119,0 days 00:00:10.983356,0.509240381626857,1.6873054964823913,0.17634118792503184,9,2,185,6.888030881854939,3.5939639021191763,0.6939353665572963,1.8554211860430203,0.3124839803770003,1.2058751506951177,COMPLETE
45,-0.5024828622081587,2025-12-03 23:25:04.153100,2025-12-03 23:25:14.971085,0 days 00:00:10.817985,0.5068071145312598,1.9647641027632692,0.1709402552532263,9,2,178,6.986130044429162,3.01820248437441,0.7040130788327542,1.8823154645844855,0.5769609477260631,1.3144672896160818,COMPLETE
46,-0.4842453455944038,2025-12-03 23:25:04.748601,2025-12-03 23:25:12.663425,0 days 00:00:07.914824,0.5494797378959168,4.856597854311979,0.18247784443600903,9,8,167,6.527124196452244,3.5475056901325477,0.7201093774989414,2.022070660695711,0.5585084835764084,1.2036957196916243,COMPLETE
47,-0.4069982805594314,2025-12-03 23:25:05.359701,2025-12-03 23:25:13.534470,0 days 00:00:08.174769,0.9806479136863618,4.674419426663521,0.17417850019004907,9,7,182,6.021462316287643,2.9541322849396288,0.9882573780062183,3.146617524528775,0.5830577569480802,2.188886231675959,COMPLETE
48,-0.4062486098697411,2025-12-03 23:25:05.739011,2025-12-03 23:25:15.109576,0 days 00:00:09.370565,0.9850355574470101,4.968063127863989,0.16945456945683543,9,7,215,5.9002981611745255,2.596555158156952,0.9284149069071831,3.0835681210750927,0.5686341663587958,2.208464712612453,COMPLETE
49,-0.3769081396600831,2025-12-03 23:25:06.670456,2025-12-03 23:25:16.027099,0 days 00:00:09.356643,0.9963837023748717,4.962744052670121,0.1516804804133268,9,7,191,5.805737714407373,0.13720112692374542,0.9370701377192385,4.432463181132704,0.5872891487375802,2.212243554932879,COMPLETE
50,-0.3737494240414341,2025-12-03 23:25:06.739263,2025-12-03 23:25:17.107781,0 days 00:00:10.368518,0.9746360354268909,4.9479228561037,0.15043426075038627,9,7,224,5.4278676085035755,0.05699447783523204,0.9440736253178552,4.432570297372461,0.5961755101592111,2.6190262724890214,COMPLETE
51,-0.49911868356054895,2025-12-03 23:25:07.121591,2025-12-03 23:25:16.936836,0 days 00:00:09.815245,0.9902796172633808,4.941572622083605,0.1398157567633943,9,3,216,5.808048288700991,2.633494757243935,0.6588571513177498,1.8417993898162606,0.5680920932977468,1.2293895064236646,COMPLETE
52,-0.4959624074883499,2025-12-03 23:25:07.748563,2025-12-03 23:25:17.589646,0 days 00:00:09.841083,0.5058241699320128,4.8020953077905535,0.17622716300525554,9,3,229,5.798040141883902,4.137951983339952,0.6628403542132085,1.822563669384829,0.5663695660175356,1.2014783066183945,COMPLETE
53,-0.44518535652191726,2025-12-03 23:25:07.980238,2025-12-03 23:25:18.515171,0 days 00:00:10.534933,0.9999475595705526,4.971323042794535,0.13798402368420778,9,3,219,5.882999093144465,3.9038927887107477,0.6466658232017792,1.8605065112042731,0.5780142911636295,2.1863436466274315,COMPLETE
54,-0.42488070222932023,2025-12-03 23:25:08.155485,2025-12-03 23:25:18.978222,0 days 00:00:10.822737,0.8464706096762779,4.886175834131066,0.1254257062364479,9,2,209,5.813067584072751,3.9689410556324205,0.6494290640142241,1.8529901681670204,0.5818566531816612,2.5614962691725522,COMPLETE
55,-0.507138522638373,2025-12-03 23:25:10.832412,2025-12-03 23:25:31.007274,0 days 00:00:20.174862,0.8658826819932928,4.901850577139389,0.14370330549515734,9,2,631,3.7776793676069866,0.05363578413110659,0.6356378765601658,1.82623844928663,0.5856098494491853,1.2047051885347952,COMPLETE
56,-0.4242176946920993,2025-12-03 23:25:12.602799,2025-12-03 23:25:32.228656,0 days 00:00:19.625857,0.8858314897723436,4.975010837432404,0.2471948865467789,9,2,642,5.753200076085722,2.349798011634447,0.6240934934758992,1.836077570411123,0.5722604065808217,2.620276662976444,COMPLETE
57,-0.48478284456366477,2025-12-03 23:25:12.667302,2025-12-03 23:25:21.765612,0 days 00:00:09.098310,0.8412344126393965,4.984499758193877,0.2594581770959249,9,8,235,3.714596376946361,2.431777938218823,0.6157612225869127,1.8678003014277047,0.5722435758622286,1.4402291653002632,COMPLETE
58,-0.45541482706863445,2025-12-03 23:25:13.537171,2025-12-03 23:25:22.513431,0 days 00:00:08.976260,0.5012679960449027,4.967779719480664,0.2591393207843844,9,8,222,7.576606359408246,4.000991400206293,0.6151975224503085,2.2122857447875317,0.5541764737495413,1.4424374466631242,COMPLETE
59,-0.47763757738873763,2025-12-03 23:25:14.694842,2025-12-03 23:25:24.050184,0 days 00:00:09.355342,0.8586241262645432,4.914712342614815,0.2429661742728672,9,8,240,3.9289092942016985,2.354849989977197,0.6174751256292033,1.840356599048936,0.5464021446956432,1.5066607569167125,COMPLETE
60,-0.4760571024290566,2025-12-03 23:25:14.974313,2025-12-03 23:25:25.641140,0 days 00:00:10.666827,0.5307130340994917,4.918550638997895,0.12204389936536739,9,3,231,7.640833545361949,0.0705942616267663,0.607324405242045,1.8729212768247725,0.5686922445256818,1.447849748722185,COMPLETE
61,-0.4824919296370629,2025-12-03 23:25:15.037593,2025-12-03 23:25:24.794178,0 days 00:00:09.756585,0.5011715956122699,4.994483446884038,0.259561316104142,9,3,259,7.526963364809031,4.104161770045641,0.612534317104991,1.8261008060904012,0.5787482872060443,1.4435956829731384,COMPLETE
62,-0.48630696392203304,2025-12-03 23:25:15.112218,2025-12-03 23:25:24.564381,0 days 00:00:09.452163,0.6053544751475375,4.579484418380305,0.2528086300438121,8,3,239,7.817782117356476,4.402237567466545,0.6081632838212383,1.8426129375284035,0.5873959316398619,1.4937257889050257,COMPLETE
63,-0.49033933785822087,2025-12-03 23:25:15.229638,2025-12-03 23:25:36.977396,0 days 00:00:21.747758,0.6069253264654136,4.571026190140898,0.12359022660242559,8,3,613,3.677858263296353,4.494320660597059,0.6106901468444708,1.8247327073438753,0.5867307289024297,1.467665469091885,COMPLETE
64,-0.4856536182666473,2025-12-03 23:25:16.029911,2025-12-03 23:25:25.493352,0 days 00:00:09.463441,0.5372461013108492,4.631851635721328,0.22963949846348725,8,3,238,5.2911193394212575,4.018145276832923,0.6138211885262495,1.8629303161515525,0.590887109300983,1.440442746526804,COMPLETE
65,-0.46649734973043566,2025-12-03 23:25:16.939906,2025-12-03 23:25:28.119944,0 days 00:00:11.180038,0.53817526059743,4.598996483388084,0.11991431264592078,10,3,237,5.246009601855074,4.253057884538587,0.6331868660065626,1.9607986184999515,0.5438963051979725,1.4499838137794459,COMPLETE
66,-0.4625750250027059,2025-12-03 23:25:17.111287,2025-12-03 23:25:21.562944,0 days 00:00:04.451657,0.6030829486195192,4.618444260941001,0.11342419898406932,10,3,54,3.9379012440333057,5.287909488813495,0.612992933992971,1.8382113868263965,0.543711747301415,1.4756965831218825,COMPLETE
67,-0.497014573547653,2025-12-03 23:25:17.592649,2025-12-03 23:25:41.379070,0 days 00:00:23.786421,0.605736788093441,4.408210497851904,0.11624252364874303,10,3,632,3.803908510937568,4.242472546981779,0.6170937999930821,1.9265847805185035,0.6219820910225629,1.463832139307576,COMPLETE
68,-0.500953442775535,2025-12-03 23:25:18.518357,2025-12-03 23:25:26.737278,0 days 00:00:08.218921,0.6052504921467352,0.0023345796757139325,0.2347950106837224,10,4,65,4.1710090586880035,4.528620060309164,0.5981700872872202,1.847725296056524,0.5523662222002644,1.4536657144093914,COMPLETE
69,-0.4478670161094427,2025-12-03 23:25:18.981215,2025-12-03 23:25:23.624535,0 days 00:00:04.643320,0.5974004992646373,4.600617947827375,0.22536538161714387,8,4,74,4.344772277297728,4.364945157862047,0.6084550607074661,2.2353505209451825,0.5370328393826825,1.448824543110902,COMPLETE
70,-0.481880469045642,2025-12-03 23:25:21.280802,2025-12-03 23:25:26.278206,0 days 00:00:04.997404,0.5963264524991527,4.635402567065414,0.11064650577957237,8,4,66,5.161465661188142,4.438040419660134,0.6047811903638625,2.2236076030885092,0.6223289006272147,1.4597237771550096,COMPLETE
71,-0.477353448338224,2025-12-03 23:25:21.566042,2025-12-03 23:25:40.694556,0 days 00:00:19.128514,0.5348880819544058,4.519147894772793,0.2391298952690397,8,4,591,3.8391542903279317,2.1490582308646538,0.7458911863434738,2.160523032317946,0.599405866606833,1.4502975277481887,COMPLETE
72,-0.505078783003665,2025-12-03 23:25:21.769005,2025-12-03 23:25:47.062685,0 days 00:00:25.293680,0.8976599615924221,0.025988855895936247,0.23549330242547384,8,4,252,3.7343528017763377,2.1806675395142125,0.6112533561284962,2.1858014100859045,0.5280699965846121,1.411704782918739,COMPLETE
73,-0.4610851283751458,2025-12-03 23:25:22.396058,2025-12-03 23:25:32.640861,0 days 00:00:10.244803,0.8642296539461919,4.511099050864427,0.24277469328233944,8,4,253,3.598945052922097,2.239504205057162,0.5898080129690151,2.2056799207499136,0.5361483421351018,1.4070751668310666,COMPLETE
