[I 2026-01-10 09:19:58,224] Trial 51 finished with value: 0.5282269836327468 and parameters: {'w0': 1.1497318987071963, 'w1': 0.9155737753706671, 'w2': 1.384807685027649}. Best is trial 12 with value: 0.563857908751589.
[I 2026-01-10 09:19:58,239] Trial 91 finished with value: 0.39806223871858065 and parameters: {'w0': 1.3801902717688068, 'w1': 0.4026514994096523, 'w2': 1.6271948544849155}. Best is trial 12 with value: 0.563857908751589.
[I 2026-01-10 09:19:58,260] Trial 67 finished with value: 0.4513685413476222 and parameters: {'w0': 0.7349179806384485, 'w1': 0.4480099069714861, 'w2': 1.3188655653262793}. Best is trial 12 with value: 0.563857908751589.
[I 2026-01-10 09:19:58,261] Trial 74 finished with value: 0.5579336008705338 and parameters: {'w0': 1.6476952283478343, 'w1': 0.9303194569760508, 'w2': 1.228451954825761}. Best is trial 12 with value: 0.563857908751589.
[I 2026-01-10 09:19:58,262] Trial 98 finished with value: 0.5532470322127363 and parameters: {'w0': 1.0335612864866004, 'w1': 0.4704886881470169, 'w2': 1.1378151987736589}. Best is trial 12 with value: 0.563857908751589.
[I 2026-01-10 09:19:58,270] Trial 79 finished with value: 0.4096550826668024 and parameters: {'w0': 0.41332691705173696, 'w1': 0.45557095894474725, 'w2': 1.597949011583226}. Best is trial 12 with value: 0.563857908751589.
[I 2026-01-10 09:19:58,297] Trial 70 finished with value: 0.4873489718446087 and parameters: {'w0': 0.9187235852493054, 'w1': 0.8550262472904486, 'w2': 1.6010694373248209}. Best is trial 12 with value: 0.563857908751589.
[I 2026-01-10 09:19:58,318] Trial 75 finished with value: 0.3959553154697218 and parameters: {'w0': 0.3907856050258305, 'w1': 0.8347005995858534, 'w2': 1.0289891606609978}. Best is trial 12 with value: 0.563857908751589.
[I 2026-01-10 09:19:58,502] Trial 95 finished with value: 0.49300800158919333 and parameters: {'w0': 0.9908923110631915, 'w1': 0.8244385593299763, 'w2': 1.233733440699065}. Best is trial 12 with value: 0.563857908751589.
/home/okooijman/anaconda3/envs/xgboost_ml/lib/python3.10/site-packages/sklearn/metrics/_classification.py:1731: UndefinedMetricWarning: Precision is ill-defined and being set to 0.0 due to no predicted samples. Use `zero_division` parameter to control this behavior.
  _warn_prf(average, modifier, f"{metric.capitalize()} is", result.shape[0])
/home/okooijman/anaconda3/envs/xgboost_ml/lib/python3.10/site-packages/sklearn/metrics/_classification.py:1731: UndefinedMetricWarning: Precision is ill-defined and being set to 0.0 due to no predicted samples. Use `zero_division` parameter to control this behavior.
  _warn_prf(average, modifier, f"{metric.capitalize()} is", result.shape[0])
Best weights: funnel {'w0': 1.2744129593648645, 'w1': 0.647007844531754, 'w2': 1.420850435040124}
Best macro-F1: funnel 0.563857908751589
0
50
100
150
200
250
300
350
400
450
500
550
Python execution finished at 09:22:18 with exit code: 0
================================================
COPYING RESULTS BACK
================================================
Job started: 09-01-2026 16:28:11
Job ended: 10-01-2026 09:22:18
Job ID: 18212569
Exit code: 0
Found 'results' directory. Contents:
total 1
drwxr-x---. 2 okooijman okooijman  4096 Jan 10 09:22 .
drwxr-x---. 3 okooijman okooijman  4096 Jan 10 09:22 ..
-rw-r-----. 1 okooijman okooijman 25529 Jan 10 09:22 accuracy funnel.png
-rw-r-----. 1 okooijman okooijman 23687 Jan 10 09:22 confusionmatrix funnel.png
-rw-r-----. 1 okooijman okooijman 53068 Jan 10 09:22 loss funnel.png
-rw-r-----. 1 okooijman okooijman 21053 Jan 10 09:22 normalizedconfusionmatrix funnel.png
-rw-r-----. 1 okooijman okooijman 42808 Jan 10 09:22 recall funnel.png
Copying 'results' directory to /gpfs/home3/okooijman/MLCourse/Neural_networks/nn_Nikki/architecture/funnel/
Successfully copied results directory
Files copied to /gpfs/home3/okooijman/MLCourse/Neural_networks/nn_Nikki/architecture/funnel/results/:
total 2
drwxr-x---+ 2 okooijman okooijman  4096 Jan 10 09:22 .
drwxr-x---+ 3 okooijman okooijman  4096 Jan 10 09:22 ..
-rw-r-----+ 1 okooijman okooijman 25529 Jan 10 09:22 accuracy funnel.png
-rw-r-----+ 1 okooijman okooijman 23687 Jan 10 09:22 confusionmatrix funnel.png
-rw-r-----+ 1 okooijman okooijman 53068 Jan 10 09:22 loss funnel.png
-rw-r-----+ 1 okooijman okooijman 21053 Jan 10 09:22 normalizedconfusionmatrix funnel.png
-rw-r-----+ 1 okooijman okooijman 42808 Jan 10 09:22 recall funnel.png
Job completed at 09:22:18
