[I 2026-01-10 01:15:12,657] Trial 81 finished with value: 0.3197635380667481 and parameters: {'w0': 0.13493239896990197, 'w1': 0.6107906111858457, 'w2': 1.0048613146778644}. Best is trial 70 with value: 0.5601837831656656.
[I 2026-01-10 01:15:12,659] Trial 83 finished with value: 0.48918111121659386 and parameters: {'w0': 0.8646923569534732, 'w1': 0.4814031347262689, 'w2': 1.1016733615419068}. Best is trial 70 with value: 0.5601837831656656.
[I 2026-01-10 01:15:12,666] Trial 88 finished with value: 0.49410272520521253 and parameters: {'w0': 0.9325136567757863, 'w1': 0.7359145421985915, 'w2': 1.3306534171446476}. Best is trial 70 with value: 0.5601837831656656.
[I 2026-01-10 01:15:12,680] Trial 89 finished with value: 0.5028028453744782 and parameters: {'w0': 1.3975291946879858, 'w1': 0.943610620404114, 'w2': 1.1353497700678197}. Best is trial 70 with value: 0.5601837831656656.
[I 2026-01-10 01:15:12,701] Trial 98 finished with value: 0.4945955484822986 and parameters: {'w0': 1.1551820977766223, 'w1': 0.9695413218831189, 'w2': 1.5633699214367496}. Best is trial 70 with value: 0.5601837831656656.
[I 2026-01-10 01:15:12,740] Trial 99 finished with value: 0.47954248426656 and parameters: {'w0': 1.4283876767917998, 'w1': 0.4350948033850891, 'w2': 1.3999865543262144}. Best is trial 70 with value: 0.5601837831656656.
[I 2026-01-10 01:15:12,748] Trial 92 finished with value: 0.31156445806597893 and parameters: {'w0': 0.15306813308854358, 'w1': 0.6540276286899511, 'w2': 1.454817981579838}. Best is trial 70 with value: 0.5601837831656656.
[I 2026-01-10 01:15:12,749] Trial 87 finished with value: 0.4395741205262532 and parameters: {'w0': 0.6248257466049274, 'w1': 0.7171056377562672, 'w2': 1.2989383106175798}. Best is trial 70 with value: 0.5601837831656656.
[I 2026-01-10 01:15:12,752] Trial 90 finished with value: 0.3169473551950333 and parameters: {'w0': 0.14365630949656652, 'w1': 0.4076296755391722, 'w2': 1.1955149389603328}. Best is trial 70 with value: 0.5601837831656656.
Best weights: wide {'w0': 1.6962504593993797, 'w1': 0.6291345575670082, 'w2': 1.1462356482297071}
Best macro-F1: wide 0.5601837831656656
0
50
100
150
200
250
300
350
400
450
500
550
Python execution finished at 01:16:41 with exit code: 0
================================================
COPYING RESULTS BACK
================================================
Job started: 09-01-2026 16:28:40
Job ended: 10-01-2026 01:16:41
Job ID: 18212580
Exit code: 0
Found 'results' directory. Contents:
total 1
drwxr-x---. 2 okooijman okooijman  4096 Jan 10 01:16 .
drwxr-x---. 3 okooijman okooijman  4096 Jan 10 01:16 ..
-rw-r-----. 1 okooijman okooijman 29434 Jan 10 01:16 accuracy wide.png
-rw-r-----. 1 okooijman okooijman 24314 Jan 10 01:16 confusionmatrix wide.png
-rw-r-----. 1 okooijman okooijman 50094 Jan 10 01:16 loss wide.png
-rw-r-----. 1 okooijman okooijman 21224 Jan 10 01:16 normalizedconfusionmatrix wide.png
-rw-r-----. 1 okooijman okooijman 49424 Jan 10 01:16 recall wide.png
Copying 'results' directory to /gpfs/home3/okooijman/MLCourse/Neural_networks/nn_Nikki/architecture/wide/
Successfully copied results directory
Files copied to /gpfs/home3/okooijman/MLCourse/Neural_networks/nn_Nikki/architecture/wide/results/:
total 2
drwxr-x---+ 2 okooijman okooijman  4096 Jan 10 01:16 .
drwxr-x---+ 3 okooijman okooijman  4096 Jan 10 01:16 ..
-rw-r-----+ 1 okooijman okooijman 29434 Jan 10 01:16 accuracy wide.png
-rw-r-----+ 1 okooijman okooijman 24314 Jan 10 01:16 confusionmatrix wide.png
-rw-r-----+ 1 okooijman okooijman 50094 Jan 10 01:16 loss wide.png
-rw-r-----+ 1 okooijman okooijman 21224 Jan 10 01:16 normalizedconfusionmatrix wide.png
-rw-r-----+ 1 okooijman okooijman 49424 Jan 10 01:16 recall wide.png
Job completed at 01:16:41
