number,value,datetime_start,datetime_complete,duration,params_colsample_bytree,params_gamma,params_learning_rate,params_max_delta_step,params_max_depth,params_min_child_weight,params_n_estimators,params_reg_alpha,params_reg_lambda,params_scale_pos_weight,params_subsample,params_weight_class_0,params_weight_class_1,params_weight_class_2,state
486,-0.5956381733365197,2025-12-04 13:39:10.523823,2025-12-04 13:39:30.402360,0 days 00:00:19.878537,0.8850942902649014,0.22667109764096569,0.0946966340070738,5,6,10,407,0.2855077581093101,3.030143579769727,1.2989102215852655,0.6210640975455478,2.9067509299761904,0.5184927880071497,1.6556885874279297,COMPLETE
487,-0.5982207142816182,2025-12-04 13:39:11.592838,2025-12-04 13:39:30.806853,0 days 00:00:19.214015,0.7167005221311312,0.12458571583855968,0.09393405426298505,5,6,10,406,0.10671122308449896,3.0039653112739635,1.2269370299666105,0.7061451419064716,3.3948744915366778,0.4985054041075403,1.6496429114591493,COMPLETE
488,-0.6014783644014637,2025-12-04 13:39:12.770044,2025-12-04 13:39:32.243167,0 days 00:00:19.473123,0.8838938918835277,0.13027367016411168,0.09408651151477124,10,6,10,408,1.7797305626299411,3.033466990339245,1.4585253333151886,0.7124276376278146,3.4170359691959833,0.5041161822055701,1.6480764836329262,COMPLETE
489,-0.59999209908147,2025-12-04 13:39:13.415822,2025-12-04 13:39:32.285814,0 days 00:00:18.869992,0.7179303457489196,0.22695627059421486,0.09223733680420104,10,6,10,407,2.845797549648828,3.441727308977404,1.4599839030734245,0.7704559064869724,3.3888983201085727,0.5046131385876953,1.641630757918377,COMPLETE
490,-0.5816790603478134,2025-12-04 13:39:13.650520,2025-12-04 13:39:34.166925,0 days 00:00:20.516405,0.8825042635161543,0.22278243857373004,0.023217335187696524,10,6,10,407,0.019224095419367232,3.01308718626234,1.4575471192056615,0.6182229746843753,3.4001446026663453,0.8232040541607308,1.6505009184621244,COMPLETE
491,-0.6006599977196566,2025-12-04 13:39:15.934893,2025-12-04 13:39:35.067607,0 days 00:00:19.132714,0.8836490399078273,0.12877075098662602,0.09137674744667318,10,6,10,404,0.3972712042889084,3.005049272385485,1.2260841465929588,0.706676489489615,3.395064489173796,0.5044671840927901,1.6461093967879716,COMPLETE
492,-0.5995423816840287,2025-12-04 13:39:17.141671,2025-12-04 13:39:36.169119,0 days 00:00:19.027448,0.8825063143240084,0.20970842201351492,0.09217235379621899,10,6,10,405,0.44467604732017607,3.018749945842829,1.2227388794697736,0.7063888850318988,3.3198630593288083,0.49856163299483314,1.6492093399647154,COMPLETE
493,-0.5974311977494199,2025-12-04 13:39:17.692861,2025-12-04 13:39:37.220838,0 days 00:00:19.527977,0.7471199495289191,0.21154710243654043,0.05106284735371545,10,6,10,408,3.0089850622711873,3.0325423030810934,1.2260599613410397,0.6186666806668579,3.398759006940097,0.5039613089998074,1.6313858470517548,COMPLETE
494,-0.5988935344946671,2025-12-04 13:39:17.733072,2025-12-04 13:39:34.455919,0 days 00:00:16.722847,0.8830611258073217,0.6157697703991505,0.09244501186221285,10,6,10,354,0.42399287172574157,4.178927160554457,1.3168948864326413,0.7583724379871684,3.381290654106368,0.5042674368355792,1.6415594710075465,COMPLETE
495,-0.580350740929172,2025-12-04 13:39:17.814147,2025-12-04 13:39:36.925876,0 days 00:00:19.111729,0.88372595690281,0.5994491955328602,0.09299046581307104,10,6,9,406,1.8790789735224607,3.017948642593978,1.2267403622293476,0.7079266141474181,3.4020495522875542,0.8429796250007896,1.6553852781409018,COMPLETE
496,-0.6012541032354886,2025-12-04 13:39:18.048036,2025-12-04 13:39:37.005879,0 days 00:00:18.957843,0.882266719595127,0.22668605071119136,0.09408799620423026,5,6,9,405,2.910071467905145,4.251944391056505,1.3272090040586682,0.7722450461829063,3.3914376641079222,0.4982042163320716,1.6552078219845312,COMPLETE
497,-0.6001853354312833,2025-12-04 13:39:18.299553,2025-12-04 13:39:37.584013,0 days 00:00:19.284460,0.8855383223567138,0.22866406394213568,0.09209943358493602,5,6,9,405,1.720924274129196,4.807130267193605,1.2304493678481068,0.6211706892223169,3.392918700610025,0.5034399383264335,1.6458209645458817,COMPLETE
498,-0.6006168166248246,2025-12-04 13:39:18.425082,2025-12-04 13:39:37.060299,0 days 00:00:18.635217,0.8316270917787725,0.47667879603450414,0.09175589561849981,5,6,9,405,2.8511711733430296,4.9492764641011116,1.4575526504826293,0.7585753236886659,3.3724791439325976,0.5040729852084439,1.654822352973792,COMPLETE
499,-0.5840104757944805,2025-12-04 13:39:20.980786,2025-12-04 13:39:39.530183,0 days 00:00:18.549397,0.883996771452779,0.6381821091615071,0.09544025598281083,5,6,9,406,2.9477430769880373,4.619724895676789,1.2220132378192143,0.7636214771084804,3.360481170466713,0.8236546534559233,1.6491911488205544,COMPLETE
