number,value,datetime_start,datetime_complete,duration,params_colsample_bytree,params_gamma,params_learning_rate,params_max_delta_step,params_max_depth,params_min_child_weight,params_n_estimators,params_reg_alpha,params_reg_lambda,params_scale_pos_weight,params_subsample,params_weight_class_0,params_weight_class_1,params_weight_class_2,state
0,-0.5500260175147468,2025-12-04 13:32:30.690259,2025-12-04 13:32:40.224189,0 days 00:00:09.533930,0.7818333682880101,0.6998968809217696,0.04141763487952216,3,8,8,108,2.754863756816141,1.7945579305460262,1.7689065133634407,0.8726348840496061,2.856401777866896,0.6908189409119733,2.3724973915302767,COMPLETE
1,-0.5167430600748235,2025-12-04 13:32:30.692153,2025-12-04 13:33:12.518083,0 days 00:00:41.825930,0.6212990808352632,1.4018238965714953,0.012009420668586531,2,9,8,466,0.06561305156360997,3.1482427915167555,1.9467411257774334,0.7026067938713099,2.2378462182404637,0.9206891284622167,2.517525853404888,COMPLETE
2,-0.5352820387940044,2025-12-04 13:32:30.703151,2025-12-04 13:32:41.508734,0 days 00:00:10.805583,0.6067105331910947,0.6101755659377319,0.055526536281790655,9,8,7,134,1.219902509480784,3.493037333289779,1.4381597238911716,0.858051462063951,1.6550354858535579,0.5331254772955882,1.6094836723151578,COMPLETE
3,-0.5532503348247655,2025-12-04 13:32:30.705140,2025-12-04 13:32:47.934142,0 days 00:00:17.229002,0.8100083534244418,0.7923632042264843,0.034611492699408844,0,8,4,202,3.7517453240737337,2.3430282223993233,1.7182035611127073,0.7202462457791207,3.0286332855468525,0.8400978714624261,2.7830594679668543,COMPLETE
4,-0.5375030537661113,2025-12-04 13:32:30.706991,2025-12-04 13:32:43.292068,0 days 00:00:12.585077,0.8341374321606982,1.493471805313071,0.010125892043359465,3,8,7,145,4.3035971752780355,2.971813485673934,0.738220440743502,0.8958050801789411,2.7403224833377884,0.8850197202534191,1.7619962669982487,COMPLETE
5,-0.5348665303459373,2025-12-04 13:32:30.739801,2025-12-04 13:32:48.633958,0 days 00:00:17.894157,0.6349854437089026,1.8529789076087804,0.08671387830941148,1,4,10,448,3.608344844485319,4.682449802956256,1.4693736167940665,0.6168253735178827,2.3704345038338968,0.7513154722163509,2.8559324064903446,COMPLETE
6,-0.5840779727217258,2025-12-04 13:32:30.742181,2025-12-04 13:32:53.101989,0 days 00:00:22.359808,0.7692465479097156,0.8624206870673585,0.024001324837239258,10,7,7,333,3.9304159628935698,3.0966360639125035,0.5833087043942613,0.7346905963725054,3.4923664857279597,0.870601631210767,2.030358668407692,COMPLETE
7,-0.533490334294102,2025-12-04 13:32:30.743598,2025-12-04 13:32:47.027347,0 days 00:00:16.283749,0.737901860124722,1.6419821903154543,0.023139960112717732,7,7,6,243,1.398533043685863,3.1415960840885186,0.9797289271629737,0.7420489447952592,2.752848368548826,0.9305536272445756,2.5694672917843917,COMPLETE
8,-0.5752260537168673,2025-12-04 13:32:30.750507,2025-12-04 13:33:20.668437,0 days 00:00:49.917930,0.8988503933964718,0.8392020084471283,0.0340136470624996,3,10,3,425,4.774082003423279,0.12256219777749378,1.498155129744879,0.6511636995544119,2.9662755453150353,0.7488066966971669,1.4779160353350425,COMPLETE
9,-0.5560563377072357,2025-12-04 13:32:30.757149,2025-12-04 13:32:45.276098,0 days 00:00:14.518949,0.7004595835479981,0.24117090773219596,0.0982632256021912,6,9,4,138,4.2507405819200175,0.7449964455268887,1.5176235641303824,0.7006420346561791,2.2916354021632928,0.7928330710878858,1.6885071690390487,COMPLETE
10,-0.5644550428732966,2025-12-04 13:32:30.774797,2025-12-04 13:32:44.920242,0 days 00:00:14.145445,0.8474655833324009,1.9181823170083654,0.017215428009803996,0,7,1,209,2.3139324983672256,3.91907436830914,1.0455612642341339,0.8876963989692638,2.4026092543327624,0.6427740547696653,1.2510476909841493,COMPLETE
11,-0.5484980698682327,2025-12-04 13:32:30.781796,2025-12-04 13:33:00.926951,0 days 00:00:30.145155,0.6168252845394614,1.6527273455315985,0.010068059683656394,6,8,4,395,0.9884490712328842,4.832187207958163,1.5149900997328263,0.8729986554619613,3.1365586142241177,0.5105603295199173,2.3155369922717246,COMPLETE
12,-0.584612208900885,2025-12-04 13:32:30.828585,2025-12-04 13:32:51.801276,0 days 00:00:20.972691,0.7385990095800969,0.7214521045351112,0.047892104765336396,1,7,7,320,1.9304001697603812,0.9843016290570883,0.8522254224610744,0.6615961499025144,3.3622574353230457,0.7176444466840137,2.370351712120331,COMPLETE
13,-0.5595153240949939,2025-12-04 13:32:30.855479,2025-12-04 13:32:46.047566,0 days 00:00:15.192087,0.8010052303104744,0.7509995782239489,0.02463205298618366,2,3,9,428,4.1106705863561785,0.9625508828405727,1.1699835430043133,0.7384161702758534,3.3935507314759152,0.6026819527316835,2.0141047189332006,COMPLETE
14,-0.5774115683103612,2025-12-04 13:32:30.918682,2025-12-04 13:32:57.186975,0 days 00:00:26.268293,0.8922058045222742,0.6482516323585621,0.038740469875100686,9,7,5,401,1.4620377840754706,3.754182936805146,0.5736414188651795,0.7501617681126812,3.5979771911386216,0.5192724409821988,2.9124322047380997,COMPLETE
15,-0.5195777989198967,2025-12-04 13:32:30.926312,2025-12-04 13:32:35.531012,0 days 00:00:04.604700,0.8691479606786314,0.21612368377298607,0.0141626406466333,5,5,7,77,3.9384693968531854,2.056733362504887,1.0293841927717735,0.8407823450196938,3.4422587183380466,0.8822780598833038,2.4037373079206055,COMPLETE
16,-0.5318690856751759,2025-12-04 13:32:30.984318,2025-12-04 13:32:39.510858,0 days 00:00:08.526540,0.8144488522892418,0.9924475735004219,0.07345339663024876,1,3,10,233,3.5981577543450527,0.5271104880142424,0.6524787910608143,0.771304541212473,2.82714094617188,0.6915300163542698,0.9846146753692854,COMPLETE
17,-0.5577933650522259,2025-12-04 13:32:30.986159,2025-12-04 13:32:45.928734,0 days 00:00:14.942575,0.6361981875974685,1.0841940351722725,0.09981914705189256,7,9,2,152,0.8887374619248573,1.6454418666444448,1.4288617108235815,0.835382128180759,2.9443148797358085,0.8345143068496156,1.527116512864828,COMPLETE
18,-0.5298095448328431,2025-12-04 13:32:31.012360,2025-12-04 13:33:23.141598,0 days 00:00:52.129238,0.7789675981213743,0.43504026504137094,0.025727409295600658,3,10,6,455,3.185136790711577,1.4441830469185084,0.6787860712664417,0.7835763413929837,1.9082782753403376,0.8661966307087979,2.4938885388886325,COMPLETE
19,-0.5471347780427831,2025-12-04 13:32:31.022044,2025-12-04 13:32:56.524174,0 days 00:00:25.502130,0.6258359634899904,0.38893729656056286,0.08207623640326078,4,8,5,348,2.011184246380762,1.6226020203512532,1.21677975441938,0.7010966328902623,1.6617921933997493,0.5295080179416156,2.0480802384196166,COMPLETE
20,-0.5043153974109028,2025-12-04 13:32:31.092449,2025-12-04 13:32:35.933826,0 days 00:00:04.841377,0.6255353259755513,0.13329322941623656,0.057579872510532974,5,4,9,99,3.310409964311258,0.5446345521204998,1.273339662545305,0.6416934060005521,2.644064806902652,0.7987957948116132,2.473007034955261,COMPLETE
21,-0.5825746642182668,2025-12-04 13:32:31.146413,2025-12-04 13:32:59.172194,0 days 00:00:28.025781,0.8834405173121738,1.4183169822692427,0.07262708935150042,2,9,6,374,4.343352737626897,2.6648262926419704,1.2607649845807067,0.7567720642663516,2.4168411322477907,0.5777211455855168,1.2490444921636792,COMPLETE
22,-0.5047024560902257,2025-12-04 13:32:31.220774,2025-12-04 13:32:42.034277,0 days 00:00:10.813503,0.7639879255161499,1.9478841977141308,0.01875487219135547,4,9,3,106,0.10807399174638022,3.6468290542226582,1.0775777640200985,0.6571125181946867,3.4374539295113813,0.8009682713629729,0.9793819632497696,COMPLETE
23,-0.5297119313223542,2025-12-04 13:32:31.244687,2025-12-04 13:33:00.542560,0 days 00:00:29.297873,0.8337720327271936,0.5592313342799571,0.036730787894183256,7,7,6,475,0.3632156834902883,2.8346070811885236,1.0124002468885926,0.7279221095071029,1.4762258605463512,0.6436061576256126,2.022862627753416,COMPLETE
24,-0.5040424934742586,2025-12-04 13:32:35.532459,2025-12-04 13:32:47.310514,0 days 00:00:11.778055,0.8847657257429576,1.306594824314701,0.05013977494798545,10,10,5,89,4.56498711472293,2.814082823865254,0.6070729159951557,0.8477774034142999,1.7755815635201588,0.9087172457793999,2.60952176388518,COMPLETE
25,-0.5590793031900818,2025-12-04 13:32:35.934886,2025-12-04 13:32:51.864279,0 days 00:00:15.929393,0.7212227844493027,1.3159726542834689,0.024797152096044266,6,8,1,198,2.5024434699113125,1.9565144299390258,1.8418710491600483,0.8179705671921892,3.002170168745277,0.9253064238569446,1.9535870208543515,COMPLETE
26,-0.5793955710493095,2025-12-04 13:32:39.513278,2025-12-04 13:32:58.853892,0 days 00:00:19.340614,0.7677148844741786,0.13443913393684892,0.06430268505922655,10,8,5,265,2.5162671853380685,0.6718012982323096,1.4246822935039045,0.8681302142545867,1.956314421994434,0.5412564167033511,1.1884469263980166,COMPLETE
27,-0.5554056251336983,2025-12-04 13:32:40.225400,2025-12-04 13:33:12.416589,0 days 00:00:32.191189,0.8789262891802144,0.8848290265114476,0.05570529066420053,0,10,5,279,0.7666358755287639,1.3992579174757709,1.7664012768959987,0.6051679464835038,2.2338636605165547,0.7144652145824328,2.2933548488905506,COMPLETE
28,-0.5669890434118678,2025-12-04 13:32:41.509841,2025-12-04 13:32:50.564577,0 days 00:00:09.054736,0.7719088600180259,0.4359365462133047,0.010961353131603091,7,10,8,64,2.124617057329068,2.2632062589615973,1.400207559022559,0.685977870333693,3.270175539941409,0.8329926685736855,1.9960996754832965,COMPLETE
29,-0.5594853887514534,2025-12-04 13:32:42.035268,2025-12-04 13:32:50.825771,0 days 00:00:08.790503,0.6531322436802767,0.17008024558067047,0.04434190167665458,0,3,5,248,3.0233038497565863,2.203037107946108,1.7674825207420182,0.6958618155167783,2.2261271666927387,0.5246799123845345,1.2348726906237748,COMPLETE
30,-0.5871354088385609,2025-12-04 13:32:43.293348,2025-12-04 13:32:52.342489,0 days 00:00:09.049141,0.8243607299026727,1.2616800025561605,0.0577483075909451,2,4,4,234,3.5216214560059416,1.6293342889169682,0.8376068931850789,0.8428710709003191,3.027378394168016,0.5534573026843815,1.5115742738961557,COMPLETE
31,-0.5312130789723118,2025-12-04 13:32:44.921720,2025-12-04 13:33:09.517387,0 days 00:00:24.595667,0.7389703883602919,1.8807232287763158,0.01905229469111438,0,9,6,285,1.104892385918994,0.19146531680924783,1.0025620318298691,0.7941283072785433,1.7966335237305775,0.7668851482939605,1.6266512723943058,COMPLETE
32,-0.5954915065195334,2025-12-04 13:32:45.277238,2025-12-04 13:33:00.732936,0 days 00:00:15.455698,0.6330187415786738,1.6130505306006642,0.0846012501924923,3,4,8,408,4.737886769978215,3.564388139875891,0.5082216510868968,0.6859231258358667,3.248038163219067,0.6037132896690836,1.7757523213035813,COMPLETE
33,-0.5107637040644527,2025-12-04 13:32:45.930184,2025-12-04 13:33:08.765661,0 days 00:00:22.835477,0.8985490184974858,1.9795832898632353,0.024235457087433136,0,6,1,427,1.7627054797001984,4.982152795653887,1.8770009097898288,0.7746341760755513,2.0953339399326967,0.5745673843552841,2.956641597877204,COMPLETE
34,-0.5402438079923306,2025-12-04 13:32:46.048851,2025-12-04 13:33:10.824760,0 days 00:00:24.775909,0.8673542391460617,1.9894965926080925,0.024344679141779794,0,6,1,472,2.055434237032957,4.71717853049348,0.9695188691891299,0.7559066524111138,1.9245432541279155,0.584943872731098,2.0711243827666515,COMPLETE
35,-0.5583700284249858,2025-12-04 13:32:47.028267,2025-12-04 13:33:11.470863,0 days 00:00:24.442596,0.8972301587992167,1.202253886943979,0.028592989927529597,0,6,1,465,2.215925196704116,2.486792062894636,1.9619060417757197,0.7833767817157026,2.228121230351354,0.5754969439432935,2.090602054294857,COMPLETE
36,-0.5481849250132574,2025-12-04 13:32:47.311570,2025-12-04 13:33:09.909512,0 days 00:00:22.597942,0.8351178991066732,1.9755440541540341,0.02816090642708006,0,6,1,447,2.342052587181189,4.955591548777134,1.9455743780029122,0.7880157000154336,2.1127596117181136,0.5811051226233281,2.1179846668617732,COMPLETE
37,-0.5491146675548564,2025-12-04 13:32:47.935213,2025-12-04 13:33:08.157369,0 days 00:00:20.222156,0.8641685091235092,1.947744432746265,0.024907227718138938,1,6,1,382,2.4024139585929385,4.926077026268912,0.8658939219136084,0.785680191684962,2.2072333587638617,0.5987935168485398,2.0438731576722264,COMPLETE
38,-0.5367871768060595,2025-12-04 13:32:48.635234,2025-12-04 13:33:07.398542,0 days 00:00:18.763308,0.8501155236606456,0.46742577405451824,0.02316527773129121,0,6,1,346,2.052388187845677,4.998112931009954,0.8672929222444523,0.7950817411738603,2.116938455939998,0.6016347491505506,2.1154923719780867,COMPLETE
39,-0.5430168607163368,2025-12-04 13:32:50.565606,2025-12-04 13:33:08.769161,0 days 00:00:18.203555,0.7019330068337473,0.4434698393767098,0.010280749673698195,8,6,2,351,2.1409740661363497,4.457195137594875,1.9476726853506,0.7937122201164232,2.0583499912808576,0.6290855856651087,1.2816221891002635,COMPLETE
40,-0.4922818091168004,2025-12-04 13:32:50.826969,2025-12-04 13:33:08.891854,0 days 00:00:18.064885,0.7245683062317296,0.43498128621305676,0.010644481199912181,9,6,1,346,1.9876931196837802,4.461899534759226,1.967098516381749,0.8117032730956822,1.9498301662228052,0.649688417754901,2.176155124437804,COMPLETE
41,-0.588957734423576,2025-12-04 13:32:51.802349,2025-12-04 13:33:09.018923,0 days 00:00:17.216574,0.7237891929400333,0.4303547726406672,0.033255128722469614,8,6,8,331,2.1477599812837105,1.2906860527160582,1.9944982176711816,0.7806403261551699,3.6269406719518797,0.7287894479373507,2.1450896666933357,COMPLETE
42,-0.558538710256795,2025-12-04 13:32:51.865228,2025-12-04 13:33:09.422281,0 days 00:00:17.557053,0.6878812830185762,0.4428211726725049,0.01068666137878371,8,6,8,333,1.6962412074623834,1.2121717936791918,0.8786437078203904,0.6699905674420592,3.5993660727754477,0.7201424875515674,2.184610133578084,COMPLETE
43,-0.5962120697051909,2025-12-04 13:32:52.343752,2025-12-04 13:33:09.082849,0 days 00:00:16.739097,0.6934666740909807,0.9868935178724745,0.07088233840837493,2,6,3,331,4.950131532359639,1.2993194749976482,0.8387170567112785,0.7782930243518227,3.620143615583818,0.5806615585692615,2.2154395626947654,COMPLETE
44,-0.5780185947875199,2025-12-04 13:32:53.103095,2025-12-04 13:33:10.143724,0 days 00:00:17.040629,0.6894097104369408,1.0356461405732258,0.03673086138711075,2,6,6,332,4.764926904161052,1.3544088286629414,0.8143493035523812,0.7869829968913311,3.1793371749056667,0.5731162281903894,2.2051651966207055,COMPLETE
45,-0.5743888053488002,2025-12-04 13:32:56.525334,2025-12-04 13:33:13.033635,0 days 00:00:16.508301,0.6906926253142159,1.0114707200629012,0.03317015316614853,2,6,6,323,4.973982372816907,0.0022441773557129174,0.8539410770435251,0.7785922179683044,3.220922898577517,0.6047721584584691,2.2453569039662717,COMPLETE
46,-0.5690281733081033,2025-12-04 13:32:57.188056,2025-12-04 13:33:13.433942,0 days 00:00:16.245886,0.6931615944334562,0.9545362260823371,0.029725827654339215,2,6,6,315,4.796433544473858,1.061608318334689,0.8121644743833701,0.7878658154741396,3.2170003751758447,0.5880172650367531,2.2877721596449283,COMPLETE
47,-0.5762048200397653,2025-12-04 13:32:58.855064,2025-12-04 13:33:15.121854,0 days 00:00:16.266790,0.7182973247170301,0.961816038636094,0.03420326135163758,2,6,6,319,4.921251971137408,1.158700445360982,0.7913737661670275,0.7901812748154906,3.182686695904529,0.5957319245028069,2.2167630316023694,COMPLETE
48,-0.575354803616006,2025-12-04 13:32:59.173302,2025-12-04 13:33:15.231044,0 days 00:00:16.057742,0.6941044131384343,1.013555348482126,0.03117814422878706,2,6,8,310,4.99992350495401,0.09631362159734969,0.8385430600385079,0.7756714213859855,3.1895872035543964,0.7256879782003173,2.210315067662761,COMPLETE
49,-0.5728930964800658,2025-12-04 13:33:00.543927,2025-12-04 13:33:16.824484,0 days 00:00:16.280557,0.6860544822337277,1.0193917728165256,0.03223799909921647,2,6,3,320,3.2084809214205694,0.09562059067700235,0.853254777536122,0.7955267879194418,3.1830802507038936,0.7420440278148066,2.2217781772545333,COMPLETE
50,-0.5744759419184905,2025-12-04 13:33:00.734161,2025-12-04 13:33:14.087803,0 days 00:00:13.353642,0.678999338184101,1.1067243865474432,0.04887952719224394,2,5,8,306,4.776867073549792,1.1704627982563354,0.836961162633134,0.8042104123198673,3.172550554041649,0.5751410725967285,2.248569106123884,COMPLETE
51,-0.5800915560019827,2025-12-04 13:33:00.928085,2025-12-04 13:33:14.157399,0 days 00:00:13.229314,0.6609725174198049,1.1044240526624873,0.029725325648284805,2,5,8,305,4.984716293159227,1.1572642494964054,0.8264580674277997,0.7917431177729913,3.2143706991337098,0.5864877349035575,1.4017867773388475,COMPLETE
52,-0.5812367267472415,2025-12-04 13:33:07.399486,2025-12-04 13:33:20.838317,0 days 00:00:13.438831,0.6845521754965145,1.081095724584058,0.06491489608025997,2,5,8,314,4.898305177106834,1.2732150809676341,0.8269937154114456,0.66509046856007,3.177375817125043,0.7319052177699359,2.231143756107981,COMPLETE
53,-0.5807598470038173,2025-12-04 13:33:08.158395,2025-12-04 13:33:21.274098,0 days 00:00:13.115703,0.6815438024068016,1.1313421909214474,0.046828781563277244,3,5,8,300,4.978364067174848,1.278578198571723,0.7277773696661143,0.6507081833551264,3.2022722994501747,0.7311731178565508,1.458429788368626,COMPLETE
54,-0.5735282531053769,2025-12-04 13:33:08.767067,2025-12-04 13:33:22.641931,0 days 00:00:13.874864,0.6878029167097304,0.9573686812671909,0.030537046895661047,3,5,8,313,4.9176435251346255,1.3271313417862238,0.7512663620576469,0.6439433589187571,3.627416873953311,0.7325668672050695,2.218686078149674,COMPLETE
55,-0.5781917450030417,2025-12-04 13:33:08.772752,2025-12-04 13:33:22.945559,0 days 00:00:14.172807,0.7906067549010176,0.9733488544457914,0.031263919057217204,3,5,8,322,4.947085906515495,1.299452999985181,0.7293437213560103,0.6607235270223107,3.2082541169182046,0.7368163879804847,1.4705863042584455,COMPLETE
56,-0.5731046714160328,2025-12-04 13:33:08.893175,2025-12-04 13:33:22.153627,0 days 00:00:13.260452,0.6728890306217207,0.9709613637793622,0.029486283829950916,2,5,8,303,4.638414707790874,1.2213179894837038,0.5270409702978797,0.6732187013642467,3.198539115665042,0.7514580703374909,1.8517134049734043,COMPLETE
57,-0.5735311110460108,2025-12-04 13:33:09.019885,2025-12-04 13:33:22.264947,0 days 00:00:13.245062,0.6709300255502056,1.1453041664337502,0.03182198273605322,3,5,8,301,4.7405414205206915,1.2649380230383678,0.5007400336169068,0.6569288486747036,3.1846589747739027,0.7410983950368214,1.8536395600712716,COMPLETE
58,-0.5817885402019234,2025-12-04 13:33:09.083715,2025-12-04 13:33:21.844031,0 days 00:00:12.760316,0.668611299513569,1.1218233489039704,0.030906907108000432,3,5,8,299,4.833248134423247,0.01304804023932249,0.7563017508357608,0.8225653893875193,3.6119470747263134,0.559233487943465,1.8541674684828204,COMPLETE
59,-0.5796112741209781,2025-12-04 13:33:09.423235,2025-12-04 13:33:21.512963,0 days 00:00:12.089728,0.6639641685533266,1.128515659881895,0.03208878237343208,3,5,3,282,4.646468378719642,1.4196927088573075,0.6987849205804086,0.813068363897267,3.214068312865506,0.6755748235417445,1.4734830833359163,COMPLETE
60,-0.5768732886301402,2025-12-04 13:33:09.518912,2025-12-04 13:33:22.904853,0 days 00:00:13.385941,0.6693516281790407,1.1225302566342334,0.03215615438005537,3,5,3,298,4.8657569389913915,1.3778803494401763,0.5001269251947085,0.6102516053522963,3.230917105110285,0.6822424537921042,1.8441664281395098,COMPLETE
61,-0.5911083575452624,2025-12-04 13:33:09.910513,2025-12-04 13:33:23.257379,0 days 00:00:13.346866,0.6565773228056248,1.1875089212182495,0.058889148312247064,3,5,3,307,4.940150983105223,1.3510493303856408,0.7009429045912754,0.6069863329132695,3.172643435157989,0.5534514317977061,1.8411814300801748,COMPLETE
62,-0.591120718629991,2025-12-04 13:33:10.144636,2025-12-04 13:33:22.492520,0 days 00:00:12.347884,0.6662589627151664,1.1615323527286674,0.058887111336304684,3,5,3,294,4.990846763677661,1.3871282151352256,0.7136189324291683,0.816233868260359,3.2565415082306077,0.5518032437202433,1.874908614429436,COMPLETE
63,-0.5856332260679162,2025-12-04 13:33:10.825901,2025-12-04 13:33:22.377707,0 days 00:00:11.551806,0.669362861759603,1.6480718410195947,0.05774541857950077,3,4,3,298,4.917879592130106,1.3543248931611387,0.5127063110989287,0.6009215045805847,3.2384471900858753,0.6736754322676047,1.7955283772890582,COMPLETE
64,-0.5878053506859845,2025-12-04 13:33:11.471808,2025-12-04 13:33:24.468982,0 days 00:00:12.997174,0.6553600517207162,0.8950920469873398,0.04636269302007602,3,5,8,297,4.8489867860968605,1.2315944248218733,0.7063884897754702,0.641260869586855,3.2882177727059654,0.6825788346617323,1.8086881693532026,COMPLETE
65,-0.5856582419413133,2025-12-04 13:33:12.417814,2025-12-04 13:33:25.744027,0 days 00:00:13.326213,0.6670419872100999,1.6576441318217072,0.04409938676362865,3,5,8,308,4.844256883768405,1.1355671150679645,0.697728233417219,0.8213987404303129,3.3132293569052185,0.6845589733233677,1.867174370589653,COMPLETE
66,-0.5866425472073722,2025-12-04 13:33:12.519283,2025-12-04 13:33:25.830785,0 days 00:00:13.311502,0.6502351289935844,1.627651672600153,0.04566477677213543,3,5,3,307,4.620233367073104,0.9511156092604002,0.7186762420243163,0.7132963426573575,3.3042737878099677,0.6813200778271838,1.5068969261411933,COMPLETE
67,-0.5874940452617768,2025-12-04 13:33:13.034545,2025-12-04 13:33:25.917995,0 days 00:00:12.883450,0.6664733682347658,1.616838072210211,0.046071519897050515,3,5,9,296,4.557003907144894,1.0035812099809915,0.5041854979150254,0.6344334095665095,3.3246188878871923,0.5511512813351058,1.852442158131494,COMPLETE
68,-0.5857572412194431,2025-12-04 13:33:13.434948,2025-12-04 13:33:26.539378,0 days 00:00:13.104430,0.669640442414032,1.6201838341041241,0.04985752043112074,3,5,3,303,3.019167434418224,0.9095716824221608,0.7105951778623278,0.7171171478162613,3.33678197615834,0.6904629382445728,1.486828469041126,COMPLETE
