number,value,datetime_start,datetime_complete,duration,params_colsample_bytree,params_gamma,params_learning_rate,params_max_delta_step,params_max_depth,params_min_child_weight,params_n_estimators,params_reg_alpha,params_reg_lambda,params_scale_pos_weight,params_subsample,params_weight_class_0,params_weight_class_1,params_weight_class_2,state
69,-0.5872077062924167,2025-12-04 13:33:14.088819,2025-12-04 13:33:25.165300,0 days 00:00:11.076481,0.6654877913308773,1.6178124130958307,0.06705125809995484,3,4,3,291,2.7398588195164364,3.3920182501393965,0.5140126916474128,0.7173408958353683,3.332019064843671,0.672468777765212,1.8469256845295279,COMPLETE
70,-0.5790805791874304,2025-12-04 13:33:14.158316,2025-12-04 13:33:32.252059,0 days 00:00:18.093743,0.749163818781697,1.6521053377909563,0.06519086071952457,3,4,3,495,2.83946043199287,3.3987860836891657,0.7134956184770398,0.7199814448166288,3.52338235169589,0.7475738142212012,2.6743509039519533,COMPLETE
71,-0.5908287892000613,2025-12-04 13:33:15.122888,2025-12-04 13:33:29.166858,0 days 00:00:14.043970,0.6024408379248875,1.696414310546229,0.06553877280823375,3,4,3,370,2.774101880009134,0.8286319503046173,0.5177006063195904,0.7184430632434362,3.3326006837821054,0.6817952157014233,1.8765518306953783,COMPLETE
72,-0.5945085011367487,2025-12-04 13:33:15.232131,2025-12-04 13:33:30.585185,0 days 00:00:15.353054,0.7924296295337412,1.6256273902979141,0.06379553125774703,3,4,3,407,2.8538669450555347,0.8193918591300305,0.6829713578668174,0.6275480915532647,3.344001266036541,0.5469105327919277,1.8398559566815487,COMPLETE
73,-0.577029382700941,2025-12-04 13:33:16.825395,2025-12-04 13:33:24.084876,0 days 00:00:07.259481,0.6022476427913067,1.7241921920555816,0.06346071526253366,3,4,9,183,2.7771369640187933,0.8978014271878569,0.5052270993351579,0.7174717871283326,3.3288379638182835,0.6665282089060378,1.8317146242881468,COMPLETE
74,-0.5928231116491384,2025-12-04 13:33:20.669813,2025-12-04 13:33:34.312556,0 days 00:00:13.642743,0.7945869115544122,1.6432935586853736,0.06599048565251091,3,4,7,365,4.463178416319891,0.8212132963965176,0.6794813316513786,0.7293654316680906,3.3338999043561346,0.5532960526625624,1.8770508676566715,COMPLETE
75,-0.593351848345824,2025-12-04 13:33:20.839362,2025-12-04 13:33:38.836606,0 days 00:00:17.997244,0.6010304954472261,1.697863512275362,0.07175264124335691,3,4,7,496,3.8457284263699454,3.3042126473199724,0.5287621909160743,0.7134938462719722,3.5344239214367743,0.6864835172876662,1.8497064565637518,COMPLETE
76,-0.5949519079858656,2025-12-04 13:33:21.275166,2025-12-04 13:33:35.107774,0 days 00:00:13.832608,0.7861066496117537,1.65912427710329,0.08896875041905643,1,4,7,371,3.9110770626521663,3.2509903939634315,0.5120338225927822,0.7230576837611603,3.52480437212527,0.6909334096897249,1.8171161884644191,COMPLETE
77,-0.5949354369919515,2025-12-04 13:33:21.514039,2025-12-04 13:33:35.384543,0 days 00:00:13.870504,0.6039356905739095,0.7589775435455148,0.0878840840199313,1,4,7,376,3.8146881830907446,3.217568673001496,0.5112824800379088,0.7161323585472487,3.5040498627957057,0.5570754858350951,1.891475663020241,COMPLETE
78,-0.5908791512599104,2025-12-04 13:33:21.845034,2025-12-04 13:33:35.418532,0 days 00:00:13.573498,0.6014906361436905,0.022016495257139557,0.07606972490811637,1,4,7,364,4.033273723759674,3.3312903125368463,0.5057318037243453,0.7136859625376847,3.510289215481666,0.6952965434980561,1.8318518782006659,COMPLETE
79,-0.5748413973893212,2025-12-04 13:33:22.154724,2025-12-04 13:33:35.825719,0 days 00:00:13.670995,0.6037949449134555,0.7233877332001093,0.0896127480762969,1,4,7,367,3.867591641764133,4.026292072853879,0.5008851895274884,0.7137001093039032,3.506630894635206,0.6843717883842516,2.639628757310289,COMPLETE
80,-0.5693359745294367,2025-12-04 13:33:22.265853,2025-12-04 13:33:29.477301,0 days 00:00:07.211448,0.7927547000542936,1.6360052374267768,0.07440927391733371,1,4,7,180,3.893719345833889,3.2815862044383337,1.6541501832920114,0.7175617397152221,3.5101780523029276,0.6977083799020193,2.390339879998046,COMPLETE
81,-0.5845409344055187,2025-12-04 13:33:22.378721,2025-12-04 13:33:29.090209,0 days 00:00:06.711488,0.6448569106707933,1.7419550671454507,0.08805964560024482,1,4,9,166,4.391295836248059,0.8746167654644585,0.6501180969526341,0.6324760929682958,3.3571037494586244,0.6971964070267244,1.7338243367945254,COMPLETE
82,-0.5901217826536471,2025-12-04 13:33:22.493488,2025-12-04 13:33:30.944520,0 days 00:00:08.451032,0.6495866619321431,1.6619845970330562,0.07759541736209524,4,4,4,216,4.279880610615848,1.6575356662364693,0.6478689649361136,0.6312868430885189,3.5004928251820973,0.6234606507297535,1.7377532928394572,COMPLETE
83,-0.5854577121888817,2025-12-04 13:33:22.642996,2025-12-04 13:33:29.783931,0 days 00:00:07.140935,0.642370945857106,1.6798188961460196,0.08570915268256457,5,4,4,183,4.3918270714010035,1.767791564433031,0.6679835786360613,0.8296566392134588,3.335990286952384,0.49952110480598194,1.751694053994556,COMPLETE
84,-0.5954324773067269,2025-12-04 13:33:22.906147,2025-12-04 13:33:40.130965,0 days 00:00:17.224818,0.6010795425585718,1.7037737636341526,0.09008414206676826,4,4,4,499,4.11266017975292,0.8891297344662905,0.6448071678502262,0.8336435624708733,3.3466207467160674,0.702115130388233,1.731535284989649,COMPLETE
85,-0.5888076181802161,2025-12-04 13:33:22.946750,2025-12-04 13:33:31.348018,0 days 00:00:08.401268,0.645578389955464,1.622746215746277,0.0883050831547207,4,4,4,214,4.459358725081413,1.716090381730943,0.6446400465905795,0.6222136357291044,3.358011050788292,0.702946665396048,1.7428816738665813,COMPLETE
86,-0.5914842910041908,2025-12-04 13:33:23.142612,2025-12-04 13:33:33.262912,0 days 00:00:10.120300,0.7097290875043963,1.6504577773693565,0.08042579426479579,4,4,4,257,4.4629329978036845,1.7285042058572713,0.6400706345411086,0.6249046227012764,3.35015479949598,0.5033403247673354,1.7091095801680602,COMPLETE
87,-0.5893519833854667,2025-12-04 13:33:23.260441,2025-12-04 13:33:33.013101,0 days 00:00:09.752660,0.6033530753667193,1.6527257052046622,0.08222197800908503,4,4,4,254,4.387297319871992,1.763409711605115,0.6263860928433771,0.6215708351187296,3.0697524265803224,0.5021516658913681,1.712904988852813,COMPLETE
88,-0.590548363043043,2025-12-04 13:33:24.085969,2025-12-04 13:33:34.050508,0 days 00:00:09.964539,0.6441067882253418,1.594271289871579,0.08402746294339311,4,4,4,257,4.334581048099024,1.6327069196086024,0.6470404989655496,0.6309753913007321,3.069731046050164,0.5536004439287641,1.7031271179061962,COMPLETE
89,-0.5922366218631926,2025-12-04 13:33:24.469901,2025-12-04 13:33:34.490552,0 days 00:00:10.020651,0.647011748204526,1.5286233144580248,0.08852198504168336,4,4,4,263,4.396537370852076,1.6898895741234163,0.6414567204015407,0.6297439387631876,3.519992651007702,0.49916546537116546,1.734170556766669,COMPLETE
90,-0.5903991578538093,2025-12-04 13:33:25.166446,2025-12-04 13:33:35.194581,0 days 00:00:10.028135,0.6445332666075537,1.4656478713469911,0.08775541515248338,4,4,2,260,4.424217960769816,1.767018532565543,0.6365483071846966,0.6268239662672165,3.511044635529773,0.7001076282259617,1.7097939267505717,COMPLETE
91,-0.5929999752327215,2025-12-04 13:33:25.745289,2025-12-04 13:33:35.805201,0 days 00:00:10.059912,0.6421046354402665,1.478340090094005,0.09024174027742828,4,4,2,260,4.4332915233111,3.2950018964905303,0.5933361871110051,0.6291309565848391,3.5349259684343224,0.6207746843769595,1.7336281696605533,COMPLETE
92,-0.5912605477951582,2025-12-04 13:33:25.831829,2025-12-04 13:33:36.229319,0 days 00:00:10.397490,0.6372856944077464,1.530491720083298,0.09081684326573417,4,4,2,261,4.36845826246771,3.4028947742206173,0.620035000609404,0.6199770627009995,3.4748308431176715,0.5017759301817479,1.7184662275663738,COMPLETE
93,-0.5919575530827466,2025-12-04 13:33:25.918959,2025-12-04 13:33:35.651974,0 days 00:00:09.733015,0.6345390246790537,1.4724302095822015,0.08499602904188919,4,4,9,254,4.35161012654295,0.4106333026726079,0.6016535429483204,0.623388606046721,3.5224900021953514,0.6197251555270543,1.6682503100085209,COMPLETE
94,-0.5905907394575645,2025-12-04 13:33:26.540333,2025-12-04 13:33:36.934666,0 days 00:00:10.394333,0.6360771907806804,1.4632222868317686,0.0826975157593038,4,4,9,268,4.399450234864435,3.220695833379229,0.6198906721142108,0.6264567756263487,3.5267405835101813,0.5014493214385287,1.6858265888567787,COMPLETE
95,-0.5782028915156723,2025-12-04 13:33:29.091085,2025-12-04 13:33:38.220260,0 days 00:00:09.129175,0.6143613450667702,0.024749026811109798,0.07388023840721299,4,3,10,261,4.453462365100037,1.8091825502574486,0.5945846449744652,0.6219157898392673,3.5371162549030974,0.5465505698078655,1.9236973681643261,COMPLETE
96,-0.5760966198905804,2025-12-04 13:33:29.167882,2025-12-04 13:33:38.180522,0 days 00:00:09.012640,0.6125049871563236,1.5208720950871877,0.07446502200350287,4,3,2,260,4.063644669909426,1.8350356268164227,0.5954935092724364,0.6237052927610159,3.502365176975416,0.5124519538750749,1.9524382945854801,COMPLETE
97,-0.5927973572190894,2025-12-04 13:33:29.478312,2025-12-04 13:33:44.922531,0 days 00:00:15.444219,0.6165324940946828,0.02632756394046254,0.05274614128885775,4,7,2,265,4.50091705363317,1.8130062044889732,0.579633748730668,0.6235132099903955,3.520621756576845,0.504172320583257,1.9336690943515933,COMPLETE
98,-0.5963234384538977,2025-12-04 13:33:29.784884,2025-12-04 13:33:45.560995,0 days 00:00:15.776111,0.6171403301528384,0.03519458359205585,0.04139247116309448,4,7,2,266,4.422923045953604,0.41978413715581375,0.5960435584477879,0.6262026736793325,3.534574650290549,0.5394766881210502,1.629370776697451,COMPLETE
99,-0.5825248381788685,2025-12-04 13:33:30.586438,2025-12-04 13:33:44.307642,0 days 00:00:13.721204,0.6174013599350244,1.5399953428098576,0.05369031875239564,4,3,2,409,4.075730824153367,0.6832903123141215,0.5819197852170006,0.6256484939788742,3.510360095849335,0.6135361122299228,1.9256200640244174,COMPLETE
100,-0.5895265533930574,2025-12-04 13:33:30.945544,2025-12-04 13:33:44.581794,0 days 00:00:13.636250,0.6187723755750683,1.4867642656573767,0.07950814633368167,4,3,2,409,4.1171115967127605,0.3902187560392585,0.5904534661458106,0.6175454974045489,3.5191607956989355,0.6195670212654377,1.9240853339509405,COMPLETE
101,-0.5872859599282938,2025-12-04 13:33:31.349007,2025-12-04 13:33:44.931456,0 days 00:00:13.582449,0.6106111685772859,1.3949343375518328,0.07582204724288229,4,3,2,411,4.004201051143936,0.42373573790419233,0.5862961908538739,0.6162489243379105,3.518645882233719,0.536269143943841,1.9487130882413626,COMPLETE
102,-0.5728557291133011,2025-12-04 13:33:32.253157,2025-12-04 13:33:45.072319,0 days 00:00:12.819162,0.6336844781944811,1.5165013883791285,0.05356017798424492,4,3,2,395,4.180507984076456,0.43173917872972845,0.5909812334331656,0.7651599035535432,3.088347497613257,0.6237067790921755,1.9267810978840194,COMPLETE
103,-0.5870741433603421,2025-12-04 13:33:33.014095,2025-12-04 13:33:46.401842,0 days 00:00:13.387747,0.6144817809450503,1.5392949035347747,0.08027499730270425,4,3,2,404,4.206259373064035,1.8993198667821596,0.578773404306662,0.620506786114926,3.0865777764896327,0.628801209299198,1.6576228945406286,COMPLETE
104,-0.5810851220482144,2025-12-04 13:33:33.263971,2025-12-04 13:33:42.414903,0 days 00:00:09.150932,0.6129992816123779,1.4312451267391193,0.07847080105074962,4,3,2,265,4.108331968985136,1.8908365933660043,0.5909507140347556,0.6244548606079979,3.0639065249969386,0.6231114998273545,1.625818317916258,COMPLETE
105,-0.5891859146831206,2025-12-04 13:33:34.051406,2025-12-04 13:33:47.608048,0 days 00:00:13.556642,0.6161402391230366,1.4548428375297449,0.07633220214004602,4,3,2,406,4.12595972949078,2.000111396381175,0.5770105964567201,0.6272968178880166,3.0912839674668176,0.533615350812458,1.6412281698270714,COMPLETE
106,-0.5822482790583803,2025-12-04 13:33:34.313649,2025-12-04 13:33:47.245946,0 days 00:00:12.932297,0.6177894971698682,1.5396553214612014,0.0966130940020464,4,3,2,401,4.039119714510922,0.29137718685803327,0.5753580965854832,0.7311054611572806,2.89875627782468,0.534183682087145,1.9379332965403955,COMPLETE
107,-0.5891933019409772,2025-12-04 13:33:34.491455,2025-12-04 13:33:47.507232,0 days 00:00:13.015777,0.6140956940926493,1.5166427353223264,0.09270956488380201,4,3,2,409,4.098201324905698,0.6637101899459898,0.5823185226811034,0.7437759439962349,3.4303140060151094,0.5364188644168947,1.9511783019892,COMPLETE
108,-0.5917267069654902,2025-12-04 13:33:35.108711,2025-12-04 13:33:48.303854,0 days 00:00:13.195143,0.6200642935576265,1.4929719932563772,0.093407089233775,5,3,2,409,4.041229660522909,1.989843529186714,0.5592009048950642,0.7297706313164835,3.4278094776254098,0.5361440841692209,1.615244701527044,COMPLETE
109,-0.5925406975484073,2025-12-04 13:33:35.195807,2025-12-04 13:33:48.125682,0 days 00:00:12.929875,0.8137978357940945,1.7769318446139302,0.09861231945701944,5,3,2,405,4.097797796007597,1.9714360067363348,0.5796628586167359,0.7637990572735375,3.4339326675114346,0.5370603978627063,1.6266209252028794,COMPLETE
110,-0.5885493751902172,2025-12-04 13:33:35.385524,2025-12-04 13:33:48.382960,0 days 00:00:12.997436,0.6136848270337836,1.7922876467269067,0.09494839304954247,5,3,7,405,4.077406671130263,2.9984760384895552,0.5625109290307502,0.7366616037678083,3.4415426718503874,0.518547268495344,1.9404297713021004,COMPLETE
111,-0.5905707825911696,2025-12-04 13:33:35.419704,2025-12-04 13:33:48.528147,0 days 00:00:13.108443,0.6231443590697513,1.811216515170252,0.09380223122599098,4,3,2,409,4.150355098212496,1.9148534924833358,0.5774322756033456,0.7336509246488507,3.427721340135896,0.5139385919498396,1.9439935035170957,COMPLETE
112,-0.5904196979015991,2025-12-04 13:33:35.653152,2025-12-04 13:33:49.155538,0 days 00:00:13.502386,0.6160901261765818,1.5297524510298088,0.0937206158843974,5,3,10,413,4.106228850263202,0.37615685204031424,0.5733663423469921,0.7318451340213059,3.4180830638184294,0.5140008859517157,1.6090663159879717,COMPLETE
113,-0.588980891705857,2025-12-04 13:33:35.806105,2025-12-04 13:33:49.102833,0 days 00:00:13.296728,0.6212935416255427,1.5384186431710967,0.09394522132621845,5,3,2,405,4.154002043817465,3.8262145770968115,0.570990576621476,0.7324127255591614,3.567379133567149,0.5371383010090771,1.9358714706394398,COMPLETE
114,-0.5913878287404425,2025-12-04 13:33:35.827461,2025-12-04 13:33:48.846514,0 days 00:00:13.019053,0.6297714531085183,1.5276608210481606,0.09499299494471206,5,3,2,407,4.183854037488523,0.3144600706625773,0.5834514975834469,0.7451201820885608,3.4198157445206694,0.6139131742395959,1.5708125963615616,COMPLETE
115,-0.5922422185015471,2025-12-04 13:33:36.230371,2025-12-04 13:33:49.587316,0 days 00:00:13.356945,0.6230287713411268,1.8229474899944254,0.09497037995680543,5,3,10,411,4.119762139452156,0.44830506968627226,0.5786047278842162,0.7416253517549053,3.4203184989482796,0.615456292429037,1.6275316120142316,COMPLETE
116,-0.588682877390677,2025-12-04 13:33:36.935698,2025-12-04 13:33:50.066999,0 days 00:00:13.131301,0.6149274470064766,1.8273525830721697,0.09439181768541056,5,3,10,406,4.214165161591366,0.47181030451994793,0.5586861118247872,0.7426130750361603,3.4152833186800473,0.5184739046404089,1.9320584190018388,COMPLETE
117,-0.5923122488884304,2025-12-04 13:33:38.181430,2025-12-04 13:33:51.320917,0 days 00:00:13.139487,0.8086772740942739,1.8246989325622267,0.09683841057002612,5,3,10,405,3.749848794878228,3.0704339238261955,0.5506203681087128,0.7324566794553039,3.39615951906728,0.5352834861756378,1.592998625225517,COMPLETE
118,-0.5911349387458505,2025-12-04 13:33:38.222224,2025-12-04 13:33:51.166601,0 days 00:00:12.944377,0.8130124702628936,1.8005951436830332,0.09657686162910549,5,3,7,401,4.179907815486467,0.3496762075270046,0.5505051375597035,0.746032496654298,3.568549713839292,0.5341478676601329,1.5925574479123052,COMPLETE
119,-0.5912571113934323,2025-12-04 13:33:38.837855,2025-12-04 13:33:51.873383,0 days 00:00:13.035528,0.6245831383209148,1.8256193706959727,0.09542254619346666,5,3,7,405,4.204279417161979,3.076923253864579,0.5549138099201978,0.7297828385794106,3.4218596473483176,0.53515451708708,1.6030093705912007,COMPLETE
120,-0.5937551868358785,2025-12-04 13:33:40.132443,2025-12-04 13:33:53.534009,0 days 00:00:13.401566,0.6244153728267574,1.8055376552688918,0.09734298713392177,5,3,7,411,4.18893955131346,2.949238611983807,0.5539944182357485,0.7294625725650098,3.427784065487588,0.5347154502125406,1.6381671818857253,COMPLETE
121,-0.5896519600718356,2025-12-04 13:33:42.415929,2025-12-04 13:33:55.390938,0 days 00:00:12.975009,0.6266831230579714,1.8518205499020168,0.09557228811062975,5,3,7,394,3.581982884756839,3.70847076795953,0.5574201537243983,0.7316240522791204,3.4266140720651057,0.5655281601660567,1.9961512053859205,COMPLETE
122,-0.5916456285893121,2025-12-04 13:33:44.308567,2025-12-04 13:33:57.825090,0 days 00:00:13.516523,0.6255640603824192,1.767766495378945,0.09513653814345063,5,3,7,411,3.4939996359855194,3.6029889450609933,0.5463377114119696,0.7346409626398575,3.4134564057865036,0.5380502731186562,1.5780695615130291,COMPLETE
123,-0.5929013800761144,2025-12-04 13:33:44.582860,2025-12-04 13:33:58.654852,0 days 00:00:14.071992,0.6273537601452283,1.7824700884446483,0.09405931738650843,5,3,7,436,3.4807957966787204,2.9474623621177303,0.5519641531674405,0.7411055416668644,3.411859662215523,0.5641768432085182,1.5782983517006306,COMPLETE
124,-0.5979544520336445,2025-12-04 13:33:44.923512,2025-12-04 13:34:05.061790,0 days 00:00:20.138278,0.6249754883520653,1.7983457720369855,0.09487321459938587,5,7,7,388,3.6918553972530077,3.0096233903223903,0.5566186358044549,0.7320884002572557,3.4100762125425113,0.5359649276610514,1.772125886018122,COMPLETE
125,-0.5980489658255538,2025-12-04 13:33:44.936963,2025-12-04 13:34:07.854332,0 days 00:00:22.917369,0.6228019015529795,1.7947049142384663,0.06970965208080707,5,7,7,440,3.721563476457377,3.052213310988864,0.5422034778081593,0.7411427226835752,3.4227755697121487,0.5636507562738287,1.5511813786250408,COMPLETE
126,-0.5969694899977308,2025-12-04 13:33:45.073590,2025-12-04 13:34:06.877650,0 days 00:00:21.804060,0.6266376919208139,1.8557801843380268,0.09974627665310744,5,7,7,440,3.47816080484986,2.9748647192349322,0.5660009351721691,0.7327994535674646,3.428987173747727,0.522417289313858,2.003562228805071,COMPLETE
127,-0.5988092004370784,2025-12-04 13:33:45.561988,2025-12-04 13:34:09.137801,0 days 00:00:23.575813,0.6274028151161515,1.7951955086339633,0.06954007691903831,5,7,7,441,3.6551032332034903,3.0825000265162874,0.570275416783832,0.7311275246487237,3.4090435451648586,0.5634658445990329,1.5954146117716075,COMPLETE
128,-0.5988334261367991,2025-12-04 13:33:46.403399,2025-12-04 13:34:11.430905,0 days 00:00:25.027506,0.6275511160495558,1.7931352044490703,0.07124424593067724,5,7,7,493,3.6849064813991563,3.000723300833611,0.547039191626112,0.7337176404092037,3.4230401796603234,0.5624185764725373,1.571660454632806,COMPLETE
129,-0.6025512417121293,2025-12-04 13:33:47.247264,2025-12-04 13:34:10.154182,0 days 00:00:22.906918,0.8057695850565654,1.8175500389568986,0.09389166368353004,5,7,7,441,3.698771787084162,3.649391277963674,0.5518997767242092,0.6869348154530526,3.4113272213267796,0.5183460643084423,1.5502111895348336,COMPLETE
130,-0.5983469322015073,2025-12-04 13:33:47.508410,2025-12-04 13:34:10.875773,0 days 00:00:23.367363,0.6244840673892639,1.8101762012469045,0.06938442254148319,5,7,7,436,3.6620274960426937,3.029147610965536,0.5463200881563505,0.6841569798616999,3.407225280323874,0.5658386875754309,1.5658046858053205,COMPLETE
131,-0.6004797978440798,2025-12-04 13:33:47.609017,2025-12-04 13:34:11.914413,0 days 00:00:24.305396,0.7818505253967889,1.7674124006626553,0.07125559567086481,5,7,7,441,3.712706770240935,3.075851435136461,0.5425221588399913,0.6973036275099617,3.58575076355899,0.5660829354722754,1.5972220873510636,COMPLETE
132,-0.5981279280880284,2025-12-04 13:33:48.126653,2025-12-04 13:34:11.946961,0 days 00:00:23.820308,0.6246397434465759,1.819533299224619,0.06901908716162382,5,7,7,436,3.666712785448411,3.0639992358209875,0.5436384499335211,0.693547612507326,3.582681711056586,0.5678950923583524,1.9976869759772848,COMPLETE
133,-0.5991439442426314,2025-12-04 13:33:48.304841,2025-12-04 13:34:17.276411,0 days 00:00:28.971570,0.7768563124120278,0.2914180095058867,0.06925846951341497,5,7,7,493,3.809823060316645,3.781752231883051,0.53882282441686,0.6998308042152741,3.394958712824073,0.5643983496719888,1.5724880151701068,COMPLETE
134,-0.5999633861764888,2025-12-04 13:33:48.384931,2025-12-04 13:34:12.638011,0 days 00:00:24.253080,0.8087659456681338,1.8107288624936044,0.06984912100637285,6,7,7,442,3.4795134936465293,3.6361496539199116,0.5407081927177313,0.6855639623182049,3.3986935674524523,0.5709086051033819,1.7866599073973821,COMPLETE
135,-0.5951961325465407,2025-12-04 13:33:48.529121,2025-12-04 13:34:14.583152,0 days 00:00:26.054031,0.8024331233418938,0.3219631689424123,0.06912971485638306,6,7,7,440,3.7377946114111658,2.6949762585359904,0.5501837570150243,0.697879792741039,3.5694868217687086,0.6595692391198391,1.5683496213208374,COMPLETE
136,-0.600705025428256,2025-12-04 13:33:48.847453,2025-12-04 13:34:14.981903,0 days 00:00:26.134450,0.8071564130855471,0.3004190871191167,0.0712012634152991,6,7,7,439,3.518398079923099,3.570941848012994,0.678175462728827,0.6905151101783815,3.588975902869433,0.5659058528348762,1.7796256774320511,COMPLETE
137,-0.5990848208459076,2025-12-04 13:33:49.103941,2025-12-04 13:34:13.605810,0 days 00:00:24.501869,0.8083033175880675,1.781777206111085,0.06735637676313176,6,7,7,441,3.7190570707830863,3.666839925661016,0.5362727137699528,0.6903145295162127,3.585029252866473,0.566024768662404,1.5436380636189924,COMPLETE
138,-0.596764069605706,2025-12-04 13:33:49.162239,2025-12-04 13:34:14.890806,0 days 00:00:25.728567,0.8128377979188054,0.32241758568064516,0.06892972185279733,6,7,7,441,3.690212341457565,3.661697615030871,0.5391814277819242,0.6944404728686825,3.5759588486210725,0.562875909034327,1.9971617395645156,COMPLETE
