number,value,datetime_start,datetime_complete,duration,params_colsample_bytree,params_gamma,params_learning_rate,params_max_delta_step,params_max_depth,params_min_child_weight,params_n_estimators,params_reg_alpha,params_reg_lambda,params_scale_pos_weight,params_subsample,params_weight_class_0,params_weight_class_1,params_weight_class_2,state
139,-0.5964341816093346,2025-12-04 13:33:49.588413,2025-12-04 13:34:18.850420,0 days 00:00:29.262007,0.8128209221130275,0.31281014940383384,0.09991572848780085,6,7,7,491,3.7054307111375704,3.6524209732289177,0.5389529937919748,0.7054606483171313,3.573663525887709,0.565931961121514,2.009636282995089,COMPLETE
140,-0.598790838550922,2025-12-04 13:33:50.067956,2025-12-04 13:34:16.000346,0 days 00:00:25.932390,0.7786461186140523,0.3128009062005125,0.06952059739443957,6,7,7,435,3.660503154261923,1.507522906011438,0.9108175337570341,0.6977487220490417,3.590843552193271,0.5629713037595272,1.784712457600852,COMPLETE
141,-0.5980748512531938,2025-12-04 13:33:51.167601,2025-12-04 13:34:13.031735,0 days 00:00:21.864134,0.8049617966028043,1.8853787280847838,0.06979093478685403,6,7,7,385,3.724692736611493,3.6886859208717877,0.7590130191273293,0.6871871944860706,3.581673875550012,0.5661062257642973,2.000105228690966,COMPLETE
142,-0.5970432143286375,2025-12-04 13:33:51.322300,2025-12-04 13:34:17.071013,0 days 00:00:25.748713,0.7822777662966816,0.32585185735016836,0.07116411604475346,6,7,7,435,3.4854414370828892,3.593849656894097,0.9094129493616918,0.6962017216858535,3.580127796296322,0.5659844223016625,2.0142070812523247,COMPLETE
143,-0.5747587503171231,2025-12-04 13:33:51.874784,2025-12-04 13:34:15.102915,0 days 00:00:23.228131,0.7833042084829482,0.24187422676557435,0.039735476543264744,1,7,7,383,3.486738851121311,2.618106724085425,0.7784842264691629,0.7045956920712789,2.4924597112018216,0.6612683072560243,2.007113319385138,COMPLETE
144,-0.5962476592203371,2025-12-04 13:33:53.535046,2025-12-04 13:34:22.038688,0 days 00:00:28.503642,0.7856383434345175,1.7451977204884765,0.07084763445488375,1,8,7,445,3.4411985153034994,2.6379504267357725,0.6813021379211025,0.7046305514535841,3.5837499279505636,0.6579294546678406,1.7986821953321532,COMPLETE
145,-0.6002723207584455,2025-12-04 13:33:55.392033,2025-12-04 13:34:21.731926,0 days 00:00:26.339893,0.7752056088150209,0.061301633707442446,0.06865317293300131,6,7,7,437,3.7152657525163733,3.5978104880602344,0.7653974759046688,0.6889441612862642,3.58809734292077,0.5670914309133952,1.7767804559725497,COMPLETE
146,-0.5983539852239989,2025-12-04 13:33:57.826260,2025-12-04 13:34:27.609133,0 days 00:00:29.782873,0.7792156476315495,0.25789357763427545,0.07130871263824734,6,7,6,499,3.769435846380247,2.8362405011349185,0.7738228480639762,0.7022553760944669,3.574264298889869,0.566650289207605,1.7973286923243963,COMPLETE
147,-0.5996288592235949,2025-12-04 13:33:58.655859,2025-12-04 13:34:24.716962,0 days 00:00:26.061103,0.781737427547871,0.29410926252823943,0.06806969557665707,1,7,7,439,3.7698842591954738,2.7137265955187995,0.7872139520776732,0.7056643871475754,3.5756057863384045,0.5915574849843529,1.7940836042025965,COMPLETE
148,-0.5983084234387905,2025-12-04 13:34:05.063111,2025-12-04 13:34:31.338334,0 days 00:00:26.275223,0.7787340866029483,0.3284293805103399,0.06978529214759197,1,7,6,443,3.7629933631230017,2.7710447618130742,0.6779766690504914,0.702704938880928,3.5781950016686745,0.5649019893220588,1.7895696121852112,COMPLETE
149,-0.5992177900367675,2025-12-04 13:34:06.878599,2025-12-04 13:34:31.168610,0 days 00:00:24.290011,0.7825393975533974,1.899376007241571,0.06907521492126333,6,7,6,438,3.7827540484156654,3.5245367269511854,0.7848422114493125,0.7055286376423678,3.5972794640318453,0.6559574943684154,1.7884845728516103,COMPLETE
150,-0.594488289927485,2025-12-04 13:34:07.855675,2025-12-04 13:34:36.521620,0 days 00:00:28.665945,0.7699551701280851,0.7837417935110099,0.06936098809639125,1,7,6,495,3.7557054600504407,2.6389568756218433,0.7722102798580417,0.7059896778346794,3.588637563992602,0.5925525560717797,1.4025811570979596,COMPLETE
151,-0.5956535191036897,2025-12-04 13:34:09.138986,2025-12-04 13:34:30.069127,0 days 00:00:20.930141,0.6077000413641552,1.921410598188148,0.07003793478904975,1,7,6,382,3.8034002206669384,2.653334207082295,0.7616603245769735,0.7061211262168361,3.5832438273802354,0.5679699861423024,1.7831978722532693,COMPLETE
152,-0.5934172489104846,2025-12-04 13:34:10.155324,2025-12-04 13:34:33.321309,0 days 00:00:23.165985,0.7733296869452609,1.9084752175358584,0.07134656397034046,6,7,6,452,3.7116620648798717,2.6688787425736815,1.1146098334656644,0.694623369911559,2.613541854296402,0.5641015886281793,1.3825525360912259,COMPLETE
153,-0.5975491695400843,2025-12-04 13:34:10.876874,2025-12-04 13:34:35.097678,0 days 00:00:24.220804,0.7806625461726766,1.9199584820010347,0.07006049821482736,6,7,6,455,3.678125386118709,2.720834141725692,0.675882134751082,0.6882768988449826,3.5766026927138257,0.5689379271202869,1.3896185833001053,COMPLETE
154,-0.5974193184722438,2025-12-04 13:34:11.431997,2025-12-04 13:34:35.440016,0 days 00:00:24.008019,0.8264625935715253,1.897897221882324,0.06951624278702367,6,7,6,454,3.7284256046928697,2.608344979787712,0.6780689940216827,0.6970892473697049,3.572268413362335,0.565335608994241,1.385441728055566,COMPLETE
155,-0.5990164397485809,2025-12-04 13:34:11.915410,2025-12-04 13:34:35.888534,0 days 00:00:23.973124,0.7847129516175243,1.919152051657797,0.06867692724299991,6,7,6,454,3.7129049548076787,2.6960152105278885,1.1046808652003492,0.6887882841768055,3.583269454722555,0.5646677901905339,1.5445246118024083,COMPLETE
156,-0.5991038048963093,2025-12-04 13:34:11.948609,2025-12-04 13:34:36.559127,0 days 00:00:24.610518,0.7816853240259904,1.8818595219250929,0.06851265199040826,6,7,6,456,3.7483417850711103,2.6432285621301106,1.0671484577477972,0.6846971455599182,3.5708048049083034,0.5664915667806341,1.543253272073535,COMPLETE
157,-0.5923658885686302,2025-12-04 13:34:12.638999,2025-12-04 13:34:36.283957,0 days 00:00:23.644958,0.8027293930872867,1.911720107233689,0.061430841559284355,6,7,6,458,3.7034880735447855,2.6694773554086995,0.5319857251382742,0.6924962809393498,2.5880754305048734,0.5670313812825417,1.5362186517992151,COMPLETE
158,-0.5964341560938102,2025-12-04 13:34:13.032729,2025-12-04 13:34:37.253219,0 days 00:00:24.220490,0.8036782834224063,1.9012437377816107,0.06828840290332067,6,7,6,452,3.3729136918328155,2.712173717862323,0.7548278349554062,0.6890874285856186,3.6022206635173366,0.564114531465117,1.4004365394957357,COMPLETE
159,-0.6002257626819814,2025-12-04 13:34:13.607169,2025-12-04 13:34:37.738763,0 days 00:00:24.131594,0.8204385609482016,1.8966022557150546,0.06882651957851522,6,7,6,455,3.3545342590904816,2.792221244730447,0.9129906181054589,0.6931378732061574,3.5879716601193095,0.5687179465114662,1.5437430872504008,COMPLETE
160,-0.5975680745481876,2025-12-04 13:34:14.584347,2025-12-04 13:34:39.900290,0 days 00:00:25.315943,0.8201501524113053,1.936745964144625,0.06938164518094524,6,7,6,468,3.3513362201435495,2.4741184697719194,0.7808673718191467,0.683219328319702,3.6270580115818825,0.5929636084532294,1.422387878629137,COMPLETE
161,-0.5988360032351329,2025-12-04 13:34:14.891952,2025-12-04 13:34:39.109079,0 days 00:00:24.217127,0.8383544314627833,1.903483147851885,0.06859092449169882,6,7,6,452,3.3362467711415804,3.4989626737880424,0.9176239629290366,0.6890280501081869,3.5876802488003854,0.5671374590714128,1.4164994399468258,COMPLETE
162,-0.5895236851104804,2025-12-04 13:34:14.983090,2025-12-04 13:34:38.129696,0 days 00:00:23.146606,0.82683818790454,1.8969252792053304,0.06900283147834209,6,7,6,457,3.3476681547055516,2.4978962933892763,0.7696441520449468,0.6886821806477428,2.470710345990864,0.5936341182638244,1.3696856744912982,COMPLETE
163,-0.5966722932399497,2025-12-04 13:34:15.104195,2025-12-04 13:34:40.134214,0 days 00:00:25.030019,0.8321449121965199,1.9001219945178143,0.06908056645105065,6,7,6,459,3.35613059414783,4.083624696625515,0.6751241700550226,0.6838884185852279,3.6256352830805914,0.5923117228863447,1.405628582123128,COMPLETE
164,-0.5958078239357608,2025-12-04 13:34:16.001310,2025-12-04 13:34:41.489487,0 days 00:00:25.488177,0.825094437299737,1.910592184231633,0.06049746436796512,6,7,6,457,3.3329263317787183,2.856323073696762,0.9593566393233616,0.6850234171411703,3.588526212650743,0.5704085578186396,1.3851059790211622,COMPLETE
165,-0.5967952961036094,2025-12-04 13:34:17.072044,2025-12-04 13:34:42.319674,0 days 00:00:25.247630,0.8247487815711118,1.9439795160251923,0.061415883581679695,6,7,6,459,3.3504999721296826,3.979281800725777,1.0935933942532305,0.6826206728299544,3.631034457565556,0.5907355772777652,1.419961364179384,COMPLETE
166,-0.5933503336778537,2025-12-04 13:34:17.277628,2025-12-04 13:34:45.733204,0 days 00:00:28.455576,0.8224355963681789,1.9400199584677138,0.06208545000086036,6,8,6,457,3.2904070977809665,4.011781128470713,0.906718398696295,0.6788466929310322,3.630342514703648,0.5923132816548426,1.3485627726902565,COMPLETE
167,-0.5961803094673486,2025-12-04 13:34:18.851700,2025-12-04 13:34:47.756854,0 days 00:00:28.905154,0.8253750362223293,1.9289794700028586,0.06318632670856267,7,8,6,457,3.383664133355789,4.0189187985607,0.7656727512164534,0.6819689370053331,3.6183522190375297,0.588664886176926,1.4288048549875336,COMPLETE
168,-0.5958345491782978,2025-12-04 13:34:21.733173,2025-12-04 13:34:51.147970,0 days 00:00:29.414797,0.7746523199584396,1.8972046244039575,0.06162353267496324,6,8,6,455,3.3376225206913035,4.038510034639079,0.7454952289470198,0.6799164635586894,3.625077875813763,0.5865650038173608,1.427866677049074,COMPLETE
169,-0.5961622082233026,2025-12-04 13:34:22.039844,2025-12-04 13:34:50.543557,0 days 00:00:28.503713,0.7624851547625425,1.916665299396086,0.060362288953646,7,8,6,454,3.604297503706972,4.030743370797439,0.7614164138415817,0.6822749358098108,3.613915912263263,0.5906279854028754,1.4273849107080077,COMPLETE
170,-0.5955507126763067,2025-12-04 13:34:24.717992,2025-12-04 13:34:54.182898,0 days 00:00:29.464906,0.8221786497195467,1.9042209411453002,0.06174110835670001,7,8,6,457,3.2904821784166094,4.027009277005277,0.913600532799507,0.6823630870508013,3.631904109991756,0.591973204083635,1.4161587108554266,COMPLETE
171,-0.5933562385193243,2025-12-04 13:34:27.610124,2025-12-04 13:35:01.601249,0 days 00:00:33.991125,0.7738400057864577,0.21680717193141136,0.06252846952605419,7,8,6,454,3.322459847427358,3.969043262908079,0.9275507079185612,0.6825163532629228,3.479622041233021,0.5796063087207076,1.409030523566785,COMPLETE
172,-0.5953103935325221,2025-12-04 13:34:30.070503,2025-12-04 13:34:58.612591,0 days 00:00:28.542088,0.7717096981497243,0.2113885029154141,0.060818428242602834,6,7,6,456,3.288231579111166,3.9660085355778243,0.9223117215491208,0.6815395750573716,3.632535894079071,0.5879588239021556,1.345907445445016,COMPLETE
173,-0.5930844257716784,2025-12-04 13:34:31.169693,2025-12-04 13:35:05.293609,0 days 00:00:34.123916,0.7581271775455192,0.5228101450909326,0.06650848198095047,7,8,6,462,3.328692108056421,4.189956329710994,0.891979370121657,0.6803140477169817,3.6188032115029904,0.5873506051668078,1.4193962872341235,COMPLETE
174,-0.5945080070854947,2025-12-04 13:34:31.339282,2025-12-04 13:35:00.271598,0 days 00:00:28.932316,0.7742040005401863,0.525524880854122,0.06115800749391885,7,7,6,459,3.3857158117183035,4.145203196343987,1.0921994656079979,0.6776713634371451,3.6101245452482575,0.5957491596260973,1.453851887203689,COMPLETE
175,-0.594769833814484,2025-12-04 13:34:33.322382,2025-12-04 13:35:02.082531,0 days 00:00:28.760149,0.7605835942331521,0.17652033434845935,0.06365200945005893,7,7,6,461,3.2489978025535953,4.140935509841921,0.8991608044075047,0.6763751230288563,3.632869497593336,0.589186212400362,1.4141442808431364,COMPLETE
176,-0.5941045385881485,2025-12-04 13:34:35.098657,2025-12-04 13:35:09.607298,0 days 00:00:34.508641,0.8248153051348538,0.5061735638313017,0.06066320948630805,7,8,6,465,3.341522882062265,4.06496214055927,1.3158365536419065,0.6783476899616909,3.6306903765967182,0.591108750656658,1.4247847716852022,COMPLETE
177,-0.5917103550589392,2025-12-04 13:34:35.441008,2025-12-04 13:35:09.311968,0 days 00:00:33.870960,0.7590024031042665,0.2106565635534452,0.06243989959046566,7,8,6,464,3.336486223327406,3.8858422971171187,0.8918811695422588,0.6791130084551783,3.62667651568145,0.5945664306618006,1.4498607548725886,COMPLETE
178,-0.591674742577264,2025-12-04 13:34:35.889672,2025-12-04 13:35:10.911450,0 days 00:00:35.021778,0.7589066176551275,0.20432401961427987,0.06252245986798116,7,8,6,480,3.3071669532420622,4.068712559844161,0.9786174828042766,0.6781483470567765,3.628732610982186,0.5905771995675035,1.448317554019694,COMPLETE
179,-0.5877415219272781,2025-12-04 13:34:36.285094,2025-12-04 13:35:10.605132,0 days 00:00:34.320038,0.7619645230273783,0.5211550328075714,0.06103654137111151,7,8,6,480,3.33154144464572,4.043197829318217,1.3361577196250367,0.6741345824891286,2.754807836481864,0.5863903514311933,1.443580397079994,COMPLETE
180,-0.5931813835963679,2025-12-04 13:34:36.522582,2025-12-04 13:35:11.567883,0 days 00:00:35.045301,0.7581092669320219,0.19097095252035223,0.06160932811040322,7,8,5,473,3.339123871837195,3.990084190342212,0.9473432589363202,0.6795080343695038,3.6195805846777995,0.5837422535554613,1.431724868263646,COMPLETE
181,-0.5936479398554452,2025-12-04 13:34:36.560356,2025-12-04 13:35:11.225378,0 days 00:00:34.665022,0.7610389048921015,0.20667468333949568,0.0619540388694347,7,8,6,480,3.38635603378009,2.4779675382215034,0.9120425751486828,0.6794084880043633,3.6316006749537255,0.5810846144340585,1.4338023702902458,COMPLETE
182,-0.5882057809325645,2025-12-04 13:34:37.254431,2025-12-04 13:35:11.732295,0 days 00:00:34.477864,0.7624477823302475,0.17246604367039312,0.06112415310534968,7,8,5,471,3.259823177976797,3.992248280820043,0.9545463595411047,0.6776393658660493,2.751260466617322,0.5805345431997552,1.4436241299858823,COMPLETE
183,-0.5929710844579315,2025-12-04 13:34:37.739925,2025-12-04 13:35:12.893637,0 days 00:00:35.153712,0.7622050304204733,0.08635311883309468,0.05987319503702109,7,8,5,479,3.3651637460734123,3.9231624935968785,0.9420620352565816,0.6749578806483341,3.632095031850468,0.5803532960312917,1.51627715652992,COMPLETE
184,-0.5953790720930909,2025-12-04 13:34:38.130853,2025-12-04 13:35:09.702714,0 days 00:00:31.571861,0.7614345921311774,0.2040434911047695,0.0601604431315876,7,8,5,424,3.587187210949267,3.994100841033992,0.902452900093611,0.6769122731127958,3.468724949631439,0.5861188959859234,1.5227426318548807,COMPLETE
185,-0.5933203311159444,2025-12-04 13:34:39.110316,2025-12-04 13:35:14.805293,0 days 00:00:35.694977,0.8199713836630161,0.20414806574099792,0.0612862559161259,7,8,5,481,3.9488930684243346,4.018608011239704,0.9614631612801905,0.6777943644987617,3.6307248486487866,0.5804284917289476,1.4470320289278185,COMPLETE
186,-0.5907268024811417,2025-12-04 13:34:39.901448,2025-12-04 13:35:15.100924,0 days 00:00:35.199476,0.7573202186210793,0.5317145683153527,0.06138001791431928,7,8,6,482,3.1996772845119725,4.000199496884531,0.9406771016552345,0.6752902974953694,3.631662393437461,0.5819172921558872,1.3094378377618592,COMPLETE
187,-0.5977232126514025,2025-12-04 13:34:40.135396,2025-12-04 13:35:09.865053,0 days 00:00:29.729657,0.7622428204022113,1.9951475404871277,0.0623112522403277,7,8,5,481,3.1424652072612727,3.941856141409352,0.9319132936993755,0.6709073973985917,3.464401597920358,0.5811353375583372,1.5250172237126722,COMPLETE
188,-0.5941732537700845,2025-12-04 13:34:41.490669,2025-12-04 13:35:16.746672,0 days 00:00:35.256003,0.756811181204892,0.5186553569078659,0.0629424116334024,7,8,5,477,3.571051479164403,3.859460172006091,0.9090599628381937,0.6752145696049282,3.4791647083213397,0.5805104422909566,1.5140569739635317,COMPLETE
189,-0.5917226380746224,2025-12-04 13:34:42.320762,2025-12-04 13:35:17.384620,0 days 00:00:35.063858,0.7489978540304124,0.19492760461469236,0.06297226707185258,7,8,5,476,3.148882850343696,3.8157107111674673,0.9270897974012334,0.6765244731548217,3.4736882817502543,0.5807472933326533,1.3084562939935347,COMPLETE
190,-0.5933939219615258,2025-12-04 13:34:45.734451,2025-12-04 13:35:21.081311,0 days 00:00:35.346860,0.7947680836540365,0.5144790776372935,0.06553273670485925,7,8,5,480,3.587546285066942,3.51775266438001,1.1913049768208817,0.6704656625530301,3.481658781154297,0.5798390195243349,1.5120855120295922,COMPLETE
191,-0.598183780387912,2025-12-04 13:34:47.757841,2025-12-04 13:35:17.230487,0 days 00:00:29.472646,0.7513531603516705,0.5283984888761843,0.06523181204532737,7,7,5,478,3.102856609252791,3.826199440272203,1.04979846227534,0.6741391871552724,3.485254972047566,0.5789424305660787,1.509001714863012,COMPLETE
192,-0.5974139076772329,2025-12-04 13:34:50.544800,2025-12-04 13:35:19.625618,0 days 00:00:29.080818,0.7625409799823226,0.5122127644132217,0.06446355588992699,7,7,5,481,3.181641996312514,3.4337682358361516,1.0372022371440337,0.6711214435439081,3.4861954175091836,0.5498828437793011,1.5096704123065472,COMPLETE
193,-0.5960337671271064,2025-12-04 13:34:51.149361,2025-12-04 13:35:20.427817,0 days 00:00:29.278456,0.7960828114667446,0.16656074296864867,0.06524667089115456,7,7,7,477,3.1057887787055414,3.47481860634904,1.2254190348391387,0.6732797538994395,3.4707089879292163,0.579845308953372,1.5019611090974523,COMPLETE
194,-0.59751288810345,2025-12-04 13:34:54.184002,2025-12-04 13:35:23.403014,0 days 00:00:29.219012,0.7616552081687401,0.20493676239351405,0.0662113429214703,7,7,5,482,3.598171571185828,3.49026123656371,1.2155997000375485,0.6725796227798606,3.485095510506691,0.5811811105653839,1.5157633238183075,COMPLETE
195,-0.5963786869369765,2025-12-04 13:34:58.614136,2025-12-04 13:35:28.237557,0 days 00:00:29.623421,0.7981408023807063,0.5224261611780785,0.0660293984260699,7,7,5,484,3.894376928642785,3.8157501204570985,1.005870210198578,0.6715723955614977,3.4687073729619593,0.5796516894129992,1.4694972105247441,COMPLETE
196,-0.5974592167049038,2025-12-04 13:35:00.272857,2025-12-04 13:35:26.301999,0 days 00:00:26.029142,0.7582591333712034,0.12849961006791,0.0652937518229724,7,7,5,424,3.1117446994832405,3.4643804568875174,1.3377113247140133,0.6681886041747476,3.476144535377963,0.5769362657934618,1.490116741364657,COMPLETE
197,-0.5971663947882954,2025-12-04 13:35:01.602751,2025-12-04 13:35:30.419014,0 days 00:00:28.816263,0.7606589983839146,0.12186657865962794,0.06575315639469476,7,7,5,483,3.9043248507440613,3.493320365328258,1.3420888907535413,0.6674776789202642,3.4810625671498894,0.5785957882070868,1.5090778478276738,COMPLETE
198,-0.5969649403988144,2025-12-04 13:35:02.083537,2025-12-04 13:35:28.671375,0 days 00:00:26.587838,0.8462402322277836,1.9865864287302477,0.06554681529467288,6,7,5,480,3.924395641847993,3.4835070028429564,1.154518945267444,0.6692917192700457,3.476767412907359,0.5771491413782667,1.5185868043236388,COMPLETE
199,-0.5970424842100398,2025-12-04 13:35:05.295068,2025-12-04 13:35:30.634908,0 days 00:00:25.339840,0.7965004959007111,1.993589870751998,0.07419068283669476,6,7,5,479,3.958782786817151,3.4971049504813623,1.2237959841882033,0.6733047390704562,3.4672163590504406,0.5780862218936811,1.5159335795927122,COMPLETE
200,-0.5976349454011298,2025-12-04 13:35:09.312970,2025-12-04 13:35:33.906156,0 days 00:00:24.593186,0.8434174440402996,1.999905876448243,0.07417498447385573,6,7,5,479,3.1209280545770755,3.50789535012793,1.0436999759806798,0.6982447786231806,3.4867853732736274,0.5766177732836479,1.514051645012211,COMPLETE
201,-0.596570227520283,2025-12-04 13:35:09.608666,2025-12-04 13:35:38.584261,0 days 00:00:28.975595,0.8471273471351849,0.08327066075586909,0.0760137494958291,6,7,5,479,3.9234928099453663,3.4810161404233364,1.037893742392098,0.6688032299770446,3.4696743052463255,0.578219379002298,1.5080962638142248,COMPLETE
202,-0.600252077571408,2025-12-04 13:35:09.703968,2025-12-04 13:35:35.450651,0 days 00:00:25.746683,0.849213890300967,1.9712501661070445,0.07382089254804244,6,7,5,483,3.935934021217051,2.863667937466703,0.9997460774506723,0.6714876780469282,3.4622304477182984,0.5496939277452427,1.5196912297087413,COMPLETE
203,-0.5992114918536016,2025-12-04 13:35:09.866020,2025-12-04 13:35:38.194585,0 days 00:00:28.328565,0.7971876201136798,0.08169472688450559,0.05646995976959516,6,7,7,483,3.9327098258495514,3.4601217895329723,1.1765822741822745,0.666201347815191,3.4747106497047566,0.5500908389736785,1.4942506378651719,COMPLETE
204,-0.5974898528304214,2025-12-04 13:35:10.606097,2025-12-04 13:35:35.980630,0 days 00:00:25.374533,0.7905418592431716,0.37522163533731323,0.07661773633881734,6,7,7,427,3.913593815699668,3.4929356228515376,1.0191702102803888,0.7005322350289153,3.4754679694198694,0.5524767771175556,1.4932732389886443,COMPLETE
205,-0.6016671409712897,2025-12-04 13:35:10.912441,2025-12-04 13:35:35.938095,0 days 00:00:25.025654,0.7948386963597568,0.08012825420920563,0.07433011181162871,6,7,7,425,3.9101541162047795,2.827498624069004,1.0363508453400927,0.6677653086030225,3.4662560113753766,0.54831921992009,1.6863695006600345,COMPLETE
206,-0.5980976057483797,2025-12-04 13:35:11.226363,2025-12-04 13:35:36.385068,0 days 00:00:25.158705,0.8469656603964402,0.3728340128837544,0.07456655634591737,6,7,7,424,3.9304879230810807,3.4894551872345425,1.0256779476070765,0.6995757182620014,3.475903899366586,0.547288426557381,1.4929162297739018,COMPLETE
207,-0.5999041902412672,2025-12-04 13:35:11.569071,2025-12-04 13:35:36.485156,0 days 00:00:24.916085,0.7968327170065781,0.10101537675580102,0.07398181993094718,6,7,7,424,3.8508401537988077,3.4797692041625776,1.0149960898932822,0.7102216800559039,3.491444471488519,0.5477337535044855,1.4940637902419291,COMPLETE
208,-0.5996509547057032,2025-12-04 13:35:11.733382,2025-12-04 13:35:36.932077,0 days 00:00:25.198695,0.8446432566617212,0.26691700933436147,0.07400698555279442,6,7,7,423,3.9168653354254204,2.816156569925955,1.2262180032337604,0.6657243638662907,3.4730768592552783,0.5481474927320257,1.6810348592620394,COMPLETE
