number,value,datetime_start,datetime_complete,duration,params_class_1_weight,params_colsample_bytree,params_gamma,params_learning_rate,params_max_delta_step,params_max_depth,params_min_child_weight,params_n_estimators,params_reg_alpha,params_reg_lambda,params_scale_pos_weight,params_subsample,params_threshold,state
294,-0.7222919917632383,2025-12-07 15:03:35.462017,2025-12-07 15:04:09.032971,0 days 00:00:33.570954,2.2221619099311503,0.7880576743408823,0.7521333077705277,0.06158358355410731,3,10,6,198,2.1494455438768165,1.5982262592310332,0.7787870013834777,0.8403341214546148,0.4320867725577379,COMPLETE
295,-0.6837803896871772,2025-12-07 15:03:37.887839,2025-12-07 15:04:12.730893,0 days 00:00:34.843054,0.9029195503476328,0.7885534073718012,0.8092174893844059,0.056758456760296186,0,10,6,198,2.1810248328284034,2.0825930078713624,0.7856746606102203,0.8412382497325825,0.4287934940714294,COMPLETE
296,-0.7111824999484712,2025-12-07 15:03:37.915039,2025-12-07 15:04:14.781191,0 days 00:00:36.866152,2.287609515538146,0.6300721409960964,0.735280066447353,0.0565594309495731,0,10,8,230,2.159480293732673,1.9036981204184302,0.7739263041395977,0.8424515063749789,0.14224889232071117,COMPLETE
297,-0.7228157087827712,2025-12-07 15:03:38.078106,2025-12-07 15:04:13.506214,0 days 00:00:35.428108,2.221635082189585,0.7877900579332421,0.7420166958273201,0.062164500640613254,0,9,6,230,1.9267041750216973,1.878842471437195,0.7729615751718284,0.8402367327524141,0.4279211663945192,COMPLETE
298,-0.7182619358434895,2025-12-07 15:03:39.906718,2025-12-07 15:04:11.053573,0 days 00:00:31.146855,2.3025961873693124,0.7892608959552777,0.732398789962746,0.05670660987048111,0,9,6,198,1.9084945266353506,1.5847387673450193,0.7827696495453442,0.8412311953903734,0.33779950043052676,COMPLETE
299,-0.7206612054261119,2025-12-07 15:03:42.895580,2025-12-07 15:04:18.664931,0 days 00:00:35.769351,2.2891009647449576,0.7877012946425815,0.7305416919946055,0.03116048218051189,0,10,6,196,1.8886402920427805,1.53180045444513,0.7816385656163389,0.841891193432184,0.4277888893805999,COMPLETE
