number,value,datetime_start,datetime_complete,duration,params_class_1_weight,params_colsample_bytree,params_gamma,params_learning_rate,params_max_delta_step,params_max_depth,params_min_child_weight,params_n_estimators,params_reg_alpha,params_reg_lambda,params_scale_pos_weight,params_subsample,params_threshold,state
73,-0.7189524231533232,2025-12-07 14:58:29.574820,2025-12-07 14:59:02.951110,0 days 00:00:33.376290,2.9303646044226297,0.8015660003538939,0.44544289019055877,0.029351651606975594,5,5,18,351,3.894419117683743,0.47543153947103123,1.0840082732246488,0.8825628463745052,0.5982019502824094,COMPLETE
74,-0.7185660095097137,2025-12-07 14:58:30.662426,2025-12-07 14:59:10.784111,0 days 00:00:40.121685,2.963395414821246,0.8017467467700032,0.46978240555508005,0.067600747660051,4,7,14,377,3.9585983575205637,0.488220614704016,0.5198723872356135,0.7829639729275355,0.5311281993034305,COMPLETE
75,-0.4207206676537151,2025-12-07 14:58:35.970113,2025-12-07 14:59:15.677138,0 days 00:00:39.707025,0.9827328546422249,0.7655958675157006,0.4440285726529998,0.0639333345953554,9,7,14,363,3.9056068601787994,0.45841946972460307,0.5391835299600674,0.8889469836446822,0.5283002253807758,COMPLETE
76,-0.6873749890526807,2025-12-07 14:58:36.058701,2025-12-07 14:59:05.664023,0 days 00:00:29.605322,2.960281948718054,0.8000199286726997,1.1100722884193732,0.0879393146256121,9,10,18,383,3.9769522912064654,0.4574415369447977,0.4952164097898249,0.8871040102596349,0.5918811721612837,COMPLETE
77,-0.7209632303467784,2025-12-07 14:58:37.220502,2025-12-07 14:59:12.600704,0 days 00:00:35.380202,2.928046729479254,0.7533035860571039,1.128761008164084,0.06980290943999504,10,5,18,386,3.897588754406317,0.3592091745380377,1.0644594480655143,0.8851530534433966,0.591717879179483,COMPLETE
78,-0.7216237234665416,2025-12-07 14:58:37.459896,2025-12-07 14:59:10.609121,0 days 00:00:33.149225,2.898304670957287,0.7534090918263011,0.4646050938885947,0.08763225831607398,9,5,18,362,4.000516030035841,0.47726177617097465,1.0449639810866647,0.8811032451661932,0.5983088978807481,COMPLETE
79,-0.7208880662891033,2025-12-07 14:58:39.483166,2025-12-07 14:59:14.728951,0 days 00:00:35.245785,3.0831107531770243,0.7530652584265911,0.450398678745777,0.07161857800484307,10,5,18,384,4.03087326587994,0.4367308139718599,1.0986494021093076,0.8968251277209267,0.59705062280167,COMPLETE
80,-0.719080623168433,2025-12-07 14:58:41.133464,2025-12-07 14:59:15.184441,0 days 00:00:34.050977,2.8603336429889814,0.7522904710876429,0.42192340821968344,0.08738202958822874,9,5,18,372,4.0179037577145,0.40132963029510826,1.0738164886092518,0.8894504018932705,0.5301630129610979,COMPLETE
81,-0.7196136974120101,2025-12-07 14:58:43.107621,2025-12-07 14:59:17.873615,0 days 00:00:34.765994,2.91274432294311,0.7983696248378503,0.43051945704924477,0.0850557619700237,10,5,18,376,2.7064593508936814,0.372816733370815,1.0558591946792486,0.8926574808464901,0.5347341695138519,COMPLETE
82,-0.7209925881986938,2025-12-07 14:58:43.667179,2025-12-07 14:59:19.900720,0 days 00:00:36.233541,3.0394495647180966,0.796854434696029,1.1357949995950558,0.06751853005512265,9,10,18,373,2.6813475079965294,0.44390747969476385,1.107723912135689,0.8986983122833867,0.5341740959553696,COMPLETE
83,-0.7214738464504522,2025-12-07 14:58:44.574910,2025-12-07 14:59:19.054833,0 days 00:00:34.479923,3.0445130989034834,0.7987908552522068,1.1264546663022967,0.0700906008272789,9,10,15,374,2.686865042762733,0.3132069729793065,1.027819784175695,0.8879412861037792,0.5301512113089644,COMPLETE
84,-0.7219655481449522,2025-12-07 14:58:44.662468,2025-12-07 14:59:19.434225,0 days 00:00:34.771757,2.8996197516091944,0.7599635761529739,0.4652755127912971,0.07320053035726522,10,10,15,364,2.712189232880724,0.542172343982382,0.8816663284170806,0.8902655782650555,0.5207044404339286,COMPLETE
85,-0.7224659391529261,2025-12-07 14:58:45.508039,2025-12-07 14:59:20.135779,0 days 00:00:34.627740,2.798193299263555,0.7595722192250488,0.4609118695456641,0.08582638302539171,10,10,15,359,3.4872206073261385,0.3138313680599524,0.898332198931099,0.8930495262518601,0.5332544141560523,COMPLETE
86,-0.7195423562763639,2025-12-07 14:58:45.560604,2025-12-07 14:59:15.515845,0 days 00:00:29.955241,4.069092126120555,0.7649739600002062,1.1166326688367008,0.08777701469849568,10,10,17,360,2.7015073144893798,0.41781104665769586,0.9659982362093895,0.8997549561199829,0.525900173938685,COMPLETE
87,-0.7016096398279638,2025-12-07 14:58:48.787305,2025-12-07 14:59:20.713898,0 days 00:00:31.926593,2.7559563910014537,0.763366895119112,1.1521320524484877,0.0856334523749561,4,10,15,359,3.491912455784583,0.28065047756125505,0.4787833013733583,0.8994001662872537,0.538390576377951,COMPLETE
88,-0.7189410221435896,2025-12-07 14:58:50.884947,2025-12-07 14:59:28.818623,0 days 00:00:37.933676,2.7895676655720574,0.7677408569565537,0.7849775600453092,0.07214543548827908,4,10,15,346,3.6629067992500994,0.26538929155023266,0.9827765322483208,0.8948649609225499,0.4230474161931468,COMPLETE
89,-0.7220816557904608,2025-12-07 14:58:52.410917,2025-12-07 14:59:25.989407,0 days 00:00:33.578490,2.8388850434978528,0.7618585634458078,1.1564330028239131,0.06855482656609109,4,10,15,346,2.709140959377064,0.4020710961294954,0.9436038381499321,0.8985769152121214,0.5416928124641966,COMPLETE
90,-0.7230649947345091,2025-12-07 14:58:52.617506,2025-12-07 14:59:30.109876,0 days 00:00:37.492370,2.7249756239395566,0.7593479706941176,1.163359066210679,0.06989723931700967,4,10,15,342,2.7250867710927387,0.29177504254196707,0.8881760758470518,0.898514193505068,0.5257918561324608,COMPLETE
91,-0.7220246249357769,2025-12-07 14:58:52.941494,2025-12-07 14:59:22.079022,0 days 00:00:29.137528,2.813323003970295,0.7714354666129716,1.1271546061147804,0.08724435460414899,4,10,15,288,3.6215913190645894,0.30708523664913734,0.9966745638944955,0.7702855308104554,0.5363903076020958,COMPLETE
92,-0.7223251394817888,2025-12-07 14:59:02.952192,2025-12-07 14:59:32.905913,0 days 00:00:29.953721,2.7637900467488055,0.7670970801953546,1.1330364405288218,0.08676456012889162,4,10,15,348,2.6978770303881587,0.2120901891437183,0.9788481535065546,0.8987137417510589,0.5349804389544837,COMPLETE
93,-0.7221867224622092,2025-12-07 14:59:04.085259,2025-12-07 14:59:39.510583,0 days 00:00:35.425324,2.784061918991751,0.758307595215073,1.1692518304722546,0.07004138497134184,4,10,15,284,2.688035180076549,0.2846376090345276,0.9631343930136389,0.8942725668041723,0.5339612392491888,COMPLETE
94,-0.7187130002048925,2025-12-07 14:59:04.577653,2025-12-07 14:59:34.144160,0 days 00:00:29.566507,2.7171242092383405,0.7619271559265486,0.7834004512321991,0.0864776536080332,10,10,15,308,2.7139535407259348,0.26454247359297206,0.9036346827829707,0.8496361912555627,0.4120187689514856,COMPLETE
95,-0.7228683644249412,2025-12-07 14:59:05.664929,2025-12-07 14:59:40.822940,0 days 00:00:35.158011,2.7150902508722328,0.7624850915520776,0.767707078870518,0.07131431617045028,4,10,15,300,2.655921473185921,0.274324756193559,0.8081265265097777,0.8960653569068183,0.5380355323278833,COMPLETE
96,-0.7182440694083292,2025-12-07 14:59:10.610184,2025-12-07 14:59:35.478893,0 days 00:00:24.868709,2.76690587071519,0.7109110531600873,0.7643029652539282,0.06838884915217361,8,4,15,284,4.875102254500334,0.25778424720919924,0.9510720656795221,0.8975285181473586,0.539503421114383,COMPLETE
97,-0.7223149172467161,2025-12-07 14:59:10.785129,2025-12-07 14:59:37.979281,0 days 00:00:27.194152,2.795959909565775,0.7586751050592121,0.7778122339045475,0.08523745215787619,8,10,17,287,2.686665323599014,0.23664519554286667,0.9420714655528164,0.8484546284606559,0.5394944479542159,COMPLETE
98,-0.7224471117262654,2025-12-07 14:59:12.601914,2025-12-07 14:59:40.937017,0 days 00:00:28.335103,2.754027083055691,0.7639657039959572,0.764018139154354,0.08568727749819084,10,10,17,293,2.6987681345464485,1.8558569204884854,0.9539719414863052,0.8579748461451397,0.5412139111068336,COMPLETE
99,-0.7159897361100518,2025-12-07 14:59:14.730075,2025-12-07 14:59:39.601244,0 days 00:00:24.871169,2.2812183773400907,0.7608708617266156,0.7227416606020864,0.0737963945440406,10,4,17,285,4.6363807602217175,0.2493700544734359,0.9636771880681786,0.8983372758258802,0.4140932313209812,COMPLETE
100,-0.7195269178761201,2025-12-07 14:59:15.185876,2025-12-07 14:59:39.815243,0 days 00:00:24.629367,2.7406059439310493,0.7636448466270782,0.8235658048455882,0.07302072282355637,10,4,17,283,4.760446302829127,0.7040527667197871,0.9550750620394534,0.8963808985050422,0.5700638493809925,COMPLETE
101,-0.715445940134472,2025-12-07 14:59:15.517112,2025-12-07 14:59:45.592328,0 days 00:00:30.075216,2.14107758412265,0.7906647600591595,0.7574247414889163,0.0704444386898964,8,6,15,288,4.562069567510816,0.25507596776421754,0.7827575015054239,0.8514139254752875,0.5673278468086809,COMPLETE
102,-0.7181890918399345,2025-12-07 14:59:15.678156,2025-12-07 14:59:41.439401,0 days 00:00:25.761245,2.2443393338112037,0.7763506069998998,0.7602261763041569,0.07910587457437646,8,4,17,294,4.697738026980484,0.23571435522622466,0.790607604536614,0.8598472609825217,0.4241906791323039,COMPLETE
103,-0.7194288900487557,2025-12-07 14:59:17.874804,2025-12-07 14:59:43.504437,0 days 00:00:25.629633,2.2555600520854915,0.7765660503426898,0.7891615141213804,0.07624456946661771,8,4,17,292,4.504919527653838,0.23683006804384862,0.860896276199599,0.8571914928901649,0.5684794756811039,COMPLETE
104,-0.7160694554209068,2025-12-07 14:59:17.948218,2025-12-07 14:59:44.602487,0 days 00:00:26.654269,2.708931255791687,0.7877612125617129,0.7858558802248846,0.07707307211274876,8,4,17,307,4.620637828038308,0.2569239985329743,0.8478904027825407,0.8518576103888365,0.42189399123552757,COMPLETE
105,-0.7190231510429619,2025-12-07 14:59:19.055837,2025-12-07 14:59:44.389868,0 days 00:00:25.334031,2.325188929220504,0.7895429387035721,1.177940983556967,0.07507535241558787,8,4,17,290,4.595861550005187,0.2056447580836333,0.7979936589446451,0.8612050173618864,0.5614982944231747,COMPLETE
106,-0.7217896504325971,2025-12-07 14:59:19.435253,2025-12-07 14:59:52.420425,0 days 00:00:32.985172,2.337603508042852,0.779463030011849,1.1509761900912685,0.07836260278739897,8,10,15,296,3.582069819335786,0.687733627609384,0.8368298046689289,0.846254771827127,0.4332433995214419,COMPLETE
107,-0.7216067486034856,2025-12-07 14:59:19.901743,2025-12-07 14:59:52.995729,0 days 00:00:33.093986,2.338082559930917,0.7863899006937136,0.753202873856287,0.0790271022590101,8,10,15,282,4.777969758981366,0.20968252519412606,0.817428711663987,0.851880183627445,0.5465117974636747,COMPLETE
108,-0.721232128137509,2025-12-07 14:59:20.136827,2025-12-07 14:59:52.538881,0 days 00:00:32.402054,2.3459679678054375,0.7773463692773961,0.754072332778853,0.07698705383892177,8,10,15,300,4.662133632142612,0.20126144752018987,0.8004043668359444,0.8538527605015478,0.4245543162562982,COMPLETE
109,-0.7179146043422582,2025-12-07 14:59:20.715033,2025-12-07 14:59:49.826443,0 days 00:00:29.111410,2.2760505458125095,0.7732665070542638,0.8265154123972593,0.0773502736055312,8,4,15,336,4.899027680516035,0.2061689749152204,0.821794696511022,0.8544621889258486,0.4249596135835152,COMPLETE
110,-0.7230815084549234,2025-12-07 14:59:21.797483,2025-12-07 14:59:51.701248,0 days 00:00:29.903765,2.3504769635188216,0.7775280837830488,0.8274280905763607,0.07735650698470044,8,10,16,292,4.447136581568283,0.6685273529722942,0.9407915433887256,0.8473363225586369,0.567314300971876,COMPLETE
111,-0.7176010176228453,2025-12-07 14:59:22.080233,2025-12-07 14:59:47.138391,0 days 00:00:25.058158,2.3801382256977606,0.7778272825459157,0.7582083699997477,0.07890439938090778,8,4,15,284,3.64199088190391,0.6290554621249919,0.8135422404661848,0.8482552404302005,0.4274642677689784,COMPLETE
112,-0.7179088808112207,2025-12-07 14:59:25.990677,2025-12-07 14:59:50.246344,0 days 00:00:24.255667,2.276330525681838,0.7893379232196681,0.7175590448245192,0.07874397427404775,8,4,15,274,3.6286159625038175,0.6956980440953827,0.8136540761956953,0.8603800594957012,0.5712772101617529,COMPLETE
113,-0.7189828218867896,2025-12-07 14:59:28.819755,2025-12-07 14:59:53.856330,0 days 00:00:25.036575,2.269100770086381,0.7761438510465511,0.27871955944229954,0.06092809854273414,3,4,16,281,4.440164626672031,0.6499996726891653,0.8434565574566434,0.8525938442209062,0.5650068272701654,COMPLETE
114,-0.7228896214875468,2025-12-07 14:59:30.111001,2025-12-07 15:00:04.365171,0 days 00:00:34.254170,2.5945099371867215,0.7759396159282361,0.28956000182662833,0.07709975595713839,3,10,16,285,4.626345662213466,0.6280294926813458,0.8227567103287909,0.8540140018344127,0.5655253720531506,COMPLETE
115,-0.7189056129473632,2025-12-07 14:59:30.471130,2025-12-07 15:00:02.845204,0 days 00:00:32.374074,2.3560327842856346,0.7779357264155375,0.5544666944506872,0.07687021162646532,3,10,16,284,4.551533211701771,0.7077290253284196,0.7863804544216599,0.8587965789046205,0.5685664487246332,COMPLETE
116,-0.7197193540922502,2025-12-07 14:59:32.907361,2025-12-07 14:59:58.347600,0 days 00:00:25.440239,2.3026795157840754,0.7768694589716008,1.2037037987389054,0.07749177353336369,3,4,13,287,2.284843651862903,0.1840047932130099,0.851377212432957,0.8542558356628819,0.5675105019261943,COMPLETE
117,-0.7193865310605292,2025-12-07 14:59:34.145692,2025-12-07 14:59:59.472061,0 days 00:00:25.326369,2.379473046375341,0.7753378967362095,0.5478164839560594,0.07800255777411111,3,4,13,282,4.670450117312786,0.6822722307335713,0.7865988368302365,0.7707403138393514,0.5644211520615711,COMPLETE
118,-0.7199192998444122,2025-12-07 14:59:35.480070,2025-12-07 15:00:07.879577,0 days 00:00:32.399507,2.375045167714027,0.774519663021975,1.1993529032998207,0.07703451417552401,3,10,16,334,2.217834011707534,0.6722478622627575,0.7988356387478158,0.758394122332758,0.5589080289066445,COMPLETE
119,-0.7179537947607673,2025-12-07 14:59:37.980383,2025-12-07 15:00:08.889966,0 days 00:00:30.909583,2.236872389068992,0.7847562306632588,1.2050790336599262,0.07958334633512637,3,10,13,257,2.263517079235433,0.6658639998159379,0.8148492209680849,0.7670538205707675,0.5651900140557726,COMPLETE
120,-0.718312723720375,2025-12-07 14:59:39.511489,2025-12-07 15:00:08.852237,0 days 00:00:29.340748,2.3552832654189997,0.7760548745724198,1.058114923858422,0.07796355825377074,3,10,13,278,2.3069559322531523,0.6461385134376953,0.794685683189891,0.8593484929175507,0.5679925513626609,COMPLETE
121,-0.7189847797251707,2025-12-07 14:59:39.602201,2025-12-07 15:00:11.218420,0 days 00:00:31.616219,2.397705740160045,0.7753082016613327,1.1975684227114247,0.07850421014088246,3,10,13,251,2.2218491131303377,0.11191832586142093,0.8093952716025341,0.7667947655934115,0.5676801992935124,COMPLETE
122,-0.7150116367753304,2025-12-07 14:59:39.816136,2025-12-07 15:00:13.495046,0 days 00:00:33.678910,2.3144305826676206,0.7774733462298797,1.1883877670599403,0.0805433654997274,3,10,13,237,2.281580225415574,0.6534095763224045,0.7569433757221496,0.7703436329508664,0.5647997869722035,COMPLETE
123,-0.7238988586995374,2025-12-07 14:59:40.824173,2025-12-07 15:00:13.036239,0 days 00:00:32.212066,2.41055428194618,0.7758397518339394,1.1977526410722246,0.07924179994432735,3,10,16,231,2.277004958356259,0.13735738325806263,0.7800418067593694,0.8545300729542462,0.5084916207171821,COMPLETE
124,-0.723515117247551,2025-12-07 14:59:40.938153,2025-12-07 15:00:12.887367,0 days 00:00:31.949214,2.3954379845898863,0.7894672673031976,1.1939546148234526,0.07833686602994744,3,10,16,250,2.2038614594224892,0.13630652759097645,0.7919699228782175,0.8392854003368398,0.5060156147662132,COMPLETE
125,-0.7234425923671737,2025-12-07 14:59:41.440305,2025-12-07 15:00:22.027796,0 days 00:00:40.587491,2.582056065948152,0.7857331814424395,0.618231863568296,0.06350361215851143,3,10,16,256,4.3894066407197165,0.12212148884642987,0.8348212550595421,0.8613501156252898,0.5529591699488556,COMPLETE
126,-0.7229337830405257,2025-12-07 14:59:43.505625,2025-12-07 15:00:13.452612,0 days 00:00:29.946987,2.6068639526042086,0.784712824001635,1.1925615994220007,0.0823004324953655,3,10,13,237,2.307949131000271,0.1295280993137941,0.7586101067066366,0.8392525564680229,0.5067190197940373,COMPLETE
127,-0.7230298025737896,2025-12-07 14:59:44.390765,2025-12-07 15:00:24.407159,0 days 00:00:40.016394,2.6053958654509124,0.7816521751078108,0.5974863611756411,0.05919192732259403,3,10,13,253,2.2111497932786097,0.6474101592652576,0.7942949240816487,0.7711136127864454,0.5068546312713753,COMPLETE
128,-0.7220932546563128,2025-12-07 14:59:44.603844,2025-12-07 15:00:14.215927,0 days 00:00:29.612083,2.454375357672832,0.7796445407033133,1.2119096694237854,0.08258313090576223,3,10,13,257,2.2035455759408453,0.12380822047901308,0.9139924991873491,0.8396786876146733,0.5044245819181657,COMPLETE
129,-0.7219682619566002,2025-12-07 14:59:45.593426,2025-12-07 15:00:27.012826,0 days 00:00:41.419400,2.5557381325077735,0.7425793368109602,1.5824244981739617,0.05658845335164241,3,10,13,251,2.239673798082709,0.10614571956270613,1.0030709553583042,0.8392482982940582,0.5039774104782299,COMPLETE
130,-0.7228834969905763,2025-12-07 14:59:47.139470,2025-12-07 15:00:27.654486,0 days 00:00:40.515016,2.556725524904326,0.771386442755066,0.626133964061104,0.06390592541803018,3,10,13,258,2.2582975078475105,0.11566450273153134,0.9246234808251748,0.8315246346880378,0.5081821525122893,COMPLETE
131,-0.7228456764086566,2025-12-07 14:59:49.827576,2025-12-07 15:00:30.265500,0 days 00:00:40.437924,2.585970969428072,0.7242079874043142,1.2119497750678698,0.06018194857568185,3,10,13,252,2.387288099492417,0.09199472014835569,0.9214721517959681,0.7707178303754655,0.5484198101072881,COMPLETE
132,-0.7229212663526021,2025-12-07 14:59:50.247291,2025-12-07 15:00:31.425661,0 days 00:00:41.178370,2.6026449315299076,0.7822408730905414,0.6292728609313046,0.060672632979963254,3,10,13,240,2.209970674538012,0.10974239481541567,0.9178837200102561,0.8378361371017637,0.5078436577252451,COMPLETE
133,-0.7224959587441081,2025-12-07 14:59:51.702554,2025-12-07 15:00:30.468451,0 days 00:00:38.765897,2.5343664795765797,0.7825348773934969,0.6347655084037411,0.061658301659176996,3,10,16,241,2.240238529114533,0.11357921224777631,0.9212626554729838,0.8396772900011829,0.5040411577476972,COMPLETE
134,-0.7234855171000066,2025-12-07 14:59:52.421568,2025-12-07 15:00:29.949534,0 days 00:00:37.527966,2.6057317159432305,0.78274910047958,1.0565901149512889,0.06391825655938856,3,10,16,244,2.2824503834267817,0.08914590971407466,0.9245037124703712,0.8305045904393099,0.5492723842758755,COMPLETE
135,-0.7223414381877957,2025-12-07 14:59:52.540072,2025-12-07 15:00:22.064916,0 days 00:00:29.524844,2.583400516262168,0.7715756065671735,1.0657475166102923,0.09171759531423625,3,10,16,233,2.302105880430652,0.10385897586453172,0.9149846852209189,0.8275137262322135,0.503938694858264,COMPLETE
136,-0.7225778543003814,2025-12-07 14:59:52.996663,2025-12-07 15:00:32.387003,0 days 00:00:39.390340,2.6200795545228357,0.7712953980155467,0.6362135922507048,0.05859943920223169,3,10,16,236,2.231649716880397,2.0206184507338487,0.9176560302391442,0.8295321159799476,0.5001831970753604,COMPLETE
137,-0.7227699291140487,2025-12-07 14:59:53.857285,2025-12-07 15:00:23.813514,0 days 00:00:29.956229,2.5785954459023417,0.7705218243414388,0.6309731191488898,0.09195346110447417,4,10,13,237,2.336922981850003,1.7231832715416213,0.912003636622841,0.8360495253537737,0.5134209048465436,COMPLETE
138,-0.7222116261761846,2025-12-07 14:59:58.348592,2025-12-07 15:00:31.284179,0 days 00:00:32.935587,2.5310878554129865,0.7412324623546833,0.6144620180973157,0.08237769174605875,4,10,16,230,2.3138747997849114,0.10587428339716781,0.9242161428964989,0.8252244447012456,0.5105950649121558,COMPLETE
139,-0.7200853832514928,2025-12-07 14:59:59.473241,2025-12-07 15:00:31.555879,0 days 00:00:32.082638,3.426311668450771,0.7402279625250093,1.0539509995791412,0.08220081264434254,7,10,16,243,2.217429218897772,0.08488773484658965,1.0067359369484565,0.8384736604695777,0.5091174679266842,COMPLETE
140,-0.7191815868221966,2025-12-07 15:00:02.846256,2025-12-07 15:00:45.113664,0 days 00:00:42.267408,3.1769659032533912,0.7416439567426284,1.0625971775568632,0.05467998124774087,4,10,14,257,2.319586682370662,0.06048239657284454,1.1708932752469994,0.8761683883298733,0.4992769310970584,COMPLETE
141,-0.7220383900884438,2025-12-07 15:00:04.366125,2025-12-07 15:00:37.683031,0 days 00:00:33.316906,2.579046893765729,0.7437282193560555,0.6443045765119408,0.08263079915026905,4,10,14,234,2.3781849068246568,0.09723498661528915,0.9170749136337409,0.8377966164766948,0.5129322864251599,COMPLETE
142,-0.7221525535103094,2025-12-07 15:00:07.881527,2025-12-07 15:00:48.838867,0 days 00:00:40.957340,2.597818406275304,0.7233899715698866,0.058378642331602726,0.0567451599879939,4,10,14,244,2.8064603985888055,0.09645554138492218,0.9210163700217345,0.826320264871178,0.5109457098539901,COMPLETE
143,-0.7222163510602265,2025-12-07 15:00:08.853153,2025-12-07 15:00:48.617685,0 days 00:00:39.764532,2.5744109764147236,0.7401186256199881,0.6253836731077607,0.05220850633338129,4,10,14,228,2.8224225830547467,0.08003757958434862,0.9121932535424344,0.8350627889537067,0.5070020826546616,COMPLETE
144,-0.7222649758169175,2025-12-07 15:00:08.892584,2025-12-07 15:00:40.112465,0 days 00:00:31.219881,2.57895030890588,0.7431729221614701,0.6415018416370233,0.09117371851413858,4,10,14,234,2.4372988615137725,0.10175372046805135,0.9142225155228476,0.8643978558293786,0.5048049020133254,COMPLETE
145,-0.7222246875621497,2025-12-07 15:00:11.219929,2025-12-07 15:00:47.174860,0 days 00:00:35.954931,2.5739791708798516,0.7439832740402548,0.09685889630532793,0.09166203601258019,4,10,14,220,4.310521353691384,1.8634153963512226,1.0056871832497438,0.8237625230822199,0.5059459951473829,COMPLETE
146,-0.7227003333668984,2025-12-07 15:00:12.888671,2025-12-07 15:01:01.515184,0 days 00:00:48.626513,2.5366502697054405,0.7423730644822926,0.1502861438695584,0.05072627342586447,4,10,14,318,2.5794848429585415,0.024086804546419482,0.9156592597597415,0.8228300046659698,0.5090605010862226,COMPLETE
