[I 2026-01-10 08:08:46,846] Trial 68 finished with value: 0.4039445306558566 and parameters: {'w0': 0.40564392809429883, 'w1': 0.737770413212802, 'w2': 1.0644919849021528}. Best is trial 43 with value: 0.5660766056072881.
[I 2026-01-10 08:08:46,883] Trial 72 finished with value: 0.49260686867650405 and parameters: {'w0': 0.9874478184456094, 'w1': 0.800064212291477, 'w2': 1.181853741916673}. Best is trial 43 with value: 0.5660766056072881.
[I 2026-01-10 08:08:46,887] Trial 74 finished with value: 0.312968982578976 and parameters: {'w0': 0.15846661234946993, 'w1': 0.7048390085323577, 'w2': 1.5558309363175755}. Best is trial 43 with value: 0.5660766056072881.
[I 2026-01-10 08:08:46,890] Trial 92 finished with value: 0.4698951329593827 and parameters: {'w0': 1.158093042435486, 'w1': 0.9447582159275678, 'w2': 1.072984232599194}. Best is trial 43 with value: 0.5660766056072881.
[I 2026-01-10 08:08:46,892] Trial 88 finished with value: 0.5346906050324988 and parameters: {'w0': 1.6958423855659042, 'w1': 0.9126333590094031, 'w2': 1.1269822846749105}. Best is trial 43 with value: 0.5660766056072881.
[I 2026-01-10 08:08:46,901] Trial 84 finished with value: 0.5501320615180711 and parameters: {'w0': 1.0690891514444856, 'w1': 0.5283107940695354, 'w2': 1.0328575256449384}. Best is trial 43 with value: 0.5660766056072881.
[I 2026-01-10 08:08:46,963] Trial 83 finished with value: 0.4026041135860199 and parameters: {'w0': 0.5557420174429845, 'w1': 0.9786170269653939, 'w2': 1.4201546477257343}. Best is trial 43 with value: 0.5660766056072881.
[I 2026-01-10 08:08:46,967] Trial 96 finished with value: 0.5589362925293537 and parameters: {'w0': 1.6804074326034333, 'w1': 0.7870297965746157, 'w2': 1.5467387024964008}. Best is trial 43 with value: 0.5660766056072881.
[I 2026-01-10 08:08:46,971] Trial 71 finished with value: 0.5420820359395169 and parameters: {'w0': 1.3889314062452223, 'w1': 0.7162538694039671, 'w2': 1.5937490169637183}. Best is trial 43 with value: 0.5660766056072881.
Best weights: deep {'w0': 1.6937268170024657, 'w1': 0.7856030253257161, 'w2': 1.4252399618088845}
Best macro-F1: deep 0.5660766056072881
0
50
100
150
200
250
300
350
400
450
500
550
Python execution finished at 08:09:41 with exit code: 0
================================================
COPYING RESULTS BACK
================================================
Job started: 09-01-2026 16:27:40
Job ended: 10-01-2026 08:09:41
Job ID: 18212565
Exit code: 0
Found 'results' directory. Contents:
total 1
drwxr-x---. 2 okooijman okooijman  4096 Jan 10 08:09 .
drwxr-x---. 3 okooijman okooijman  4096 Jan 10 08:09 ..
-rw-r-----. 1 okooijman okooijman 30247 Jan 10 08:09 accuracy deep.png
-rw-r-----. 1 okooijman okooijman 24393 Jan 10 08:09 confusionmatrix deep.png
-rw-r-----. 1 okooijman okooijman 52261 Jan 10 08:09 loss deep.png
-rw-r-----. 1 okooijman okooijman 21111 Jan 10 08:09 normalizedconfusionmatrix deep.png
-rw-r-----. 1 okooijman okooijman 41311 Jan 10 08:09 recall deep.png
Copying 'results' directory to /gpfs/home3/okooijman/MLCourse/Neural_networks/nn_Nikki/architecture/deep/
Successfully copied results directory
Files copied to /gpfs/home3/okooijman/MLCourse/Neural_networks/nn_Nikki/architecture/deep/results/:
total 2
drwxr-x---+ 2 okooijman okooijman  4096 Jan 10 08:09 .
drwxr-x---+ 3 okooijman okooijman  4096 Jan 10 08:09 ..
-rw-r-----+ 1 okooijman okooijman 30247 Jan 10 08:09 accuracy deep.png
-rw-r-----+ 1 okooijman okooijman 24393 Jan 10 08:09 confusionmatrix deep.png
-rw-r-----+ 1 okooijman okooijman 52261 Jan 10 08:09 loss deep.png
-rw-r-----+ 1 okooijman okooijman 21111 Jan 10 08:09 normalizedconfusionmatrix deep.png
-rw-r-----+ 1 okooijman okooijman 41311 Jan 10 08:09 recall deep.png
Job completed at 08:09:41
