number,value,datetime_start,datetime_complete,duration,params_class_1_weight,params_colsample_bytree,params_gamma,params_learning_rate,params_max_delta_step,params_max_depth,params_min_child_weight,params_n_estimators,params_reg_alpha,params_reg_lambda,params_scale_pos_weight,params_subsample,params_threshold,state
0,-0.723937482791835,2025-12-07 14:17:01.335548,2025-12-07 14:18:35.467325,0 days 00:01:34.131777,3.4944754070359103,0.6234407252233148,1.699110999545841,0.014103807839041558,9,10,15,515,1.008659855719588,0.21811236075353901,4.506910122293663,0.8231728876040785,0.24843699559669571,COMPLETE
1,-0.7136760468008305,2025-12-07 14:17:01.347494,2025-12-07 14:17:38.818623,0 days 00:00:37.471129,2.7286833292125454,0.6339583865400655,1.7523130304443302,0.019904325823854607,10,4,20,431,4.84488971766961,2.836990319268344,3.7945590577918553,0.6695553310477219,0.2353088976422568,COMPLETE
2,-0.7181293211192867,2025-12-07 14:17:01.349816,2025-12-07 14:17:29.013756,0 days 00:00:27.663940,6.097607289355731,0.7924960107721171,1.5358625276811648,0.07267755323258826,9,7,18,410,2.588597427968413,2.3088886022759687,6.0303547205025,0.7516574895342645,0.25054581003879717,COMPLETE
3,-0.7240014508657051,2025-12-07 14:17:01.351557,2025-12-07 14:17:52.428571,0 days 00:00:51.077014,4.680820164663228,0.6635133998094346,0.8915799316186204,0.04041592395093207,9,5,14,560,2.2438336498195777,4.801986252545218,4.620629471153482,0.7296628573368554,0.39017487556729247,COMPLETE
4,-0.719331447938883,2025-12-07 14:17:01.353615,2025-12-07 14:18:15.837085,0 days 00:01:14.483470,7.997252805564158,0.8835246281704328,1.007672145959172,0.011735404049800236,10,9,5,445,3.997368702995099,3.409203564955832,4.812952874375461,0.8532818450373594,0.2985613174319595,COMPLETE
5,-0.711412624199816,2025-12-07 14:17:01.355500,2025-12-07 14:17:34.530373,0 days 00:00:33.174873,9.571667903590146,0.8924630805471192,1.6082204414534995,0.016911230487377544,6,5,16,339,3.651208125468406,4.8261428777870545,4.076633313911085,0.6465244211738309,0.3499413854507143,COMPLETE
6,-0.7086862809792277,2025-12-07 14:17:01.357980,2025-12-07 14:17:46.849893,0 days 00:00:45.491913,4.180448405432085,0.8058673974856232,1.6368809129142048,0.012330053272907806,10,7,18,379,1.4361302831240164,3.1560744510337333,11.219536305760776,0.6332875633146559,0.10941482470353076,COMPLETE
7,-0.7217363068147264,2025-12-07 14:17:01.360098,2025-12-07 14:17:57.792697,0 days 00:00:56.432599,5.663329865903282,0.8513568616919207,1.773800344832613,0.03991789010671017,5,5,6,715,3.2596653371932067,0.5922593321868913,3.53145533589188,0.6599855919380343,0.2963167842114134,COMPLETE
8,-0.7115453968139096,2025-12-07 14:17:01.362233,2025-12-07 14:17:42.418600,0 days 00:00:41.056367,8.308192566990837,0.6112876208639613,1.7953261984397029,0.04861338356440411,3,7,13,718,1.2547960431088812,0.9337469143210175,6.19432925878181,0.8094792825208497,0.1163151488360026,COMPLETE
9,-0.7161173603930778,2025-12-07 14:17:01.364572,2025-12-07 14:17:26.716669,0 days 00:00:25.352097,8.336688855461505,0.875822336959838,0.7691057901033493,0.06132981718325242,2,9,3,329,3.2945137635357096,3.3117393726508677,8.452583723452952,0.6204802593410057,0.27896906614896894,COMPLETE
10,-0.7174663805773412,2025-12-07 14:17:01.366437,2025-12-07 14:18:01.338961,0 days 00:00:59.972524,9.918423931894548,0.7458429963255477,1.3432763367798572,0.013076877210318638,9,7,14,511,3.0423298783506243,2.3754180762082,2.6519269983664167,0.7074036188082263,0.3163867227703836,COMPLETE
11,-0.7184982130035789,2025-12-07 14:17:01.369627,2025-12-07 14:17:48.975620,0 days 00:00:47.605993,4.244847717575674,0.7665897628901059,0.6107450656217632,0.042042115706716184,0,8,11,502,0.7344556797338125,4.662737206840831,3.4541250208921226,0.8507924695133895,0.13349533408820055,COMPLETE
12,-0.7117405664215841,2025-12-07 14:17:01.371761,2025-12-07 14:17:44.490225,0 days 00:00:43.118464,6.965896381630051,0.8602609751842012,0.0758167711224127,0.012870959265435467,10,4,15,522,4.456697210067161,0.4528362704918598,2.47423201226541,0.8754709482084776,0.28519848372499235,COMPLETE
13,-0.7105974850733909,2025-12-07 14:17:01.374534,2025-12-07 14:17:52.953593,0 days 00:00:51.579059,5.107378090680601,0.8669175289824458,1.9858089183204752,0.01899278085569271,10,4,6,629,0.1648250676844193,0.12103174714971576,2.966663726550939,0.8621432421795319,0.13804273900571656,COMPLETE
14,-0.7166870957816285,2025-12-07 14:17:01.377432,2025-12-07 14:17:54.686834,0 days 00:00:53.309402,2.107994595827029,0.7205307583837071,0.7470144334198718,0.01521859895516098,3,5,11,578,3.0456775251621866,4.346742803341731,4.825826199972866,0.8449425985688659,0.22864746604913277,COMPLETE
15,-0.7098738758689673,2025-12-07 14:17:01.380967,2025-12-07 14:17:33.809449,0 days 00:00:32.428482,4.82266447361555,0.6216155614014752,1.571719839629539,0.014470466912357724,3,6,2,297,4.636562788084657,0.7361185056509789,6.941459805148441,0.8213785090384527,0.30343584067312845,COMPLETE
16,-0.724996363987238,2025-12-07 14:17:01.384794,2025-12-07 14:18:20.968144,0 days 00:01:19.583350,7.073911064903164,0.841072111186284,0.2403772877220327,0.012289239655765451,1,9,2,473,1.4858203552547178,2.578149057176308,2.8290847604939167,0.6364739050911314,0.369603721976986,COMPLETE
17,-0.7088063720805986,2025-12-07 14:17:01.387064,2025-12-07 14:17:38.284894,0 days 00:00:36.897830,9.690444028401723,0.6064365455247449,1.4756417868598477,0.02078135618232555,5,3,3,486,0.966318835284658,1.500026392362785,4.512281670069977,0.8235747821559152,0.2512839535072733,COMPLETE
18,-0.7270680516227801,2025-12-07 14:17:01.390467,2025-12-07 14:18:01.999369,0 days 00:01:00.608902,5.673440120507205,0.7961441727091663,0.17531007155337575,0.028843517277190648,2,8,19,573,2.6714231449423047,0.5705598354496166,2.8803253695931064,0.8113014577587205,0.31504017269347123,COMPLETE
19,-0.7113114666619336,2025-12-07 14:17:01.393574,2025-12-07 14:17:23.203218,0 days 00:00:21.809644,4.6002768242373815,0.707319268954325,1.4848384512870558,0.0334827413581295,10,6,20,191,2.7936661702089283,3.34281811172891,11.677458628864136,0.7748983750992855,0.3074498433779944,COMPLETE
20,-0.71632004093245,2025-12-07 14:17:01.397447,2025-12-07 14:17:41.063607,0 days 00:00:39.666160,7.119831854609359,0.8852673905193291,1.5797945804607632,0.0685821555242638,9,4,1,470,2.0241523720390697,1.952695375085292,2.4071166063327722,0.6877319737576368,0.17339355091386582,COMPLETE
21,-0.713294821662112,2025-12-07 14:17:01.399202,2025-12-07 14:17:54.228953,0 days 00:00:52.829751,2.9810937212316064,0.8597096904082685,0.6509164303654531,0.026042085779230978,1,3,13,688,3.4548272132768965,0.20571271479773112,10.999233347268744,0.6228311949262463,0.3661205407438112,COMPLETE
22,-0.7184341101605992,2025-12-07 14:17:01.462526,2025-12-07 14:17:29.779361,0 days 00:00:28.316835,2.050672159652745,0.6282278423943645,0.469867348392893,0.0701839192829859,6,10,3,143,2.2145155959838836,3.9016600801852697,4.964751438855692,0.7949279761413071,0.3802431835081407,COMPLETE
23,-0.7093088727438144,2025-12-07 14:17:01.466218,2025-12-07 14:17:33.224201,0 days 00:00:31.757983,7.614686868141345,0.8920094670895802,0.3925067305776293,0.01600408796923196,4,4,9,374,0.5087126098423289,2.661132343713288,5.433023826025507,0.8751595826150951,0.29501243518089315,COMPLETE
24,-0.7089363426699807,2025-12-07 14:17:23.206257,2025-12-07 14:17:37.669216,0 days 00:00:14.462959,7.545897761998757,0.8337711091969514,1.589434216396815,0.03937113079860593,1,9,8,73,4.324680653693326,2.857501025000901,3.5153864653067495,0.6690715568437849,0.3006288599425794,COMPLETE
25,-0.7204820310937432,2025-12-07 14:17:26.722340,2025-12-07 14:18:53.350611,0 days 00:01:26.628271,8.07291842759664,0.7181349713468278,0.010115830994768649,0.014059043646445037,4,8,5,714,0.8568690815506286,3.430681077576862,4.730875096365617,0.6375882243729608,0.33884102100209645,COMPLETE
26,-0.7087239187477692,2025-12-07 14:17:29.021133,2025-12-07 14:17:51.028845,0 days 00:00:22.007712,5.2303158549773485,0.8600132390113334,1.4624747666326205,0.031465962111174764,10,3,19,274,4.453432917457728,2.700480718863864,8.114646370031227,0.8340739579171383,0.20274404168690474,COMPLETE
27,-0.7154901534101795,2025-12-07 14:17:29.787280,2025-12-07 14:18:06.967047,0 days 00:00:37.179767,3.4538295911218997,0.6509833252790286,1.3368858720434258,0.03151414778869763,4,7,2,307,3.16639823170686,1.986260638712925,3.8751578665082396,0.8139521705723636,0.1639238872430082,COMPLETE
28,-0.7112435573710495,2025-12-07 14:17:33.227009,2025-12-07 14:18:21.615452,0 days 00:00:48.388443,4.795743930065843,0.875147622479707,1.0856505054485586,0.026121817049424588,1,5,12,517,4.146005878670215,1.292071540807787,3.6362912235487155,0.8161868849247053,0.1279901584511007,COMPLETE
29,-0.7191411033324269,2025-12-07 14:17:33.811987,2025-12-07 14:18:05.570686,0 days 00:00:31.758699,6.7273896607153665,0.7477017340841219,0.37407132466802273,0.06679705224585888,7,5,4,336,2.469973311100423,1.1522376542930668,2.7272322514371865,0.8602268033907788,0.23802797652072044,COMPLETE
30,-0.7085267783048155,2025-12-07 14:17:34.533372,2025-12-07 14:17:56.083095,0 days 00:00:21.549723,8.849743176962338,0.6850903869193876,0.6482161377664124,0.02975730702164574,1,8,2,143,1.0604903655052622,4.9853461968190524,12.09649621406455,0.8555916949784159,0.16744302087356644,COMPLETE
31,-0.7113318791698602,2025-12-07 14:17:37.672013,2025-12-07 14:18:08.035894,0 days 00:00:30.363881,5.74143052468291,0.8180003722662956,1.099017416520111,0.07324436892709145,10,3,8,388,3.502112414290075,3.837728738537489,7.874007084862257,0.8029865783948369,0.26015913371015076,COMPLETE
32,-0.7187058070085273,2025-12-07 14:17:38.287462,2025-12-07 14:18:22.876770,0 days 00:00:44.589308,4.886745779881918,0.6751455019237396,1.1564227189038156,0.04535107579145217,2,8,20,574,0.8240931023221704,1.1535789688016123,8.558332156207507,0.8332136354089141,0.25333422326275906,COMPLETE
33,-0.7271588601410965,2025-12-07 14:17:38.821582,2025-12-07 14:18:06.260624,0 days 00:00:27.439042,2.0971204843800195,0.7020306159719754,0.0020660831936880064,0.09431227596151881,7,10,13,734,1.4427106506344711,4.806608792838556,2.3188734384839114,0.8943798995616175,0.14748007181567607,COMPLETE
34,-0.7244732028990495,2025-12-07 14:17:41.066412,2025-12-07 14:18:04.856365,0 days 00:00:23.789953,2.2920405616759187,0.76532477784977,0.09808737742150198,0.09270154671325333,7,10,14,652,1.8359446653101594,4.398596526713212,6.730439429979594,0.743357224992207,0.39189679491366936,COMPLETE
35,-0.7249224487798184,2025-12-07 14:17:42.421637,2025-12-07 14:18:06.144203,0 days 00:00:23.722566,2.2615601498387883,0.777502807212891,0.003303933408855597,0.09478387312854841,7,10,6,625,2.1916312813901233,4.449929645026187,9.216341642380057,0.7323823485104416,0.38868184046317866,COMPLETE
36,-0.7245003191133739,2025-12-07 14:17:44.492763,2025-12-07 14:18:08.978106,0 days 00:00:24.485343,2.3173908511733408,0.7809817845800361,0.9791059667421306,0.0961940263106648,7,10,6,633,2.089184135056373,4.440436947808117,8.513358630367168,0.7178559924065253,0.3958350239336467,COMPLETE
37,-0.7230036011561987,2025-12-07 14:17:46.852772,2025-12-07 14:18:11.369873,0 days 00:00:24.517101,2.0315291315557893,0.7501003317620624,1.0092688516826605,0.09838307698061456,7,10,6,618,2.240093857893614,4.172190752972641,8.070283147980904,0.7375049578816758,0.3933965208262943,COMPLETE
38,-0.7037745698664785,2025-12-07 14:17:48.978740,2025-12-07 14:18:12.908779,0 days 00:00:23.930039,2.5335983273213003,0.7127187805256101,0.7254380195627649,0.09961366565553341,0,10,6,618,0.2386456978612541,4.592092893489443,2.747711299025866,0.895279074868824,0.390751880413419,COMPLETE
39,-0.7011825598105277,2025-12-07 14:17:51.032054,2025-12-07 14:18:17.309159,0 days 00:00:26.277105,2.152581402885177,0.7168414695667157,0.8416796966984503,0.08753744608443696,0,10,6,599,0.34926479728717413,4.63297249976827,3.1999733334384035,0.8948501562004859,0.399481264147702,COMPLETE
40,-0.7218165963693114,2025-12-07 14:17:52.431463,2025-12-07 14:19:02.319673,0 days 00:01:09.888210,3.3629614675823047,0.7151444478190493,1.063528651855267,0.026368400186920632,0,8,11,601,0.272139467644827,4.871822109376014,3.2218265342815315,0.7245742664518816,0.1546564934046219,COMPLETE
41,-0.7255690407157965,2025-12-07 14:17:52.956286,2025-12-07 14:19:06.208115,0 days 00:01:13.251829,3.5603285271600082,0.7076975246326985,1.0250016717860768,0.026202751190635074,0,8,11,580,1.7929602480275393,4.979585941158001,3.157283973721629,0.7301398454289837,0.3986538423416858,COMPLETE
42,-0.7209780832496012,2025-12-07 14:17:54.232063,2025-12-07 14:18:18.948559,0 days 00:00:24.716496,3.685804855798902,0.7113293673074261,1.143901493201262,0.09671177855045511,0,8,12,576,0.6687892540797318,4.997103865546178,3.1097503465241267,0.7174648018159784,0.1683905706645405,COMPLETE
43,-0.726529151943965,2025-12-07 14:17:54.690155,2025-12-07 14:18:39.620921,0 days 00:00:44.930766,3.8537042328067996,0.6669084308741813,1.2019375604242106,0.047108118078933274,0,8,13,548,1.87225346262333,4.988681850790764,3.105143349766194,0.7190711846958463,0.33692300702563643,COMPLETE
44,-0.7133625004370909,2025-12-07 14:17:56.086245,2025-12-07 14:18:24.516638,0 days 00:00:28.430393,3.4913475777886314,0.6542594611156108,1.1354309487309817,0.09833510423354148,7,10,6,565,1.9322673409661046,3.9944818082407916,3.026480485734636,0.7132926677964473,0.3780503392182918,COMPLETE
45,-0.7268226761318545,2025-12-07 14:17:57.795874,2025-12-07 14:18:53.941484,0 days 00:00:56.145610,3.7991364207616334,0.7681512175915033,1.1301011792329148,0.042171714503743706,7,5,6,619,1.8482837897358215,3.993601130933037,3.232665379752831,0.7144736256709394,0.34159441183736,COMPLETE
46,-0.7280779194755739,2025-12-07 14:18:01.342232,2025-12-07 14:18:57.247908,0 days 00:00:55.905676,3.582326736433722,0.7691113828251143,1.0581231030782667,0.0478983272796651,7,5,6,624,3.9727725590762732,4.048730034818177,2.998691506821711,0.7299978671927526,0.3395329901156858,COMPLETE
47,-0.7263878944090328,2025-12-07 14:18:02.002501,2025-12-07 14:18:53.985151,0 days 00:00:51.982650,5.808271168666777,0.8275794400646199,1.1827685898118965,0.05094396881652769,6,5,6,649,1.8824341081664646,1.3554680503635246,2.987467820046911,0.7194148467129512,0.3973753219090145,COMPLETE
48,-0.7121123381918963,2025-12-07 14:18:04.859118,2025-12-07 14:18:34.764227,0 days 00:00:29.905109,3.262482689386597,0.6616759085603858,0.06214566129675292,0.08662279156918508,7,10,16,608,1.8414913636320231,4.022064013638702,3.012234999195097,0.7238482588454255,0.39801489543348834,COMPLETE
49,-0.7246158443978584,2025-12-07 14:18:05.574015,2025-12-07 14:18:33.040895,0 days 00:00:27.466880,3.2755764214319782,0.656123175308798,0.1179520550769907,0.08495646514917966,8,10,16,604,1.8211856011746297,3.9948873060056203,7.851956562677214,0.721897301866689,0.3417785223599148,COMPLETE
50,-0.7249807214532125,2025-12-07 14:18:06.147203,2025-12-07 14:18:31.158194,0 days 00:00:25.010991,2.969429150195922,0.7939482477078129,0.0007340461833768579,0.09921595880085475,7,10,17,637,1.8586303437174396,3.9268278143692434,9.197765292275689,0.7624141149739981,0.3346800052775862,COMPLETE
51,-0.72345245233829,2025-12-07 14:18:06.263698,2025-12-07 14:18:29.777432,0 days 00:00:23.513734,3.522675681370266,0.8079960676441597,0.21916900739582781,0.09742223269924523,7,9,9,609,1.641063146585975,3.839039813871131,2.2654473019271157,0.897437296530142,0.3322012231562579,COMPLETE
52,-0.7228318108722125,2025-12-07 14:18:06.970194,2025-12-07 14:18:32.160002,0 days 00:00:25.189808,3.407552237616772,0.8093911660351483,0.20171182350399797,0.09028134770161649,7,9,9,750,1.7874534034000784,3.8913770897847018,2.2824585214436044,0.8963980441104803,0.3336722952743881,COMPLETE
53,-0.7203323772087635,2025-12-07 14:18:08.039050,2025-12-07 14:18:36.891600,0 days 00:00:28.852550,3.5419401865949025,0.7762163979957534,0.20948589024489186,0.09009497755774998,7,9,17,750,1.5743778040737084,3.8578493492753254,2.2430589135620664,0.8935346189359805,0.33072122095788387,COMPLETE
54,-0.7235117975505085,2025-12-07 14:18:08.980993,2025-12-07 14:18:30.465126,0 days 00:00:21.484133,3.315291838273161,0.7810167269643298,0.22626893849423324,0.0950834880621192,7,9,6,748,1.5768223386656586,3.899779694924666,8.767074712556347,0.8984333242535352,0.3344666366912032,COMPLETE
55,-0.7236521937244274,2025-12-07 14:18:11.372477,2025-12-07 14:18:36.126311,0 days 00:00:24.753834,3.2743850429928365,0.785774435732881,0.1786909432309384,0.08362254188386725,8,9,17,664,1.8563970740149818,3.7133356092329826,9.837874582663568,0.8929478160761842,0.33579770374766466,COMPLETE
56,-0.7227677866763268,2025-12-07 14:18:12.911897,2025-12-07 14:18:36.473196,0 days 00:00:23.561299,3.2829625028358818,0.787715308239848,0.1874163796697779,0.08391382208922518,8,9,17,749,1.6747156463778345,3.6515312401774125,9.627330246835756,0.7120855694496389,0.33754001428115976,COMPLETE
57,-0.7241709539503527,2025-12-07 14:18:15.839997,2025-12-07 14:18:39.687055,0 days 00:00:23.847058,3.52297710219874,0.7868953375850426,0.2282528798878285,0.08211179988566474,8,9,17,749,1.8303559260970945,3.775119130044665,9.930510768718875,0.7628111646016873,0.3408845108508456,COMPLETE
58,-0.7235693046947708,2025-12-07 14:18:17.311876,2025-12-07 14:18:40.739416,0 days 00:00:23.427540,3.191778695009748,0.7948787471391291,0.24178909165860857,0.08228227659790331,8,9,17,662,1.553379231265388,3.771244178789553,10.13234373244768,0.7641757492830502,0.3428666929803111,COMPLETE
59,-0.7248288011924862,2025-12-07 14:18:18.951518,2025-12-07 14:18:53.551395,0 days 00:00:34.599877,3.035273786806394,0.7909015808478335,0.2262835141265378,0.05407789588608732,8,9,17,743,1.544919757047881,3.7655431578610288,10.0731487152525,0.7593493006230996,0.33854499509927516,COMPLETE
60,-0.7276477997551012,2025-12-07 14:18:20.971191,2025-12-07 14:20:03.233184,0 days 00:01:42.261993,3.1995602211460215,0.801859964284295,0.19604066219400934,0.010019779628547089,8,9,17,674,1.6414755121603346,3.659840367279952,2.378220558633655,0.7646197690823061,0.3280779469450093,COMPLETE
61,-0.7265562353280555,2025-12-07 14:18:21.618319,2025-12-07 14:18:59.532901,0 days 00:00:37.914582,6.252921417414123,0.8014172367884118,0.19254218410447976,0.05508059377965158,8,9,18,670,1.6633993552482138,3.736191266055628,2.2564217094922285,0.763501370239223,0.34174796658072726,COMPLETE
62,-0.7266992215350225,2025-12-07 14:18:22.880445,2025-12-07 14:19:02.700302,0 days 00:00:39.819857,6.294638846902856,0.8005527969064044,0.23056383492172872,0.05231510140088314,8,9,17,745,1.6005259458529988,3.81950505659645,2.2529687195354278,0.7696748019917622,0.34874694820435914,COMPLETE
63,-0.7265815094514761,2025-12-07 14:18:24.519264,2025-12-07 14:18:49.876029,0 days 00:00:25.356765,6.481326778484184,0.798582874581023,0.19171745802076326,0.08058528398386758,8,9,16,736,1.5514085842016325,2.051689775702511,2.283497388144995,0.7745458790781103,0.3339644782964124,COMPLETE
64,-0.7242979049801062,2025-12-07 14:18:29.780454,2025-12-07 14:20:22.500218,0 days 00:01:52.719764,2.9970214215964015,0.7791860023849584,0.0033801375495678965,0.010148494524323095,8,9,17,749,1.4797128319420079,3.4993658813638304,10.16357847088226,0.763034387312126,0.3486299319294996,COMPLETE
65,-0.7249332320321022,2025-12-07 14:18:30.468293,2025-12-07 14:19:01.831972,0 days 00:00:31.363679,2.8306372442078875,0.8343173740844221,0.011252793395011479,0.05464997305844657,8,9,16,703,2.7584450713707085,3.6325320588644185,9.995912557668744,0.6012024827872388,0.35871028338163397,COMPLETE
66,-0.7207254677476158,2025-12-07 14:18:31.160816,2025-12-07 14:18:54.639621,0 days 00:00:23.478805,6.501897544065805,0.8341477626830753,0.010315187356107931,0.0795689946810759,8,9,17,672,2.565137479313708,3.6349788866893826,9.446069905910933,0.6463319803715679,0.3545521729500009,COMPLETE
67,-0.7247410617513886,2025-12-07 14:18:32.162900,2025-12-07 14:19:04.101484,0 days 00:00:31.938584,2.8879916656044045,0.838484372384308,0.018314505978463583,0.05412591010892059,8,9,16,701,1.3320690340319394,3.5498148735738244,9.769119510988988,0.6048432017224057,0.3577880215643923,COMPLETE
68,-0.7245501984362308,2025-12-07 14:18:33.043750,2025-12-07 14:20:15.455657,0 days 00:01:42.411907,2.819885645988412,0.8369342755268268,0.016148682065724246,0.010322935036594535,8,9,18,677,2.586782207681842,3.0170296997089086,9.97414594939459,0.760418583817097,0.36157519084469797,COMPLETE
69,-0.7253374347047903,2025-12-07 14:18:34.767695,2025-12-07 14:19:06.000140,0 days 00:00:31.232445,2.725308518122432,0.844306267291826,0.02570951234491818,0.05696045409391959,6,9,18,695,1.3437799632192227,3.5836622206507798,10.551538724612831,0.779504161601192,0.3606537537174943,COMPLETE
70,-0.7207356933575795,2025-12-07 14:18:35.470738,2025-12-07 14:19:05.935050,0 days 00:00:30.464312,6.465164136609495,0.8372923682845217,0.008724831008288237,0.05282540391542032,8,9,18,675,2.5268938240911494,3.64331133989636,10.05086312315046,0.7642605867620547,0.3552161161395672,COMPLETE
71,-0.720381623200187,2025-12-07 14:18:36.129152,2025-12-07 14:19:08.362516,0 days 00:00:32.233364,6.476840623787899,0.8387479024846609,0.010373743017779706,0.05042605597614385,6,9,18,683,2.4766177518426558,3.0244998413497353,10.269150789842605,0.6003528245880723,0.36051443086297896,COMPLETE
72,-0.7272741560245013,2025-12-07 14:18:36.476120,2025-12-07 14:19:08.256827,0 days 00:00:31.780707,2.7856546710246906,0.8382224521459287,0.005416208744966788,0.0592766331406171,6,8,18,438,2.566126490276816,1.9918761393371733,4.101583993270393,0.7744155637150562,0.3612271612442104,COMPLETE
