number,value,datetime_start,datetime_complete,duration,params_class_1_weight,params_colsample_bytree,params_gamma,params_learning_rate,params_max_delta_step,params_max_depth,params_min_child_weight,params_n_estimators,params_reg_alpha,params_reg_lambda,params_scale_pos_weight,params_subsample,params_threshold,state
73,-0.7254995207176069,2025-12-07 14:18:36.894874,2025-12-07 14:19:13.678133,0 days 00:00:36.783259,6.242930310688384,0.8332402759316979,0.3186144065747207,0.0555808952134604,6,8,19,440,2.5759019922508783,3.0450988884185106,4.127821257826099,0.7600860360396141,0.35397248657592284,COMPLETE
74,-0.7276587815488655,2025-12-07 14:18:39.623610,2025-12-07 14:19:15.350428,0 days 00:00:35.726818,2.870878096013974,0.821653749054294,0.004344188631216828,0.056713439123798066,6,8,19,686,1.3479048643416172,3.0855142692311404,4.207442583608097,0.6018241619548873,0.35730900993349823,COMPLETE
75,-0.7190093812660155,2025-12-07 14:18:39.689702,2025-12-07 14:19:14.248057,0 days 00:00:34.558355,2.8442270616589287,0.8432696289819667,0.010842413254890992,0.06201371746598081,6,8,19,434,2.5479692954259505,4.761075635588216,2.529364630549479,0.6867214419087684,0.3695964912018039,COMPLETE
76,-0.7251533206722648,2025-12-07 14:18:40.742328,2025-12-07 14:19:52.172395,0 days 00:01:11.430067,6.347176491520559,0.8436910465730063,0.00843069341021143,0.010495504881139145,6,8,19,541,1.222794900738945,4.816299501874422,2.5634142060891656,0.6930509958842896,0.36166925159703844,COMPLETE
77,-0.726586767924639,2025-12-07 14:18:49.879017,2025-12-07 14:20:19.234070,0 days 00:01:29.355053,6.264188908724364,0.8335509914266249,0.3384438263057811,0.010663409361657154,2,8,19,694,1.3369544119504728,3.042908532609091,2.5825967625671478,0.6015523304779631,0.3665122564397908,COMPLETE
78,-0.7268335571095152,2025-12-07 14:18:53.353537,2025-12-07 14:19:27.253231,0 days 00:00:33.899694,6.289597493433894,0.8347872796195395,0.3442260960742,0.06038171178595245,6,8,19,535,2.454020717994373,2.112527120688636,2.515544974477847,0.600110527924692,0.3608150510035508,COMPLETE
79,-0.7272284389369602,2025-12-07 14:18:53.554591,2025-12-07 14:19:28.538643,0 days 00:00:34.984052,6.1965317136365705,0.8379835103465203,0.3321647720462449,0.05281460414170299,6,8,15,537,1.2412575294738575,3.0386879118272376,2.5481320963491387,0.7826093313950262,0.31557355839073953,COMPLETE
80,-0.7177655483826767,2025-12-07 14:18:53.944630,2025-12-07 14:19:41.330125,0 days 00:00:47.385495,6.347873291498798,0.8410091442284832,0.3241536381445166,0.010179758934025054,2,6,15,441,1.2324408129503737,3.017121346956718,2.5501147736345304,0.603196469031853,0.35678030490957696,COMPLETE
81,-0.7263501980370639,2025-12-07 14:18:53.989480,2025-12-07 14:19:33.756543,0 days 00:00:39.767063,6.330897753277322,0.8311934247533816,1.3145769681369466,0.052983076783853215,6,6,19,692,1.2911517229663554,1.814078851108511,2.5127682565255594,0.692740711304218,0.3585679723213796,COMPLETE
82,-0.7254971376424614,2025-12-07 14:18:54.642923,2025-12-07 14:19:35.793649,0 days 00:00:41.150726,6.100881604188539,0.6937283007549919,1.2596542985691086,0.05696125654381824,6,6,19,538,1.3595243604624803,1.8759880710565393,2.546878814255435,0.6892601658052978,0.31620657558066134,COMPLETE
83,-0.7274231569948236,2025-12-07 14:18:57.251151,2025-12-07 14:19:37.463388,0 days 00:00:40.212237,4.184739449521502,0.7299048752140627,1.321636416693217,0.05888720184901684,6,6,15,691,1.3424571551686164,2.9894715230016633,2.6131900909469876,0.6924323641501053,0.31747800022323136,COMPLETE
84,-0.7280669227264266,2025-12-07 14:18:59.535682,2025-12-07 14:19:44.222670,0 days 00:00:44.686988,3.965912263937979,0.730603200970985,1.283831040452528,0.0564906458457607,6,6,19,540,1.2561226947939876,3.068752986723596,2.583111165147629,0.6885527635629793,0.318595310230486,COMPLETE
85,-0.7284896172071483,2025-12-07 14:19:01.835048,2025-12-07 14:19:43.964911,0 days 00:00:42.129863,4.2971283161954625,0.7343457483068647,1.2677007256375352,0.06181036075188275,6,6,19,544,4.970602390087011,3.0806691491575875,2.5367647903292614,0.6950899623267506,0.31730220431969686,COMPLETE
86,-0.725494917967119,2025-12-07 14:19:02.322986,2025-12-07 14:19:40.675994,0 days 00:00:38.353008,6.214380447851915,0.7354688490738112,1.3047572978782187,0.0603031918749453,6,6,19,700,1.1944992408275255,3.055905833555274,2.496488520106763,0.6929876991983055,0.3153133758748058,COMPLETE
87,-0.7259804272867093,2025-12-07 14:19:02.702844,2025-12-07 14:20:04.305604,0 days 00:01:01.602760,6.2839289792929875,0.7317771830282152,0.3273937610921487,0.03645220313168238,6,6,18,693,1.2560762568441053,4.205377891137869,2.5334550325519034,0.7866248453247506,0.3189438243561826,COMPLETE
88,-0.7261896305746981,2025-12-07 14:19:04.104423,2025-12-07 14:20:06.115183,0 days 00:01:02.010760,6.260493076574517,0.7321872584343497,0.32450807062532827,0.03583383165297925,6,6,19,680,1.1178560289588275,3.0541762460978696,2.5374169969803546,0.7822431153341352,0.32147380429832134,COMPLETE
89,-0.7264149702091859,2025-12-07 14:19:05.938812,2025-12-07 14:19:49.906316,0 days 00:00:43.967504,5.428953425096197,0.7649146354035123,0.3361348211301541,0.059461390605372665,9,6,19,714,1.107312904634099,3.111763683077939,2.5190378994576945,0.7832331058909183,0.3180317877297179,COMPLETE
90,-0.7253503262232791,2025-12-07 14:19:06.003542,2025-12-07 14:19:50.667831,0 days 00:00:44.664289,5.477702353920812,0.7303784251812103,0.3386088117248629,0.03571367253433408,9,6,19,432,1.1112098716481813,3.1150828062668054,2.4989010000240777,0.6855685653315621,0.3163977763709701,COMPLETE
91,-0.7253924101710895,2025-12-07 14:19:06.211023,2025-12-07 14:19:50.187073,0 days 00:00:43.976050,5.4813035778291646,0.7594903093425076,0.37009660874224126,0.036402655249459535,9,6,19,426,1.1328878766869848,3.097682108240421,2.514827799171678,0.6989187863153444,0.3206458476355134,COMPLETE
92,-0.7277939881156741,2025-12-07 14:19:08.259816,2025-12-07 14:19:53.639873,0 days 00:00:45.380057,4.24213094950859,0.7635340956643889,0.32176904095056214,0.03793104818486525,5,6,19,443,2.4045699815881223,3.0880183436933213,2.549391911691015,0.7013155383419961,0.32004409195754335,COMPLETE
93,-0.7273231901395558,2025-12-07 14:19:08.365379,2025-12-07 14:19:52.258654,0 days 00:00:43.893275,4.326842443633463,0.7299494329370091,0.3241362903654276,0.03624245017457646,5,6,19,426,1.1485992985544324,1.9209877692261839,2.5452826806095317,0.7001129774856263,0.322100190165014,COMPLETE
94,-0.7273671830043907,2025-12-07 14:19:13.681686,2025-12-07 14:20:09.707340,0 days 00:00:56.025654,5.377561298463015,0.7610629855514532,0.5029106203573954,0.037059814429768564,9,7,19,715,1.1334965671738382,2.014615239611229,2.4817802116297076,0.784844473658248,0.31964238167071213,COMPLETE
95,-0.7264795432669436,2025-12-07 14:19:14.250903,2025-12-07 14:20:12.891352,0 days 00:00:58.640449,5.560626630222026,0.730878813296504,0.4871425706859287,0.0368215185588445,9,6,15,717,1.0632068400608614,1.8721480067608127,2.5180226698349775,0.7884225939747366,0.3136182565081112,COMPLETE
96,-0.7281692312994853,2025-12-07 14:19:15.353421,2025-12-07 14:20:11.072897,0 days 00:00:55.719476,4.295401572005696,0.7612490112874413,0.49789447135968756,0.036618624647000296,5,7,20,727,3.884083513300632,2.078075026487049,2.5664665234930393,0.6948806193122865,0.31871319241384755,COMPLETE
97,-0.7288401157659694,2025-12-07 14:19:27.256349,2025-12-07 14:20:21.182316,0 days 00:00:53.925967,4.326892935527637,0.8178894383389305,0.12782208447850354,0.03578356968497166,5,7,20,493,1.1800585543215427,2.434007542556641,2.5235697813587596,0.7010888452095402,0.3205042605550141,COMPLETE
98,-0.7270227079832465,2025-12-07 14:19:28.541895,2025-12-07 14:20:21.020440,0 days 00:00:52.478545,5.407040920536423,0.8221804232530245,0.5158794605911905,0.03857538706857458,5,7,20,535,3.8001780327392005,1.7418599198247957,2.5904627166559906,0.7831211766014612,0.31736865509526613,COMPLETE
99,-0.7280212671109918,2025-12-07 14:19:33.759471,2025-12-07 14:20:27.446369,0 days 00:00:53.686898,4.262782514476369,0.8200590629150744,0.46179754912392673,0.03676741910118697,5,7,20,529,1.0599032952859624,2.4948578637494903,2.8594685632324963,0.7896084224209583,0.31834708797763556,COMPLETE
100,-0.7254001161706158,2025-12-07 14:19:35.796614,2025-12-07 14:20:23.563911,0 days 00:00:47.767297,4.333350769346924,0.738018779012297,0.49924935891085614,0.04283055870977064,5,7,20,491,4.9293478407270275,2.4918119393084597,3.3808455229674013,0.79510552604411,0.27637183188643405,COMPLETE
101,-0.7257985117879019,2025-12-07 14:19:37.466194,2025-12-07 14:20:24.346316,0 days 00:00:46.880122,4.0899024062408715,0.7314521263918209,0.5613071961184846,0.03624472701520279,5,7,15,412,1.1074630858575585,2.278422932691157,4.206761518590095,0.7903755443417045,0.31954498626795924,COMPLETE
102,-0.7240867371895872,2025-12-07 14:19:40.680685,2025-12-07 14:20:32.119119,0 days 00:00:51.438434,5.378175404199766,0.8212566192889865,0.5323306386378257,0.035570418273889425,5,7,15,499,2.772256254889784,2.327554622142615,3.3846704081336134,0.7866245565973127,0.2847416119149959,COMPLETE
103,-0.7232313460643258,2025-12-07 14:19:41.333163,2025-12-07 14:20:29.187924,0 days 00:00:47.854761,5.490939850687123,0.7368625962757275,0.5811932073316676,0.03657651033692754,4,8,20,489,4.836639843748149,2.3928455299980005,4.248056825683103,0.7911701006284078,0.27728253412882903,COMPLETE
104,-0.7267508048478224,2025-12-07 14:19:43.967875,2025-12-07 14:20:18.365994,0 days 00:00:34.398119,4.362870708113456,0.7322261243754179,1.4143719967387571,0.07420530152812822,5,7,20,475,4.915201495439436,2.313297748133222,2.817845250670881,0.6157375110101455,0.28172749655669294,COMPLETE
105,-0.7271773651786992,2025-12-07 14:19:44.225382,2025-12-07 14:20:38.270061,0 days 00:00:54.044679,4.362399575408238,0.7312141276115312,1.4344005986238049,0.0373049501835878,5,7,20,488,4.910803728442358,3.213510738807292,2.8124989190492062,0.792685791769901,0.2869430745563776,COMPLETE
106,-0.7266765207696493,2025-12-07 14:19:49.909476,2025-12-07 14:20:26.924700,0 days 00:00:37.015224,4.200316106301179,0.7284132147201442,1.3759341265342766,0.06487082481394296,5,7,20,495,3.884298451353394,2.43782222062464,2.7719418984211455,0.6647388888821502,0.2725974556504037,COMPLETE
107,-0.7266638775205343,2025-12-07 14:19:50.190024,2025-12-07 14:20:20.469662,0 days 00:00:30.279638,4.241714883744923,0.817471172279184,1.3994724782426065,0.07375458008244862,5,7,20,471,4.075592228729011,2.4767578556784597,2.859804405891934,0.6747606028679153,0.2778075243602105,COMPLETE
108,-0.7260902020213185,2025-12-07 14:19:50.670892,2025-12-07 14:20:24.882787,0 days 00:00:34.211895,4.289294305141165,0.6977017164488678,0.12132080159584474,0.06420685771850639,5,7,20,459,3.8314420464908174,2.862503997144504,2.8269616510958584,0.673443124715074,0.2719423749471429,COMPLETE
109,-0.7263375077127178,2025-12-07 14:19:52.175123,2025-12-07 14:20:27.703900,0 days 00:00:35.528777,4.415101604747676,0.8194400583683247,1.3777801379029142,0.06703320707206573,5,7,20,475,3.9928456262923704,2.4417184333282727,2.776673558492937,0.6635285507117105,0.27824488713589474,COMPLETE
110,-0.7261510491505833,2025-12-07 14:19:52.261244,2025-12-07 14:20:28.081113,0 days 00:00:35.819869,4.33900546886468,0.7263938609230846,1.404523215764313,0.06441280558780328,5,7,20,489,3.868840512394134,2.4061296517118556,2.8380704755410675,0.6782182078176304,0.283439194665483,COMPLETE
111,-0.7269084252398177,2025-12-07 14:19:53.642964,2025-12-07 14:20:43.752358,0 days 00:00:50.109394,4.32735059820006,0.734108365157313,1.4063176989434987,0.04471893735596372,5,7,20,500,3.93228461348671,2.481419692938739,2.7962961377269138,0.666350862625579,0.2879784383261072,COMPLETE
112,-0.7266192109233961,2025-12-07 14:20:03.236646,2025-12-07 14:20:50.984034,0 days 00:00:47.747388,4.423187915445113,0.7314876513140515,1.4344168660972927,0.04320395379898604,5,7,20,492,4.983237235543711,2.842019677341652,2.8238574634580296,0.6789076548463591,0.28222701735345956,COMPLETE
113,-0.7271569969113527,2025-12-07 14:20:04.308532,2025-12-07 14:20:41.394719,0 days 00:00:37.086187,4.297363746649313,0.7388400279368921,0.5030081999705415,0.06545438652355216,5,7,20,470,2.9373983238566317,2.4659948640407707,2.828049760502576,0.6747478970031988,0.2908606825608208,COMPLETE
114,-0.7272604672191106,2025-12-07 14:20:06.118355,2025-12-07 14:20:54.640136,0 days 00:00:48.521781,4.239384048039396,0.8215200202232987,0.4758381430865102,0.041844016969314383,5,7,20,470,3.932538743602728,2.378321022507568,2.83561806327328,0.6756432322664284,0.2980075969785445,COMPLETE
115,-0.7271663216785542,2025-12-07 14:20:09.710547,2025-12-07 14:20:51.135606,0 days 00:00:41.425059,4.272913071024146,0.7422715463741935,0.48221601238970957,0.04412927137981469,5,7,20,378,4.759723338036017,2.398262560165829,2.8196733740743136,0.6753443435558163,0.30660258007052793,COMPLETE
116,-0.7257195553045553,2025-12-07 14:20:11.075947,2025-12-07 14:20:52.146986,0 days 00:00:41.071039,4.291973926596042,0.7538451160591297,0.4990567386172658,0.03989797813898893,5,7,20,359,0.9693446318294006,2.3172236123808316,2.8353481840131023,0.6743116317632958,0.27395556309767366,COMPLETE
117,-0.7265862274399616,2025-12-07 14:20:12.894287,2025-12-07 14:20:59.981693,0 days 00:00:47.087406,4.3300824753335245,0.7543647048854923,1.4158992550692864,0.044490803130666376,5,7,20,462,4.964904586183941,2.4347289037521476,2.7476317992546333,0.6699262601402456,0.27706998491163337,COMPLETE
118,-0.7264312126947299,2025-12-07 14:20:15.458477,2025-12-07 14:20:58.242428,0 days 00:00:42.783951,4.313259919780859,0.752704195323235,1.4197970285807044,0.04201988140874143,5,7,20,379,4.806599847288514,2.416049612063064,2.810963926332176,0.6755035855099162,0.2877620387173798,COMPLETE
119,-0.7277951616924205,2025-12-07 14:20:18.369730,2025-12-07 14:21:06.392703,0 days 00:00:48.022973,4.4461823793045685,0.7545021842559946,0.4725755656723331,0.04374966366664694,5,7,20,499,3.780761401451047,2.8193625368767443,2.403093243790242,0.6710124774436101,0.2902619805927054,COMPLETE
120,-0.7282550718208757,2025-12-07 14:20:19.237424,2025-12-07 14:21:04.230159,0 days 00:00:44.992735,4.089757206625982,0.754215269314968,0.5222583307185901,0.04430913149123386,5,7,20,407,4.038418285135845,3.2676945373860855,2.373475304645582,0.6678517349212928,0.2922344296679821,COMPLETE
121,-0.7276971037195221,2025-12-07 14:20:20.472532,2025-12-07 14:21:09.336727,0 days 00:00:48.864195,4.056997440866054,0.7426018213198723,0.5106875336417194,0.04539656033415909,4,7,20,494,0.8311909085892923,2.845796160000801,2.3717328794826678,0.7055212565423559,0.306675808671434,COMPLETE
122,-0.726503933854817,2025-12-07 14:20:21.023439,2025-12-07 14:21:07.086318,0 days 00:00:46.062879,4.025005146358733,0.7530730419302631,1.2385201405029833,0.04188534994136615,4,5,20,502,4.709920394746769,2.7138836735217975,2.383391488041415,0.7025633190982088,0.2939981487355259,COMPLETE
123,-0.7278557651761126,2025-12-07 14:20:21.185242,2025-12-07 14:21:11.720964,0 days 00:00:50.535722,4.020088179445364,0.752737845876551,0.13317244272411694,0.04150471607079353,4,7,20,500,4.711737616790387,2.8080105185977606,2.7622814155323443,0.6703819298152663,0.3037603039286451,COMPLETE
124,-0.7280539096452439,2025-12-07 14:20:22.502986,2025-12-07 14:21:08.012379,0 days 00:00:45.509393,4.009859647818525,0.7458622386726868,0.13337544291519698,0.043712487223784346,4,7,20,495,0.9017518558517699,2.745297250861668,2.4016720623291854,0.6751159503827533,0.3032223398512118,COMPLETE
125,-0.7251947933553233,2025-12-07 14:20:23.566707,2025-12-07 14:21:01.110122,0 days 00:00:37.543415,3.9740714672155724,0.7535427007963582,0.4288890718807715,0.04500747533240742,4,5,20,400,4.589372547936174,2.7259036428496377,2.7260099842483427,0.671246467803178,0.292888365216195,COMPLETE
126,-0.7253854069012728,2025-12-07 14:20:24.348850,2025-12-07 14:21:11.231147,0 days 00:00:46.882297,4.544828627140554,0.7554328797428879,0.11610566500342878,0.03290156226010379,4,5,20,506,4.708388994229496,3.2745752620547957,2.390381012736281,0.6771454534139101,0.30683390053893106,COMPLETE
127,-0.7234678994728337,2025-12-07 14:20:24.885431,2025-12-07 14:20:59.391601,0 days 00:00:34.506170,4.619981327338327,0.7547584682148122,0.2785529853126934,0.03288954996639371,4,5,20,363,0.8854355559151861,2.736289034647922,2.3757432415610737,0.7020328426397839,0.3031107068563884,COMPLETE
128,-0.7263664683440358,2025-12-07 14:20:26.927703,2025-12-07 14:21:18.831195,0 days 00:00:51.903492,4.574334231068234,0.7565959953349075,0.27025682093690384,0.046364947769206286,4,5,20,589,0.9369757088092217,3.273549675316658,2.3828886596587435,0.7446816932661482,0.29238625080381836,COMPLETE
129,-0.7248199135341638,2025-12-07 14:20:27.449044,2025-12-07 14:21:14.016236,0 days 00:00:46.567192,4.571365608190858,0.7426292877380432,0.4463758828577159,0.04440198031551149,4,5,20,512,0.9239477339365378,3.282094611611407,2.692205229288177,0.7043291974056177,0.28989376827342433,COMPLETE
130,-0.7231395956498314,2025-12-07 14:20:27.706396,2025-12-07 14:21:14.399922,0 days 00:00:46.693526,5.02032294627538,0.755788023605291,0.9403536164950866,0.03321152626842302,5,5,20,509,2.9596334718251947,3.246259396239317,2.663804102990774,0.7039964106012898,0.2926566490833437,COMPLETE
131,-0.72563548651987,2025-12-07 14:20:28.083704,2025-12-07 14:21:14.746417,0 days 00:00:46.662713,4.59232582909697,0.7550010601969075,0.43681072689315925,0.04435082693026313,4,5,10,510,4.703487611244849,3.269388730332043,2.3831658121410966,0.7054552819106534,0.2938736290377582,COMPLETE
132,-0.7278208814075994,2025-12-07 14:20:29.190708,2025-12-07 14:21:27.591012,0 days 00:00:58.400304,4.012986797154231,0.7439239411259333,0.4093684872324932,0.033909499505730314,4,5,18,641,0.9109348563233731,3.2742649731779094,2.3566785242057993,0.6541180724603651,0.3055258326628659,COMPLETE
133,-0.7284498072505637,2025-12-07 14:20:32.122469,2025-12-07 14:21:31.499917,0 days 00:00:59.377448,4.011571195559425,0.8045612708593823,0.4286023539377434,0.029597163748935233,4,7,18,559,0.9333050263916682,3.320667141389654,2.69282001883073,0.7424739388887058,0.2930978187872238,COMPLETE
134,-0.7244294385934575,2025-12-07 14:20:38.272920,2025-12-07 14:21:25.884227,0 days 00:00:47.611307,4.963605154811318,0.7538692329380575,0.44312436742165173,0.0318829470316276,4,5,7,518,0.8207215186147958,2.743980323269201,2.4213997226532435,0.7042174881551323,0.3078674406739745,COMPLETE
135,-0.7264738559633687,2025-12-07 14:20:41.397499,2025-12-07 14:21:28.460766,0 days 00:00:47.063267,4.667976628682842,0.7531713391462433,0.43258818273161825,0.044222280503690856,4,5,18,518,0.8622552702339095,2.724901283495047,2.357819331166411,0.7064059690308032,0.30603070488535344,COMPLETE
136,-0.7266528632949119,2025-12-07 14:20:43.754998,2025-12-07 14:21:31.205674,0 days 00:00:47.450676,4.030451763401575,0.751777976882455,0.42228670387338685,0.033380991357123996,4,5,18,515,0.9087684162893326,2.737978584937021,2.3765953359071776,0.7027005668026892,0.3059253405726885,COMPLETE
137,-0.7250062843527391,2025-12-07 14:20:50.986766,2025-12-07 14:21:25.019117,0 days 00:00:34.032351,3.953145369161289,0.7550457123626065,0.4407102875176536,0.03353647967340008,4,5,18,358,0.8496876792234196,2.7027619389669115,2.3822491721085033,0.7051624956533142,0.30559720874322255,COMPLETE
138,-0.7260012228598296,2025-12-07 14:20:51.138491,2025-12-07 14:21:25.271061,0 days 00:00:34.132570,3.961382878847857,0.7462835448676887,0.940997451625232,0.04077314059487788,4,5,18,362,0.9388653333927035,2.6496911257952798,2.6836213190752094,0.7031194449314505,0.32644698250543397,COMPLETE
139,-0.7263691312351378,2025-12-07 14:20:52.149853,2025-12-07 14:21:50.213809,0 days 00:00:58.063956,4.635407141181087,0.7719666139556073,0.43170120871496903,0.03356047582624895,4,5,18,649,0.8314136630031959,2.677936026652238,2.3758071817161914,0.7030247525335394,0.30315305890567384,COMPLETE
140,-0.7268961147449569,2025-12-07 14:20:54.643505,2025-12-07 14:21:53.080631,0 days 00:00:58.437126,5.0438569078223106,0.7706265165393825,0.9132553601737483,0.03262999329604396,4,5,18,650,0.859348250965277,2.7067048391409623,2.389878369043277,0.7028011099579852,0.32881237580809636,COMPLETE
141,-0.7259348354321506,2025-12-07 14:20:58.245737,2025-12-07 14:21:55.965058,0 days 00:00:57.719321,4.91769090055705,0.7462111143697463,0.42183006765711517,0.02914240182760382,4,5,18,638,0.7889557003857465,2.6052165352768655,2.3641978994287904,0.7059224376753142,0.325752205243804,COMPLETE
142,-0.7262072771275327,2025-12-07 14:20:59.394949,2025-12-07 14:21:46.337442,0 days 00:00:46.942493,3.999226749135179,0.7712642810241359,0.42558503429333816,0.030067605049245705,4,5,18,513,0.6763541127049462,3.318896850706985,2.6810846980398875,0.750200256963013,0.32701499151600444,COMPLETE
143,-0.7245545149495961,2025-12-07 14:20:59.984999,2025-12-07 14:21:58.485915,0 days 00:00:58.500916,4.947666660150818,0.8126170113391075,0.4134836889312303,0.021648338971072306,4,5,18,646,0.705268594014538,2.208663098320235,2.3837045882913914,0.7472770630199351,0.3281079141879408,COMPLETE
144,-0.7281817894964355,2025-12-07 14:21:01.113185,2025-12-07 14:21:52.981122,0 days 00:00:51.867937,3.875919525604071,0.7227225117594193,0.1352667406695865,0.027855190863106866,4,6,18,513,0.6301596525161564,1.6523690873881616,2.651534476926585,0.7494878040351434,0.3270245920034859,COMPLETE
145,-0.7274805046162387,2025-12-07 14:21:04.233324,2025-12-07 14:21:56.199845,0 days 00:00:51.966521,4.891198377039581,0.7732617079378192,0.4290197411874618,0.028247211189901318,4,6,18,515,0.7034755127256949,3.247342154305223,2.3526822152560083,0.7502001400521214,0.32556238287775163,COMPLETE
146,-0.7249339768565216,2025-12-07 14:21:06.395808,2025-12-07 14:21:49.594693,0 days 00:00:43.198885,5.083413858159965,0.7736060302626141,0.4187364226681535,0.048577986435547324,4,4,18,520,4.321288612416813,3.2867844171455167,2.398849043507604,0.7070048106454492,0.326355551346389,COMPLETE
