number,value,datetime_start,datetime_complete,duration,params_class_1_weight,params_colsample_bytree,params_gamma,params_learning_rate,params_max_delta_step,params_max_depth,params_min_child_weight,params_n_estimators,params_reg_alpha,params_reg_lambda,params_scale_pos_weight,params_subsample,params_threshold,state
295,-0.7282751985705321,2025-12-07 14:26:50.326247,2025-12-07 14:27:44.896315,0 days 00:00:54.570068,3.648475374765895,0.8246715685926918,0.1261762052791352,0.029673882740332877,3,7,2,507,2.350998652441618,2.1667250437655707,2.745130941068227,0.6980649477636531,0.30652413237902215,COMPLETE
296,-0.7277356122277621,2025-12-07 14:26:50.648807,2025-12-07 14:27:48.577393,0 days 00:00:57.928586,3.6394950803211867,0.8294623331085047,0.1329921527272233,0.029553339338019246,3,7,2,551,2.066597867112515,2.228022795006728,2.7497350706814703,0.7015056417452826,0.3066527881439836,COMPLETE
297,-0.7270636231409956,2025-12-07 14:26:50.996534,2025-12-07 14:27:46.731799,0 days 00:00:55.735265,2.650289579960897,0.82838364729765,0.3014370515820278,0.029342309799991324,3,7,20,506,3.085410716758693,2.1294827539357133,2.350901515223961,0.6984843676261241,0.3070219284053606,COMPLETE
298,-0.7292474467941575,2025-12-07 14:26:51.223075,2025-12-07 14:27:46.876584,0 days 00:00:55.653509,3.6489672859896056,0.8274088401069781,0.30997685121040086,0.02940854239858448,3,7,20,505,0.465692529927408,2.134840008971495,2.348041158387595,0.6986869903191361,0.30551015732859454,COMPLETE
299,-0.7295477620416826,2025-12-07 14:26:51.769608,2025-12-07 14:27:52.456191,0 days 00:01:00.686583,3.6150144288676707,0.7897615690882027,0.3062842998097407,0.02377370698731688,3,7,20,550,4.547773825858347,0.05010737629462758,2.3465472619961854,0.6987991607063193,0.3061272423088867,COMPLETE
